 time       |  1001 |  1002 |  1003 |  1004 |  1005 |  1006 |  1007 |  1008
------------+-------+-------+-------+-------+-------+-------+-------+------
00:00:01.00 | 1.283 | 1.311 | 1.297 | 1.310 | 1.255 | 1.297 | 1.796 | 1.746
00:00:02.00 | 1.285 | 1.285 | 1.293 | 1.309 | 1.270 | 1.277 | 1.606 | 1.749
00:00:03.00 | 1.258 | 1.291 | 1.299 | 1.284 | 1.259 | 1.341 | 1.578 | 1.781
00:00:04.00 | 1.541 | 1.279 | 1.295 | 1.287 | 1.303 | 1.328 | 1.616 | 1.769
00:00:05.00 | 1.263 | 1.262 | 1.295 | 1.303 | 1.263 | 1.295 | 1.753 | 1.769
00:00:06.00 | 1.267 | 1.268 | 1.295 | 1.309 | 1.246 | 1.396 | 1.708 | 1.743
00:00:07.00 | 1.826 | 1.277 | 1.293 | 1.293 | 1.252 | 1.309 | 1.776 | 1.749
00:00:08.00 | 2.289 | 1.319 | 1.300 | 1.307 | 1.284 | 1.292 | 1.630 | 1.740
00:00:09.00 | 2.346 | 1.296 | 1.280 | 1.311 | 1.390 | 1.320 | 1.583 | 1.770
00:00:10.00 | 2.503 | 1.293 | 1.260 | 1.293 | 1.277 | 1.402 | 1.580 | 1.733
00:00:11.00 | 2.349 | 1.313 | 1.304 | 1.297 | 1.255 | 1.304 | 1.833 | 1.754
00:00:12.00 | 2.435 | 1.286 | 1.309 | 1.317 | 1.260 | 1.301 | 1.682 | 1.732
00:00:13.00 | 2.449 | 1.292 | 1.308 | 1.284 | 1.243 | 1.285 | 1.749 | 1.773
00:00:14.00 | 2.375 | 1.270 | 1.269 | 1.301 | 1.269 | 1.318 | 1.673 | 1.801
00:00:15.00 | 2.473 | 1.268 | 1.299 | 1.299 | 1.259 | 1.316 | 1.705 | 1.756
00:00:16.00 | 2.427 | 1.275 | 1.269 | 1.310 | 1.254 | 1.297 | 1.608 | 1.753
00:00:17.00 | 2.281 | 1.277 | 1.285 | 1.308 | 1.277 | 1.300 | 1.699 | 1.766
00:00:18.00 | 2.195 | 1.277 | 1.284 | 1.308 | 1.268 | 1.309 | 1.588 | 1.773
00:00:19.00 | 2.324 | 1.301 | 1.293 | 1.309 | 1.277 | 1.317 | 1.622 | 1.774
00:00:20.00 | 2.420 | 1.276 | 1.304 | 1.296 | 1.247 | 1.325 | 1.600 | 1.709
00:00:21.00 | 2.460 | 1.261 | 1.285 | 1.310 | 1.361 | 1.318 | 1.606 | 1.791
00:00:22.00 | 2.300 | 1.294 | 1.294 | 1.302 | 1.262 | 1.343 | 1.555 | 1.776
00:00:23.00 | 2.425 | 1.276 | 1.268 | 1.308 | 1.252 | 1.316 | 1.664 | 1.756
00:00:24.00 | 2.350 | 1.270 | 1.286 | 1.286 | 1.244 | 1.309 | 2.012 | 1.784
00:00:25.00 | 1.800 | 1.284 | 1.292 | 1.351 | 1.269 | 1.300 | 1.707 | 1.731
00:00:26.00 | 1.271 | 1.294 | 1.294 | 1.335 | 1.286 | 1.302 | 1.650 | 1.751
00:00:27.00 | 1.275 | 1.275 | 1.289 | 1.302 | 1.261 | 1.325 | 1.687 | 1.746
00:00:28.00 | 1.389 | 1.295 | 1.294 | 1.311 | 1.270 | 1.303 | 1.649 | 1.742
00:00:29.00 | 1.353 | 1.294 | 1.286 | 1.286 | 1.253 | 1.286 | 1.665 | 1.751
00:00:30.00 | 1.752 | 1.293 | 1.309 | 1.293 | 1.286 | 1.293 | 1.657 | 1.792
00:00:31.00 | 2.523 | 1.279 | 1.287 | 1.296 | 1.270 | 1.310 | 1.573 | 1.760
00:00:32.00 | 2.392 | 1.290 | 1.298 | 1.304 | 1.269 | 1.312 | 1.674 | 1.704
00:00:33.00 | 2.347 | 1.268 | 1.308 | 1.300 | 1.277 | 1.292 | 1.613 | 1.748
00:00:34.00 | 2.415 | 1.268 | 1.316 | 1.300 | 1.242 | 1.292 | 1.731 | 1.715
00:00:35.00 | 2.472 | 1.279 | 1.271 | 1.302 | 1.287 | 1.302 | 1.761 | 1.735
00:00:36.00 | 2.389 | 1.275 | 1.316 | 1.346 | 1.275 | 1.296 | 1.751 | 1.737
00:00:37.00 | 2.363 | 1.276 | 1.291 | 1.316 | 1.242 | 1.333 | 1.603 | 1.747
00:00:38.00 | 2.376 | 1.329 | 1.262 | 1.294 | 1.262 | 1.318 | 1.650 | 1.742
00:00:39.00 | 2.393 | 1.278 | 1.262 | 1.455 | 1.286 | 1.278 | 1.590 | 1.775
00:00:40.00 | 2.426 | 1.293 | 1.269 | 1.293 | 1.252 | 1.300 | 1.605 | 1.765
00:00:41.00 | 2.398 | 1.269 | 1.283 | 1.296 | 1.312 | 1.290 | 1.652 | 1.746
00:00:42.00 | 2.438 | 1.271 | 1.318 | 1.310 | 1.254 | 1.336 | 1.615 | 1.734
00:00:43.00 | 2.189 | 1.285 | 1.285 | 1.309 | 1.344 | 1.334 | 1.749 | 1.766
00:00:44.00 | 2.497 | 1.278 | 1.411 | 1.303 | 1.270 | 1.319 | 1.674 | 1.767
00:00:45.00 | 2.364 | 1.291 | 1.299 | 1.299 | 1.276 | 1.299 | 1.663 | 1.789
00:00:46.00 | 2.181 | 1.970 | 1.290 | 1.310 | 1.269 | 1.297 | 1.732 | 1.745
00:00:47.00 | 2.401 | 2.496 | 1.302 | 1.302 | 1.270 | 1.421 | 1.590 | 1.742
00:00:48.00 | 2.393 | 2.503 | 1.293 | 1.301 | 1.277 | 1.309 | 1.656 | 1.758
00:00:49.00 | 2.413 | 2.388 | 1.275 | 1.299 | 1.233 | 1.307 | 1.662 | 1.772
00:00:50.00 | 2.426 | 2.443 | 1.293 | 1.293 | 1.269 | 1.344 | 1.648 | 1.767
00:00:51.00 | 2.216 | 2.463 | 1.368 | 1.289 | 1.268 | 1.317 | 1.673 | 1.753
00:00:52.00 | 2.266 | 2.402 | 1.302 | 1.294 | 1.261 | 1.472 | 1.767 | 1.776
00:00:53.00 | 2.325 | 2.419 | 1.286 | 1.293 | 1.270 | 1.301 | 1.682 | 1.776
00:00:54.00 | 2.341 | 2.486 | 1.277 | 1.277 | 1.261 | 1.310 | 1.818 | 1.734
00:00:55.00 | 2.338 | 2.430 | 1.291 | 1.306 | 1.267 | 1.275 | 1.628 | 1.737
00:00:56.00 | 2.317 | 2.405 | 1.316 | 1.345 | 1.261 | 1.316 | 1.600 | 1.752
00:00:57.00 | 2.366 | 2.478 | 1.277 | 1.301 | 1.270 | 1.277 | 1.597 | 1.741
00:00:58.00 | 2.305 | 2.382 | 1.292 | 1.277 | 1.251 | 1.334 | 1.613 | 1.764
00:00:59.00 | 2.398 | 2.441 | 1.300 | 1.284 | 1.284 | 1.284 | 1.579 | 1.757
00:01:00.00 | 2.398 | 2.458 | 1.270 | 1.303 | 1.262 | 1.332 | 1.674 | 1.760
00:01:01.00 | 2.265 | 2.512 | 1.293 | 1.317 | 1.251 | 1.293 | 1.614 | 1.757
00:01:02.00 | 2.372 | 2.364 | 1.316 | 1.300 | 1.386 | 1.316 | 1.612 | 1.756
00:01:03.00 | 2.383 | 2.442 | 1.285 | 1.277 | 1.277 | 1.300 | 1.698 | 1.774
00:01:04.00 | 2.359 | 2.487 | 1.301 | 1.336 | 1.269 | 1.546 | 1.656 | 1.751
00:01:05.00 | 2.423 | 2.407 | 1.284 | 1.292 | 1.276 | 1.307 | 1.595 | 1.765
00:01:06.00 | 1.985 | 2.444 | 1.290 | 1.297 | 1.255 | 1.311 | 1.638 | 1.753
00:01:07.00 | 1.384 | 2.423 | 1.292 | 1.284 | 1.268 | 1.308 | 1.605 | 1.756
00:01:08.00 | 1.269 | 2.382 | 1.301 | 1.300 | 1.277 | 1.293 | 1.706 | 1.733
00:01:09.00 | 1.279 | 2.487 | 1.279 | 1.464 | 1.254 | 1.319 | 1.641 | 1.811
00:01:10.00 | 1.801 | 2.426 | 1.301 | 1.301 | 1.270 | 1.302 | 1.767 | 1.776
00:01:11.00 | 2.497 | 2.431 | 1.308 | 1.302 | 1.287 | 1.302 | 1.554 | 1.750
00:01:12.00 | 2.416 | 2.425 | 1.284 | 1.308 | 1.243 | 1.308 | 1.630 | 1.799
00:01:13.00 | 2.429 | 2.430 | 1.302 | 1.311 | 1.271 | 1.310 | 1.658 | 1.768
00:01:14.00 | 2.467 | 2.392 | 1.293 | 1.310 | 1.268 | 1.293 | 1.690 | 1.749
00:01:15.00 | 2.419 | 2.427 | 1.286 | 1.295 | 1.270 | 1.310 | 1.750 | 1.733
00:01:16.00 | 2.423 | 2.438 | 1.288 | 1.281 | 1.253 | 1.309 | 1.657 | 1.743
00:01:17.00 | 2.450 | 2.425 | 1.276 | 1.376 | 1.252 | 1.317 | 1.597 | 1.724
00:01:18.00 | 2.474 | 2.423 | 1.307 | 1.307 | 1.259 | 1.400 | 1.620 | 1.772
00:01:19.00 | 2.452 | 2.402 | 1.278 | 1.302 | 1.270 | 1.294 | 1.606 | 1.743
00:01:20.00 | 2.429 | 2.396 | 1.295 | 1.303 | 1.287 | 1.327 | 1.616 | 1.736
00:01:21.00 | 2.383 | 2.448 | 1.276 | 1.304 | 1.262 | 1.325 | 1.731 | 1.753
00:01:22.00 | 2.453 | 2.409 | 1.301 | 1.301 | 1.311 | 1.302 | 1.656 | 1.775
00:01:23.00 | 2.367 | 2.476 | 1.285 | 1.308 | 1.429 | 1.300 | 1.647 | 1.775
00:01:24.00 | 2.406 | 2.372 | 1.267 | 1.299 | 1.276 | 1.317 | 1.621 | 1.799
00:01:25.00 | 2.367 | 2.419 | 1.278 | 1.301 | 1.270 | 1.302 | 1.842 | 1.750
00:01:26.00 | 2.302 | 2.454 | 1.310 | 1.333 | 1.261 | 1.282 | 1.673 | 1.738
00:01:27.00 | 2.398 | 2.365 | 1.300 | 1.368 | 1.277 | 1.494 | 1.562 | 1.791
00:01:28.00 | 2.415 | 2.346 | 1.307 | 1.291 | 1.276 | 1.299 | 1.604 | 1.705
00:01:29.00 | 2.384 | 2.444 | 1.293 | 1.319 | 1.270 | 1.404 | 1.623 | 1.767
00:01:30.00 | 2.481 | 2.404 | 1.319 | 1.337 | 1.254 | 1.319 | 1.642 | 1.753
00:01:31.00 | 2.382 | 2.492 | 1.283 | 1.310 | 1.254 | 1.303 | 1.636 | 1.702
00:01:32.00 | 2.323 | 2.179 | 1.316 | 1.300 | 1.260 | 1.325 | 1.732 | 1.739
00:01:33.00 | 2.373 | 1.833 | 1.308 | 1.292 | 1.277 | 1.285 | 1.570 | 1.774
00:01:34.00 | 2.412 | 1.302 | 1.287 | 1.295 | 1.279 | 1.302 | 1.650 | 1.794
00:01:35.00 | 2.450 | 1.277 | 1.393 | 1.352 | 1.276 | 1.324 | 1.816 | 1.774
00:01:36.00 | 2.392 | 1.298 | 1.304 | 1.304 | 1.263 | 1.325 | 1.682 | 1.755
00:01:37.00 | 2.400 | 2.054 | 1.310 | 1.294 | 1.252 | 1.301 | 1.606 | 1.724
00:01:38.00 | 2.368 | 2.523 | 1.286 | 1.302 | 1.279 | 1.319 | 1.658 | 1.759
00:01:39.00 | 2.253 | 2.508 | 1.299 | 1.316 | 1.259 | 1.307 | 1.890 | 1.739
00:01:40.00 | 2.398 | 2.415 | 1.308 | 1.301 | 1.260 | 1.325 | 1.579 | 1.757
00:01:41.00 | 2.402 | 2.487 | 1.309 | 1.326 | 1.236 | 1.343 | 1.665 | 1.734
00:01:42.00 | 2.397 | 2.426 | 1.289 | 1.303 | 1.289 | 1.425 | 1.630 | 1.745
00:01:43.00 | 2.451 | 2.435 | 1.285 | 1.419 | 1.269 | 1.494 | 1.631 | 1.749
00:01:44.00 | 2.392 | 2.450 | 1.277 | 1.300 | 1.277 | 1.308 | 1.698 | 1.748
00:01:45.00 | 2.349 | 2.452 | 1.316 | 1.301 | 1.269 | 1.325 | 1.674 | 1.724
00:01:46.00 | 2.392 | 2.416 | 1.784 | 1.292 | 1.276 | 1.292 | 1.833 | 1.732
00:01:47.00 | 1.781 | 2.389 | 2.434 | 1.316 | 1.254 | 1.302 | 1.809 | 1.766
00:01:48.00 | 1.277 | 2.443 | 2.359 | 1.293 | 1.285 | 1.285 | 1.605 | 1.783
00:01:49.00 | 1.396 | 2.452 | 2.418 | 1.286 | 1.269 | 1.301 | 1.598 | 1.784
00:01:50.00 | 1.327 | 2.460 | 2.273 | 1.300 | 1.260 | 1.308 | 1.588 | 1.742
00:01:51.00 | 1.276 | 2.440 | 2.456 | 1.417 | 1.259 | 1.284 | 1.654 | 1.714
00:01:52.00 | 1.278 | 2.458 | 2.299 | 1.356 | 1.248 | 1.292 | 1.624 | 1.733
00:01:53.00 | 1.277 | 2.383 | 2.468 | 1.293 | 1.252 | 1.300 | 1.580 | 1.758
00:01:54.00 | 1.284 | 2.450 | 2.459 | 1.316 | 1.303 | 1.309 | 1.604 | 1.748
00:01:55.00 | 1.268 | 2.338 | 2.518 | 1.292 | 1.268 | 1.307 | 1.739 | 1.756
00:01:56.00 | 1.270 | 2.477 | 2.376 | 1.293 | 1.251 | 1.301 | 1.589 | 1.758
00:01:57.00 | 1.279 | 2.436 | 2.403 | 1.319 | 1.270 | 1.302 | 1.768 | 1.767
00:01:58.00 | 1.283 | 2.449 | 2.391 | 1.290 | 1.262 | 1.325 | 1.601 | 1.738
00:01:59.00 | 1.270 | 2.393 | 2.309 | 1.310 | 1.253 | 1.286 | 1.590 | 1.775
00:02:00.00 | 1.412 | 2.393 | 2.376 | 1.302 | 1.261 | 1.310 | 1.572 | 1.751
00:02:01.00 | 1.922 | 2.481 | 2.412 | 1.345 | 1.287 | 1.336 | 1.591 | 1.751
00:02:02.00 | 2.451 | 2.459 | 2.357 | 1.308 | 1.284 | 1.300 | 1.722 | 1.748
00:02:03.00 | 2.427 | 2.426 | 2.351 | 1.311 | 1.261 | 1.286 | 1.775 | 1.792
00:02:04.00 | 2.489 | 2.445 | 2.446 | 1.298 | 1.264 | 1.305 | 1.849 | 1.741
00:02:05.00 | 2.390 | 2.459 | 2.357 | 1.300 | 1.277 | 1.316 | 1.917 | 1.732
00:02:06.00 | 2.334 | 2.368 | 2.282 | 1.301 | 1.270 | 1.319 | 1.633 | 1.775
00:02:07.00 | 2.431 | 2.423 | 2.347 | 1.299 | 1.259 | 1.307 | 1.654 | 1.764
00:02:08.00 | 2.476 | 2.417 | 2.467 | 1.309 | 1.276 | 1.317 | 1.588 | 1.749
00:02:09.00 | 2.419 | 2.436 | 2.426 | 1.317 | 1.253 | 1.293 | 1.631 | 1.759
00:02:10.00 | 2.392 | 2.414 | 2.421 | 1.304 | 1.277 | 1.304 | 1.747 | 1.747
00:02:11.00 | 2.468 | 2.417 | 2.341 | 1.293 | 1.268 | 1.317 | 1.698 | 1.750
00:02:12.00 | 2.393 | 2.385 | 2.487 | 1.301 | 1.278 | 1.317 | 1.861 | 1.768
00:02:13.00 | 2.445 | 2.488 | 2.497 | 1.294 | 1.279 | 1.294 | 1.708 | 1.776
00:02:14.00 | 2.442 | 2.408 | 2.467 | 1.285 | 1.268 | 1.325 | 1.656 | 1.749
00:02:15.00 | 2.445 | 2.482 | 2.329 | 1.311 | 1.256 | 1.311 | 1.596 | 1.756
00:02:16.00 | 2.417 | 2.469 | 2.383 | 1.412 | 1.261 | 1.403 | 1.656 | 1.774
00:02:17.00 | 2.451 | 2.416 | 2.416 | 1.292 | 1.276 | 1.326 | 1.648 | 1.723
00:02:18.00 | 2.520 | 2.393 | 2.443 | 1.301 | 1.252 | 1.316 | 1.571 | 1.767
00:02:19.00 | 2.316 | 2.503 | 2.453 | 1.301 | 1.270 | 1.293 | 1.597 | 1.750
00:02:20.00 | 2.436 | 2.530 | 2.480 | 1.290 | 1.255 | 1.304 | 1.913 | 1.761
00:02:21.00 | 2.435 | 2.418 | 2.325 | 1.360 | 1.269 | 1.302 | 1.598 | 1.759
00:02:22.00 | 2.441 | 2.406 | 2.372 | 1.308 | 1.267 | 1.291 | 1.637 | 1.756
00:02:23.00 | 2.342 | 2.462 | 2.497 | 1.302 | 1.270 | 1.294 | 1.800 | 1.742
00:02:24.00 | 2.339 | 2.390 | 2.330 | 1.367 | 1.260 | 1.308 | 1.587 | 1.773
00:02:25.00 | 2.370 | 2.395 | 2.480 | 1.302 | 1.254 | 1.311 | 1.710 | 1.710
00:02:26.00 | 2.485 | 2.406 | 2.414 | 1.405 | 1.270 | 1.297 | 1.616 | 1.761
00:02:27.00 | 2.420 | 2.464 | 2.267 | 1.346 | 1.262 | 1.319 | 1.641 | 1.777
00:02:28.00 | 2.477 | 2.426 | 1.851 | 1.300 | 1.267 | 1.351 | 1.622 | 1.749
00:02:29.00 | 2.390 | 2.459 | 1.308 | 1.308 | 1.269 | 1.292 | 1.664 | 1.765
00:02:30.00 | 1.917 | 2.442 | 1.300 | 1.317 | 1.268 | 1.300 | 1.604 | 1.782
00:02:31.00 | 1.270 | 2.460 | 1.309 | 1.317 | 1.260 | 1.309 | 1.732 | 1.783
00:02:32.00 | 1.352 | 2.416 | 1.292 | 1.308 | 1.268 | 1.308 | 1.697 | 1.748
00:02:33.00 | 1.276 | 1.857 | 1.297 | 1.342 | 1.263 | 1.318 | 1.704 | 1.775
00:02:34.00 | 1.280 | 1.474 | 1.288 | 1.304 | 1.263 | 1.363 | 1.626 | 1.770
00:02:35.00 | 1.284 | 1.284 | 1.367 | 1.325 | 1.241 | 1.292 | 1.611 | 1.790
00:02:36.00 | 1.285 | 1.293 | 1.293 | 1.377 | 1.270 | 1.317 | 1.716 | 1.741
00:02:37.00 | 1.295 | 1.278 | 1.302 | 1.309 | 1.269 | 1.310 | 1.624 | 1.784
00:02:38.00 | 1.285 | 1.293 | 1.293 | 1.293 | 1.260 | 1.309 | 1.784 | 1.783
00:02:39.00 | 1.289 | 1.289 | 1.283 | 1.304 | 1.283 | 1.303 | 1.688 | 1.760
00:02:40.00 | 2.187 | 1.292 | 1.292 | 1.292 | 1.276 | 1.301 | 1.663 | 1.765
00:02:41.00 | 2.463 | 1.279 | 1.294 | 1.294 | 1.279 | 1.310 | 1.768 | 1.802
00:02:42.00 | 2.340 | 1.300 | 1.308 | 1.316 | 1.261 | 1.293 | 1.681 | 1.699
00:02:43.00 | 2.513 | 1.286 | 1.279 | 1.294 | 1.279 | 1.318 | 1.683 | 1.793
00:02:44.00 | 2.434 | 1.285 | 1.301 | 1.285 | 1.269 | 1.309 | 1.597 | 1.759
00:02:45.00 | 2.393 | 1.278 | 1.270 | 1.302 | 1.261 | 1.294 | 1.657 | 1.750
00:02:46.00 | 2.408 | 1.285 | 1.293 | 1.293 | 1.269 | 1.300 | 1.580 | 1.757
00:02:47.00 | 2.405 | 1.303 | 1.297 | 1.316 | 1.269 | 1.290 | 1.802 | 1.752
00:02:48.00 | 2.395 | 1.295 | 1.319 | 1.303 | 1.237 | 1.302 | 1.854 | 1.759
00:02:49.00 | 2.341 | 1.286 | 1.309 | 1.294 | 1.261 | 1.318 | 1.699 | 1.750
00:02:50.00 | 2.351 | 1.319 | 1.293 | 1.286 | 1.269 | 1.286 | 1.733 | 1.784
00:02:51.00 | 2.412 | 1.278 | 1.286 | 1.428 | 1.278 | 1.318 | 1.691 | 1.767
00:02:52.00 | 2.458 | 1.276 | 1.276 | 1.318 | 1.260 | 1.325 | 1.637 | 1.781
00:02:53.00 | 2.404 | 1.278 | 1.293 | 1.294 | 1.279 | 1.327 | 1.607 | 1.742
00:02:54.00 | 2.511 | 1.852 | 1.277 | 1.302 | 1.277 | 1.317 | 1.605 | 1.767
00:02:55.00 | 2.479 | 2.523 | 1.302 | 1.303 | 1.271 | 1.303 | 1.582 | 1.734
00:02:56.00 | 2.496 | 2.463 | 1.310 | 1.295 | 1.279 | 1.287 | 1.811 | 1.769
00:02:57.00 | 2.306 | 2.535 | 1.300 | 1.351 | 1.251 | 1.316 | 1.604 | 1.740
00:02:58.00 | 2.385 | 2.427 | 1.301 | 1.309 | 1.253 | 1.301 | 1.572 | 1.725
00:02:59.00 | 2.383 | 2.476 | 1.284 | 1.301 | 1.277 | 1.316 | 1.673 | 1.758
00:03:00.00 | 2.405 | 2.432 | 1.291 | 1.291 | 1.275 | 1.316 | 1.755 | 1.723
00:03:01.00 | 2.436 | 2.523 | 1.290 | 1.297 | 1.276 | 1.312 | 1.682 | 1.754
00:03:02.00 | 2.407 | 2.544 | 1.300 | 1.300 | 1.261 | 1.308 | 1.580 | 1.731
00:03:03.00 | 2.417 | 2.485 | 1.300 | 1.293 | 1.276 | 1.317 | 1.588 | 1.775
00:03:04.00 | 2.376 | 2.444 | 1.293 | 1.309 | 1.253 | 1.301 | 1.826 | 1.743
00:03:05.00 | 2.389 | 2.456 | 1.304 | 1.371 | 1.263 | 1.320 | 1.643 | 1.779
00:03:06.00 | 2.355 | 2.415 | 1.292 | 1.316 | 1.260 | 1.308 | 1.612 | 1.765
00:03:07.00 | 2.485 | 2.365 | 1.284 | 1.317 | 1.268 | 1.309 | 1.714 | 1.799
00:03:08.00 | 2.370 | 2.538 | 1.297 | 1.385 | 1.269 | 1.304 | 1.580 | 1.790
00:03:09.00 | 2.380 | 2.415 | 1.284 | 1.307 | 1.242 | 1.291 | 1.638 | 1.790
00:03:10.00 | 2.507 | 2.455 | 1.295 | 1.287 | 1.263 | 1.310 | 1.633 | 1.710
00:03:11.00 | 2.415 | 2.493 | 1.308 | 1.301 | 1.268 | 1.316 | 1.731 | 1.765
00:03:12.00 | 2.461 | 2.453 | 1.294 | 1.286 | 1.286 | 1.309 | 1.683 | 1.751
00:03:13.00 | 2.545 | 2.536 | 1.300 | 1.352 | 1.269 | 1.300 | 1.647 | 1.757
00:03:14.00 | 2.115 | 2.464 | 1.290 | 1.310 | 1.269 | 1.304 | 1.883 | 1.789
00:03:15.00 | 1.554 | 2.458 | 1.292 | 1.275 | 1.268 | 1.309 | 1.646 | 1.764
00:03:16.00 | 1.285 | 2.485 | 1.285 | 1.352 | 1.252 | 1.309 | 1.666 | 1.733
00:03:17.00 | 1.808 | 2.365 | 1.307 | 1.307 | 1.251 | 1.316 | 1.655 | 1.765
00:03:18.00 | 2.432 | 2.423 | 1.299 | 1.299 | 1.259 | 1.276 | 1.730 | 1.756
00:03:19.00 | 2.446 | 2.446 | 1.302 | 1.294 | 1.279 | 1.286 | 1.759 | 1.727
00:03:20.00 | 2.443 | 2.429 | 1.297 | 1.311 | 1.327 | 1.304 | 1.725 | 1.725
00:03:21.00 | 2.511 | 2.460 | 1.300 | 1.317 | 1.269 | 1.326 | 1.697 | 1.766
00:03:22.00 | 2.452 | 2.300 | 1.309 | 1.295 | 1.270 | 1.278 | 1.607 | 1.725
00:03:23.00 | 2.420 | 1.574 | 1.303 | 1.318 | 1.253 | 1.286 | 1.732 | 1.802
00:03:24.00 | 2.401 | 1.318 | 1.286 | 1.293 | 1.278 | 1.309 | 1.707 | 1.732
00:03:25.00 | 2.257 | 1.300 | 1.292 | 1.300 | 1.269 | 1.334 | 1.597 | 1.774
00:03:26.00 | 2.443 | 1.269 | 1.293 | 1.300 | 1.234 | 1.326 | 1.850 | 1.715
00:03:27.00 | 2.487 | 1.294 | 1.337 | 1.302 | 1.286 | 1.294 | 1.615 | 1.759
00:03:28.00 | 2.493 | 1.294 | 1.276 | 1.293 | 1.261 | 1.293 | 1.672 | 1.741
00:03:29.00 | 2.445 | 1.293 | 1.294 | 1.286 | 1.262 | 1.294 | 1.606 | 1.751
00:03:30.00 | 2.400 | 1.277 | 1.302 | 1.293 | 1.270 | 1.301 | 1.852 | 1.716
00:03:31.00 | 2.452 | 1.281 | 1.301 | 1.315 | 1.252 | 1.316 | 1.598 | 1.765
00:03:32.00 | 2.434 | 1.269 | 1.293 | 1.335 | 1.269 | 1.317 | 1.613 | 1.724
00:03:33.00 | 2.416 | 1.292 | 1.277 | 1.300 | 1.260 | 1.316 | 1.672 | 1.799
00:03:34.00 | 2.412 | 1.267 | 1.291 | 1.299 | 1.266 | 1.275 | 1.603 | 1.772
00:03:35.00 | 2.443 | 1.309 | 1.293 | 1.309 | 1.270 | 1.302 | 1.724 | 1.750
00:03:36.00 | 2.482 | 1.291 | 1.282 | 1.275 | 1.268 | 1.283 | 1.621 | 1.763
00:03:37.00 | 2.479 | 1.347 | 1.297 | 1.303 | 1.277 | 1.310 | 1.616 | 1.775
00:03:38.00 | 2.452 | 1.301 | 1.293 | 1.301 | 1.286 | 1.301 | 1.631 | 1.785
00:03:39.00 | 2.452 | 1.293 | 1.301 | 1.301 | 1.269 | 1.318 | 1.665 | 1.759
00:03:40.00 | 2.206 | 1.277 | 1.300 | 1.300 | 1.252 | 1.309 | 1.699 | 1.757
00:03:41.00 | 2.513 | 1.286 | 1.294 | 1.302 | 1.261 | 1.302 | 1.606 | 1.743
00:03:42.00 | 2.459 | 1.277 | 1.285 | 1.317 | 1.276 | 1.325 | 1.698 | 1.749
00:03:43.00 | 2.431 | 1.857 | 1.299 | 1.283 | 1.259 | 1.307 | 1.654 | 1.781
00:03:44.00 | 2.448 | 2.462 | 1.303 | 1.309 | 1.261 | 1.310 | 1.854 | 1.774
00:03:45.00 | 2.376 | 2.410 | 1.286 | 1.293 | 1.261 | 1.310 | 1.843 | 1.758
00:03:46.00 | 2.382 | 2.526 | 1.300 | 1.300 | 1.259 | 1.316 | 1.613 | 1.765
00:03:47.00 | 2.457 | 2.466 | 1.292 | 1.291 | 1.268 | 1.284 | 1.704 | 1.747
00:03:48.00 | 2.521 | 2.401 | 1.302 | 1.309 | 1.270 | 1.310 | 1.648 | 1.784
00:03:49.00 | 2.431 | 2.533 | 1.288 | 1.302 | 1.253 | 1.308 | 1.910 | 1.752
00:03:50.00 | 2.527 | 2.460 | 1.316 | 1.293 | 1.269 | 1.300 | 1.606 | 1.808
00:03:51.00 | 2.410 | 2.469 | 1.309 | 1.301 | 1.261 | 1.302 | 1.691 | 1.750
00:03:52.00 | 2.384 | 2.443 | 1.293 | 1.293 | 1.286 | 1.310 | 1.623 | 1.784
00:03:53.00 | 2.393 | 2.521 | 1.294 | 1.302 | 1.252 | 1.318 | 1.683 | 1.701
00:03:54.00 | 2.463 | 2.515 | 1.295 | 1.421 | 1.279 | 1.302 | 1.676 | 1.744
00:03:55.00 | 2.383 | 2.393 | 1.285 | 1.317 | 1.270 | 1.309 | 1.640 | 1.715
00:03:56.00 | 2.289 | 2.434 | 1.304 | 1.303 | 1.262 | 1.310 | 1.600 | 1.752
00:03:57.00 | 2.296 | 2.458 | 1.292 | 1.309 | 1.260 | 1.307 | 1.612 | 1.791
00:03:58.00 | 2.486 | 2.334 | 1.285 | 1.309 | 1.252 | 1.301 | 1.783 | 1.748
00:03:59.00 | 2.431 | 1.554 | 1.275 | 1.275 | 1.259 | 1.307 | 1.578 | 1.747
00:04:00.00 | 2.403 | 1.286 | 1.286 | 1.319 | 1.279 | 1.294 | 1.607 | 1.803
00:04:01.00 | 2.358 | 1.344 | 1.285 | 1.310 | 1.269 | 1.293 | 1.640 | 1.749
00:04:02.00 | 2.375 | 1.794 | 1.301 | 1.310 | 1.270 | 1.294 | 1.707 | 1.767
00:04:03.00 | 2.508 | 2.531 | 1.304 | 1.304 | 1.277 | 1.290 | 1.711 | 1.732
00:04:04.00 | 2.393 | 2.521 | 1.301 | 1.301 | 1.260 | 1.302 | 1.768 | 1.741
00:04:05.00 | 2.325 | 2.494 | 1.293 | 1.309 | 1.285 | 1.317 | 1.622 | 1.749
00:04:06.00 | 2.390 | 2.541 | 1.300 | 1.299 | 1.259 | 1.324 | 1.646 | 1.748
00:04:07.00 | 2.161 | 2.464 | 1.291 | 1.358 | 1.250 | 1.300 | 1.847 | 1.763
00:04:08.00 | 2.486 | 2.409 | 1.301 | 1.293 | 1.270 | 1.294 | 1.580 | 1.741
00:04:09.00 | 2.384 | 2.318 | 1.289 | 1.310 | 1.254 | 1.324 | 1.702 | 1.745
00:04:10.00 | 2.202 | 2.482 | 1.299 | 1.307 | 1.251 | 1.324 | 1.587 | 1.756
00:04:11.00 | 2.497 | 2.422 | 1.291 | 1.315 | 1.275 | 1.307 | 1.628 | 1.780
00:04:12.00 | 2.415 | 2.449 | 1.300 | 1.300 | 1.260 | 1.308 | 1.646 | 1.748
00:04:13.00 | 2.273 | 2.444 | 1.316 | 1.293 | 1.277 | 1.310 | 1.690 | 1.741
00:04:14.00 | 2.111 | 2.442 | 1.276 | 1.307 | 1.276 | 1.308 | 1.621 | 1.774
00:04:15.00 | 1.726 | 2.427 | 1.278 | 1.294 | 1.278 | 1.302 | 1.793 | 1.700
00:04:16.00 | 1.335 | 2.468 | 1.293 | 1.376 | 1.260 | 1.301 | 1.766 | 1.765
00:04:17.00 | 1.909 | 2.508 | 1.284 | 1.299 | 1.267 | 1.276 | 1.806 | 1.772
00:04:18.00 | 2.489 | 2.496 | 1.277 | 1.305 | 1.284 | 1.320 | 1.581 | 1.726
00:04:19.00 | 2.406 | 2.440 | 1.299 | 1.316 | 1.268 | 1.299 | 1.705 | 1.747
00:04:20.00 | 2.418 | 2.462 | 1.294 | 1.344 | 1.261 | 1.302 | 1.690 | 1.785
00:04:21.00 | 2.443 | 2.452 | 1.285 | 1.301 | 1.269 | 1.317 | 1.631 | 1.750
00:04:22.00 | 2.469 | 2.470 | 1.293 | 1.334 | 1.270 | 1.302 | 1.741 | 1.726
00:04:23.00 | 2.477 | 2.434 | 1.293 | 1.285 | 1.261 | 1.285 | 1.623 | 1.724
00:04:24.00 | 2.405 | 2.383 | 1.296 | 1.289 | 1.276 | 1.317 | 1.601 | 1.717
00:04:25.00 | 2.408 | 2.332 | 1.300 | 1.293 | 1.268 | 1.316 | 1.681 | 1.741
00:04:26.00 | 2.475 | 2.340 | 1.284 | 1.284 | 1.251 | 1.300 | 1.672 | 1.740
00:04:27.00 | 2.485 | 1.673 | 1.293 | 1.344 | 1.285 | 1.317 | 1.630 | 1.723
00:04:28.00 | 2.470 | 1.310 | 1.303 | 1.336 | 1.270 | 1.294 | 1.691 | 1.751
00:04:29.00 | 2.384 | 1.319 | 1.278 | 1.301 | 1.277 | 1.334 | 1.700 | 1.749
00:04:30.00 | 2.501 | 1.310 | 1.292 | 1.292 | 1.259 | 1.292 | 1.689 | 1.739
00:04:31.00 | 2.451 | 1.351 | 1.285 | 1.309 | 1.277 | 1.300 | 1.716 | 1.801
00:04:32.00 | 2.455 | 1.339 | 1.296 | 1.303 | 1.261 | 1.302 | 1.614 | 1.752
00:04:33.00 | 2.438 | 1.295 | 1.295 | 1.295 | 1.270 | 1.310 | 1.608 | 1.744
00:04:34.00 | 2.444 | 1.286 | 1.293 | 1.286 | 1.278 | 1.326 | 1.808 | 1.742
00:04:35.00 | 2.443 | 1.285 | 1.285 | 1.317 | 1.261 | 1.309 | 1.589 | 1.800
00:04:36.00 | 2.400 | 2.002 | 1.308 | 1.317 | 1.261 | 1.285 | 1.605 | 1.749
00:04:37.00 | 2.460 | 2.520 | 1.285 | 1.318 | 1.252 | 1.293 | 1.589 | 1.767
00:04:38.00 | 2.434 | 2.493 | 1.275 | 1.419 | 1.268 | 1.324 | 1.621 | 1.756
00:04:39.00 | 2.446 | 2.346 | 1.288 | 1.302 | 1.268 | 1.308 | 1.650 | 1.728
00:04:40.00 | 2.459 | 2.453 | 1.293 | 1.309 | 1.277 | 1.302 | 1.605 | 1.759
00:04:41.00 | 2.423 | 2.483 | 1.292 | 1.284 | 1.268 | 1.307 | 1.621 | 1.755
00:04:42.00 | 2.439 | 2.508 | 1.299 | 1.350 | 1.258 | 1.315 | 1.636 | 1.755
00:04:43.00 | 2.426 | 2.495 | 1.293 | 1.326 | 1.270 | 1.309 | 1.597 | 1.748
00:04:44.00 | 2.450 | 2.485 | 1.277 | 1.293 | 1.277 | 1.301 | 1.614 | 1.749
00:04:45.00 | 2.491 | 2.458 | 1.300 | 1.402 | 1.267 | 1.300 | 1.908 | 1.714
00:04:46.00 | 2.400 | 2.374 | 1.293 | 1.316 | 1.269 | 1.300 | 1.622 | 1.740
00:04:47.00 | 2.382 | 2.458 | 1.292 | 1.292 | 1.268 | 1.317 | 1.740 | 1.773
00:04:48.00 | 2.457 | 2.471 | 1.303 | 1.310 | 1.270 | 1.297 | 1.637 | 1.768
00:04:49.00 | 2.475 | 2.415 | 1.308 | 1.284 | 1.260 | 1.316 | 1.621 | 1.773
00:04:50.00 | 2.353 | 2.548 | 1.286 | 1.286 | 1.253 | 1.310 | 1.727 | 1.717
00:04:51.00 | 1.804 | 2.523 | 1.295 | 1.310 | 1.263 | 1.318 | 1.700 | 1.752
00:04:52.00 | 1.280 | 2.482 | 1.311 | 1.406 | 1.280 | 1.311 | 1.626 | 1.736
00:04:53.00 | 1.295 | 2.464 | 1.295 | 1.303 | 1.271 | 1.303 | 1.658 | 1.752
00:04:54.00 | 1.294 | 2.463 | 1.294 | 1.319 | 1.278 | 1.310 | 1.726 | 1.727
00:04:55.00 | 1.278 | 2.512 | 1.310 | 1.293 | 1.253 | 1.310 | 1.632 | 1.759
00:04:56.00 | 1.896 | 2.497 | 1.302 | 1.286 | 1.261 | 1.286 | 1.667 | 1.752
00:04:57.00 | 2.425 | 2.476 | 1.300 | 1.360 | 1.251 | 1.309 | 1.782 | 1.724
00:04:58.00 | 2.426 | 2.477 | 1.296 | 1.310 | 1.269 | 1.296 | 1.651 | 1.744
00:04:59.00 | 2.496 | 2.410 | 1.278 | 1.370 | 1.269 | 1.318 | 1.581 | 1.733
00:05:00.00 | 2.522 | 2.403 | 1.310 | 1.294 | 1.286 | 1.312 | 1.667 | 1.735
00:05:01.00 | 2.444 | 2.300 | 1.309 | 1.293 | 1.261 | 1.286 | 1.581 | 1.775
00:05:02.00 | 2.399 | 2.416 | 1.284 | 1.324 | 1.268 | 1.333 | 1.681 | 1.773
00:05:03.00 | 2.444 | 2.519 | 1.293 | 1.309 | 1.261 | 1.316 | 1.681 | 1.741
00:05:04.00 | 2.423 | 2.440 | 1.291 | 1.350 | 1.268 | 1.291 | 1.621 | 1.790
00:05:05.00 | 2.486 | 2.428 | 1.290 | 1.304 | 1.269 | 1.297 | 1.587 | 1.761
00:05:06.00 | 2.366 | 2.450 | 1.284 | 1.308 | 1.251 | 1.293 | 1.579 | 1.773
00:05:07.00 | 2.426 | 2.511 | 1.302 | 1.309 | 1.269 | 1.334 | 1.589 | 1.766
00:05:08.00 | 2.438 | 2.396 | 1.298 | 1.316 | 1.259 | 1.291 | 1.662 | 1.729
00:05:09.00 | 2.456 | 2.379 | 1.319 | 1.353 | 1.295 | 1.311 | 1.634 | 1.744
00:05:10.00 | 2.479 | 2.506 | 1.311 | 1.302 | 1.286 | 1.302 | 1.784 | 1.759
00:05:11.00 | 2.478 | 2.409 | 1.285 | 1.316 | 1.244 | 1.301 | 1.665 | 1.783
00:05:12.00 | 2.460 | 2.416 | 1.325 | 1.294 | 1.285 | 1.318 | 1.690 | 1.731
00:05:13.00 | 2.443 | 2.443 | 1.316 | 1.293 | 1.268 | 1.342 | 1.648 | 1.791
00:05:14.00 | 2.521 | 2.529 | 1.286 | 1.301 | 1.270 | 1.301 | 1.658 | 1.741
00:05:15.00 | 2.454 | 2.445 | 1.286 | 1.309 | 1.270 | 1.318 | 1.700 | 1.708
00:05:16.00 | 2.461 | 2.452 | 1.277 | 1.285 | 1.285 | 1.309 | 1.631 | 1.733
00:05:17.00 | 2.444 | 2.401 | 1.301 | 1.301 | 1.278 | 1.310 | 1.817 | 1.801
00:05:18.00 | 2.476 | 2.348 | 1.293 | 1.285 | 1.268 | 1.308 | 1.648 | 1.741
00:05:19.00 | 2.441 | 2.465 | 1.283 | 1.291 | 1.251 | 1.324 | 1.654 | 1.772
00:05:20.00 | 2.447 | 2.480 | 1.295 | 1.310 | 1.263 | 1.303 | 1.692 | 1.761
00:05:21.00 | 2.393 | 2.496 | 1.344 | 1.326 | 1.309 | 1.318 | 1.741 | 1.758
00:05:22.00 | 2.401 | 2.427 | 1.301 | 1.293 | 1.261 | 1.318 | 1.623 | 1.717
00:05:23.00 | 2.451 | 2.400 | 1.293 | 1.369 | 1.268 | 1.317 | 1.707 | 1.782
00:05:24.00 | 2.471 | 2.501 | 2.045 | 1.303 | 1.262 | 1.311 | 1.616 | 1.754
00:05:25.00 | 2.418 | 2.443 | 2.418 | 1.309 | 1.277 | 1.293 | 1.706 | 1.749
00:05:26.00 | 2.412 | 2.472 | 2.463 | 1.279 | 1.271 | 1.303 | 1.649 | 1.760
00:05:27.00 | 2.517 | 2.458 | 2.432 | 1.315 | 1.251 | 1.325 | 1.739 | 1.774
00:05:28.00 | 2.418 | 2.342 | 2.427 | 1.309 | 1.269 | 1.301 | 1.606 | 1.800
00:05:29.00 | 2.374 | 1.885 | 2.408 | 1.301 | 1.260 | 1.292 | 1.613 | 1.756
00:05:30.00 | 2.444 | 1.485 | 2.495 | 1.305 | 1.262 | 1.319 | 1.639 | 1.733
00:05:31.00 | 2.474 | 1.300 | 2.467 | 1.300 | 1.284 | 1.308 | 1.705 | 1.740
00:05:32.00 | 2.155 | 1.300 | 2.426 | 1.308 | 1.269 | 1.317 | 1.656 | 1.757
00:05:33.00 | 1.562 | 1.292 | 2.425 | 1.292 | 1.277 | 1.324 | 1.655 | 1.765
00:05:34.00 | 1.285 | 1.361 | 2.468 | 1.317 | 1.244 | 1.310 | 1.673 | 1.749
00:05:35.00 | 1.284 | 1.292 | 2.433 | 1.308 | 1.268 | 1.292 | 1.647 | 1.748
00:05:36.00 | 1.309 | 1.284 | 2.296 | 1.284 | 1.259 | 1.291 | 1.705 | 1.764
00:05:37.00 | 1.359 | 1.293 | 2.342 | 1.310 | 1.261 | 1.301 | 1.707 | 1.733
00:05:38.00 | 1.253 | 1.288 | 2.490 | 1.397 | 1.282 | 1.302 | 1.598 | 1.745
00:05:39.00 | 2.058 | 1.379 | 2.558 | 1.312 | 1.287 | 1.320 | 1.727 | 1.778
00:05:40.00 | 2.468 | 1.293 | 2.485 | 1.293 | 1.276 | 1.293 | 1.580 | 1.767
00:05:41.00 | 2.518 | 1.292 | 2.442 | 1.308 | 1.268 | 1.301 | 1.697 | 1.791
00:05:42.00 | 2.433 | 1.300 | 2.433 | 1.324 | 1.276 | 1.309 | 1.630 | 1.765
00:05:43.00 | 2.419 | 1.285 | 2.418 | 1.325 | 1.269 | 1.302 | 1.597 | 1.784
00:05:44.00 | 2.493 | 1.285 | 2.425 | 1.301 | 1.277 | 1.308 | 1.681 | 1.724
00:05:45.00 | 2.442 | 1.292 | 2.493 | 1.384 | 1.284 | 1.316 | 1.570 | 1.747
00:05:46.00 | 2.479 | 1.294 | 2.420 | 1.311 | 1.271 | 1.311 | 1.616 | 1.768
00:05:47.00 | 2.473 | 1.340 | 2.356 | 1.290 | 1.270 | 1.318 | 1.696 | 1.732
00:05:48.00 | 2.409 | 1.293 | 2.444 | 1.301 | 1.285 | 1.294 | 1.571 | 1.783
00:05:49.00 | 2.525 | 1.303 | 2.464 | 1.319 | 1.280 | 1.296 | 1.931 | 1.745
00:05:50.00 | 2.421 | 1.302 | 2.523 | 1.311 | 1.271 | 1.344 | 1.633 | 1.760
00:05:51.00 | 2.497 | 1.286 | 2.480 | 1.302 | 1.262 | 1.302 | 1.598 | 1.760
00:05:52.00 | 2.334 | 1.345 | 2.469 | 1.309 | 1.252 | 1.311 | 1.758 | 1.784
00:05:53.00 | 2.435 | 1.303 | 2.450 | 1.290 | 1.268 | 1.324 | 1.623 | 1.775
00:05:54.00 | 2.382 | 2.053 | 2.484 | 1.308 | 1.251 | 1.309 | 1.790 | 1.748
00:05:55.00 | 2.452 | 2.503 | 2.503 | 1.301 | 1.277 | 1.293 | 1.630 | 1.758
00:05:56.00 | 2.390 | 2.543 | 2.415 | 1.307 | 1.275 | 1.325 | 1.739 | 1.764
00:05:57.00 | 2.420 | 2.547 | 2.378 | 1.326 | 1.279 | 1.302 | 1.649 | 1.734
00:05:58.00 | 2.526 | 2.509 | 2.381 | 1.366 | 1.260 | 1.300 | 1.630 | 1.748
00:05:59.00 | 2.367 | 2.440 | 2.440 | 1.323 | 1.274 | 1.315 | 1.621 | 1.780
00:06:00.00 | 2.435 | 2.418 | 2.300 | 1.317 | 1.253 | 1.293 | 1.639 | 1.733
00:06:01.00 | 2.449 | 2.449 | 2.441 | 1.343 | 1.275 | 1.317 | 1.680 | 1.756
00:06:02.00 | 2.424 | 2.490 | 2.540 | 1.315 | 1.275 | 1.315 | 1.578 | 1.730
00:06:03.00 | 2.425 | 2.476 | 2.468 | 1.308 | 1.285 | 1.317 | 1.859 | 1.775
00:06:04.00 | 2.452 | 2.504 | 2.445 | 1.302 | 1.261 | 1.318 | 1.605 | 1.716
00:06:05.00 | 2.462 | 2.411 | 2.427 | 1.302 | 1.270 | 1.326 | 1.624 | 1.734
00:06:06.00 | 2.430 | 2.446 | 2.361 | 1.302 | 1.270 | 1.295 | 1.617 | 1.768
00:06:07.00 | 2.417 | 2.375 | 2.611 | 1.293 | 1.277 | 1.316 | 1.673 | 1.741
00:06:08.00 | 2.450 | 2.514 | 2.420 | 1.296 | 1.262 | 1.318 | 1.717 | 1.775
00:06:09.00 | 2.382 | 2.432 | 2.398 | 1.300 | 1.259 | 1.300 | 1.782 | 1.739
00:06:10.00 | 2.415 | 2.415 | 2.398 | 1.315 | 1.284 | 1.300 | 1.638 | 1.773
00:06:11.00 | 2.425 | 2.467 | 2.281 | 1.918 | 1.268 | 1.300 | 1.698 | 1.774
00:06:12.00 | 2.465 | 2.500 | 2.482 | 2.508 | 1.251 | 1.299 | 1.587 | 1.772
00:06:13.00 | 2.399 | 2.357 | 2.449 | 2.407 | 1.260 | 1.308 | 1.672 | 1.775
00:06:14.00 | 2.461 | 2.491 | 2.454 | 2.448 | 1.268 | 1.302 | 1.599 | 1.773
00:06:15.00 | 2.418 | 2.308 | 2.325 | 2.460 | 1.270 | 1.309 | 1.580 | 1.776
00:06:16.00 | 2.504 | 2.419 | 2.394 | 2.521 | 1.286 | 1.311 | 1.751 | 1.793
00:06:17.00 | 2.390 | 2.449 | 2.297 | 2.475 | 1.268 | 1.308 | 1.595 | 1.773
00:06:18.00 | 2.476 | 2.349 | 2.408 | 2.534 | 1.251 | 1.308 | 1.604 | 1.732
00:06:19.00 | 2.419 | 2.499 | 2.397 | 2.500 | 1.269 | 1.303 | 1.586 | 1.751
00:06:20.00 | 2.368 | 2.452 | 2.504 | 2.504 | 1.286 | 1.309 | 1.606 | 1.776
00:06:21.00 | 2.331 | 2.425 | 2.500 | 2.442 | 1.269 | 1.325 | 1.570 | 1.723
00:06:22.00 | 2.372 | 2.457 | 2.296 | 2.567 | 1.259 | 1.315 | 1.628 | 1.773
00:06:23.00 | 1.927 | 2.509 | 2.551 | 2.324 | 1.284 | 1.325 | 1.596 | 1.765
00:06:24.00 | 1.548 | 2.402 | 2.367 | 2.427 | 1.253 | 1.319 | 1.733 | 1.810
00:06:25.00 | 1.298 | 2.379 | 2.345 | 2.473 | 1.250 | 1.314 | 1.628 | 1.762
00:06:26.00 | 1.293 | 2.394 | 2.384 | 2.505 | 1.277 | 1.327 | 1.901 | 1.766
00:06:27.00 | 1.288 | 2.563 | 2.483 | 2.498 | 1.261 | 1.303 | 1.585 | 1.750
00:06:28.00 | 1.343 | 2.460 | 1.844 | 2.495 | 1.285 | 1.309 | 1.758 | 1.716
00:06:29.00 | 1.309 | 1.869 | 1.486 | 2.400 | 1.284 | 1.316 | 1.731 | 1.749
00:06:30.00 | 1.354 | 1.371 | 1.327 | 2.513 | 1.253 | 1.302 | 1.581 | 1.749
00:06:31.00 | 1.352 | 1.300 | 1.294 | 2.537 | 1.267 | 1.333 | 1.588 | 1.748
00:06:32.00 | 1.360 | 1.360 | 1.293 | 2.495 | 1.270 | 1.326 | 1.623 | 1.751
00:06:33.00 | 1.285 | 1.293 | 1.293 | 2.469 | 1.277 | 1.301 | 1.623 | 1.758
00:06:34.00 | 1.267 | 1.307 | 1.358 | 2.475 | 1.268 | 1.300 | 1.612 | 1.739
00:06:35.00 | 1.271 | 1.310 | 1.310 | 2.429 | 1.286 | 1.302 | 1.642 | 1.718
00:06:36.00 | 2.066 | 1.310 | 1.297 | 2.516 | 1.269 | 1.310 | 1.746 | 1.776
00:06:37.00 | 2.492 | 1.307 | 1.324 | 2.500 | 1.242 | 1.309 | 1.806 | 1.738
00:06:38.00 | 2.453 | 1.309 | 1.360 | 2.460 | 1.269 | 1.317 | 1.606 | 1.774
00:06:39.00 | 2.433 | 1.292 | 1.300 | 2.441 | 1.268 | 1.325 | 1.656 | 1.715
00:06:40.00 | 2.493 | 1.293 | 1.326 | 2.164 | 1.252 | 1.316 | 1.707 | 1.749
00:06:41.00 | 2.493 | 1.285 | 1.293 | 1.605 | 1.268 | 1.308 | 1.876 | 1.741
00:06:42.00 | 2.510 | 1.342 | 1.316 | 1.325 | 1.269 | 1.309 | 1.706 | 1.732
00:06:43.00 | 2.472 | 1.294 | 1.286 | 1.310 | 1.271 | 1.311 | 1.685 | 1.768
00:06:44.00 | 2.452 | 1.284 | 1.304 | 1.319 | 1.270 | 1.312 | 1.647 | 1.777
00:06:45.00 | 2.426 | 2.097 | 1.325 | 1.326 | 1.277 | 1.326 | 1.648 | 1.783
00:06:46.00 | 2.497 | 2.520 | 1.293 | 1.309 | 1.278 | 1.293 | 1.809 | 1.776
00:06:47.00 | 2.402 | 2.454 | 1.302 | 1.429 | 1.286 | 1.302 | 1.759 | 1.776
00:06:48.00 | 2.381 | 2.408 | 1.300 | 1.317 | 1.268 | 1.300 | 1.688 | 1.748
00:06:49.00 | 2.478 | 2.530 | 1.318 | 1.309 | 1.270 | 1.326 | 1.624 | 1.749
00:06:50.00 | 2.471 | 2.420 | 1.319 | 1.310 | 1.270 | 1.318 | 1.684 | 1.751
00:06:51.00 | 2.465 | 2.458 | 1.297 | 1.325 | 1.283 | 1.310 | 1.725 | 1.775
00:06:52.00 | 2.425 | 2.527 | 1.309 | 1.333 | 1.268 | 1.300 | 1.664 | 1.732
00:06:53.00 | 2.492 | 2.561 | 1.285 | 1.308 | 1.252 | 1.308 | 1.597 | 1.808
00:06:54.00 | 2.466 | 2.457 | 1.299 | 1.299 | 1.267 | 1.291 | 1.655 | 1.782
00:06:55.00 | 2.426 | 2.452 | 1.369 | 1.326 | 1.286 | 1.309 | 1.682 | 1.776
00:06:56.00 | 2.386 | 2.478 | 1.302 | 1.301 | 1.278 | 1.327 | 1.650 | 1.734
00:06:57.00 | 2.464 | 2.457 | 1.303 | 1.331 | 1.276 | 1.296 | 1.687 | 1.732
00:06:58.00 | 2.424 | 2.500 | 1.300 | 1.300 | 1.260 | 1.292 | 1.664 | 1.765
00:06:59.00 | 2.443 | 2.469 | 1.301 | 1.301 | 1.270 | 1.294 | 1.953 | 1.750
00:07:00.00 | 2.420 | 2.523 | 1.294 | 1.318 | 1.279 | 1.326 | 1.693 | 1.734
00:07:01.00 | 2.435 | 2.443 | 1.301 | 1.317 | 1.260 | 1.318 | 1.707 | 1.775
00:07:02.00 | 2.418 | 2.452 | 1.301 | 1.301 | 1.270 | 1.309 | 1.589 | 1.732
00:07:03.00 | 2.425 | 2.505 | 1.288 | 1.309 | 1.295 | 1.317 | 1.577 | 1.716
00:07:04.00 | 2.450 | 2.526 | 1.300 | 1.324 | 1.260 | 1.309 | 1.825 | 1.739
00:07:05.00 | 2.511 | 2.469 | 1.316 | 1.301 | 1.285 | 1.302 | 1.597 | 1.749
00:07:06.00 | 2.434 | 2.510 | 1.292 | 1.308 | 1.269 | 1.309 | 1.588 | 1.732
00:07:07.00 | 2.471 | 2.453 | 2.013 | 1.319 | 1.253 | 1.318 | 1.572 | 1.743
00:07:08.00 | 2.469 | 2.478 | 2.487 | 1.309 | 1.278 | 1.301 | 1.598 | 1.775
00:07:09.00 | 2.347 | 2.529 | 2.435 | 1.324 | 1.283 | 1.310 | 1.652 | 1.759
00:07:10.00 | 2.478 | 2.452 | 2.426 | 1.309 | 1.277 | 1.301 | 1.742 | 1.759
00:07:11.00 | 2.333 | 2.453 | 2.452 | 1.352 | 1.270 | 1.310 | 1.792 | 1.810
00:07:12.00 | 2.467 | 2.425 | 2.510 | 1.300 | 1.276 | 1.309 | 1.613 | 1.749
00:07:13.00 | 2.354 | 2.168 | 2.508 | 1.298 | 1.267 | 1.307 | 1.577 | 1.737
00:07:14.00 | 2.466 | 1.503 | 2.528 | 1.360 | 1.268 | 1.292 | 1.732 | 1.739
00:07:15.00 | 2.505 | 1.310 | 2.413 | 1.311 | 1.278 | 1.326 | 1.599 | 1.776
00:07:16.00 | 2.401 | 1.293 | 2.401 | 1.317 | 1.269 | 1.326 | 1.682 | 1.758
00:07:17.00 | 2.401 | 1.301 | 2.487 | 1.318 | 1.278 | 1.310 | 1.725 | 1.775
00:07:18.00 | 2.502 | 1.300 | 2.442 | 1.309 | 1.284 | 1.308 | 1.621 | 1.765
00:07:19.00 | 2.429 | 1.302 | 2.497 | 1.295 | 1.262 | 1.302 | 1.624 | 1.734
00:07:20.00 | 2.271 | 1.268 | 2.406 | 1.299 | 1.251 | 1.299 | 1.823 | 1.763
00:07:21.00 | 1.818 | 1.320 | 2.479 | 1.286 | 1.277 | 1.334 | 1.598 | 1.758
00:07:22.00 | 1.371 | 1.301 | 2.479 | 1.336 | 1.260 | 1.301 | 1.742 | 1.733
00:07:23.00 | 1.300 | 1.300 | 2.408 | 1.308 | 1.260 | 1.300 | 1.714 | 1.774
00:07:24.00 | 1.286 | 1.303 | 2.478 | 1.302 | 1.262 | 1.302 | 1.572 | 1.759
00:07:25.00 | 1.275 | 1.299 | 2.448 | 1.307 | 1.275 | 1.323 | 1.578 | 1.747
00:07:26.00 | 1.308 | 1.343 | 2.441 | 1.300 | 1.260 | 1.317 | 1.630 | 1.799
00:07:27.00 | 1.293 | 1.293 | 2.434 | 1.293 | 1.277 | 1.300 | 1.808 | 1.750
00:07:28.00 | 1.285 | 1.293 | 2.469 | 1.326 | 1.269 | 1.293 | 1.580 | 1.784
00:07:29.00 | 1.293 | 1.293 | 2.442 | 1.300 | 1.260 | 1.309 | 1.724 | 1.740
00:07:30.00 | 1.289 | 1.282 | 2.411 | 1.302 | 1.261 | 1.310 | 1.686 | 1.716
00:07:31.00 | 1.259 | 1.291 | 2.550 | 1.291 | 1.275 | 1.316 | 1.561 | 1.756
00:07:32.00 | 1.336 | 1.293 | 2.366 | 1.310 | 1.276 | 1.300 | 1.909 | 1.791
00:07:33.00 | 1.294 | 1.294 | 2.504 | 1.294 | 1.262 | 1.286 | 1.606 | 1.785
00:07:34.00 | 1.279 | 1.287 | 2.412 | 1.311 | 1.254 | 1.319 | 1.769 | 1.744
00:07:35.00 | 1.284 | 1.292 | 2.322 | 1.324 | 1.276 | 1.325 | 1.637 | 1.747
00:07:36.00 | 1.283 | 1.299 | 2.423 | 1.300 | 1.283 | 1.315 | 1.696 | 1.714
00:07:37.00 | 1.853 | 1.287 | 2.464 | 1.319 | 1.263 | 1.302 | 1.744 | 1.785
00:07:38.00 | 2.517 | 1.276 | 2.458 | 1.307 | 1.268 | 1.308 | 1.663 | 1.747
00:07:39.00 | 2.501 | 1.300 | 1.791 | 1.307 | 1.259 | 1.292 | 1.706 | 1.756
00:07:40.00 | 2.447 | 1.303 | 1.319 | 1.295 | 1.271 | 1.327 | 1.616 | 1.768
00:07:41.00 | 2.517 | 1.309 | 1.300 | 1.315 | 1.283 | 1.300 | 1.731 | 1.766
00:07:42.00 | 2.485 | 1.300 | 1.300 | 1.308 | 1.261 | 1.317 | 1.800 | 1.766
00:07:43.00 | 2.489 | 1.294 | 1.311 | 1.294 | 1.271 | 1.302 | 1.649 | 1.776
00:07:44.00 | 2.443 | 1.277 | 1.360 | 1.316 | 1.261 | 1.309 | 1.665 | 1.740
00:07:45.00 | 2.476 | 1.293 | 1.333 | 1.293 | 1.277 | 1.309 | 1.588 | 1.775
00:07:46.00 | 2.410 | 1.301 | 1.293 | 1.377 | 1.277 | 1.318 | 1.589 | 1.734
00:07:47.00 | 2.501 | 1.292 | 1.316 | 1.301 | 1.269 | 1.300 | 1.740 | 1.741
00:07:48.00 | 2.475 | 1.308 | 1.309 | 1.300 | 1.277 | 1.325 | 1.706 | 1.757
00:07:49.00 | 2.509 | 1.307 | 1.307 | 1.307 | 1.267 | 1.316 | 1.807 | 1.747
00:07:50.00 | 2.460 | 1.301 | 1.309 | 1.325 | 1.252 | 1.317 | 1.640 | 1.749
00:07:51.00 | 2.400 | 1.277 | 1.293 | 1.301 | 1.277 | 1.301 | 1.656 | 1.715
00:07:52.00 | 2.459 | 1.276 | 1.284 | 1.300 | 1.276 | 1.316 | 1.622 | 1.750
00:07:53.00 | 2.445 | 1.286 | 1.302 | 1.378 | 1.270 | 1.310 | 1.650 | 1.751
00:07:54.00 | 2.428 | 1.294 | 1.311 | 1.286 | 1.279 | 1.319 | 1.632 | 1.777
00:07:55.00 | 2.452 | 1.843 | 1.309 | 1.301 | 1.268 | 1.310 | 1.749 | 1.750
00:07:56.00 | 2.269 | 2.414 | 1.317 | 1.290 | 1.284 | 1.298 | 1.681 | 1.740
00:07:57.00 | 2.426 | 2.485 | 1.308 | 1.285 | 1.269 | 1.317 | 1.613 | 1.765
00:07:58.00 | 2.484 | 2.492 | 1.309 | 1.308 | 1.268 | 1.292 | 1.596 | 1.750
00:07:59.00 | 2.453 | 2.426 | 1.309 | 1.326 | 1.270 | 1.326 | 1.623 | 1.758
00:08:00.00 | 2.379 | 2.558 | 1.299 | 1.298 | 1.266 | 1.298 | 1.602 | 1.789
00:08:01.00 | 2.452 | 2.555 | 1.286 | 1.317 | 1.278 | 1.318 | 1.751 | 1.733
00:08:02.00 | 2.408 | 2.417 | 1.308 | 1.316 | 1.285 | 1.326 | 1.596 | 1.783
00:08:03.00 | 2.434 | 2.376 | 1.310 | 1.310 | 1.260 | 1.317 | 1.757 | 1.767
00:08:04.00 | 2.478 | 2.555 | 1.293 | 1.309 | 1.252 | 1.302 | 1.944 | 1.699
00:08:05.00 | 2.395 | 2.471 | 1.279 | 1.318 | 1.270 | 1.319 | 1.573 | 1.752
00:08:06.00 | 2.409 | 2.469 | 1.301 | 1.301 | 1.268 | 1.317 | 1.597 | 1.741
00:08:07.00 | 2.523 | 2.522 | 1.310 | 1.311 | 1.294 | 1.302 | 1.675 | 1.733
00:08:08.00 | 2.521 | 2.469 | 1.352 | 1.309 | 1.285 | 1.318 | 1.614 | 1.759
00:08:09.00 | 2.426 | 2.476 | 1.300 | 1.308 | 1.261 | 1.308 | 1.630 | 1.724
00:08:10.00 | 2.350 | 2.511 | 1.300 | 1.308 | 1.276 | 1.310 | 1.672 | 1.775
00:08:11.00 | 2.435 | 2.401 | 1.301 | 1.301 | 1.277 | 1.318 | 1.581 | 1.775
00:08:12.00 | 2.332 | 2.527 | 1.261 | 1.352 | 1.277 | 1.302 | 1.613 | 1.741
00:08:13.00 | 2.451 | 2.519 | 1.317 | 1.308 | 1.276 | 1.308 | 1.630 | 1.756
00:08:14.00 | 2.442 | 2.434 | 1.300 | 1.300 | 1.243 | 1.285 | 1.689 | 1.732
00:08:15.00 | 2.452 | 2.444 | 1.318 | 1.293 | 1.269 | 1.326 | 1.598 | 1.742
00:08:16.00 | 2.426 | 2.470 | 1.302 | 1.311 | 1.269 | 1.309 | 1.700 | 1.734
00:08:17.00 | 2.341 | 2.375 | 1.292 | 1.308 | 1.284 | 1.325 | 1.697 | 1.739
00:08:18.00 | 1.843 | 2.485 | 1.309 | 1.309 | 1.277 | 1.302 | 1.597 | 1.783
00:08:19.00 | 1.395 | 2.463 | 1.309 | 1.309 | 1.278 | 1.319 | 1.598 | 1.742
00:08:20.00 | 1.831 | 2.500 | 1.299 | 1.299 | 1.284 | 1.316 | 1.578 | 1.757
00:08:21.00 | 2.434 | 2.416 | 1.284 | 1.308 | 1.268 | 1.300 | 1.630 | 1.791
00:08:22.00 | 2.426 | 2.519 | 1.309 | 1.285 | 1.260 | 1.300 | 1.630 | 1.741
00:08:23.00 | 2.487 | 2.538 | 1.285 | 1.326 | 1.262 | 1.303 | 1.564 | 1.725
00:08:24.00 | 2.536 | 2.494 | 1.293 | 1.309 | 1.277 | 1.326 | 1.673 | 1.749
00:08:25.00 | 2.457 | 2.442 | 1.310 | 1.296 | 1.289 | 1.346 | 1.673 | 1.716
00:08:26.00 | 2.460 | 2.484 | 1.300 | 1.308 | 1.260 | 1.292 | 1.757 | 1.765
00:08:27.00 | 2.513 | 2.471 | 1.294 | 1.302 | 1.270 | 1.295 | 1.742 | 1.760
00:08:28.00 | 2.427 | 2.513 | 1.302 | 1.302 | 1.277 | 1.318 | 1.725 | 1.749
00:08:29.00 | 2.424 | 2.357 | 1.308 | 1.300 | 1.268 | 1.333 | 1.605 | 1.723
00:08:30.00 | 2.446 | 2.447 | 1.310 | 1.302 | 1.270 | 1.302 | 1.676 | 1.751
00:08:31.00 | 2.513 | 2.268 | 1.286 | 1.327 | 1.270 | 1.319 | 1.717 | 1.768
00:08:32.00 | 2.469 | 1.774 | 1.301 | 1.285 | 1.270 | 1.310 | 1.563 | 1.775
00:08:33.00 | 2.446 | 1.903 | 1.309 | 1.294 | 1.270 | 1.327 | 1.650 | 1.751
00:08:34.00 | 2.400 | 2.325 | 1.301 | 1.285 | 1.260 | 1.326 | 1.749 | 1.734
00:08:35.00 | 2.413 | 2.464 | 1.291 | 1.291 | 1.266 | 1.306 | 1.687 | 1.754
00:08:36.00 | 2.485 | 2.459 | 1.285 | 1.308 | 1.261 | 1.318 | 1.715 | 1.782
00:08:37.00 | 2.476 | 2.459 | 1.284 | 1.325 | 1.260 | 1.300 | 1.715 | 1.748
00:08:38.00 | 2.513 | 2.361 | 1.302 | 1.311 | 1.279 | 1.335 | 1.692 | 1.750
00:08:39.00 | 2.424 | 2.475 | 1.308 | 1.301 | 1.276 | 1.342 | 1.630 | 1.757
00:08:40.00 | 2.501 | 2.485 | 1.284 | 1.292 | 1.276 | 1.309 | 1.731 | 1.749
00:08:41.00 | 2.489 | 2.463 | 1.349 | 1.306 | 1.258 | 1.323 | 1.594 | 1.754
00:08:42.00 | 2.512 | 2.478 | 1.301 | 1.309 | 1.277 | 1.317 | 1.715 | 1.749
00:08:43.00 | 2.391 | 2.536 | 1.351 | 1.316 | 1.268 | 1.316 | 1.706 | 1.757
00:08:44.00 | 2.493 | 2.426 | 1.293 | 1.316 | 1.252 | 1.326 | 1.606 | 1.766
00:08:45.00 | 2.360 | 2.478 | 1.286 | 1.302 | 1.261 | 1.309 | 1.640 | 1.717
00:08:46.00 | 2.468 | 2.485 | 1.276 | 1.317 | 1.285 | 1.326 | 1.672 | 1.766
00:08:47.00 | 2.350 | 2.452 | 1.301 | 1.293 | 1.269 | 1.326 | 1.632 | 1.733
00:08:48.00 | 2.462 | 2.437 | 1.286 | 1.294 | 1.262 | 1.302 | 1.886 | 1.759
00:08:49.00 | 2.460 | 2.435 | 1.309 | 1.301 | 1.252 | 1.334 | 1.580 | 1.792
00:08:50.00 | 2.410 | 2.411 | 1.282 | 1.338 | 1.282 | 1.323 | 1.628 | 1.715
00:08:51.00 | 2.398 | 2.407 | 1.307 | 1.316 | 1.268 | 1.325 | 1.596 | 1.756
00:08:52.00 | 2.484 | 2.483 | 1.300 | 1.358 | 1.251 | 1.308 | 1.621 | 1.773
00:08:53.00 | 2.476 | 2.356 | 1.300 | 1.316 | 1.276 | 1.325 | 1.638 | 1.748
00:08:54.00 | 2.511 | 2.484 | 1.284 | 1.308 | 1.284 | 1.300 | 1.680 | 1.764
00:08:55.00 | 2.539 | 2.495 | 1.293 | 1.326 | 1.269 | 1.326 | 1.784 | 1.707
00:08:56.00 | 2.435 | 2.435 | 1.290 | 1.310 | 1.262 | 1.304 | 1.600 | 1.767
00:08:57.00 | 2.366 | 2.426 | 1.285 | 1.293 | 1.268 | 1.301 | 1.741 | 1.707
00:08:58.00 | 2.419 | 2.477 | 1.309 | 1.301 | 1.268 | 1.293 | 1.631 | 1.749
00:08:59.00 | 2.435 | 2.435 | 2.030 | 1.293 | 1.278 | 1.309 | 1.632 | 1.759
00:09:00.00 | 2.544 | 2.392 | 2.495 | 1.325 | 1.276 | 1.342 | 1.580 | 1.782
00:09:01.00 | 2.408 | 2.459 | 2.382 | 1.333 | 1.276 | 1.316 | 1.656 | 1.774
00:09:02.00 | 2.502 | 2.486 | 2.469 | 1.317 | 1.252 | 1.310 | 1.571 | 1.741
00:09:03.00 | 2.495 | 2.452 | 2.410 | 1.302 | 1.286 | 1.317 | 1.648 | 1.733
00:09:04.00 | 2.474 | 2.466 | 2.397 | 1.291 | 1.267 | 1.325 | 1.603 | 1.722
00:09:05.00 | 2.468 | 2.435 | 2.426 | 1.309 | 1.277 | 1.326 | 1.700 | 1.774
00:09:06.00 | 2.365 | 2.493 | 2.475 | 1.300 | 1.269 | 1.316 | 1.648 | 1.791
00:09:07.00 | 2.408 | 2.416 | 2.399 | 1.292 | 1.277 | 1.316 | 1.715 | 1.757
00:09:08.00 | 2.508 | 2.491 | 2.397 | 1.307 | 1.268 | 1.316 | 1.654 | 1.790
00:09:09.00 | 2.415 | 2.449 | 2.355 | 1.299 | 1.259 | 1.307 | 1.638 | 1.765
00:09:10.00 | 1.937 | 2.452 | 2.453 | 1.302 | 1.260 | 1.318 | 1.606 | 1.783
00:09:11.00 | 1.668 | 2.446 | 2.428 | 1.319 | 1.286 | 1.311 | 1.768 | 1.793
00:09:12.00 | 1.282 | 2.456 | 2.463 | 1.299 | 1.283 | 1.291 | 1.612 | 1.771
00:09:13.00 | 1.358 | 2.541 | 2.321 | 1.299 | 1.259 | 1.333 | 1.688 | 1.773
00:09:14.00 | 1.302 | 2.544 | 2.468 | 1.344 | 1.261 | 1.308 | 1.580 | 1.750
00:09:15.00 | 1.310 | 2.477 | 2.442 | 1.296 | 1.276 | 1.303 | 1.622 | 1.738
00:09:16.00 | 1.327 | 2.299 | 2.408 | 1.308 | 1.252 | 1.325 | 1.597 | 1.766
00:09:17.00 | 1.293 | 2.511 | 2.426 | 1.367 | 1.277 | 1.300 | 1.656 | 1.741
00:09:18.00 | 1.277 | 2.452 | 2.478 | 1.309 | 1.260 | 1.325 | 1.758 | 1.741
00:09:19.00 | 1.344 | 2.451 | 2.401 | 1.300 | 1.268 | 1.301 | 1.622 | 1.757
00:09:20.00 | 1.388 | 2.514 | 2.463 | 1.310 | 1.262 | 1.303 | 1.573 | 1.760
00:09:21.00 | 1.307 | 2.518 | 2.415 | 1.309 | 1.260 | 1.292 | 1.738 | 1.723
00:09:22.00 | 1.293 | 2.511 | 2.418 | 1.294 | 1.285 | 1.318 | 1.639 | 1.783
00:09:23.00 | 1.285 | 2.511 | 2.493 | 1.293 | 1.277 | 1.309 | 1.606 | 1.750
00:09:24.00 | 1.289 | 2.477 | 2.425 | 1.303 | 1.275 | 1.309 | 1.622 | 1.695
00:09:25.00 | 1.293 | 2.452 | 2.367 | 1.316 | 1.285 | 1.302 | 1.656 | 1.748
00:09:26.00 | 1.973 | 1.930 | 2.481 | 1.318 | 1.245 | 1.344 | 1.666 | 1.777
00:09:27.00 | 2.458 | 1.866 | 2.450 | 1.360 | 1.260 | 1.325 | 1.654 | 1.722
00:09:28.00 | 2.443 | 1.316 | 1.749 | 1.317 | 1.276 | 1.316 | 1.562 | 1.773
00:09:29.00 | 2.472 | 1.302 | 1.310 | 1.302 | 1.269 | 1.312 | 1.709 | 1.767
00:09:30.00 | 2.371 | 1.295 | 1.303 | 1.387 | 1.279 | 1.319 | 1.574 | 1.777
00:09:31.00 | 2.440 | 1.307 | 1.307 | 1.299 | 1.250 | 1.300 | 1.569 | 1.772
00:09:32.00 | 2.455 | 1.288 | 1.288 | 1.316 | 1.279 | 1.337 | 1.611 | 1.754
00:09:33.00 | 2.490 | 1.303 | 1.320 | 1.327 | 1.272 | 1.311 | 1.650 | 1.778
00:09:34.00 | 2.443 | 1.309 | 1.293 | 1.309 | 1.261 | 1.309 | 1.589 | 1.793
00:09:35.00 | 2.419 | 1.310 | 1.317 | 1.301 | 1.293 | 1.326 | 1.648 | 1.741
00:09:36.00 | 2.415 | 1.307 | 1.308 | 1.366 | 1.276 | 1.315 | 1.790 | 1.765
00:09:37.00 | 2.400 | 1.300 | 1.316 | 1.308 | 1.268 | 1.309 | 1.749 | 1.757
00:09:38.00 | 2.536 | 1.297 | 1.340 | 1.303 | 1.269 | 1.324 | 1.623 | 1.753
00:09:39.00 | 2.383 | 1.277 | 1.300 | 1.300 | 1.276 | 1.326 | 1.588 | 1.767
00:09:40.00 | 2.443 | 1.293 | 1.318 | 1.300 | 1.285 | 1.326 | 1.791 | 1.724
00:09:41.00 | 2.429 | 1.298 | 1.298 | 1.306 | 1.282 | 1.290 | 1.577 | 1.770
00:09:42.00 | 2.436 | 1.278 | 1.309 | 1.301 | 1.269 | 1.301 | 1.581 | 1.775
00:09:43.00 | 2.366 | 1.790 | 1.309 | 1.293 | 1.269 | 1.334 | 1.656 | 1.740
00:09:44.00 | 2.409 | 2.479 | 1.293 | 1.277 | 1.270 | 1.301 | 1.775 | 1.758
00:09:45.00 | 2.511 | 2.451 | 1.300 | 1.309 | 1.277 | 1.351 | 1.631 | 1.749
00:09:46.00 | 2.390 | 2.456 | 1.296 | 1.316 | 1.282 | 1.310 | 1.578 | 1.752
00:09:47.00 | 2.455 | 2.490 | 1.299 | 1.291 | 1.259 | 1.315 | 1.679 | 1.756
00:09:48.00 | 2.449 | 2.440 | 1.307 | 1.291 | 1.284 | 1.308 | 1.612 | 1.772
00:09:49.00 | 2.427 | 2.521 | 1.293 | 1.310 | 1.277 | 1.293 | 1.826 | 1.792
00:09:50.00 | 2.492 | 2.492 | 1.300 | 1.333 | 1.277 | 1.325 | 1.638 | 1.782
00:09:51.00 | 2.484 | 2.500 | 1.308 | 1.307 | 1.260 | 1.300 | 1.612 | 1.773
00:09:52.00 | 1.843 | 2.495 | 1.293 | 1.302 | 1.270 | 1.278 | 1.623 | 1.699
00:09:53.00 | 1.326 | 2.520 | 1.286 | 1.301 | 1.278 | 1.309 | 1.623 | 1.766
00:09:54.00 | 1.293 | 2.427 | 1.326 | 1.293 | 1.261 | 1.301 | 1.699 | 1.785
00:09:55.00 | 1.336 | 2.460 | 1.310 | 1.301 | 1.286 | 1.368 | 1.673 | 1.793
00:09:56.00 | 1.293 | 2.436 | 1.310 | 1.309 | 1.269 | 1.301 | 1.682 | 1.733
00:09:57.00 | 1.292 | 2.475 | 1.300 | 1.307 | 1.276 | 1.300 | 1.680 | 1.773
00:09:58.00 | 1.286 | 2.385 | 1.302 | 1.317 | 1.270 | 1.317 | 1.717 | 1.726
00:09:59.00 | 1.351 | 2.478 | 1.293 | 1.309 | 1.270 | 1.302 | 1.647 | 1.733
00:10:00.00 | 1.887 | 2.419 | 1.302 | 1.302 | 1.286 | 1.335 | 1.794 | 1.759
00:10:01.00 | 2.520 | 2.485 | 1.301 | 1.301 | 1.269 | 1.428 | 1.850 | 1.774
00:10:02.00 | 2.444 | 2.522 | 1.326 | 1.310 | 1.278 | 1.303 | 1.666 | 1.767
00:10:03.00 | 2.455 | 2.499 | 1.303 | 1.303 | 1.254 | 1.296 | 1.672 | 1.753
00:10:04.00 | 2.428 | 2.462 | 1.302 | 1.326 | 1.252 | 1.319 | 1.657 | 1.776
00:10:05.00 | 2.446 | 2.455 | 1.302 | 1.279 | 1.279 | 1.319 | 1.615 | 1.726
00:10:06.00 | 2.451 | 2.383 | 1.300 | 1.300 | 1.277 | 1.318 | 1.639 | 1.757
00:10:07.00 | 2.445 | 2.521 | 1.326 | 1.318 | 1.253 | 1.318 | 1.699 | 1.759
00:10:08.00 | 2.428 | 2.486 | 1.293 | 1.309 | 1.261 | 1.310 | 1.759 | 1.742
00:10:09.00 | 2.426 | 2.529 | 1.301 | 1.302 | 1.261 | 1.310 | 1.555 | 1.741
00:10:10.00 | 2.489 | 2.437 | 1.298 | 1.311 | 1.256 | 1.298 | 1.798 | 1.726
00:10:11.00 | 2.458 | 2.433 | 1.292 | 1.300 | 1.275 | 1.308 | 1.680 | 1.748
00:10:12.00 | 2.547 | 2.462 | 1.294 | 1.328 | 1.278 | 1.317 | 1.624 | 1.726
00:10:13.00 | 2.434 | 2.460 | 1.309 | 1.302 | 1.277 | 1.310 | 1.588 | 1.784
00:10:14.00 | 2.442 | 2.501 | 1.293 | 1.300 | 1.277 | 1.326 | 1.665 | 1.791
00:10:15.00 | 2.403 | 2.480 | 1.286 | 1.286 | 1.271 | 1.319 | 1.683 | 1.769
00:10:16.00 | 2.467 | 2.332 | 1.277 | 1.316 | 1.251 | 1.418 | 1.622 | 1.748
00:10:17.00 | 2.436 | 1.887 | 1.301 | 1.302 | 1.278 | 1.326 | 1.581 | 1.792
00:10:18.00 | 2.452 | 1.302 | 1.325 | 1.301 | 1.277 | 1.325 | 1.707 | 1.783
00:10:19.00 | 2.434 | 1.285 | 1.309 | 1.334 | 1.268 | 1.309 | 1.605 | 1.767
00:10:20.00 | 2.462 | 1.301 | 1.286 | 1.310 | 1.278 | 1.301 | 1.623 | 1.776
00:10:21.00 | 2.461 | 1.893 | 1.284 | 1.301 | 1.261 | 1.301 | 1.885 | 1.750
00:10:22.00 | 2.433 | 2.519 | 1.302 | 1.316 | 1.277 | 1.352 | 1.706 | 1.733
00:10:23.00 | 2.407 | 2.391 | 1.301 | 1.324 | 1.277 | 1.301 | 1.621 | 1.740
00:10:24.00 | 2.439 | 2.512 | 1.295 | 1.309 | 1.268 | 1.323 | 1.845 | 1.737
00:10:25.00 | 2.393 | 2.420 | 1.310 | 1.294 | 1.270 | 1.319 | 1.708 | 1.742
00:10:26.00 | 2.112 | 2.441 | 1.300 | 1.308 | 1.252 | 1.324 | 1.613 | 1.731
00:10:27.00 | 1.461 | 2.483 | 1.307 | 1.307 | 1.268 | 1.324 | 1.706 | 1.723
00:10:28.00 | 1.344 | 2.494 | 1.317 | 1.301 | 1.285 | 1.318 | 1.666 | 1.766
00:10:29.00 | 1.329 | 2.471 | 1.302 | 1.302 | 1.245 | 1.294 | 1.642 | 1.709
00:10:30.00 | 1.292 | 2.493 | 1.292 | 1.334 | 1.267 | 1.325 | 1.807 | 1.782
00:10:31.00 | 1.309 | 2.509 | 1.293 | 1.300 | 1.268 | 1.308 | 1.629 | 1.790
00:10:32.00 | 1.284 | 2.499 | 1.343 | 1.307 | 1.291 | 1.316 | 1.612 | 1.738
00:10:33.00 | 1.284 | 2.500 | 1.317 | 1.325 | 1.284 | 1.300 | 1.620 | 1.731
00:10:34.00 | 1.296 | 2.434 | 1.289 | 1.317 | 1.275 | 1.310 | 1.658 | 1.774
00:10:35.00 | 1.277 | 2.442 | 1.293 | 1.300 | 1.252 | 1.317 | 1.748 | 1.757
00:10:36.00 | 1.330 | 2.422 | 1.295 | 1.311 | 1.272 | 1.328 | 1.803 | 1.769
00:10:37.00 | 1.293 | 2.427 | 1.286 | 1.309 | 1.278 | 1.309 | 1.598 | 1.743
00:10:38.00 | 1.279 | 2.463 | 1.302 | 1.311 | 1.261 | 1.302 | 1.683 | 1.709
00:10:39.00 | 1.301 | 2.470 | 1.301 | 1.301 | 1.278 | 1.343 | 1.792 | 1.767
00:10:40.00 | 1.802 | 2.537 | 1.286 | 1.301 | 1.261 | 1.310 | 1.733 | 1.750
00:10:41.00 | 2.410 | 2.503 | 1.301 | 1.310 | 1.269 | 1.309 | 1.598 | 1.750
00:10:42.00 | 2.401 | 2.468 | 1.293 | 1.309 | 1.277 | 1.326 | 1.580 | 1.733
00:10:43.00 | 2.392 | 2.494 | 1.277 | 1.327 | 1.260 | 1.309 | 1.605 | 1.766
00:10:44.00 | 2.539 | 2.513 | 1.318 | 1.303 | 1.277 | 1.302 | 1.666 | 1.716
00:10:45.00 | 2.426 | 2.460 | 1.293 | 1.293 | 1.269 | 1.309 | 1.673 | 1.748
00:10:46.00 | 2.453 | 2.504 | 1.309 | 1.310 | 1.278 | 1.354 | 1.590 | 1.742
00:10:47.00 | 2.346 | 2.449 | 1.291 | 1.299 | 1.259 | 1.315 | 1.552 | 1.738
00:10:48.00 | 2.468 | 2.460 | 1.293 | 1.317 | 1.277 | 1.302 | 1.589 | 1.732
00:10:49.00 | 2.404 | 2.513 | 1.310 | 1.327 | 1.279 | 1.319 | 1.634 | 1.743
00:10:50.00 | 2.444 | 2.511 | 1.310 | 1.301 | 1.277 | 1.318 | 1.801 | 1.784
00:10:51.00 | 2.460 | 2.501 | 1.277 | 1.317 | 1.268 | 1.334 | 1.750 | 1.809
00:10:52.00 | 2.532 | 2.423 | 1.856 | 1.300 | 1.268 | 1.315 | 1.654 | 1.730
00:10:53.00 | 2.468 | 2.435 | 2.392 | 1.309 | 1.269 | 1.301 | 1.589 | 1.733
00:10:54.00 | 2.477 | 2.383 | 2.459 | 1.309 | 1.277 | 1.285 | 1.588 | 1.749
00:10:55.00 | 2.484 | 2.415 | 2.457 | 1.316 | 1.293 | 1.317 | 1.655 | 1.739
00:10:56.00 | 2.571 | 2.486 | 2.452 | 1.302 | 1.261 | 1.318 | 1.664 | 1.784
00:10:57.00 | 2.486 | 2.511 | 2.349 | 1.318 | 1.285 | 1.317 | 1.825 | 1.723
00:10:58.00 | 2.472 | 2.439 | 2.464 | 1.306 | 1.259 | 1.291 | 1.738 | 1.763
00:10:59.00 | 2.411 | 2.512 | 2.470 | 1.327 | 1.286 | 1.318 | 1.929 | 1.716
00:11:00.00 | 2.477 | 2.452 | 2.503 | 1.285 | 1.261 | 1.317 | 1.589 | 1.749
00:11:01.00 | 2.485 | 2.553 | 2.417 | 1.309 | 1.261 | 1.317 | 1.657 | 1.740
00:11:02.00 | 2.432 | 2.446 | 2.439 | 1.315 | 1.261 | 1.316 | 1.607 | 1.751
00:11:03.00 | 2.513 | 2.497 | 2.453 | 1.302 | 1.270 | 1.302 | 1.768 | 1.742
00:11:04.00 | 2.381 | 2.475 | 2.449 | 1.324 | 1.284 | 1.368 | 1.679 | 1.765
00:11:05.00 | 2.487 | 2.394 | 2.453 | 1.302 | 1.286 | 1.319 | 1.572 | 1.750
00:11:06.00 | 2.426 | 2.518 | 2.451 | 1.300 | 1.261 | 1.317 | 1.792 | 1.725
00:11:07.00 | 2.478 | 2.419 | 2.437 | 1.302 | 1.286 | 1.335 | 1.572 | 1.742
00:11:08.00 | 2.453 | 2.452 | 2.386 | 1.302 | 1.270 | 1.295 | 1.581 | 1.743
00:11:09.00 | 2.435 | 1.852 | 2.519 | 1.293 | 1.260 | 1.368 | 1.571 | 1.749
00:11:10.00 | 2.512 | 1.615 | 2.488 | 1.310 | 1.278 | 1.302 | 1.861 | 1.735
00:11:11.00 | 2.517 | 1.367 | 2.434 | 1.316 | 1.276 | 1.309 | 1.604 | 1.706
00:11:12.00 | 2.519 | 1.309 | 2.468 | 1.301 | 1.251 | 1.285 | 1.639 | 1.750
00:11:13.00 | 2.426 | 2.112 | 2.494 | 1.317 | 1.387 | 1.326 | 1.597 | 1.749
00:11:14.00 | 2.456 | 2.481 | 2.405 | 1.300 | 1.259 | 1.307 | 1.754 | 1.806
00:11:15.00 | 2.443 | 2.460 | 2.469 | 1.310 | 1.277 | 1.325 | 1.648 | 1.758
00:11:16.00 | 2.375 | 2.452 | 2.469 | 1.293 | 1.285 | 1.309 | 1.657 | 1.749
00:11:17.00 | 2.478 | 2.478 | 2.411 | 1.294 | 1.262 | 1.311 | 1.607 | 1.759
00:11:18.00 | 2.353 | 2.472 | 2.447 | 1.316 | 1.258 | 1.324 | 1.603 | 1.679
00:11:19.00 | 2.433 | 2.518 | 2.486 | 1.300 | 1.260 | 1.352 | 1.715 | 1.756
00:11:20.00 | 2.387 | 2.490 | 2.456 | 1.303 | 1.254 | 1.362 | 1.634 | 1.751
00:11:21.00 | 2.469 | 2.478 | 2.419 | 1.301 | 1.278 | 1.318 | 1.682 | 1.751
00:11:22.00 | 2.383 | 2.452 | 2.425 | 1.309 | 1.276 | 1.316 | 1.588 | 1.767
00:11:23.00 | 2.441 | 2.441 | 2.434 | 1.292 | 1.259 | 1.316 | 1.656 | 1.739
00:11:24.00 | 2.392 | 2.426 | 2.493 | 1.309 | 1.276 | 1.309 | 1.622 | 1.775
00:11:25.00 | 2.441 | 2.543 | 2.297 | 1.284 | 1.292 | 1.325 | 1.647 | 1.749
00:11:26.00 | 2.474 | 2.448 | 2.407 | 1.307 | 1.267 | 1.316 | 1.714 | 1.781
00:11:27.00 | 2.445 | 2.539 | 2.411 | 1.302 | 1.270 | 1.302 | 1.615 | 1.767
00:11:28.00 | 2.419 | 2.496 | 2.462 | 1.309 | 1.278 | 1.327 | 1.665 | 1.793
00:11:29.00 | 2.416 | 2.425 | 2.416 | 1.293 | 1.269 | 1.292 | 1.680 | 1.765
00:11:30.00 | 2.404 | 2.532 | 2.471 | 1.336 | 1.263 | 1.321 | 1.743 | 1.736
00:11:31.00 | 2.442 | 2.493 | 2.501 | 1.293 | 1.261 | 1.325 | 1.606 | 1.758
00:11:32.00 | 2.425 | 2.510 | 2.417 | 1.300 | 1.268 | 1.308 | 1.613 | 1.766
00:11:33.00 | 2.495 | 2.504 | 2.435 | 1.309 | 1.269 | 1.436 | 1.640 | 1.767
00:11:34.00 | 2.441 | 2.425 | 2.459 | 1.301 | 1.277 | 1.317 | 1.614 | 1.732
00:11:35.00 | 2.421 | 2.437 | 2.462 | 1.310 | 1.286 | 1.327 | 1.658 | 1.802
00:11:36.00 | 2.415 | 2.475 | 2.467 | 1.865 | 1.260 | 1.325 | 1.595 | 1.740
00:11:37.00 | 2.437 | 2.454 | 2.436 | 2.504 | 1.277 | 1.302 | 1.598 | 1.750
00:11:38.00 | 2.559 | 2.509 | 2.407 | 2.458 | 1.267 | 1.284 | 1.757 | 1.774
00:11:39.00 | 2.382 | 2.485 | 2.383 | 2.544 | 1.260 | 1.316 | 1.663 | 1.749
00:11:40.00 | 2.338 | 2.448 | 2.439 | 2.525 | 1.268 | 1.417 | 1.569 | 1.739
00:11:41.00 | 2.383 | 2.459 | 2.416 | 2.518 | 1.260 | 1.316 | 1.698 | 1.773
00:11:42.00 | 2.507 | 2.490 | 2.405 | 2.448 | 1.275 | 1.315 | 1.654 | 1.764
00:11:43.00 | 2.298 | 2.433 | 2.457 | 2.492 | 1.258 | 1.325 | 1.596 | 1.755
00:11:44.00 | 1.850 | 2.519 | 2.561 | 2.442 | 1.269 | 1.317 | 1.698 | 1.757
00:11:45.00 | 1.376 | 2.428 | 2.434 | 2.464 | 1.276 | 1.304 | 1.731 | 1.739
00:11:46.00 | 1.301 | 2.426 | 2.257 | 2.460 | 1.285 | 1.317 | 1.877 | 1.733
00:11:47.00 | 1.301 | 2.436 | 2.486 | 2.436 | 1.261 | 1.302 | 1.614 | 1.743
00:11:48.00 | 1.309 | 2.408 | 2.374 | 2.459 | 1.284 | 1.326 | 1.731 | 1.748
00:11:49.00 | 1.278 | 2.445 | 2.462 | 2.453 | 1.294 | 1.327 | 1.590 | 1.742
00:11:50.00 | 1.293 | 2.054 | 2.443 | 2.537 | 1.269 | 1.309 | 1.758 | 1.716
00:11:51.00 | 1.300 | 1.596 | 2.475 | 2.475 | 1.260 | 1.325 | 1.773 | 1.806
00:11:52.00 | 1.291 | 1.299 | 2.178 | 2.449 | 1.268 | 1.291 | 1.604 | 1.738
00:11:53.00 | 1.844 | 1.310 | 1.828 | 2.522 | 1.262 | 1.310 | 1.733 | 1.742
00:11:54.00 | 2.492 | 1.292 | 1.495 | 2.467 | 1.267 | 1.332 | 1.807 | 1.756
00:11:55.00 | 2.440 | 1.316 | 1.308 | 2.373 | 1.284 | 1.316 | 1.755 | 1.755
00:11:56.00 | 2.439 | 1.307 | 1.316 | 2.566 | 1.275 | 1.298 | 1.619 | 1.738
00:11:57.00 | 2.471 | 1.310 | 1.310 | 2.497 | 1.270 | 1.327 | 1.616 | 1.760
00:11:58.00 | 2.493 | 1.292 | 1.316 | 2.595 | 1.268 | 1.292 | 1.681 | 1.732
00:11:59.00 | 2.420 | 1.310 | 1.326 | 2.556 | 1.279 | 1.310 | 1.717 | 1.759
00:12:00.00 | 2.477 | 1.986 | 1.303 | 2.405 | 1.262 | 1.332 | 1.636 | 1.760
00:12:01.00 | 2.351 | 2.470 | 1.309 | 2.496 | 1.293 | 1.361 | 1.607 | 1.750
00:12:02.00 | 2.467 | 2.459 | 1.317 | 2.459 | 1.268 | 1.351 | 1.673 | 1.724
00:12:03.00 | 2.437 | 2.512 | 1.317 | 2.522 | 1.278 | 1.310 | 1.699 | 1.759
00:12:04.00 | 2.486 | 2.477 | 1.309 | 2.452 | 1.285 | 1.309 | 1.631 | 1.748
00:12:05.00 | 2.449 | 2.448 | 1.401 | 2.559 | 1.317 | 1.317 | 1.578 | 1.722
00:12:06.00 | 2.379 | 2.480 | 1.299 | 2.438 | 1.266 | 1.331 | 1.585 | 1.746
00:12:07.00 | 2.467 | 2.451 | 1.309 | 2.485 | 1.260 | 1.325 | 1.639 | 1.800
00:12:08.00 | 2.447 | 2.481 | 1.311 | 2.430 | 1.271 | 1.311 | 1.616 | 1.785
00:12:09.00 | 2.441 | 2.425 | 1.300 | 2.552 | 1.268 | 1.325 | 1.732 | 1.748
00:12:10.00 | 2.483 | 2.525 | 1.317 | 2.475 | 1.260 | 1.325 | 1.688 | 1.756
00:12:11.00 | 2.407 | 2.458 | 1.368 | 2.484 | 1.260 | 1.292 | 1.579 | 1.739
00:12:12.00 | 2.530 | 2.538 | 1.302 | 2.504 | 1.278 | 1.377 | 1.616 | 1.742
00:12:13.00 | 2.470 | 2.487 | 1.317 | 2.427 | 1.270 | 1.360 | 1.598 | 1.733
00:12:14.00 | 2.430 | 2.583 | 1.315 | 2.481 | 1.267 | 1.307 | 1.619 | 1.789
00:12:15.00 | 2.416 | 2.485 | 1.293 | 2.526 | 1.277 | 1.316 | 1.596 | 1.731
00:12:16.00 | 2.464 | 2.490 | 1.306 | 2.507 | 1.283 | 1.315 | 1.772 | 1.729
00:12:17.00 | 2.455 | 2.456 | 1.296 | 2.419 | 1.289 | 1.317 | 1.760 | 1.745
00:12:18.00 | 2.430 | 2.473 | 2.111 | 2.423 | 1.267 | 1.359 | 1.629 | 1.714
00:12:19.00 | 2.483 | 2.491 | 2.492 | 2.517 | 1.343 | 1.309 | 1.604 | 1.764
00:12:20.00 | 2.458 | 2.458 | 2.476 | 2.509 | 1.259 | 1.316 | 1.596 | 1.731
00:12:21.00 | 2.449 | 2.424 | 2.542 | 2.416 | 1.276 | 1.316 | 1.621 | 1.773
00:12:22.00 | 2.414 | 2.415 | 2.406 | 2.313 | 1.276 | 1.317 | 1.662 | 1.763
00:12:23.00 | 2.510 | 2.493 | 2.503 | 2.460 | 1.319 | 1.369 | 1.639 | 1.757
00:12:24.00 | 2.485 | 2.485 | 2.528 | 2.384 | 1.277 | 1.326 | 1.773 | 1.741
00:12:25.00 | 2.558 | 2.533 | 2.508 | 2.389 | 1.275 | 1.307 | 1.586 | 1.780
00:12:26.00 | 2.463 | 2.507 | 2.455 | 1.879 | 1.287 | 1.319 | 1.616 | 1.760
00:12:27.00 | 2.493 | 2.434 | 2.484 | 1.425 | 1.269 | 1.326 | 1.723 | 1.757
00:12:28.00 | 2.375 | 2.478 | 2.350 | 1.335 | 1.261 | 1.326 | 1.749 | 1.717
00:12:29.00 | 2.036 | 2.459 | 2.434 | 1.333 | 1.369 | 1.300 | 1.681 | 1.740
00:12:30.00 | 1.563 | 2.367 | 2.562 | 1.302 | 1.277 | 1.317 | 1.631 | 1.733
00:12:31.00 | 1.285 | 1.782 | 2.478 | 1.317 | 1.259 | 1.317 | 1.656 | 1.741
00:12:32.00 | 1.270 | 1.301 | 2.461 | 1.335 | 1.270 | 1.318 | 1.692 | 1.740
00:12:33.00 | 1.287 | 1.303 | 2.499 | 1.312 | 1.263 | 1.319 | 1.743 | 1.778
00:12:34.00 | 1.309 | 1.301 | 2.402 | 1.309 | 1.261 | 1.334 | 1.758 | 1.733
00:12:35.00 | 1.345 | 1.317 | 2.471 | 1.286 | 1.286 | 1.327 | 1.624 | 1.734
00:12:36.00 | 1.293 | 1.309 | 2.475 | 1.316 | 1.277 | 1.317 | 1.673 | 1.739
00:12:37.00 | 1.304 | 1.318 | 2.473 | 1.318 | 1.271 | 1.318 | 1.631 | 1.754
00:12:38.00 | 1.302 | 1.294 | 2.478 | 1.302 | 1.270 | 1.326 | 1.776 | 1.784
00:12:39.00 | 1.293 | 1.302 | 2.479 | 1.309 | 1.260 | 1.302 | 1.589 | 1.766
00:12:40.00 | 1.278 | 1.309 | 2.393 | 1.311 | 1.260 | 1.302 | 1.614 | 1.751
00:12:41.00 | 1.284 | 1.292 | 2.441 | 1.316 | 1.269 | 1.316 | 1.604 | 1.741
00:12:42.00 | 1.361 | 1.309 | 2.453 | 1.327 | 1.370 | 1.319 | 1.606 | 1.734
00:12:43.00 | 1.900 | 1.292 | 2.441 | 1.324 | 1.284 | 1.316 | 1.858 | 1.765
00:12:44.00 | 2.447 | 1.303 | 2.464 | 1.320 | 1.270 | 1.328 | 1.922 | 1.743
00:12:45.00 | 2.459 | 1.293 | 2.510 | 1.308 | 1.311 | 1.308 | 1.622 | 1.748
00:12:46.00 | 2.537 | 1.300 | 2.544 | 1.300 | 1.276 | 1.293 | 1.614 | 1.774
00:12:47.00 | 2.426 | 1.293 | 2.368 | 1.293 | 1.270 | 1.352 | 1.657 | 1.758
00:12:48.00 | 2.469 | 1.293 | 2.427 | 1.309 | 1.278 | 1.318 | 1.826 | 1.776
00:12:49.00 | 2.497 | 1.310 | 2.556 | 1.345 | 1.279 | 1.327 | 1.582 | 1.768
00:12:50.00 | 2.487 | 1.293 | 2.537 | 1.319 | 1.269 | 1.326 | 1.597 | 1.717
00:12:51.00 | 2.520 | 1.309 | 2.409 | 1.317 | 1.261 | 1.302 | 1.732 | 1.775
00:12:52.00 | 2.466 | 1.299 | 2.584 | 1.316 | 1.268 | 1.299 | 1.832 | 1.781
00:12:53.00 | 2.426 | 1.285 | 2.434 | 1.310 | 1.270 | 1.294 | 1.757 | 1.741
00:12:54.00 | 2.462 | 1.296 | 2.491 | 1.303 | 1.261 | 1.310 | 1.738 | 1.745
00:12:55.00 | 2.452 | 1.285 | 2.452 | 1.293 | 1.270 | 1.377 | 1.630 | 1.733
00:12:56.00 | 2.472 | 1.302 | 2.371 | 1.310 | 1.269 | 1.370 | 1.658 | 1.751
00:12:57.00 | 2.377 | 1.278 | 2.504 | 1.310 | 1.278 | 1.302 | 1.598 | 1.743
00:12:58.00 | 2.389 | 1.307 | 2.475 | 1.324 | 1.259 | 1.324 | 1.612 | 1.816
00:12:59.00 | 2.417 | 1.285 | 2.392 | 1.318 | 1.261 | 1.342 | 1.665 | 1.782
00:13:00.00 | 2.470 | 1.286 | 2.478 | 1.318 | 1.278 | 1.301 | 1.699 | 1.750
00:13:01.00 | 2.417 | 1.816 | 2.460 | 1.316 | 1.260 | 1.310 | 1.681 | 1.741
00:13:02.00 | 2.435 | 2.529 | 2.428 | 1.304 | 1.277 | 1.318 | 1.666 | 1.761
00:13:03.00 | 2.429 | 2.479 | 2.496 | 1.310 | 1.262 | 1.286 | 1.608 | 1.768
00:13:04.00 | 2.451 | 2.460 | 2.485 | 1.325 | 1.285 | 1.325 | 1.691 | 1.766
00:13:05.00 | 2.418 | 2.520 | 2.426 | 1.293 | 1.269 | 1.309 | 1.758 | 1.715
00:13:06.00 | 2.452 | 2.469 | 2.512 | 1.310 | 1.269 | 1.317 | 1.716 | 1.775
00:13:07.00 | 2.443 | 2.469 | 2.400 | 1.317 | 1.293 | 1.293 | 1.715 | 1.716
00:13:08.00 | 2.447 | 2.473 | 2.413 | 1.323 | 1.267 | 1.315 | 1.687 | 1.713
00:13:09.00 | 2.393 | 2.528 | 2.257 | 1.301 | 1.277 | 1.317 | 1.614 | 1.734
00:13:10.00 | 2.461 | 2.411 | 1.869 | 1.309 | 1.286 | 1.278 | 1.725 | 1.733
00:13:11.00 | 2.417 | 2.493 | 1.731 | 1.317 | 1.277 | 1.333 | 1.850 | 1.774
00:13:12.00 | 2.462 | 2.452 | 1.326 | 1.309 | 1.286 | 1.318 | 1.666 | 1.741
00:13:13.00 | 2.435 | 2.537 | 1.326 | 1.309 | 1.270 | 1.369 | 1.725 | 1.725
00:13:14.00 | 2.451 | 2.426 | 1.326 | 1.325 | 1.261 | 1.384 | 1.606 | 1.750
00:13:15.00 | 2.487 | 2.486 | 1.319 | 1.309 | 1.260 | 1.318 | 1.657 | 1.775
00:13:16.00 | 2.497 | 2.463 | 1.286 | 1.319 | 1.262 | 1.311 | 1.608 | 1.752
00:13:17.00 | 2.107 | 2.470 | 1.429 | 1.326 | 1.278 | 1.327 | 1.581 | 1.758
00:13:18.00 | 1.471 | 2.453 | 1.293 | 1.302 | 1.277 | 1.385 | 1.717 | 1.718
00:13:19.00 | 1.279 | 2.438 | 1.311 | 1.327 | 1.271 | 1.302 | 1.616 | 1.786
00:13:20.00 | 1.352 | 2.467 | 1.292 | 1.300 | 1.260 | 1.324 | 1.849 | 1.764
00:13:21.00 | 1.286 | 2.512 | 1.369 | 1.311 | 1.261 | 1.301 | 1.692 | 1.776
00:13:22.00 | 1.284 | 2.509 | 1.334 | 1.324 | 1.277 | 1.300 | 1.664 | 1.715
00:13:23.00 | 1.304 | 2.466 | 1.312 | 1.329 | 1.280 | 1.321 | 1.710 | 1.711
00:13:24.00 | 1.888 | 2.471 | 1.335 | 1.310 | 1.286 | 1.319 | 1.667 | 1.717
00:13:25.00 | 2.519 | 2.519 | 1.292 | 1.316 | 1.292 | 1.384 | 1.799 | 1.791
00:13:26.00 | 2.464 | 2.488 | 1.326 | 1.303 | 1.271 | 1.327 | 1.590 | 1.776
00:13:27.00 | 2.384 | 2.520 | 1.309 | 1.309 | 1.269 | 1.334 | 1.656 | 1.766
00:13:28.00 | 2.464 | 2.405 | 1.310 | 1.296 | 1.276 | 1.310 | 1.608 | 1.745
00:13:29.00 | 2.391 | 2.511 | 1.318 | 1.317 | 1.277 | 1.309 | 1.580 | 1.716
00:13:30.00 | 2.434 | 2.493 | 1.377 | 1.308 | 1.252 | 1.308 | 1.672 | 1.724
00:13:31.00 | 2.478 | 2.529 | 1.301 | 1.318 | 1.278 | 1.318 | 1.691 | 1.742
00:13:32.00 | 2.453 | 2.445 | 1.294 | 1.318 | 1.270 | 1.318 | 1.563 | 1.758
00:13:33.00 | 2.459 | 2.493 | 1.359 | 1.315 | 1.284 | 1.316 | 1.579 | 1.722
00:13:34.00 | 2.442 | 2.408 | 1.900 | 1.333 | 1.261 | 1.437 | 1.706 | 1.756
00:13:35.00 | 2.491 | 2.069 | 2.440 | 1.291 | 1.268 | 1.300 | 1.604 | 1.738
00:13:36.00 | 2.468 | 1.582 | 2.452 | 1.334 | 1.252 | 1.326 | 1.749 | 1.791
00:13:37.00 | 2.460 | 1.300 | 2.460 | 1.300 | 1.284 | 1.317 | 1.732 | 1.733
00:13:38.00 | 2.357 | 1.299 | 2.406 | 1.299 | 1.267 | 1.316 | 1.671 | 1.689
00:13:39.00 | 2.505 | 1.286 | 2.411 | 1.302 | 1.286 | 1.310 | 1.701 | 1.776
00:13:40.00 | 2.479 | 1.326 | 2.427 | 1.293 | 1.278 | 1.326 | 1.785 | 1.733
00:13:41.00 | 2.544 | 1.292 | 2.407 | 1.308 | 1.260 | 1.300 | 1.705 | 1.739
00:13:42.00 | 2.486 | 1.309 | 2.444 | 1.309 | 1.270 | 1.309 | 1.692 | 1.758
00:13:43.00 | 2.419 | 1.297 | 2.376 | 1.310 | 1.275 | 1.368 | 1.629 | 1.752
00:13:44.00 | 2.387 | 1.287 | 2.481 | 1.310 | 1.279 | 1.379 | 1.607 | 1.734
00:13:45.00 | 2.530 | 1.354 | 2.428 | 1.302 | 1.253 | 1.335 | 1.572 | 1.760
00:13:46.00 | 2.400 | 1.293 | 2.409 | 1.285 | 1.285 | 1.326 | 1.690 | 1.783
00:13:47.00 | 2.416 | 1.302 | 2.467 | 1.309 | 1.269 | 1.309 | 1.622 | 1.758
00:13:48.00 | 2.467 | 1.307 | 2.390 | 1.307 | 1.268 | 1.308 | 1.629 | 1.781
00:13:49.00 | 2.408 | 1.300 | 2.467 | 1.375 | 1.260 | 1.333 | 1.613 | 1.765
00:13:50.00 | 2.404 | 1.315 | 2.456 | 1.306 | 1.283 | 1.314 | 1.594 | 1.737
00:13:51.00 | 2.432 | 1.307 | 2.500 | 1.324 | 1.268 | 1.308 | 1.782 | 1.730
00:13:52.00 | 2.446 | 1.303 | 2.438 | 1.295 | 1.287 | 1.311 | 1.675 | 1.744
00:13:53.00 | 2.494 | 1.293 | 2.384 | 1.325 | 1.320 | 1.318 | 1.682 | 1.774
00:13:54.00 | 2.496 | 1.310 | 2.436 | 1.310 | 1.270 | 1.302 | 1.691 | 1.734
00:13:55.00 | 2.440 | 1.291 | 2.490 | 1.307 | 1.258 | 1.300 | 1.782 | 1.798
00:13:56.00 | 2.467 | 1.293 | 2.426 | 1.300 | 1.268 | 1.300 | 1.858 | 1.782
00:13:57.00 | 2.467 | 1.308 | 2.399 | 1.292 | 1.259 | 1.309 | 1.587 | 1.773
00:13:58.00 | 2.477 | 1.300 | 2.316 | 1.309 | 1.277 | 1.326 | 1.622 | 1.741
00:13:59.00 | 2.478 | 2.115 | 2.453 | 1.317 | 1.270 | 1.327 | 1.683 | 1.784
00:14:00.00 | 2.526 | 2.533 | 2.061 | 1.316 | 1.268 | 1.307 | 1.756 | 1.748
00:14:01.00 | 2.466 | 2.496 | 1.317 | 1.298 | 1.270 | 1.319 | 1.643 | 1.786
00:14:02.00 | 2.416 | 2.408 | 1.300 | 1.307 | 1.284 | 1.317 | 1.621 | 1.723
00:14:03.00 | 2.409 | 2.452 | 1.436 | 1.309 | 1.277 | 1.325 | 1.614 | 1.774
00:14:04.00 | 2.397 | 2.457 | 1.299 | 1.315 | 1.317 | 1.291 | 1.578 | 1.807
00:14:05.00 | 2.516 | 2.438 | 1.311 | 1.303 | 1.262 | 1.319 | 1.659 | 1.727
00:14:06.00 | 2.416 | 2.501 | 1.324 | 1.316 | 1.276 | 1.301 | 1.766 | 1.757
00:14:07.00 | 2.477 | 2.444 | 1.369 | 1.301 | 1.252 | 1.293 | 1.606 | 1.774
00:14:08.00 | 2.544 | 2.501 | 1.316 | 1.308 | 1.277 | 1.324 | 1.579 | 1.724
00:14:09.00 | 2.196 | 2.508 | 1.300 | 1.307 | 1.334 | 1.333 | 1.604 | 1.748
00:14:10.00 | 1.682 | 2.527 | 1.308 | 1.308 | 1.260 | 1.360 | 1.698 | 1.748
00:14:11.00 | 1.300 | 2.458 | 1.293 | 1.332 | 1.284 | 1.292 | 1.747 | 1.731
00:14:12.00 | 1.278 | 2.470 | 1.286 | 1.310 | 1.269 | 1.318 | 1.648 | 1.733
00:14:13.00 | 1.310 | 2.516 | 1.304 | 1.304 | 1.276 | 1.284 | 1.681 | 1.719
00:14:14.00 | 1.344 | 2.476 | 1.308 | 1.308 | 1.285 | 1.318 | 1.707 | 1.740
00:14:15.00 | 1.346 | 2.455 | 1.319 | 1.319 | 1.271 | 1.336 | 1.717 | 1.742
00:14:16.00 | 2.183 | 2.521 | 1.302 | 1.294 | 1.262 | 1.302 | 1.606 | 1.768
00:14:17.00 | 2.489 | 2.523 | 1.370 | 1.319 | 1.270 | 1.320 | 1.582 | 1.727
00:14:18.00 | 2.488 | 2.531 | 1.298 | 1.314 | 1.258 | 1.322 | 1.797 | 1.747
00:14:19.00 | 2.500 | 2.416 | 1.315 | 1.316 | 1.275 | 1.292 | 1.579 | 1.732
00:14:20.00 | 2.456 | 2.422 | 1.323 | 1.307 | 1.283 | 1.300 | 1.730 | 1.738
00:14:21.00 | 2.558 | 2.550 | 1.307 | 1.307 | 1.267 | 1.325 | 1.611 | 1.789
00:14:22.00 | 2.410 | 2.445 | 1.326 | 1.309 | 1.269 | 1.334 | 1.614 | 1.749
00:14:23.00 | 2.452 | 2.503 | 1.309 | 1.309 | 1.320 | 1.420 | 1.606 | 1.750
00:14:24.00 | 2.341 | 2.441 | 1.292 | 1.309 | 1.328 | 1.317 | 1.663 | 1.783
00:14:25.00 | 2.411 | 2.428 | 1.310 | 1.302 | 1.294 | 1.335 | 1.598 | 1.767
00:14:26.00 | 2.430 | 2.608 | 1.284 | 1.306 | 1.267 | 1.291 | 1.577 | 1.721
00:14:27.00 | 2.493 | 2.467 | 1.292 | 1.309 | 1.259 | 1.308 | 1.689 | 1.773
00:14:28.00 | 2.528 | 2.528 | 1.317 | 1.302 | 1.277 | 1.302 | 1.766 | 1.758
00:14:29.00 | 2.385 | 2.444 | 1.369 | 1.318 | 1.277 | 1.301 | 1.767 | 1.792
00:14:30.00 | 2.343 | 2.435 | 1.301 | 1.309 | 1.269 | 1.326 | 1.826 | 1.734
00:14:31.00 | 2.492 | 2.441 | 1.308 | 1.316 | 1.277 | 1.333 | 1.698 | 1.774
00:14:32.00 | 2.444 | 2.512 | 1.301 | 1.326 | 1.253 | 1.318 | 1.707 | 1.716
00:14:33.00 | 2.458 | 2.450 | 1.410 | 1.307 | 1.284 | 1.317 | 1.833 | 1.748
00:14:34.00 | 2.445 | 2.529 | 1.810 | 1.318 | 1.286 | 1.369 | 1.919 | 1.758
00:14:35.00 | 2.443 | 2.460 | 2.503 | 1.308 | 1.268 | 1.318 | 1.580 | 1.708
00:14:36.00 | 2.416 | 2.560 | 2.451 | 1.300 | 1.277 | 1.284 | 1.673 | 1.773
00:14:37.00 | 2.449 | 2.498 | 2.469 | 1.316 | 1.319 | 1.310 | 1.600 | 1.737
00:14:38.00 | 2.360 | 2.428 | 2.504 | 1.310 | 1.278 | 1.326 | 1.657 | 1.733
00:14:39.00 | 2.468 | 2.451 | 2.451 | 1.342 | 1.252 | 1.325 | 1.613 | 1.732
00:14:40.00 | 2.548 | 2.472 | 2.463 | 1.298 | 1.299 | 1.316 | 1.679 | 1.754
00:14:41.00 | 2.374 | 2.493 | 2.467 | 1.310 | 1.268 | 1.333 | 1.614 | 1.741
00:14:42.00 | 2.493 | 2.509 | 2.468 | 1.308 | 1.277 | 1.309 | 1.604 | 1.782
00:14:43.00 | 2.443 | 2.494 | 2.520 | 1.309 | 1.261 | 1.376 | 1.699 | 1.774
00:14:44.00 | 2.424 | 2.202 | 2.496 | 1.308 | 1.339 | 1.379 | 1.824 | 1.775
00:14:45.00 | 2.410 | 1.946 | 2.419 | 1.309 | 1.270 | 1.309 | 1.623 | 1.793
00:14:46.00 | 2.503 | 1.421 | 2.480 | 1.319 | 1.286 | 1.327 | 1.835 | 1.759
00:14:47.00 | 2.471 | 1.310 | 2.471 | 1.309 | 1.286 | 1.344 | 1.675 | 1.759
00:14:48.00 | 2.511 | 1.309 | 2.418 | 1.309 | 1.270 | 1.317 | 1.826 | 1.725
00:14:49.00 | 2.484 | 1.308 | 2.401 | 1.309 | 1.327 | 1.316 | 1.766 | 1.732
00:14:50.00 | 2.409 | 1.285 | 2.503 | 1.326 | 1.320 | 1.325 | 1.631 | 1.784
00:14:51.00 | 2.434 | 1.352 | 2.427 | 1.309 | 1.270 | 1.318 | 1.681 | 1.783
00:14:52.00 | 2.514 | 1.294 | 2.471 | 1.310 | 1.270 | 1.319 | 1.717 | 1.734
00:14:53.00 | 2.493 | 1.300 | 2.451 | 1.325 | 1.269 | 1.326 | 1.664 | 1.757
00:14:54.00 | 2.452 | 1.285 | 2.444 | 1.317 | 1.277 | 1.310 | 1.732 | 1.758
00:14:55.00 | 2.468 | 1.299 | 2.437 | 1.309 | 1.271 | 1.342 | 1.613 | 1.756
00:14:56.00 | 2.434 | 1.277 | 2.324 | 1.301 | 1.269 | 1.325 | 1.571 | 1.775
00:14:57.00 | 2.456 | 1.349 | 2.413 | 1.308 | 1.265 | 1.307 | 1.603 | 1.763
00:14:58.00 | 2.501 | 1.978 | 2.416 | 1.300 | 1.277 | 1.316 | 1.579 | 1.724
00:14:59.00 | 2.503 | 2.537 | 2.435 | 1.316 | 1.277 | 1.318 | 1.640 | 1.774
00:15:00.00 | 2.407 | 2.509 | 2.449 | 1.300 | 1.319 | 1.316 | 1.773 | 1.790
00:15:01.00 | 2.466 | 2.525 | 2.424 | 1.316 | 1.335 | 1.317 | 1.638 | 1.755
00:15:02.00 | 2.418 | 2.460 | 2.460 | 1.302 | 1.261 | 1.294 | 1.589 | 1.717
00:15:03.00 | 2.398 | 2.449 | 2.358 | 1.294 | 1.275 | 1.304 | 1.599 | 1.760
00:15:04.00 | 2.486 | 2.427 | 2.469 | 1.309 | 1.269 | 1.360 | 1.733 | 1.725
00:15:05.00 | 2.422 | 2.456 | 2.525 | 1.298 | 1.376 | 1.298 | 1.637 | 1.771
00:15:06.00 | 2.409 | 2.452 | 2.478 | 1.309 | 1.277 | 1.316 | 1.640 | 1.750
00:15:07.00 | 2.503 | 2.443 | 2.452 | 1.301 | 1.293 | 1.294 | 1.589 | 1.774
00:15:08.00 | 2.419 | 2.470 | 2.394 | 1.310 | 1.270 | 1.318 | 1.785 | 1.750
00:15:09.00 | 2.585 | 2.509 | 2.425 | 1.309 | 1.319 | 1.317 | 1.579 | 1.765
00:15:10.00 | 2.466 | 2.545 | 2.450 | 1.316 | 1.335 | 1.317 | 1.875 | 1.773
00:15:11.00 | 2.432 | 2.560 | 2.458 | 1.308 | 1.268 | 1.316 | 1.570 | 1.765
00:15:12.00 | 2.287 | 2.429 | 2.419 | 1.313 | 1.355 | 1.356 | 1.618 | 1.780
00:15:13.00 | 1.810 | 2.504 | 2.555 | 1.294 | 1.286 | 1.327 | 1.810 | 1.766
00:15:14.00 | 1.663 | 2.449 | 2.500 | 1.299 | 1.268 | 1.375 | 1.595 | 1.764
00:15:15.00 | 1.292 | 2.451 | 2.390 | 1.300 | 1.277 | 1.301 | 1.562 | 1.774
00:15:16.00 | 1.308 | 2.485 | 2.501 | 1.316 | 1.318 | 1.368 | 1.596 | 1.748
00:15:17.00 | 1.302 | 2.430 | 2.506 | 1.303 | 1.263 | 1.311 | 1.599 | 1.794
00:15:18.00 | 1.278 | 2.530 | 2.469 | 1.318 | 1.320 | 1.326 | 1.750 | 1.758
00:15:19.00 | 1.293 | 2.595 | 2.426 | 1.309 | 1.327 | 1.317 | 1.876 | 1.783
00:15:20.00 | 1.319 | 2.469 | 2.546 | 1.286 | 1.269 | 1.343 | 1.563 | 1.733
00:15:21.00 | 1.288 | 2.536 | 2.332 | 1.306 | 1.268 | 1.316 | 1.845 | 1.794
00:15:22.00 | 1.293 | 2.477 | 2.341 | 1.301 | 1.285 | 1.353 | 1.614 | 1.758
00:15:23.00 | 1.309 | 2.496 | 1.862 | 1.326 | 1.278 | 1.326 | 1.691 | 1.810
00:15:24.00 | 1.286 | 2.471 | 1.411 | 1.302 | 1.278 | 1.318 | 1.759 | 1.751
00:15:25.00 | 1.287 | 2.481 | 1.311 | 1.295 | 1.279 | 1.318 | 1.718 | 1.725
00:15:26.00 | 1.284 | 2.450 | 1.309 | 1.316 | 1.260 | 1.308 | 1.739 | 1.774
00:15:27.00 | 1.278 | 2.546 | 1.318 | 1.309 | 1.278 | 1.302 | 1.716 | 1.750
00:15:28.00 | 1.302 | 2.459 | 1.316 | 1.316 | 1.268 | 1.368 | 1.613 | 1.739
00:15:29.00 | 1.298 | 2.416 | 1.328 | 1.289 | 1.400 | 1.369 | 1.673 | 1.745
00:15:30.00 | 1.293 | 2.433 | 1.317 | 1.317 | 1.268 | 1.316 | 1.757 | 1.749
00:15:31.00 | 1.276 | 2.517 | 1.307 | 1.315 | 1.283 | 1.293 | 1.722 | 1.773
00:15:32.00 | 1.291 | 2.458 | 1.284 | 1.308 | 1.259 | 1.332 | 1.578 | 1.723
00:15:33.00 | 1.292 | 2.500 | 1.309 | 1.292 | 1.269 | 1.301 | 1.579 | 1.765
00:15:34.00 | 1.302 | 2.428 | 1.362 | 1.326 | 1.329 | 1.286 | 1.751 | 1.751
00:15:35.00 | 1.293 | 2.451 | 1.293 | 1.300 | 1.285 | 1.308 | 1.614 | 1.750
00:15:36.00 | 1.783 | 2.518 | 1.324 | 1.308 | 1.277 | 1.300 | 1.672 | 1.782
00:15:37.00 | 2.509 | 2.474 | 1.385 | 1.324 | 1.260 | 1.324 | 1.681 | 1.765
00:15:38.00 | 2.483 | 1.856 | 1.327 | 1.306 | 1.258 | 1.296 | 1.591 | 1.762
00:15:39.00 | 2.513 | 1.616 | 1.327 | 1.294 | 1.328 | 1.327 | 1.640 | 1.768
00:15:40.00 | 2.437 | 1.294 | 1.354 | 1.344 | 1.279 | 1.319 | 1.598 | 1.768
00:15:41.00 | 2.422 | 1.319 | 1.362 | 1.311 | 1.262 | 1.378 | 1.718 | 1.785
00:15:42.00 | 2.476 | 1.335 | 1.309 | 1.300 | 1.369 | 1.326 | 1.774 | 1.756
00:15:43.00 | 2.458 | 1.276 | 1.300 | 1.307 | 1.260 | 1.300 | 1.553 | 1.739
00:15:44.00 | 2.408 | 1.352 | 1.301 | 1.308 | 1.277 | 1.317 | 1.623 | 1.765
00:15:45.00 | 2.415 | 1.299 | 1.307 | 1.308 | 1.268 | 1.316 | 1.621 | 1.698
00:15:46.00 | 2.462 | 1.294 | 1.362 | 1.326 | 1.277 | 1.303 | 1.649 | 1.759
00:15:47.00 | 2.434 | 1.307 | 1.307 | 1.318 | 1.259 | 1.308 | 1.613 | 1.754
00:15:48.00 | 2.459 | 1.876 | 1.316 | 1.292 | 1.327 | 1.325 | 1.791 | 1.714
00:15:49.00 | 2.393 | 2.486 | 1.319 | 1.301 | 1.327 | 1.310 | 1.632 | 1.750
00:15:50.00 | 2.485 | 2.494 | 1.368 | 1.326 | 1.285 | 1.326 | 1.580 | 1.791
00:15:51.00 | 2.484 | 2.416 | 1.359 | 1.292 | 1.269 | 1.360 | 1.588 | 1.723
00:15:52.00 | 2.551 | 2.433 | 1.307 | 1.316 | 1.335 | 1.317 | 1.689 | 1.773
00:15:53.00 | 2.443 | 2.511 | 1.317 | 1.317 | 1.268 | 1.369 | 1.757 | 1.766
00:15:54.00 | 2.468 | 2.375 | 1.309 | 1.309 | 1.270 | 1.316 | 1.606 | 1.783
00:15:55.00 | 2.353 | 2.444 | 1.279 | 1.297 | 1.288 | 1.388 | 1.561 | 1.764
00:15:56.00 | 2.493 | 2.441 | 1.292 | 1.300 | 1.328 | 1.325 | 1.749 | 1.748
00:15:57.00 | 2.458 | 2.450 | 1.316 | 1.308 | 1.277 | 1.317 | 1.698 | 1.749
00:15:58.00 | 2.519 | 2.459 | 1.300 | 1.292 | 1.277 | 1.300 | 1.723 | 1.732
00:15:59.00 | 2.418 | 2.435 | 1.301 | 1.301 | 1.270 | 1.301 | 1.656 | 1.741
00:16:00.00 | 2.415 | 2.364 | 1.284 | 1.323 | 1.276 | 1.324 | 1.705 | 1.731
00:16:01.00 | 2.383 | 2.494 | 1.301 | 1.316 | 1.269 | 1.277 | 1.724 | 1.766
00:16:02.00 | 2.382 | 2.535 | 1.292 | 1.316 | 1.327 | 1.436 | 1.579 | 1.714
00:16:03.00 | 2.435 | 2.486 | 1.317 | 1.301 | 1.285 | 1.318 | 1.606 | 1.767
00:16:04.00 | 2.439 | 2.414 | 1.350 | 1.308 | 1.259 | 1.324 | 1.586 | 1.746
00:16:05.00 | 2.313 | 2.415 | 1.279 | 1.298 | 1.259 | 1.307 | 1.847 | 1.754
00:16:06.00 | 2.446 | 2.515 | 1.868 | 1.310 | 1.329 | 1.295 | 1.700 | 1.786
00:16:07.00 | 2.416 | 2.501 | 2.357 | 1.309 | 1.277 | 1.308 | 1.588 | 1.723
00:16:08.00 | 2.416 | 2.467 | 2.416 | 1.284 | 1.269 | 1.325 | 1.723 | 1.773
00:16:09.00 | 2.441 | 2.475 | 2.339 | 1.323 | 1.284 | 1.317 | 1.604 | 1.764
00:16:10.00 | 2.512 | 2.427 | 2.530 | 1.317 | 1.293 | 1.326 | 1.649 | 1.775
00:16:11.00 | 2.467 | 2.509 | 2.415 | 1.307 | 1.284 | 1.316 | 1.579 | 1.740
00:16:12.00 | 2.450 | 2.493 | 2.450 | 1.309 | 1.260 | 1.418 | 1.579 | 1.782
00:16:13.00 | 2.425 | 2.425 | 2.486 | 1.318 | 1.340 | 1.327 | 1.755 | 1.724
00:16:14.00 | 2.444 | 2.487 | 2.427 | 1.318 | 1.278 | 1.318 | 1.648 | 1.775
00:16:15.00 | 2.494 | 2.528 | 2.444 | 1.317 | 1.260 | 1.303 | 1.749 | 1.724
00:16:16.00 | 2.460 | 2.461 | 2.418 | 1.309 | 1.328 | 1.317 | 1.649 | 1.783
00:16:17.00 | 2.427 | 2.485 | 2.443 | 1.309 | 1.328 | 1.309 | 1.639 | 1.783
00:16:18.00 | 2.457 | 2.491 | 2.441 | 1.291 | 1.291 | 1.324 | 1.587 | 1.723
00:16:19.00 | 2.425 | 2.467 | 2.356 | 1.292 | 1.251 | 1.316 | 1.596 | 1.724
00:16:20.00 | 2.450 | 2.509 | 2.365 | 1.309 | 1.394 | 1.368 | 1.740 | 1.706
00:16:21.00 | 2.463 | 2.429 | 2.455 | 1.311 | 1.271 | 1.303 | 1.598 | 1.811
00:16:22.00 | 2.598 | 2.506 | 2.506 | 1.327 | 1.279 | 1.298 | 1.734 | 1.735
00:16:23.00 | 2.445 | 2.436 | 2.419 | 1.301 | 1.320 | 1.310 | 1.614 | 1.759
00:16:24.00 | 2.476 | 2.493 | 2.349 | 1.317 | 1.277 | 1.310 | 1.867 | 1.732
00:16:25.00 | 2.479 | 2.503 | 2.503 | 1.302 | 1.270 | 1.293 | 1.741 | 1.749
00:16:26.00 | 2.401 | 2.426 | 2.427 | 1.301 | 1.260 | 1.325 | 1.760 | 1.758
00:16:27.00 | 2.508 | 2.542 | 2.517 | 1.915 | 1.283 | 1.301 | 1.664 | 1.765
00:16:28.00 | 2.476 | 2.341 | 2.442 | 2.485 | 1.268 | 1.325 | 1.942 | 1.731
00:16:29.00 | 2.495 | 1.776 | 2.427 | 2.537 | 1.278 | 1.335 | 1.749 | 1.776
00:16:30.00 | 2.497 | 1.318 | 2.343 | 2.395 | 1.269 | 1.318 | 1.572 | 1.765
00:16:31.00 | 2.401 | 1.302 | 2.453 | 2.452 | 1.278 | 1.353 | 1.606 | 1.784
00:16:32.00 | 1.833 | 1.324 | 2.036 | 2.526 | 1.360 | 1.300 | 1.604 | 1.747
00:16:33.00 | 1.573 | 1.302 | 1.505 | 2.504 | 1.270 | 1.302 | 1.684 | 1.742
00:16:34.00 | 1.279 | 1.370 | 1.303 | 2.489 | 1.263 | 1.335 | 1.735 | 1.751
00:16:35.00 | 1.276 | 1.315 | 1.299 | 2.482 | 1.268 | 1.307 | 1.671 | 1.738
00:16:36.00 | 1.312 | 1.303 | 1.304 | 2.465 | 1.296 | 1.336 | 1.592 | 1.736
00:16:37.00 | 1.293 | 1.309 | 1.318 | 2.367 | 1.269 | 1.325 | 1.767 | 1.818
00:16:38.00 | 1.278 | 1.287 | 1.307 | 2.463 | 1.407 | 1.397 | 1.601 | 1.774
00:16:39.00 | 1.278 | 1.353 | 1.286 | 2.487 | 1.278 | 1.310 | 1.716 | 1.751
00:16:40.00 | 1.295 | 1.296 | 1.280 | 2.550 | 1.280 | 1.311 | 1.634 | 1.754
00:16:41.00 | 1.287 | 1.295 | 1.319 | 2.497 | 1.295 | 1.320 | 1.625 | 1.734
00:16:42.00 | 1.291 | 1.291 | 1.299 | 2.507 | 1.259 | 1.367 | 1.587 | 1.747
00:16:43.00 | 1.277 | 1.300 | 1.316 | 2.493 | 1.319 | 1.368 | 1.698 | 1.757
00:16:44.00 | 1.285 | 1.344 | 1.285 | 2.544 | 1.284 | 1.325 | 1.632 | 1.757
00:16:45.00 | 1.300 | 1.300 | 1.315 | 2.552 | 1.268 | 1.300 | 1.740 | 1.799
00:16:46.00 | 1.278 | 1.278 | 1.369 | 2.538 | 1.329 | 1.335 | 1.666 | 1.776
00:16:47.00 | 1.286 | 1.295 | 1.305 | 2.461 | 1.267 | 1.295 | 1.740 | 1.722
00:16:48.00 | 1.286 | 1.309 | 1.309 | 2.512 | 1.328 | 1.301 | 1.581 | 1.776
00:16:49.00 | 1.285 | 1.285 | 1.310 | 2.570 | 1.277 | 1.310 | 1.665 | 1.750
00:16:50.00 | 1.285 | 1.317 | 1.293 | 2.452 | 1.270 | 1.317 | 1.740 | 1.725
00:16:51.00 | 1.294 | 1.302 | 1.311 | 2.463 | 1.262 | 1.378 | 1.599 | 1.751
00:16:52.00 | 1.284 | 1.277 | 1.300 | 2.467 | 1.251 | 1.317 | 1.638 | 1.732
00:16:53.00 | 1.277 | 1.293 | 1.403 | 2.452 | 1.277 | 1.293 | 1.664 | 1.766
00:16:54.00 | 1.293 | 1.316 | 1.308 | 2.485 | 1.285 | 1.367 | 1.605 | 1.741
00:16:55.00 | 1.286 | 1.278 | 1.301 | 2.504 | 1.278 | 1.293 | 1.632 | 1.801
00:16:56.00 | 1.288 | 1.307 | 1.327 | 2.445 | 1.288 | 1.297 | 1.652 | 1.766
00:16:57.00 | 1.293 | 1.301 | 1.334 | 2.495 | 1.285 | 1.310 | 1.589 | 1.733
00:16:58.00 | 1.270 | 1.317 | 1.302 | 2.522 | 1.270 | 1.326 | 1.581 | 1.769
00:16:59.00 | 1.291 | 1.291 | 1.308 | 2.440 | 1.268 | 1.323 | 1.604 | 1.731
00:17:00.00 | 1.335 | 1.268 | 1.299 | 2.508 | 1.310 | 1.375 | 1.578 | 1.756
00:17:01.00 | 1.284 | 1.308 | 1.309 | 2.468 | 1.269 | 1.308 | 1.950 | 1.748
00:17:02.00 | 1.310 | 1.270 | 1.309 | 2.556 | 1.270 | 1.326 | 1.616 | 1.767
00:17:03.00 | 1.302 | 1.278 | 1.309 | 2.530 | 1.262 | 1.310 | 1.615 | 1.751
00:17:04.00 | 1.277 | 1.309 | 1.292 | 2.485 | 1.302 | 1.368 | 1.664 | 1.756
00:17:05.00 | 1.279 | 1.303 | 1.303 | 2.558 | 1.279 | 1.295 | 1.735 | 1.769
00:17:06.00 | 1.299 | 1.309 | 1.310 | 2.550 | 1.290 | 1.390 | 1.584 | 1.808
00:17:07.00 | 1.284 | 1.277 | 1.300 | 2.493 | 1.268 | 1.316 | 1.562 | 1.758
00:17:08.00 | 1.285 | 1.277 | 1.285 | 2.562 | 1.277 | 1.301 | 1.758 | 1.724
00:17:09.00 | 1.285 | 1.301 | 1.285 | 2.443 | 1.270 | 1.310 | 1.615 | 1.766
00:17:10.00 | 1.293 | 1.285 | 1.300 | 2.316 | 1.268 | 1.326 | 1.656 | 1.775
00:17:11.00 | 1.278 | 1.293 | 1.309 | 1.886 | 1.329 | 1.377 | 1.598 | 1.776
00:17:12.00 | 1.287 | 1.311 | 1.303 | 1.404 | 1.321 | 1.336 | 1.591 | 1.761
00:17:13.00 | 1.267 | 1.307 | 1.291 | 1.314 | 1.267 | 1.291 | 1.746 | 1.721
00:17:14.00 | 1.280 | 1.303 | 1.304 | 1.329 | 1.272 | 1.337 | 1.871 | 1.727
00:17:15.00 | 1.291 | 1.291 | 1.381 | 1.320 | 1.271 | 1.330 | 1.666 | 1.728
00:17:16.00 | 1.294 | 1.294 | 1.310 | 1.327 | 1.278 | 1.346 | 1.675 | 1.726
00:17:17.00 | 1.335 | 1.300 | 1.284 | 1.308 | 1.318 | 1.324 | 1.705 | 1.731
00:17:18.00 | 1.286 | 1.278 | 1.293 | 1.318 | 1.278 | 1.318 | 1.572 | 1.759
00:17:19.00 | 1.285 | 1.285 | 1.309 | 1.316 | 1.269 | 1.309 | 1.596 | 1.741
00:17:20.00 | 1.278 | 1.294 | 1.302 | 1.326 | 1.278 | 1.310 | 1.624 | 1.750
00:17:21.00 | 1.253 | 1.286 | 1.295 | 1.310 | 1.270 | 1.319 | 1.599 | 1.760
00:17:22.00 | 1.286 | 1.293 | 1.396 | 1.326 | 1.269 | 1.310 | 1.615 | 1.751
00:17:23.00 | 1.284 | 1.307 | 1.293 | 1.300 | 1.394 | 1.367 | 1.638 | 1.739
00:17:24.00 | 1.337 | 1.345 | 1.301 | 1.309 | 1.269 | 1.310 | 1.844 | 1.725
00:17:25.00 | 1.271 | 1.291 | 1.311 | 1.340 | 1.272 | 1.300 | 1.921 | 1.749
00:17:26.00 | 1.277 | 1.285 | 1.293 | 1.300 | 1.285 | 1.326 | 1.783 | 1.782
00:17:27.00 | 1.269 | 1.285 | 1.300 | 1.301 | 1.268 | 1.351 | 1.681 | 1.757
00:17:28.00 | 1.270 | 1.310 | 1.406 | 1.310 | 1.286 | 1.336 | 1.565 | 1.768
00:17:29.00 | 1.370 | 1.286 | 1.309 | 1.318 | 1.260 | 1.369 | 1.751 | 1.784
00:17:30.00 | 1.285 | 1.352 | 1.277 | 1.317 | 1.270 | 1.277 | 1.623 | 1.759
00:17:31.00 | 1.286 | 1.302 | 1.279 | 1.327 | 1.270 | 1.327 | 1.708 | 1.811
00:17:32.00 | 1.338 | 1.302 | 1.303 | 1.319 | 1.271 | 1.310 | 1.591 | 1.751
00:17:33.00 | 1.278 | 1.296 | 1.296 | 1.316 | 1.338 | 1.376 | 1.956 | 1.763
00:17:34.00 | 1.287 | 1.295 | 1.295 | 1.310 | 1.313 | 1.303 | 1.650 | 1.752
00:17:35.00 | 1.285 | 1.301 | 1.325 | 1.326 | 1.270 | 1.326 | 1.664 | 1.768
00:17:36.00 | 1.278 | 1.295 | 1.303 | 1.303 | 1.271 | 1.295 | 1.633 | 1.693
00:17:37.00 | 1.285 | 1.300 | 1.300 | 1.300 | 1.285 | 1.293 | 1.613 | 1.782
00:17:38.00 | 1.279 | 1.295 | 1.311 | 1.312 | 1.330 | 1.354 | 1.634 | 1.768
00:17:39.00 | 1.285 | 1.309 | 1.302 | 1.309 | 1.328 | 1.301 | 1.623 | 1.749
00:17:40.00 | 1.277 | 1.277 | 1.301 | 1.301 | 1.261 | 1.301 | 1.689 | 1.749
00:17:41.00 | 1.280 | 1.295 | 1.312 | 1.319 | 1.288 | 1.311 | 1.795 | 1.694
00:17:42.00 | 1.288 | 1.317 | 1.378 | 1.288 | 1.278 | 1.306 | 1.570 | 1.774
00:17:43.00 | 1.269 | 1.277 | 1.285 | 1.316 | 1.285 | 1.385 | 1.571 | 1.724
00:17:44.00 | 1.271 | 1.294 | 1.302 | 1.303 | 1.321 | 1.327 | 1.768 | 1.759
00:17:45.00 | 1.277 | 1.293 | 1.293 | 1.326 | 1.269 | 1.309 | 1.571 | 1.791
00:17:46.00 | 1.277 | 1.277 | 1.302 | 1.317 | 1.269 | 1.310 | 1.597 | 1.749
00:17:47.00 | 1.286 | 1.286 | 1.318 | 1.318 | 1.261 | 1.310 | 1.734 | 1.758
00:17:48.00 | 1.293 | 1.294 | 1.294 | 1.301 | 1.270 | 1.352 | 1.741 | 1.741
00:17:49.00 | 1.294 | 1.278 | 1.294 | 1.318 | 1.328 | 1.326 | 1.743 | 1.759
00:17:50.00 | 1.293 | 1.292 | 1.291 | 1.308 | 1.268 | 1.308 | 1.722 | 1.740
00:17:51.00 | 1.305 | 1.287 | 1.305 | 1.305 | 1.268 | 1.316 | 1.611 | 1.793
00:17:52.00 | 1.294 | 1.302 | 1.294 | 1.319 | 1.329 | 1.335 | 1.658 | 1.726
00:17:53.00 | 1.294 | 1.286 | 1.294 | 1.327 | 1.337 | 1.294 | 1.683 | 1.776
00:17:54.00 | 1.288 | 1.280 | 1.312 | 1.303 | 1.280 | 1.313 | 1.574 | 1.746
00:17:55.00 | 1.267 | 1.284 | 1.315 | 1.307 | 1.325 | 1.384 | 1.807 | 1.788
00:17:56.00 | 1.278 | 1.294 | 1.302 | 1.310 | 1.270 | 1.318 | 1.581 | 1.742
00:17:57.00 | 1.302 | 1.302 | 1.287 | 1.319 | 1.271 | 1.319 | 1.574 | 1.727
00:17:58.00 | 1.286 | 1.301 | 1.293 | 1.310 | 1.336 | 1.386 | 1.631 | 1.768
00:17:59.00 | 1.287 | 1.287 | 1.287 | 1.319 | 1.272 | 1.328 | 1.616 | 1.762
00:18:00.00 | 1.279 | 1.279 | 1.440 | 1.327 | 1.279 | 1.327 | 1.613 | 1.753
00:18:01.00 | 1.326 | 1.285 | 1.300 | 1.300 | 1.277 | 1.376 | 1.597 | 1.756
00:18:02.00 | 1.293 | 1.301 | 1.301 | 1.310 | 1.388 | 1.303 | 1.589 | 1.766
00:18:03.00 | 1.286 | 1.286 | 1.318 | 1.310 | 1.253 | 1.286 | 1.606 | 1.775
00:18:04.00 | 1.294 | 1.294 | 1.278 | 1.318 | 1.262 | 1.318 | 1.651 | 1.759
00:18:05.00 | 1.280 | 1.280 | 1.338 | 1.304 | 1.288 | 1.311 | 1.644 | 1.753
00:18:06.00 | 1.277 | 1.277 | 1.308 | 1.300 | 1.327 | 1.317 | 1.632 | 1.775
00:18:07.00 | 1.293 | 1.310 | 1.310 | 1.308 | 1.328 | 1.325 | 1.782 | 1.757
00:18:08.00 | 1.285 | 1.285 | 1.301 | 1.310 | 1.285 | 1.294 | 1.732 | 1.750
00:18:09.00 | 1.281 | 1.299 | 1.319 | 1.310 | 1.341 | 1.362 | 1.605 | 1.747
00:18:10.00 | 1.351 | 1.300 | 1.292 | 1.309 | 1.328 | 1.324 | 1.614 | 1.774
00:18:11.00 | 1.310 | 1.294 | 1.311 | 1.295 | 1.270 | 1.320 | 1.718 | 1.760
00:18:12.00 | 1.287 | 1.287 | 1.303 | 1.304 | 1.272 | 1.295 | 1.668 | 1.718
00:18:13.00 | 1.267 | 1.283 | 1.307 | 1.324 | 1.275 | 1.340 | 1.603 | 1.739
00:18:14.00 | 1.284 | 1.276 | 1.284 | 1.332 | 1.335 | 1.366 | 1.755 | 1.713
00:18:15.00 | 1.268 | 1.292 | 1.292 | 1.316 | 1.269 | 1.308 | 1.654 | 1.765
00:18:16.00 | 1.277 | 1.300 | 1.301 | 1.308 | 1.269 | 1.316 | 1.580 | 1.741
00:18:17.00 | 1.286 | 1.309 | 1.319 | 1.335 | 1.270 | 1.326 | 1.623 | 1.767
00:18:18.00 | 1.279 | 1.297 | 1.419 | 1.327 | 1.269 | 1.307 | 1.733 | 1.785
00:18:19.00 | 1.282 | 1.282 | 1.290 | 1.322 | 1.274 | 1.356 | 1.669 | 1.754
00:18:20.00 | 1.286 | 1.294 | 1.319 | 1.327 | 1.286 | 1.311 | 1.717 | 1.751
00:18:21.00 | 1.279 | 1.353 | 1.302 | 1.318 | 1.269 | 1.344 | 1.582 | 1.718
00:18:22.00 | 1.265 | 1.266 | 1.282 | 1.298 | 1.266 | 1.330 | 1.602 | 1.704
00:18:23.00 | 1.292 | 1.277 | 1.336 | 1.324 | 1.268 | 1.316 | 1.673 | 1.749
00:18:24.00 | 1.264 | 1.304 | 1.304 | 1.304 | 1.339 | 1.320 | 1.652 | 1.729
00:18:25.00 | 1.291 | 1.284 | 1.307 | 1.300 | 1.327 | 1.307 | 1.697 | 1.773
00:18:26.00 | 1.301 | 1.285 | 1.285 | 1.309 | 1.268 | 1.335 | 1.640 | 1.748
00:18:27.00 | 1.279 | 1.300 | 1.450 | 1.307 | 1.297 | 1.308 | 1.734 | 1.763
00:18:28.00 | 1.285 | 1.293 | 1.277 | 1.309 | 1.277 | 1.360 | 1.733 | 1.758
00:18:29.00 | 1.343 | 1.292 | 1.300 | 1.308 | 1.369 | 1.325 | 1.647 | 1.773
00:18:30.00 | 1.269 | 1.285 | 1.293 | 1.325 | 1.269 | 1.326 | 1.596 | 1.767
00:18:31.00 | 1.277 | 1.361 | 1.292 | 1.316 | 1.269 | 1.325 | 1.622 | 1.722
00:18:32.00 | 1.294 | 1.278 | 1.286 | 1.302 | 1.262 | 1.318 | 1.598 | 1.759
00:18:33.00 | 1.279 | 1.311 | 1.294 | 1.302 | 1.270 | 1.310 | 1.615 | 1.777
00:18:34.00 | 1.277 | 1.277 | 1.293 | 1.309 | 1.260 | 1.300 | 1.639 | 1.800
00:18:35.00 | 1.270 | 1.289 | 1.369 | 1.309 | 1.341 | 1.299 | 1.603 | 1.745
00:18:36.00 | 1.277 | 1.293 | 1.293 | 1.301 | 1.261 | 1.302 | 1.851 | 1.748
00:18:37.00 | 1.293 | 1.302 | 1.293 | 1.293 | 1.285 | 1.326 | 1.580 | 1.775
00:18:38.00 | 1.293 | 1.317 | 1.301 | 1.317 | 1.277 | 1.326 | 1.716 | 1.750
00:18:39.00 | 1.338 | 1.271 | 1.353 | 1.319 | 1.321 | 1.319 | 1.666 | 1.734
00:18:40.00 | 1.286 | 1.346 | 1.303 | 1.319 | 1.270 | 1.295 | 1.599 | 1.785
00:18:41.00 | 1.278 | 1.294 | 1.286 | 1.302 | 1.271 | 1.319 | 1.794 | 1.767
00:18:42.00 | 1.263 | 1.310 | 1.312 | 1.302 | 1.263 | 1.302 | 1.617 | 1.768
00:18:43.00 | 1.284 | 1.292 | 1.300 | 1.307 | 1.268 | 1.316 | 1.605 | 1.748
00:18:44.00 | 1.270 | 1.279 | 1.308 | 1.318 | 1.421 | 1.409 | 1.603 | 1.755
00:18:45.00 | 1.270 | 1.294 | 1.302 | 1.309 | 1.277 | 1.310 | 1.726 | 1.751
00:18:46.00 | 1.292 | 1.300 | 1.350 | 1.308 | 1.259 | 1.317 | 1.681 | 1.698
00:18:47.00 | 1.268 | 1.284 | 1.308 | 1.324 | 1.275 | 1.316 | 1.663 | 1.756
00:18:48.00 | 1.294 | 1.278 | 1.368 | 1.309 | 1.278 | 1.344 | 1.641 | 1.735
00:18:49.00 | 1.285 | 1.277 | 1.302 | 1.310 | 1.320 | 1.385 | 1.614 | 1.766
00:18:50.00 | 1.269 | 1.293 | 1.293 | 1.293 | 1.277 | 1.309 | 1.571 | 1.741
00:18:51.00 | 1.279 | 1.287 | 1.303 | 1.311 | 1.254 | 1.312 | 1.616 | 1.770
00:18:52.00 | 1.278 | 1.294 | 1.318 | 1.310 | 1.262 | 1.303 | 1.667 | 1.752
00:18:53.00 | 1.278 | 1.288 | 1.288 | 1.297 | 1.269 | 1.317 | 1.621 | 1.733
00:18:54.00 | 1.294 | 1.302 | 1.345 | 1.310 | 1.345 | 1.310 | 1.657 | 1.743
00:18:55.00 | 1.310 | 1.293 | 1.309 | 1.309 | 1.293 | 1.343 | 1.607 | 1.767
00:18:56.00 | 1.277 | 1.293 | 1.344 | 1.309 | 1.269 | 1.316 | 1.801 | 1.758
00:18:57.00 | 1.284 | 1.292 | 1.308 | 1.309 | 1.260 | 1.316 | 1.588 | 1.765
00:18:58.00 | 1.292 | 1.284 | 1.300 | 1.307 | 1.284 | 1.333 | 1.605 | 1.747
00:18:59.00 | 1.278 | 1.312 | 1.361 | 1.302 | 1.320 | 1.326 | 1.581 | 1.793
00:19:00.00 | 1.285 | 1.337 | 1.301 | 1.301 | 1.293 | 1.318 | 1.818 | 1.724
00:19:01.00 | 1.288 | 1.279 | 1.297 | 1.317 | 1.288 | 1.298 | 1.673 | 1.745
00:19:02.00 | 1.270 | 1.302 | 1.293 | 1.319 | 1.270 | 1.301 | 1.742 | 1.750
00:19:03.00 | 1.261 | 1.293 | 1.308 | 1.317 | 1.276 | 1.300 | 1.631 | 1.766
00:19:04.00 | 1.277 | 1.301 | 1.335 | 1.309 | 1.261 | 1.334 | 1.841 | 1.716
00:19:05.00 | 1.268 | 1.291 | 1.299 | 1.307 | 1.333 | 1.409 | 1.654 | 1.730
00:19:06.00 | 1.276 | 1.284 | 1.307 | 1.325 | 1.310 | 1.317 | 1.654 | 1.730
00:19:07.00 | 1.284 | 1.291 | 1.299 | 1.316 | 1.268 | 1.316 | 1.654 | 1.722
00:19:08.00 | 1.270 | 1.270 | 1.294 | 1.317 | 1.270 | 1.344 | 1.590 | 1.726
00:19:09.00 | 1.301 | 1.293 | 1.352 | 1.301 | 1.278 | 1.309 | 1.716 | 1.776
00:19:10.00 | 1.278 | 1.278 | 1.297 | 1.326 | 1.278 | 1.388 | 1.621 | 1.742
00:19:11.00 | 1.283 | 1.292 | 1.300 | 1.292 | 1.268 | 1.307 | 1.587 | 1.790
00:19:12.00 | 1.285 | 1.308 | 1.285 | 1.300 | 1.269 | 1.293 | 1.580 | 1.766
00:19:13.00 | 1.277 | 1.285 | 1.285 | 1.301 | 1.285 | 1.334 | 1.614 | 1.748
00:19:14.00 | 1.270 | 1.278 | 1.352 | 1.310 | 1.270 | 1.301 | 1.598 | 1.724
00:19:15.00 | 1.277 | 1.285 | 1.293 | 1.300 | 1.268 | 1.437 | 1.613 | 1.731
00:19:16.00 | 1.335 | 1.292 | 1.300 | 1.308 | 1.327 | 1.300 | 1.680 | 1.774
00:19:17.00 | 1.279 | 1.279 | 1.303 | 1.312 | 1.287 | 1.337 | 1.574 | 1.743
00:19:18.00 | 1.298 | 1.307 | 1.307 | 1.298 | 1.279 | 1.328 | 1.582 | 1.755
00:19:19.00 | 1.277 | 1.277 | 1.301 | 1.309 | 1.337 | 1.319 | 1.632 | 1.767
00:19:20.00 | 1.291 | 1.276 | 1.315 | 1.299 | 1.284 | 1.308 | 1.638 | 1.782
00:19:21.00 | 1.277 | 1.293 | 1.353 | 1.293 | 1.269 | 1.326 | 1.580 | 1.708
00:19:22.00 | 1.269 | 1.302 | 1.309 | 1.309 | 1.320 | 1.343 | 1.580 | 1.767
00:19:23.00 | 1.284 | 1.276 | 1.292 | 1.309 | 1.277 | 1.324 | 1.656 | 1.765
00:19:24.00 | 1.301 | 1.285 | 1.277 | 1.316 | 1.261 | 1.318 | 1.571 | 1.731
00:19:25.00 | 1.294 | 1.278 | 1.309 | 1.302 | 1.270 | 1.302 | 1.632 | 1.735
00:19:26.00 | 1.277 | 1.285 | 1.351 | 1.309 | 1.285 | 1.317 | 1.588 | 1.749
00:19:27.00 | 1.260 | 1.308 | 1.289 | 1.328 | 1.270 | 1.299 | 1.684 | 1.756
00:19:28.00 | 1.278 | 1.270 | 1.286 | 1.302 | 1.286 | 1.335 | 1.640 | 1.733
00:19:29.00 | 1.271 | 1.287 | 1.354 | 1.295 | 1.312 | 1.327 | 1.599 | 1.768
00:19:30.00 | 1.285 | 1.293 | 1.277 | 1.325 | 1.268 | 1.309 | 1.969 | 1.791
00:19:31.00 | 1.294 | 1.302 | 1.286 | 1.294 | 1.321 | 1.327 | 1.700 | 1.801
00:19:32.00 | 1.278 | 1.309 | 1.286 | 1.317 | 1.336 | 1.369 | 1.631 | 1.742
00:19:33.00 | 1.285 | 1.300 | 1.300 | 1.317 | 1.326 | 1.334 | 1.639 | 1.708
00:19:34.00 | 1.277 | 1.277 | 1.293 | 1.293 | 1.270 | 1.301 | 1.716 | 1.732
00:19:35.00 | 1.270 | 1.298 | 1.298 | 1.298 | 1.280 | 1.338 | 1.705 | 1.706
00:19:36.00 | 1.253 | 1.286 | 1.302 | 1.301 | 1.312 | 1.319 | 1.589 | 1.751
00:19:37.00 | 1.285 | 1.285 | 1.344 | 1.309 | 1.277 | 1.301 | 1.851 | 1.757
00:19:38.00 | 1.271 | 1.279 | 1.362 | 1.336 | 1.270 | 1.345 | 1.819 | 1.744
00:19:39.00 | 1.351 | 1.285 | 1.300 | 1.309 | 1.361 | 1.317 | 1.689 | 1.800
00:19:40.00 | 1.278 | 1.286 | 1.293 | 1.317 | 1.253 | 1.326 | 1.623 | 1.742
00:19:41.00 | 1.268 | 1.336 | 1.300 | 1.300 | 1.269 | 1.325 | 1.596 | 1.766
00:19:42.00 | 1.287 | 1.271 | 1.287 | 1.319 | 1.279 | 1.311 | 1.616 | 1.777
00:19:43.00 | 1.278 | 1.278 | 1.353 | 1.326 | 1.329 | 1.319 | 1.581 | 1.750
00:19:44.00 | 1.279 | 1.288 | 1.289 | 1.308 | 1.287 | 1.318 | 1.622 | 1.774
00:19:45.00 | 1.285 | 1.293 | 1.293 | 1.318 | 1.337 | 1.334 | 1.589 | 1.750
00:19:46.00 | 1.301 | 1.267 | 1.291 | 1.307 | 1.258 | 1.418 | 1.594 | 1.755
00:19:47.00 | 1.270 | 1.294 | 1.302 | 1.302 | 1.338 | 1.294 | 1.624 | 1.743
00:19:48.00 | 1.277 | 1.293 | 1.301 | 1.302 | 1.261 | 1.318 | 1.656 | 1.731
00:19:49.00 | 1.285 | 1.277 | 1.316 | 1.285 | 1.277 | 1.317 | 1.614 | 1.792
00:19:50.00 | 1.270 | 1.286 | 1.310 | 1.302 | 1.329 | 1.326 | 1.632 | 1.734
00:19:51.00 | 1.277 | 1.318 | 1.292 | 1.300 | 1.268 | 1.393 | 1.723 | 1.749
00:19:52.00 | 1.299 | 1.289 | 1.308 | 1.290 | 1.350 | 1.289 | 1.604 | 1.756
00:19:53.00 | 1.279 | 1.302 | 1.302 | 1.326 | 1.261 | 1.310 | 1.590 | 1.776
00:19:54.00 | 1.262 | 1.270 | 1.286 | 1.310 | 1.278 | 1.335 | 1.691 | 1.759
00:19:55.00 | 1.276 | 1.292 | 1.308 | 1.300 | 1.275 | 1.300 | 1.630 | 1.722
00:19:56.00 | 1.261 | 1.293 | 1.359 | 1.300 | 1.276 | 1.301 | 1.817 | 1.765
00:19:57.00 | 1.271 | 1.287 | 1.362 | 1.295 | 1.263 | 1.387 | 1.744 | 1.744
00:19:58.00 | 1.285 | 1.277 | 1.301 | 1.309 | 1.328 | 1.343 | 1.597 | 1.784
00:19:59.00 | 1.285 | 1.277 | 1.309 | 1.308 | 1.277 | 1.300 | 1.723 | 1.750
00:20:00.00 | 1.272 | 1.288 | 1.296 | 1.304 | 1.272 | 1.296 | 1.831 | 1.804
00:20:01.00 | 1.269 | 1.278 | 1.278 | 1.288 | 1.257 | 1.308 | 1.794 | 1.714
00:20:02.00 | 1.330 | 1.287 | 1.295 | 1.310 | 1.330 | 1.336 | 1.591 | 1.760
00:20:03.00 | 1.279 | 1.311 | 1.311 | 1.336 | 1.287 | 1.320 | 1.600 | 1.727
00:20:04.00 | 1.279 | 1.287 | 1.295 | 1.303 | 1.271 | 1.328 | 1.599 | 1.768
00:20:05.00 | 1.284 | 1.300 | 1.284 | 1.316 | 1.284 | 1.309 | 1.629 | 1.756
00:20:06.00 | 1.286 | 1.270 | 1.301 | 1.301 | 1.286 | 1.309 | 1.724 | 1.740
00:20:07.00 | 1.286 | 1.309 | 1.404 | 1.319 | 1.286 | 1.326 | 1.682 | 1.750
00:20:08.00 | 1.303 | 1.278 | 1.302 | 1.335 | 1.388 | 1.354 | 1.725 | 1.776
00:20:09.00 | 1.321 | 1.354 | 1.310 | 1.310 | 1.271 | 1.318 | 1.642 | 1.735
00:20:10.00 | 1.259 | 1.289 | 1.298 | 1.307 | 1.279 | 1.318 | 1.582 | 1.785
00:20:11.00 | 1.275 | 1.275 | 1.291 | 1.307 | 1.267 | 1.316 | 1.806 | 1.763
00:20:12.00 | 1.303 | 1.270 | 1.286 | 1.302 | 1.270 | 1.302 | 1.581 | 1.742
00:20:13.00 | 1.283 | 1.275 | 1.298 | 1.315 | 1.266 | 1.315 | 1.619 | 1.797
00:20:14.00 | 1.287 | 1.287 | 1.311 | 1.303 | 1.279 | 1.302 | 1.684 | 1.743
00:20:15.00 | 1.294 | 1.286 | 1.370 | 1.319 | 1.279 | 1.294 | 1.701 | 1.785
00:20:16.00 | 1.267 | 1.283 | 1.306 | 1.323 | 1.300 | 1.299 | 1.695 | 1.772
00:20:17.00 | 1.287 | 1.330 | 1.303 | 1.312 | 1.313 | 1.327 | 1.693 | 1.769
00:20:18.00 | 1.276 | 1.284 | 1.284 | 1.307 | 1.260 | 1.375 | 1.714 | 1.765
00:20:19.00 | 1.270 | 1.294 | 1.294 | 1.336 | 1.262 | 1.318 | 1.683 | 1.734
00:20:20.00 | 1.301 | 1.291 | 1.273 | 1.311 | 1.291 | 1.301 | 1.697 | 1.730
00:20:21.00 | 1.269 | 1.293 | 1.309 | 1.310 | 1.277 | 1.369 | 1.606 | 1.766
00:20:22.00 | 1.301 | 1.293 | 1.285 | 1.325 | 1.277 | 1.300 | 1.740 | 1.749
00:20:23.00 | 1.286 | 1.279 | 1.361 | 1.303 | 1.279 | 1.302 | 1.700 | 1.735
00:20:24.00 | 1.278 | 1.287 | 1.354 | 1.287 | 1.279 | 1.362 | 1.573 | 1.786
00:20:25.00 | 1.277 | 1.285 | 1.300 | 1.285 | 1.311 | 1.301 | 1.597 | 1.774
00:20:26.00 | 1.270 | 1.311 | 1.301 | 1.309 | 1.277 | 1.334 | 1.648 | 1.774
00:20:27.00 | 1.267 | 1.275 | 1.283 | 1.299 | 1.259 | 1.291 | 1.696 | 1.762
00:20:28.00 | 1.268 | 1.297 | 1.297 | 1.297 | 1.278 | 1.316 | 1.580 | 1.743
00:20:29.00 | 1.277 | 1.293 | 1.410 | 1.293 | 1.269 | 1.326 | 1.580 | 1.706
00:20:30.00 | 1.286 | 1.285 | 1.294 | 1.309 | 1.286 | 1.377 | 1.641 | 1.767
00:20:31.00 | 1.276 | 1.285 | 1.293 | 1.318 | 1.285 | 1.301 | 1.656 | 1.800
00:20:32.00 | 1.271 | 1.287 | 1.295 | 1.318 | 1.270 | 1.302 | 1.591 | 1.743
00:20:33.00 | 1.271 | 1.363 | 1.288 | 1.295 | 1.279 | 1.312 | 1.788 | 1.769
00:20:34.00 | 1.335 | 1.293 | 1.301 | 1.317 | 1.286 | 1.301 | 1.631 | 1.717
00:20:35.00 | 1.277 | 1.284 | 1.292 | 1.309 | 1.369 | 1.376 | 1.614 | 1.757
00:20:36.00 | 1.270 | 1.329 | 1.286 | 1.309 | 1.270 | 1.302 | 1.624 | 1.750
00:20:37.00 | 1.310 | 1.281 | 1.300 | 1.310 | 1.272 | 1.320 | 1.686 | 1.728
00:20:38.00 | 1.279 | 1.279 | 1.302 | 1.319 | 1.279 | 1.311 | 1.599 | 1.744
00:20:39.00 | 1.284 | 1.291 | 1.323 | 1.308 | 1.267 | 1.291 | 1.755 | 1.782
00:20:40.00 | 1.278 | 1.262 | 1.353 | 1.294 | 1.262 | 1.318 | 1.624 | 1.742
00:20:41.00 | 1.277 | 1.278 | 1.286 | 1.294 | 1.278 | 1.445 | 1.640 | 1.716
00:20:42.00 | 1.286 | 1.286 | 1.294 | 1.309 | 1.262 | 1.319 | 1.751 | 1.717
00:20:43.00 | 1.288 | 1.288 | 1.295 | 1.319 | 1.272 | 1.329 | 1.651 | 1.770
00:20:44.00 | 1.269 | 1.308 | 1.284 | 1.316 | 1.284 | 1.308 | 1.622 | 1.748
00:20:45.00 | 1.302 | 1.277 | 1.335 | 1.308 | 1.277 | 1.293 | 1.579 | 1.782
00:20:46.00 | 1.280 | 1.280 | 1.308 | 1.298 | 1.331 | 1.299 | 1.664 | 1.775
00:20:47.00 | 1.285 | 1.269 | 1.293 | 1.317 | 1.285 | 1.342 | 1.588 | 1.749
00:20:48.00 | 1.287 | 1.287 | 1.279 | 1.295 | 1.263 | 1.287 | 1.777 | 1.751
00:20:49.00 | 1.278 | 1.286 | 1.352 | 1.301 | 1.261 | 1.310 | 1.742 | 1.742
00:20:50.00 | 1.263 | 1.271 | 1.295 | 1.319 | 1.329 | 1.310 | 1.726 | 1.718
00:20:51.00 | 1.284 | 1.301 | 1.284 | 1.309 | 1.260 | 1.316 | 1.715 | 1.756
00:20:52.00 | 1.282 | 1.290 | 1.349 | 1.313 | 1.281 | 1.315 | 1.577 | 1.744
00:20:53.00 | 1.286 | 1.295 | 1.303 | 1.311 | 1.270 | 1.361 | 1.650 | 1.734
00:20:54.00 | 1.287 | 1.296 | 1.296 | 1.316 | 1.277 | 1.326 | 1.630 | 1.741
00:20:55.00 | 1.278 | 1.279 | 1.302 | 1.302 | 1.262 | 1.328 | 1.718 | 1.777
00:20:56.00 | 1.285 | 1.293 | 1.285 | 1.308 | 1.327 | 1.352 | 1.597 | 1.758
00:20:57.00 | 1.271 | 1.295 | 1.295 | 1.303 | 1.263 | 1.310 | 1.633 | 1.752
00:20:58.00 | 1.276 | 1.277 | 1.308 | 1.300 | 1.335 | 1.368 | 1.631 | 1.766
00:20:59.00 | 1.293 | 1.285 | 1.301 | 1.310 | 1.270 | 1.318 | 1.614 | 1.741
00:21:00.00 | 1.277 | 1.301 | 1.286 | 1.302 | 1.270 | 1.310 | 1.589 | 1.732
00:21:01.00 | 1.286 | 1.269 | 1.293 | 1.319 | 1.260 | 1.301 | 1.648 | 1.751
00:21:02.00 | 1.270 | 1.278 | 1.302 | 1.319 | 1.277 | 1.310 | 1.819 | 1.759
00:21:03.00 | 1.280 | 1.289 | 1.420 | 1.309 | 1.270 | 1.309 | 1.614 | 1.766
00:21:04.00 | 1.277 | 1.277 | 1.293 | 1.300 | 1.293 | 1.385 | 1.656 | 1.716
00:21:05.00 | 1.270 | 1.320 | 1.278 | 1.294 | 1.278 | 1.335 | 1.616 | 1.751
00:21:06.00 | 1.285 | 1.327 | 1.309 | 1.352 | 1.260 | 1.309 | 1.613 | 1.749
00:21:07.00 | 1.285 | 1.293 | 1.293 | 1.309 | 1.277 | 1.317 | 1.580 | 1.758
00:21:08.00 | 1.276 | 1.276 | 1.343 | 1.315 | 1.260 | 1.325 | 1.630 | 1.790
00:21:09.00 | 1.267 | 1.267 | 1.307 | 1.308 | 1.275 | 1.307 | 1.663 | 1.764
00:21:10.00 | 1.286 | 1.286 | 1.286 | 1.310 | 1.286 | 1.386 | 1.631 | 1.733
