00:00:00.31 WORKER_ONLINE (id: 1005)
00:00:00.31 WORKER_ONLINE (id: 1002)
00:00:20.15 ADAPT
00:00:40.26 ADAPT
00:00:40.26 WORKER_ON (id: 1001)
00:01:00.33 ADAPT
00:01:20.40 ADAPT
00:01:40.41 ADAPT
00:02:00.47 ADAPT
00:02:11.81 WORKER_ONLINE (id: 1001)
00:02:20.53 ADAPT
00:02:30.01 SCENARIO_START (file: runs/paper01.run)
00:02:30.17 E_METER_RESET
00:02:30.17 WORK_REQUEST (work-id: 0; load-size: 212.222; deadline: 321.83)
00:02:30.17 WORK_COMMAND (id: 1001; work-id: 0; load-size: 212.222)
00:02:30.33 WORK_ACK (id: 1001; ack: 0)
00:02:40.60 ADAPT
00:02:50.23 WORK_REQUEST (work-id: 1; load-size: 115.298; deadline: 273.05)
00:02:50.23 WORK_COMMAND (id: 1002; work-id: 1; load-size: 115.298)
00:02:50.39 WORK_ACK (id: 1002; ack: 0)
00:03:00.70 ADAPT
00:03:06.29 WORK_REQUEST (work-id: 2; load-size: 220.755; deadline: 375.87)
00:03:06.29 WORK_COMMAND (id: 1005; work-id: 2; load-size: 220.755)
00:03:06.45 WORK_ACK (id: 1005; ack: 0)
00:03:20.47 WORK_COMPLETE (id: 1002; work-id: 1; ack: 0)
00:03:20.79 ADAPT
00:03:35.31 WORK_REQUEST (work-id: 3; load-size: 277.224; deadline: 426.52)
00:03:35.31 WORK_COMMAND (id: 1002; work-id: 3; load-size: 277.224)
00:03:35.48 WORK_ACK (id: 1002; ack: 0)
00:03:36.73 WORK_COMPLETE (id: 1001; work-id: 0; ack: 0)
00:03:40.79 ADAPT
00:03:49.17 WORK_REQUEST (work-id: 4; load-size: 204.240; deadline: 390.69)
00:03:49.17 WORK_COMMAND (id: 1001; work-id: 4; load-size: 204.240)
00:03:49.35 WORK_ACK (id: 1001; ack: 0)
00:04:00.81 ADAPT
00:04:00.81 WORKER_ON (id: 1003)
00:04:03.81 WORK_COMPLETE (id: 1005; work-id: 2; ack: 0)
00:04:10.30 WORK_REQUEST (work-id: 5; load-size: 281.193; deadline: 484.63)
00:04:10.30 WORK_COMMAND (id: 1005; work-id: 5; load-size: 281.193)
00:04:10.46 WORK_ACK (id: 1005; ack: 0)
00:04:20.87 ADAPT
00:04:39.30 WORK_REQUEST (work-id: 6; load-size: 149.123; deadline: 403.77)
00:04:40.90 ADAPT
00:04:42.83 WORK_COMPLETE (id: 1001; work-id: 4; ack: 0)
00:04:42.83 WORK_COMMAND (id: 1001; work-id: 6; load-size: 149.123)
00:04:42.99 WORK_ACK (id: 1001; ack: 0)
00:04:52.28 WORK_REQUEST (work-id: 7; load-size: 155.792; deadline: 435.78)
00:04:54.52 WORK_COMPLETE (id: 1002; work-id: 3; ack: 0)
00:05:00.92 ADAPT
00:05:00.92 HALT_COMMAND (id: 1003)
00:05:10.20 WORK_REQUEST (work-id: 8; load-size: 231.278; deadline: 471.89)
00:05:10.20 WORK_COMMAND (id: 1002; work-id: 8; load-size: 231.278)
00:05:10.36 WORK_ACK (id: 1002; ack: 0)
00:05:14.19 WORKER_OFF (id: 1003)
00:05:21.03 ADAPT
00:05:21.03 WORKER_ON (id: 1003)
00:05:21.68 WORK_COMPLETE (id: 1001; work-id: 6; ack: 0)
00:05:21.68 WORK_COMMAND (id: 1001; work-id: 7; load-size: 155.792)
00:05:21.83 WORK_ACK (id: 1001; ack: 0)
00:05:24.32 WORK_COMPLETE (id: 1005; work-id: 5; ack: 0)
00:05:39.27 WORK_REQUEST (work-id: 9; load-size: 163.853; deadline: 471.86)
00:05:39.27 WORK_COMMAND (id: 1005; work-id: 9; load-size: 163.853)
00:05:39.43 WORK_ACK (id: 1005; ack: 0)
00:05:41.19 ADAPT
00:05:57.19 WORK_REQUEST (work-id: 10; load-size: 90.663; deadline: 504.17)
00:06:01.35 ADAPT
00:06:02.16 WORK_COMPLETE (id: 1001; work-id: 7; ack: 0)
00:06:02.16 WORK_COMMAND (id: 1001; work-id: 10; load-size: 90.663)
00:06:02.32 WORK_ACK (id: 1001; ack: 0)
00:06:08.23 WORK_REQUEST (work-id: 11; load-size: 87.263; deadline: 488.55)
00:06:11.60 WORK_COMPLETE (id: 1002; work-id: 8; ack: 0)
00:06:13.20 WORK_REQUEST (work-id: 12; load-size: 75.865; deadline: 493.24)
00:06:13.20 WORK_COMMAND (id: 1002; work-id: 12; load-size: 75.865)
00:06:13.36 WORK_ACK (id: 1002; ack: 0)
00:06:21.22 WORK_REQUEST (work-id: 13; load-size: 80.933; deadline: 523.50)
00:06:21.38 ADAPT
00:06:21.86 WORK_COMPLETE (id: 1005; work-id: 9; ack: 0)
00:06:25.88 WORK_COMPLETE (id: 1001; work-id: 10; ack: 0)
00:06:25.88 WORK_COMMAND (id: 1001; work-id: 11; load-size: 87.263)
00:06:26.03 WORK_ACK (id: 1001; ack: 0)
00:06:32.28 WORK_REQUEST (work-id: 14; load-size: 86.835; deadline: 513.14)
00:06:32.28 WORK_COMMAND (id: 1005; work-id: 14; load-size: 86.835)
00:06:32.45 WORK_ACK (id: 1005; ack: 0)
00:06:33.23 WORK_COMPLETE (id: 1002; work-id: 12; ack: 0)
00:06:33.23 WORK_COMMAND (id: 1002; work-id: 13; load-size: 80.933)
00:06:33.39 WORK_ACK (id: 1002; ack: 0)
00:06:38.20 WORK_REQUEST (work-id: 15; load-size: 84.735; deadline: 538.24)
00:06:41.44 ADAPT
00:06:48.95 WORK_COMPLETE (id: 1001; work-id: 11; ack: 0)
00:06:48.95 WORK_COMMAND (id: 1001; work-id: 15; load-size: 84.735)
00:06:49.10 WORK_ACK (id: 1001; ack: 0)
00:06:49.27 WORK_REQUEST (work-id: 16; load-size: 90.290; deadline: 556.46)
00:06:49.75 WORKER_ONLINE (id: 1003)
00:06:54.39 WORK_COMPLETE (id: 1002; work-id: 13; ack: 0)
00:06:55.35 WORK_COMPLETE (id: 1005; work-id: 14; ack: 0)
00:06:57.27 WORK_REQUEST (work-id: 17; load-size: 111.095; deadline: 580.62)
00:06:57.27 WORK_COMMAND (id: 1002; work-id: 17; load-size: 111.095)
00:06:57.43 WORK_ACK (id: 1002; ack: 0)
00:07:01.58 ADAPT
00:07:05.27 WORK_REQUEST (work-id: 18; load-size: 67.133; deadline: 511.81)
00:07:05.27 WORK_COMMAND (id: 1003; work-id: 18; load-size: 67.133)
00:07:05.43 WORK_ACK (id: 1003; ack: 0)
00:07:11.04 WORK_COMPLETE (id: 1001; work-id: 15; ack: 0)
00:07:11.04 WORK_COMMAND (id: 1001; work-id: 16; load-size: 90.290)
00:07:11.20 WORK_ACK (id: 1001; ack: 0)
00:07:21.60 ADAPT
00:07:26.40 WORK_COMPLETE (id: 1003; work-id: 18; ack: 0)
00:07:26.72 WORK_COMPLETE (id: 1002; work-id: 17; ack: 0)
00:07:29.28 WORK_REQUEST (work-id: 19; load-size: 161.147; deadline: 638.45)
00:07:29.28 WORK_COMMAND (id: 1002; work-id: 19; load-size: 161.147)
00:07:29.44 WORK_ACK (id: 1002; ack: 0)
00:07:34.55 WORK_COMPLETE (id: 1001; work-id: 16; ack: 0)
00:07:41.75 ADAPT
00:07:41.75 HALT_COMMAND (id: 1001)
00:07:41.92 HALT_ACK (id: 1001; ack: 0)
00:07:41.92 WORKER_OFFLINE (id: 1001)
00:07:51.20 WORK_REQUEST (work-id: 20; load-size: 162.956; deadline: 674.75)
00:07:51.20 WORK_COMMAND (id: 1003; work-id: 20; load-size: 162.956)
00:07:51.36 WORK_ACK (id: 1003; ack: 0)
00:07:55.04 WORKER_OFF (id: 1001)
00:08:01.80 ADAPT
00:08:11.13 WORK_COMPLETE (id: 1002; work-id: 19; ack: 0)
00:08:16.26 WORK_REQUEST (work-id: 21; load-size: 145.311; deadline: 665.29)
00:08:16.26 WORK_COMMAND (id: 1002; work-id: 21; load-size: 145.311)
00:08:16.42 WORK_ACK (id: 1002; ack: 0)
00:08:21.90 ADAPT
00:08:35.30 WORK_REQUEST (work-id: 22; load-size: 162.918; deadline: 714.41)
00:08:35.30 WORK_COMMAND (id: 1005; work-id: 22; load-size: 162.918)
00:08:35.46 WORK_ACK (id: 1005; ack: 0)
00:08:38.41 WORK_COMPLETE (id: 1003; work-id: 20; ack: 0)
00:08:42.00 ADAPT
00:08:54.19 WORK_COMPLETE (id: 1002; work-id: 21; ack: 0)
00:08:59.30 WORK_REQUEST (work-id: 23; load-size: 88.836; deadline: 649.11)
00:08:59.30 WORK_COMMAND (id: 1002; work-id: 23; load-size: 88.836)
00:08:59.46 WORK_ACK (id: 1002; ack: 0)
00:09:02.09 ADAPT
00:09:18.35 WORK_COMPLETE (id: 1005; work-id: 22; ack: 0)
00:09:22.09 ADAPT
00:09:22.57 WORK_COMPLETE (id: 1002; work-id: 23; ack: 0)
00:09:33.29 WORK_REQUEST (work-id: 24; load-size: 151.823; deadline: 770.37)
00:09:33.29 WORK_COMMAND (id: 1002; work-id: 24; load-size: 151.823)
00:09:33.45 WORK_ACK (id: 1002; ack: 0)
00:09:42.11 ADAPT
00:09:51.27 WORK_REQUEST (work-id: 25; load-size: 78.791; deadline: 683.21)
00:09:51.27 WORK_COMMAND (id: 1003; work-id: 25; load-size: 78.791)
00:09:51.43 WORK_ACK (id: 1003; ack: 0)
00:10:02.16 ADAPT
00:10:10.22 WORK_REQUEST (work-id: 26; load-size: 207.039; deadline: 869.26)
00:10:10.22 WORK_COMMAND (id: 1005; work-id: 26; load-size: 207.039)
00:10:10.40 WORK_ACK (id: 1005; ack: 0)
00:10:12.32 WORK_COMPLETE (id: 1003; work-id: 25; ack: 0)
00:10:12.79 WORK_COMPLETE (id: 1002; work-id: 24; ack: 0)
00:10:22.25 ADAPT
00:10:31.33 WORK_REQUEST (work-id: 27; load-size: 169.844; deadline: 847.20)
00:10:31.33 WORK_COMMAND (id: 1002; work-id: 27; load-size: 169.844)
00:10:31.48 WORK_ACK (id: 1002; ack: 0)
00:10:42.38 ADAPT
00:10:56.21 WORK_REQUEST (work-id: 28; load-size: 125.811; deadline: 844.96)
00:10:56.21 WORK_COMMAND (id: 1003; work-id: 28; load-size: 125.811)
00:10:56.38 WORK_ACK (id: 1003; ack: 0)
00:11:02.41 ADAPT
00:11:02.41 WORKER_ON (id: 1001)
00:11:04.31 WORK_COMPLETE (id: 1005; work-id: 26; ack: 0)
00:11:08.22 WORK_REQUEST (work-id: 29; load-size: 76.762; deadline: 777.41)
00:11:08.22 WORK_COMMAND (id: 1005; work-id: 29; load-size: 76.762)
00:11:08.39 WORK_ACK (id: 1005; ack: 0)
00:11:15.27 WORK_REQUEST (work-id: 30; load-size: 90.501; deadline: 798.68)
00:11:15.91 WORK_COMPLETE (id: 1002; work-id: 27; ack: 0)
00:11:15.91 WORK_COMMAND (id: 1002; work-id: 30; load-size: 90.501)
00:11:16.07 WORK_ACK (id: 1002; ack: 0)
00:11:19.23 WORK_REQUEST (work-id: 31; load-size: 132.505; deadline: 877.59)
00:11:22.56 ADAPT
00:11:24.32 WORK_REQUEST (work-id: 32; load-size: 72.955; deadline: 789.49)
00:11:28.76 WORK_COMPLETE (id: 1005; work-id: 29; ack: 0)
00:11:29.07 WORK_COMPLETE (id: 1003; work-id: 28; ack: 0)
00:11:29.07 WORK_COMMAND (id: 1003; work-id: 32; load-size: 72.955)
00:11:29.23 WORK_ACK (id: 1003; ack: 0)
00:11:30.19 WORK_REQUEST (work-id: 33; load-size: 95.276; deadline: 831.92)
00:11:30.19 WORK_COMMAND (id: 1005; work-id: 33; load-size: 95.276)
00:11:30.37 WORK_ACK (id: 1005; ack: 0)
00:11:32.27 WORK_REQUEST (work-id: 34; load-size: 53.510; deadline: 782.54)
00:11:39.44 WORK_COMPLETE (id: 1002; work-id: 30; ack: 0)
00:11:39.44 WORK_COMMAND (id: 1002; work-id: 31; load-size: 132.505)
00:11:39.60 WORK_ACK (id: 1002; ack: 0)
00:11:40.23 WORK_REQUEST (work-id: 35; load-size: 40.653; deadline: 752.64)
00:11:42.64 ADAPT
00:11:47.27 WORK_REQUEST (work-id: 36; load-size: 63.059; deadline: 803.27)
00:11:48.71 WORK_COMPLETE (id: 1003; work-id: 32; ack: 0)
00:11:48.71 WORK_COMMAND (id: 1003; work-id: 34; load-size: 53.510)
00:11:48.88 WORK_ACK (id: 1003; ack: 0)
00:11:54.95 WORK_COMPLETE (id: 1005; work-id: 33; ack: 0)
00:11:54.95 WORK_COMMAND (id: 1005; work-id: 36; load-size: 63.059)
00:11:55.11 WORK_ACK (id: 1005; ack: 0)
00:11:58.31 WORK_REQUEST (work-id: 37; load-size: 170.077; deadline: 969.35)
00:12:02.66 ADAPT
00:12:02.98 WORK_COMPLETE (id: 1003; work-id: 34; ack: 0)
00:12:02.98 WORK_COMMAND (id: 1003; work-id: 37; load-size: 170.077)
00:12:03.14 WORK_ACK (id: 1003; ack: 0)
00:12:04.26 WORK_REQUEST (work-id: 38; load-size: 156.941; deadline: 891.09)
00:12:11.48 WORK_COMPLETE (id: 1005; work-id: 36; ack: 0)
00:12:14.50 WORK_COMPLETE (id: 1002; work-id: 31; ack: 0)
00:12:14.50 WORK_COMMAND (id: 1002; work-id: 35; load-size: 40.653)
00:12:14.67 WORK_ACK (id: 1002; ack: 0)
00:12:22.68 ADAPT
00:12:22.68 HALT_COMMAND (id: 1001)
00:12:23.32 WORK_REQUEST (work-id: 39; load-size: 186.078; deadline: 927.80)
00:12:23.32 WORK_COMMAND (id: 1005; work-id: 39; load-size: 186.078)
00:12:23.48 WORK_ACK (id: 1005; ack: 0)
00:12:25.24 WORK_COMPLETE (id: 1002; work-id: 35; ack: 0)
00:12:35.33 WORKER_ONLINE (id: 1001)
00:12:37.25 WORK_REQUEST (work-id: 40; load-size: 143.405; deadline: 910.66)
00:12:37.25 WORK_COMMAND (id: 1001; work-id: 40; load-size: 143.405)
00:12:37.41 WORK_ACK (id: 1001; ack: 0)
00:12:42.70 ADAPT
00:12:47.98 WORK_COMPLETE (id: 1003; work-id: 37; ack: 0)
00:12:47.98 WORK_COMMAND (id: 1003; work-id: 38; load-size: 156.941)
00:12:48.14 WORK_ACK (id: 1003; ack: 0)
00:12:56.30 WORK_REQUEST (work-id: 41; load-size: 103.763; deadline: 881.65)
00:12:56.30 WORK_COMMAND (id: 1002; work-id: 41; load-size: 103.763)
00:12:56.47 WORK_ACK (id: 1002; ack: 0)
00:13:02.71 ADAPT
00:13:02.71 WORKER_ON (id: 1004)
00:13:10.92 WORK_COMPLETE (id: 1005; work-id: 39; ack: 0)
00:13:22.32 WORK_COMPLETE (id: 1001; work-id: 40; ack: 0)
00:13:22.83 ADAPT
00:13:22.83 HALT_COMMAND (id: 1001)
00:13:22.99 HALT_ACK (id: 1001; ack: 0)
00:13:22.99 WORKER_OFFLINE (id: 1001)
00:13:23.80 WORK_COMPLETE (id: 1002; work-id: 41; ack: 0)
00:13:28.40 WORK_COMPLETE (id: 1003; work-id: 38; ack: 0)
00:13:30.20 WORK_REQUEST (work-id: 42; load-size: 170.076; deadline: 979.07)
00:13:30.20 WORK_COMMAND (id: 1002; work-id: 42; load-size: 170.076)
00:13:30.37 WORK_ACK (id: 1002; ack: 0)
00:13:36.15 WORKER_OFF (id: 1001)
00:13:42.90 ADAPT
00:13:42.90 HALT_COMMAND (id: 1004)
00:13:56.19 WORK_REQUEST (work-id: 43; load-size: 210.902; deadline: 1053.86)
00:13:56.19 WORKER_OFF (id: 1004)
00:13:56.19 WORK_COMMAND (id: 1003; work-id: 43; load-size: 210.902)
00:13:56.37 WORK_ACK (id: 1003; ack: 0)
00:14:02.93 ADAPT
00:14:13.32 WORK_REQUEST (work-id: 44; load-size: 51.348; deadline: 905.65)
00:14:13.32 WORK_COMMAND (id: 1005; work-id: 44; load-size: 51.348)
00:14:13.48 WORK_ACK (id: 1005; ack: 0)
00:14:15.18 WORK_COMPLETE (id: 1002; work-id: 42; ack: 0)
00:14:23.07 ADAPT
00:14:26.93 WORK_COMPLETE (id: 1005; work-id: 44; ack: 0)
00:14:38.31 WORK_REQUEST (work-id: 45; load-size: 133.917; deadline: 1008.06)
00:14:38.31 WORK_COMMAND (id: 1002; work-id: 45; load-size: 133.917)
00:14:38.48 WORK_ACK (id: 1002; ack: 0)
00:14:43.10 ADAPT
00:14:54.30 WORK_COMPLETE (id: 1003; work-id: 43; ack: 0)
00:15:03.12 ADAPT
00:15:06.22 WORK_REQUEST (work-id: 46; load-size: 114.175; deadline: 991.35)
00:15:06.22 WORK_COMMAND (id: 1003; work-id: 46; load-size: 114.175)
00:15:06.39 WORK_ACK (id: 1003; ack: 0)
00:15:13.24 WORK_COMPLETE (id: 1002; work-id: 45; ack: 0)
00:15:23.20 ADAPT
00:15:34.27 WORK_REQUEST (work-id: 47; load-size: 160.487; deadline: 1084.87)
00:15:34.27 E_METER_RESET
00:15:34.27 WORK_COMMAND (id: 1002; work-id: 47; load-size: 160.487)
00:15:34.43 WORK_ACK (id: 1002; ack: 0)
00:15:35.98 WORK_COMPLETE (id: 1003; work-id: 46; ack: 0)
00:15:43.24 ADAPT
00:15:52.23 WORK_REQUEST (work-id: 48; load-size: 219.189; deadline: 1141.52)
00:15:52.23 WORK_COMMAND (id: 1003; work-id: 48; load-size: 219.189)
00:15:52.39 WORK_ACK (id: 1003; ack: 0)
00:16:03.31 ADAPT
00:16:06.30 WORK_REQUEST (work-id: 49; load-size: 198.236; deadline: 1115.25)
00:16:06.30 WORK_COMMAND (id: 1005; work-id: 49; load-size: 198.236)
00:16:06.45 WORK_ACK (id: 1005; ack: 0)
00:16:15.21 WORK_REQUEST (work-id: 50; load-size: 163.273; deadline: 1110.20)
00:16:15.99 WORK_COMPLETE (id: 1002; work-id: 47; ack: 0)
00:16:15.99 WORK_COMMAND (id: 1002; work-id: 50; load-size: 163.273)
00:16:16.14 WORK_ACK (id: 1002; ack: 0)
00:16:23.41 ADAPT
00:16:23.41 WORKER_ON (id: 1001)
00:16:41.26 WORK_REQUEST (work-id: 51; load-size: 186.894; deadline: 1163.59)
00:16:43.50 ADAPT
00:16:50.87 WORK_COMPLETE (id: 1003; work-id: 48; ack: 0)
00:16:57.86 WORK_COMPLETE (id: 1005; work-id: 49; ack: 0)
00:16:58.34 WORK_COMPLETE (id: 1002; work-id: 50; ack: 0)
00:16:58.34 WORK_COMMAND (id: 1002; work-id: 51; load-size: 186.894)
00:16:58.51 WORK_ACK (id: 1002; ack: 0)
00:16:59.31 WORK_REQUEST (work-id: 52; load-size: 171.477; deadline: 1174.13)
00:16:59.31 WORK_COMMAND (id: 1003; work-id: 52; load-size: 171.477)
00:16:59.48 WORK_ACK (id: 1003; ack: 0)
00:17:03.62 ADAPT
00:17:03.62 HALT_COMMAND (id: 1001)
00:17:12.26 WORK_REQUEST (work-id: 53; load-size: 208.456; deadline: 1202.28)
00:17:12.26 WORK_COMMAND (id: 1005; work-id: 53; load-size: 208.456)
00:17:12.42 WORK_ACK (id: 1005; ack: 0)
00:17:16.88 WORKER_OFF (id: 1001)
00:17:23.72 ADAPT
00:17:23.72 WORKER_ON (id: 1001)
00:17:26.27 WORK_REQUEST (work-id: 54; load-size: 225.624; deadline: 1225.98)
00:17:30.20 WORK_REQUEST (work-id: 55; load-size: 172.827; deadline: 1205.14)
00:17:43.75 ADAPT
00:17:44.07 WORK_COMPLETE (id: 1003; work-id: 52; ack: 0)
00:17:44.07 WORK_COMMAND (id: 1003; work-id: 55; load-size: 172.827)
00:17:44.24 WORK_ACK (id: 1003; ack: 0)
00:17:46.95 WORK_COMPLETE (id: 1002; work-id: 51; ack: 0)
00:17:46.95 WORK_COMMAND (id: 1002; work-id: 54; load-size: 225.624)
00:17:47.11 WORK_ACK (id: 1002; ack: 0)
00:17:51.26 WORK_REQUEST (work-id: 56; load-size: 205.079; deadline: 1240.35)
00:18:03.92 ADAPT
00:18:06.48 WORK_COMPLETE (id: 1005; work-id: 53; ack: 0)
00:18:16.23 WORK_REQUEST (work-id: 57; load-size: 108.418; deadline: 1191.34)
00:18:16.23 WORK_COMMAND (id: 1005; work-id: 57; load-size: 108.418)
00:18:16.40 WORK_ACK (id: 1005; ack: 0)
00:18:23.92 ADAPT
00:18:29.35 WORK_COMPLETE (id: 1003; work-id: 55; ack: 0)
00:18:30.32 WORK_REQUEST (work-id: 58; load-size: 91.439; deadline: 1266.81)
00:18:30.32 WORK_COMMAND (id: 1003; work-id: 58; load-size: 91.439)
00:18:30.47 WORK_ACK (id: 1003; ack: 0)
00:18:41.19 WORK_REQUEST (work-id: 59; load-size: 111.607; deadline: 1304.68)
00:18:43.91 ADAPT
00:18:44.90 WORK_COMPLETE (id: 1005; work-id: 57; ack: 0)
00:18:45.86 WORK_COMPLETE (id: 1002; work-id: 54; ack: 0)
00:18:45.86 WORK_COMMAND (id: 1002; work-id: 56; load-size: 205.079)
00:18:46.02 WORK_ACK (id: 1002; ack: 0)
00:18:51.31 WORK_REQUEST (work-id: 60; load-size: 111.977; deadline: 1284.12)
00:18:51.31 WORK_COMMAND (id: 1005; work-id: 60; load-size: 111.977)
00:18:51.48 WORK_ACK (id: 1005; ack: 0)
00:18:54.20 WORK_COMPLETE (id: 1003; work-id: 58; ack: 0)
00:18:54.20 WORK_COMMAND (id: 1003; work-id: 59; load-size: 111.607)
00:18:54.36 WORK_ACK (id: 1003; ack: 0)
00:18:54.83 WORKER_ONLINE (id: 1001)
00:18:58.20 WORK_REQUEST (work-id: 61; load-size: 79.072; deadline: 1261.81)
00:18:58.20 WORK_COMMAND (id: 1001; work-id: 61; load-size: 79.072)
00:18:58.36 WORK_ACK (id: 1001; ack: 0)
00:19:03.96 ADAPT
00:19:03.96 WORKER_ON (id: 1004)
00:19:05.27 WORK_REQUEST (work-id: 62; load-size: 107.621; deadline: 1297.00)
00:19:09.28 WORK_REQUEST (work-id: 63; load-size: 94.493; deadline: 1298.10)
00:19:17.23 WORK_REQUEST (work-id: 64; load-size: 29.540; deadline: 1202.08)
00:19:20.48 WORK_COMPLETE (id: 1005; work-id: 60; ack: 0)
00:19:23.25 WORK_COMPLETE (id: 1001; work-id: 61; ack: 0)
00:19:23.25 WORK_COMMAND (id: 1001; work-id: 62; load-size: 107.621)
00:19:23.42 WORK_ACK (id: 1001; ack: 0)
00:19:23.59 WORK_COMPLETE (id: 1003; work-id: 59; ack: 0)
00:19:23.59 WORK_COMMAND (id: 1003; work-id: 64; load-size: 29.540)
00:19:23.76 WORK_ACK (id: 1003; ack: 0)
00:19:24.08 ADAPT
00:19:28.33 WORK_REQUEST (work-id: 65; load-size: 87.991; deadline: 1303.81)
00:19:28.33 WORK_COMMAND (id: 1005; work-id: 65; load-size: 87.991)
00:19:28.50 WORK_ACK (id: 1005; ack: 0)
00:19:31.64 WORK_COMPLETE (id: 1003; work-id: 64; ack: 0)
00:19:39.34 WORK_REQUEST (work-id: 66; load-size: 226.911; deadline: 1444.80)
00:19:39.34 WORK_COMMAND (id: 1003; work-id: 66; load-size: 226.911)
00:19:39.53 WORK_ACK (id: 1003; ack: 0)
00:19:40.34 WORK_COMPLETE (id: 1002; work-id: 56; ack: 0)
00:19:40.34 WORK_COMMAND (id: 1002; work-id: 63; load-size: 94.493)
00:19:40.51 WORK_ACK (id: 1002; ack: 0)
00:19:44.23 ADAPT
00:19:50.28 WORK_REQUEST (work-id: 67; load-size: 150.581; deadline: 1383.12)
00:19:51.61 WORK_COMPLETE (id: 1005; work-id: 65; ack: 0)
00:19:52.91 WORK_COMPLETE (id: 1001; work-id: 62; ack: 0)
00:19:52.91 WORK_COMMAND (id: 1001; work-id: 67; load-size: 150.581)
00:19:53.07 WORK_ACK (id: 1001; ack: 0)
00:20:04.34 ADAPT
00:20:04.34 HALT_COMMAND (id: 1004)
00:20:04.83 WORK_COMPLETE (id: 1002; work-id: 63; ack: 0)
00:20:07.27 WORK_REQUEST (work-id: 68; load-size: 10.283; deadline: 1228.58)
00:20:07.27 WORK_COMMAND (id: 1002; work-id: 68; load-size: 10.283)
00:20:07.44 WORK_ACK (id: 1002; ack: 0)
00:20:10.19 WORK_COMPLETE (id: 1002; work-id: 68; ack: 0)
00:20:17.57 WORKER_OFF (id: 1004)
00:20:21.27 WORK_REQUEST (work-id: 69; load-size: 174.360; deadline: 1435.66)
00:20:21.27 WORK_COMMAND (id: 1002; work-id: 69; load-size: 174.360)
00:20:21.43 WORK_ACK (id: 1002; ack: 0)
00:20:24.48 ADAPT
00:20:34.40 WORK_COMPLETE (id: 1001; work-id: 67; ack: 0)
00:20:35.20 WORK_REQUEST (work-id: 70; load-size: 186.251; deadline: 1459.52)
00:20:35.20 WORK_COMMAND (id: 1001; work-id: 70; load-size: 186.251)
00:20:35.36 WORK_ACK (id: 1001; ack: 0)
00:20:41.11 WORK_COMPLETE (id: 1003; work-id: 66; ack: 0)
00:20:44.48 ADAPT
00:20:44.48 HALT_COMMAND (id: 1003)
00:20:44.75 HALT_ACK (id: 1003; ack: 0)
00:20:44.75 WORKER_OFFLINE (id: 1003)
00:20:57.71 WORKER_OFF (id: 1003)
00:21:00.22 WORK_REQUEST (work-id: 71; load-size: 152.143; deadline: 1433.28)
00:21:00.22 WORK_COMMAND (id: 1005; work-id: 71; load-size: 152.143)
00:21:00.38 WORK_ACK (id: 1005; ack: 0)
00:21:04.59 ADAPT
00:21:04.59 WORKER_ON (id: 1003)
00:21:06.66 WORK_COMPLETE (id: 1002; work-id: 69; ack: 0)
00:21:23.23 WORK_REQUEST (work-id: 72; load-size: 107.567; deadline: 1422.06)
00:21:23.23 WORK_COMMAND (id: 1002; work-id: 72; load-size: 107.567)
00:21:23.39 WORK_ACK (id: 1002; ack: 0)
00:21:24.68 ADAPT
00:21:26.11 WORK_COMPLETE (id: 1001; work-id: 70; ack: 0)
00:21:29.31 WORK_REQUEST (work-id: 73; load-size: 177.826; deadline: 1482.65)
00:21:29.31 WORK_COMMAND (id: 1001; work-id: 73; load-size: 177.826)
00:21:29.48 WORK_ACK (id: 1001; ack: 0)
00:21:40.35 WORK_COMPLETE (id: 1005; work-id: 71; ack: 0)
00:21:43.25 WORK_REQUEST (work-id: 74; load-size: 162.403; deadline: 1500.61)
00:21:43.25 WORK_COMMAND (id: 1005; work-id: 74; load-size: 162.403)
00:21:43.41 WORK_ACK (id: 1005; ack: 0)
00:21:44.69 ADAPT
00:21:51.44 WORK_COMPLETE (id: 1002; work-id: 72; ack: 0)
00:22:04.69 ADAPT
00:22:04.69 HALT_COMMAND (id: 1003)
00:22:06.30 WORK_REQUEST (work-id: 75; load-size: 237.893; deadline: 1613.54)
00:22:06.30 WORK_COMMAND (id: 1002; work-id: 75; load-size: 237.893)
00:22:06.46 WORK_ACK (id: 1002; ack: 0)
00:22:15.28 WORK_COMPLETE (id: 1001; work-id: 73; ack: 0)
00:22:18.00 WORKER_OFF (id: 1003)
00:22:21.28 WORK_REQUEST (work-id: 76; load-size: 43.869; deadline: 1401.12)
00:22:21.28 WORK_COMMAND (id: 1001; work-id: 76; load-size: 43.869)
00:22:21.43 WORK_ACK (id: 1001; ack: 0)
00:22:24.81 ADAPT
00:22:24.81 WORKER_ON (id: 1003)
00:22:25.31 WORK_REQUEST (work-id: 77; load-size: 52.172; deadline: 1411.88)
00:22:26.25 WORK_COMPLETE (id: 1005; work-id: 74; ack: 0)
00:22:32.99 WORK_COMPLETE (id: 1001; work-id: 76; ack: 0)
00:22:32.99 WORK_COMMAND (id: 1001; work-id: 77; load-size: 52.172)
00:22:33.15 WORK_ACK (id: 1001; ack: 0)
00:22:39.19 WORK_REQUEST (work-id: 78; load-size: 30.262; deadline: 1388.86)
00:22:39.19 WORK_COMMAND (id: 1005; work-id: 78; load-size: 30.262)
00:22:39.36 WORK_ACK (id: 1005; ack: 0)
00:22:44.90 ADAPT
00:22:46.84 WORK_COMPLETE (id: 1001; work-id: 77; ack: 0)
00:22:47.48 WORK_COMPLETE (id: 1005; work-id: 78; ack: 0)
00:22:50.18 WORK_REQUEST (work-id: 79; load-size: 110.602; deadline: 1530.47)
00:22:50.18 WORK_COMMAND (id: 1001; work-id: 79; load-size: 110.602)
00:22:50.34 WORK_ACK (id: 1001; ack: 0)
00:22:55.30 WORK_REQUEST (work-id: 80; load-size: 98.214; deadline: 1521.27)
00:22:55.30 WORK_COMMAND (id: 1005; work-id: 80; load-size: 98.214)
00:22:55.46 WORK_ACK (id: 1005; ack: 0)
00:23:00.27 WORK_REQUEST (work-id: 81; load-size: 96.431; deadline: 1509.74)
00:23:04.91 ADAPT
00:23:08.44 WORK_COMPLETE (id: 1002; work-id: 75; ack: 0)
00:23:12.28 WORK_REQUEST (work-id: 82; load-size: 61.657; deadline: 1486.47)
00:23:12.28 WORK_COMMAND (id: 1002; work-id: 82; load-size: 61.657)
00:23:12.44 WORK_ACK (id: 1002; ack: 0)
00:23:18.99 WORK_COMPLETE (id: 1001; work-id: 79; ack: 0)
00:23:18.99 WORK_COMMAND (id: 1001; work-id: 81; load-size: 96.431)
00:23:19.16 WORK_ACK (id: 1001; ack: 0)
00:23:20.92 WORK_COMPLETE (id: 1005; work-id: 80; ack: 0)
00:23:21.25 WORK_REQUEST (work-id: 83; load-size: 78.684; deadline: 1508.30)
00:23:21.25 WORK_COMMAND (id: 1005; work-id: 83; load-size: 78.684)
00:23:21.41 WORK_ACK (id: 1005; ack: 0)
00:23:24.94 ADAPT
00:23:27.33 WORK_REQUEST (work-id: 84; load-size: 117.987; deadline: 1605.74)
00:23:28.45 WORK_COMPLETE (id: 1002; work-id: 82; ack: 0)
00:23:37.26 WORK_REQUEST (work-id: 85; load-size: 108.599; deadline: 1584.24)
00:23:37.26 WORK_COMMAND (id: 1002; work-id: 85; load-size: 108.599)
00:23:37.43 WORK_ACK (id: 1002; ack: 0)
00:23:41.76 WORK_COMPLETE (id: 1005; work-id: 83; ack: 0)
00:23:42.23 WORK_REQUEST (work-id: 86; load-size: 114.276; deadline: 1531.33)
00:23:42.23 WORK_COMMAND (id: 1005; work-id: 86; load-size: 114.276)
00:23:42.39 WORK_ACK (id: 1005; ack: 0)
00:23:44.63 WORK_COMPLETE (id: 1001; work-id: 81; ack: 0)
00:23:44.63 WORK_COMMAND (id: 1001; work-id: 84; load-size: 117.987)
00:23:44.79 WORK_ACK (id: 1001; ack: 0)
00:23:44.95 ADAPT
00:23:53.78 WORKER_ONLINE (id: 1003)
00:24:05.00 ADAPT
00:24:05.50 WORK_COMPLETE (id: 1002; work-id: 85; ack: 0)
00:24:11.27 WORK_REQUEST (work-id: 87; load-size: 135.020; deadline: 1582.99)
00:24:11.27 WORK_COMMAND (id: 1002; work-id: 87; load-size: 135.020)
00:24:11.43 WORK_ACK (id: 1002; ack: 0)
00:24:12.08 WORK_COMPLETE (id: 1005; work-id: 86; ack: 0)
00:24:15.92 WORK_COMPLETE (id: 1001; work-id: 84; ack: 0)
00:24:25.03 ADAPT
00:24:25.03 HALT_COMMAND (id: 1001)
00:24:25.18 HALT_ACK (id: 1001; ack: 0)
00:24:25.18 WORKER_OFFLINE (id: 1001)
00:24:28.23 WORK_REQUEST (work-id: 88; load-size: 183.023; deadline: 1665.87)
00:24:28.23 WORK_COMMAND (id: 1003; work-id: 88; load-size: 183.023)
00:24:28.40 WORK_ACK (id: 1003; ack: 0)
00:24:35.27 WORK_REQUEST (work-id: 89; load-size: 157.640; deadline: 1628.77)
00:24:35.27 WORK_COMMAND (id: 1005; work-id: 89; load-size: 157.640)
00:24:35.44 WORK_ACK (id: 1005; ack: 0)
00:24:38.32 WORKER_OFF (id: 1001)
00:24:45.16 ADAPT
00:24:45.16 WORKER_ON (id: 1001)
00:24:46.43 WORK_COMPLETE (id: 1002; work-id: 87; ack: 0)
00:24:57.39 WORKER_REBOOT (id: 1001)
00:25:01.31 WORK_REQUEST (work-id: 90; load-size: 186.252; deadline: 1697.01)
00:25:01.31 WORK_COMMAND (id: 1002; work-id: 90; load-size: 186.252)
00:25:01.47 WORK_ACK (id: 1002; ack: 0)
00:25:05.22 ADAPT
00:25:09.57 WORKER_ON (id: 1001)
00:25:17.27 WORK_COMPLETE (id: 1005; work-id: 89; ack: 0)
00:25:25.37 ADAPT
00:25:25.37 HALT_COMMAND (id: 1001)
00:25:25.85 WORK_COMPLETE (id: 1003; work-id: 88; ack: 0)
00:25:28.23 WORK_REQUEST (work-id: 91; load-size: 108.268; deadline: 1652.24)
00:25:28.23 WORK_COMMAND (id: 1003; work-id: 91; load-size: 108.268)
00:25:28.39 WORK_ACK (id: 1003; ack: 0)
00:25:38.69 WORKER_OFF (id: 1001)
00:25:45.39 ADAPT
00:25:50.82 WORK_COMPLETE (id: 1002; work-id: 90; ack: 0)
00:25:56.62 WORK_COMPLETE (id: 1003; work-id: 91; ack: 0)
00:26:00.32 WORK_REQUEST (work-id: 92; load-size: 188.304; deadline: 1741.59)
00:26:00.32 WORK_COMMAND (id: 1002; work-id: 92; load-size: 188.304)
00:26:00.48 WORK_ACK (id: 1002; ack: 0)
00:26:05.45 ADAPT
00:26:12.26 WORK_REQUEST (work-id: 93; load-size: 188.079; deadline: 1783.62)
00:26:12.26 WORK_COMMAND (id: 1003; work-id: 93; load-size: 188.079)
00:26:12.42 WORK_ACK (id: 1003; ack: 0)
00:26:25.45 ADAPT
00:26:28.25 WORK_REQUEST (work-id: 94; load-size: 103.791; deadline: 1691.62)
00:26:28.25 WORK_COMMAND (id: 1005; work-id: 94; load-size: 103.791)
00:26:28.42 WORK_ACK (id: 1005; ack: 0)
00:26:45.49 ADAPT
00:26:45.49 WORKER_ON (id: 1001)
00:26:49.44 WORK_COMPLETE (id: 1002; work-id: 92; ack: 0)
00:26:50.22 WORK_REQUEST (work-id: 95; load-size: 129.926; deadline: 1746.48)
00:26:50.22 E_METER_RESET
00:26:50.22 WORK_COMMAND (id: 1002; work-id: 95; load-size: 129.926)
00:26:50.39 WORK_ACK (id: 1002; ack: 0)
00:26:55.42 WORK_COMPLETE (id: 1005; work-id: 94; ack: 0)
00:27:02.10 WORK_COMPLETE (id: 1003; work-id: 93; ack: 0)
00:27:05.62 ADAPT
00:27:17.26 WORK_REQUEST (work-id: 96; load-size: 141.076; deadline: 1747.00)
00:27:17.26 WORK_COMMAND (id: 1003; work-id: 96; load-size: 141.076)
00:27:17.43 WORK_ACK (id: 1003; ack: 0)
00:27:24.14 WORK_COMPLETE (id: 1002; work-id: 95; ack: 0)
00:27:25.74 ADAPT
00:27:25.74 HALT_COMMAND (id: 1001)
00:27:30.23 WORK_REQUEST (work-id: 97; load-size: 170.527; deadline: 1778.30)
00:27:30.23 WORK_COMMAND (id: 1002; work-id: 97; load-size: 170.527)
00:27:30.39 WORK_ACK (id: 1002; ack: 0)
00:27:39.02 WORKER_OFF (id: 1001)
00:27:45.77 ADAPT
00:27:47.30 WORK_REQUEST (work-id: 98; load-size: 178.480; deadline: 1801.00)
00:27:47.30 WORK_COMMAND (id: 1005; work-id: 98; load-size: 178.480)
00:27:47.47 WORK_ACK (id: 1005; ack: 0)
00:27:54.63 WORK_COMPLETE (id: 1003; work-id: 96; ack: 0)
00:28:05.87 ADAPT
00:28:10.21 WORK_REQUEST (work-id: 99; load-size: 131.123; deadline: 1810.01)
00:28:10.21 WORK_COMMAND (id: 1003; work-id: 99; load-size: 131.123)
00:28:10.36 WORK_ACK (id: 1003; ack: 0)
00:28:15.03 WORK_COMPLETE (id: 1002; work-id: 97; ack: 0)
00:28:16.28 WORK_REQUEST (work-id: 100; load-size: 195.110; deadline: 1839.34)
00:28:16.28 WORK_COMMAND (id: 1002; work-id: 100; load-size: 195.110)
00:28:16.44 WORK_ACK (id: 1002; ack: 0)
00:28:25.94 ADAPT
00:28:25.94 WORKER_ON (id: 1001)
00:28:33.82 WORK_COMPLETE (id: 1005; work-id: 98; ack: 0)
00:28:37.33 WORK_REQUEST (work-id: 101; load-size: 171.738; deadline: 1848.52)
00:28:37.33 WORK_COMMAND (id: 1005; work-id: 101; load-size: 171.738)
00:28:37.49 WORK_ACK (id: 1005; ack: 0)
00:28:44.35 WORK_COMPLETE (id: 1003; work-id: 99; ack: 0)
00:28:45.94 ADAPT
00:28:53.30 WORK_REQUEST (work-id: 102; load-size: 211.895; deadline: 1911.68)
00:28:53.30 WORK_COMMAND (id: 1003; work-id: 102; load-size: 211.895)
00:28:53.46 WORK_ACK (id: 1003; ack: 0)
00:29:06.10 ADAPT
00:29:06.27 WORK_REQUEST (work-id: 103; load-size: 144.693; deadline: 1860.03)
00:29:07.87 WORK_COMPLETE (id: 1002; work-id: 100; ack: 0)
00:29:07.87 WORK_COMMAND (id: 1002; work-id: 103; load-size: 144.693)
00:29:08.03 WORK_ACK (id: 1002; ack: 0)
00:29:22.10 WORK_COMPLETE (id: 1005; work-id: 101; ack: 0)
00:29:25.30 WORK_REQUEST (work-id: 104; load-size: 175.535; deadline: 1905.64)
00:29:25.30 WORK_COMMAND (id: 1005; work-id: 104; load-size: 175.535)
00:29:25.47 WORK_ACK (id: 1005; ack: 0)
00:29:26.26 ADAPT
00:29:32.18 WORK_REQUEST (work-id: 105; load-size: 224.636; deadline: 1954.30)
00:29:45.46 WORK_COMPLETE (id: 1002; work-id: 103; ack: 0)
00:29:45.46 WORK_COMMAND (id: 1002; work-id: 105; load-size: 224.636)
00:29:45.62 WORK_ACK (id: 1002; ack: 0)
00:29:46.26 ADAPT
00:29:49.77 WORK_COMPLETE (id: 1003; work-id: 102; ack: 0)
00:29:55.71 WORKER_ONLINE (id: 1001)
00:30:02.25 WORK_REQUEST (work-id: 106; load-size: 82.996; deadline: 1918.69)
00:30:02.25 WORK_COMMAND (id: 1001; work-id: 106; load-size: 82.996)
00:30:02.41 WORK_ACK (id: 1001; ack: 0)
00:30:06.38 ADAPT
00:30:10.23 WORK_REQUEST (work-id: 107; load-size: 102.229; deadline: 1961.71)
00:30:10.23 WORK_COMMAND (id: 1003; work-id: 107; load-size: 102.229)
00:30:10.40 WORK_ACK (id: 1003; ack: 0)
00:30:11.19 WORK_COMPLETE (id: 1005; work-id: 104; ack: 0)
00:30:15.18 WORK_REQUEST (work-id: 108; load-size: 78.076; deadline: 1914.37)
00:30:15.18 WORK_COMMAND (id: 1005; work-id: 108; load-size: 78.076)
00:30:15.34 WORK_ACK (id: 1005; ack: 0)
00:30:24.31 WORK_REQUEST (work-id: 109; load-size: 120.934; deadline: 1992.76)
00:30:26.39 ADAPT
00:30:26.39 WORKER_ON (id: 1004)
00:30:28.02 WORK_COMPLETE (id: 1001; work-id: 106; ack: 0)
00:30:28.02 WORK_COMMAND (id: 1001; work-id: 109; load-size: 120.934)
00:30:28.19 WORK_ACK (id: 1001; ack: 0)
00:30:29.32 WORK_REQUEST (work-id: 110; load-size: 68.918; deadline: 1920.57)
00:30:35.97 WORK_COMPLETE (id: 1005; work-id: 108; ack: 0)
00:30:37.29 WORK_REQUEST (work-id: 111; load-size: 81.244; deadline: 1949.73)
00:30:37.29 WORK_COMMAND (id: 1005; work-id: 111; load-size: 81.244)
00:30:37.45 WORK_COMPLETE (id: 1003; work-id: 107; ack: 0)
00:30:37.61 WORK_ACK (id: 1005; ack: 0)
00:30:45.30 WORK_REQUEST (work-id: 112; load-size: 41.844; deadline: 1905.74)
00:30:45.30 WORK_COMPLETE (id: 1002; work-id: 105; ack: 0)
00:30:45.30 WORK_COMMAND (id: 1003; work-id: 112; load-size: 41.844)
00:30:45.46 WORK_ACK (id: 1003; ack: 0)
00:30:46.43 ADAPT
00:30:50.19 WORK_REQUEST (work-id: 113; load-size: 31.623; deadline: 1880.10)
00:30:50.19 WORK_COMMAND (id: 1002; work-id: 113; load-size: 31.623)
00:30:50.35 WORK_ACK (id: 1002; ack: 0)
00:30:56.37 WORK_COMPLETE (id: 1003; work-id: 112; ack: 0)
00:30:57.19 WORK_REQUEST (work-id: 114; load-size: 130.296; deadline: 2016.68)
00:30:57.19 WORK_COMMAND (id: 1003; work-id: 114; load-size: 130.296)
00:30:57.35 WORK_ACK (id: 1003; ack: 0)
00:30:58.51 WORK_COMPLETE (id: 1005; work-id: 111; ack: 0)
00:30:58.68 WORK_COMPLETE (id: 1002; work-id: 113; ack: 0)
00:31:01.12 WORK_COMPLETE (id: 1001; work-id: 109; ack: 0)
00:31:01.12 WORK_COMMAND (id: 1001; work-id: 110; load-size: 68.918)
00:31:01.29 WORK_ACK (id: 1001; ack: 0)
00:31:06.53 ADAPT
00:31:06.53 HALT_COMMAND (id: 1004)
00:31:06.53 HALT_COMMAND (id: 1002)
00:31:06.83 HALT_ACK (id: 1002; ack: 0)
00:31:06.83 WORKER_OFFLINE (id: 1002)
00:31:11.23 WORK_REQUEST (work-id: 115; load-size: 53.739; deadline: 1935.56)
00:31:11.23 WORK_COMMAND (id: 1005; work-id: 115; load-size: 53.739)
00:31:11.41 WORK_ACK (id: 1005; ack: 0)
00:31:19.27 WORK_COMPLETE (id: 1001; work-id: 110; ack: 0)
00:31:19.76 WORKER_OFF (id: 1002)
00:31:19.76 WORKER_OFF (id: 1004)
00:31:25.24 WORK_COMPLETE (id: 1005; work-id: 115; ack: 0)
00:31:26.64 ADAPT
00:31:32.04 WORK_COMPLETE (id: 1003; work-id: 114; ack: 0)
00:31:41.23 WORK_REQUEST (work-id: 116; load-size: 221.505; deadline: 2165.43)
00:31:41.23 WORK_COMMAND (id: 1001; work-id: 116; load-size: 221.505)
00:31:41.39 WORK_ACK (id: 1001; ack: 0)
00:31:46.67 ADAPT
00:31:47.28 WORK_REQUEST (work-id: 117; load-size: 78.913; deadline: 2002.03)
00:31:47.28 WORK_COMMAND (id: 1003; work-id: 117; load-size: 78.913)
00:31:47.45 WORK_ACK (id: 1003; ack: 0)
00:32:00.24 WORK_REQUEST (work-id: 118; load-size: 204.461; deadline: 2170.91)
00:32:00.24 WORK_COMMAND (id: 1005; work-id: 118; load-size: 204.461)
00:32:00.40 WORK_ACK (id: 1005; ack: 0)
00:32:06.82 ADAPT
00:32:06.82 WORKER_ON (id: 1002)
00:32:08.26 WORK_COMPLETE (id: 1003; work-id: 117; ack: 0)
00:32:20.22 WORK_REQUEST (work-id: 119; load-size: 215.334; deadline: 2195.71)
00:32:20.22 WORK_COMMAND (id: 1003; work-id: 119; load-size: 215.334)
00:32:20.38 WORK_ACK (id: 1003; ack: 0)
00:32:26.94 ADAPT
00:32:40.19 WORK_REQUEST (work-id: 120; load-size: 129.171; deadline: 2130.33)
00:32:44.36 WORK_COMPLETE (id: 1001; work-id: 116; ack: 0)
00:32:44.36 WORK_COMMAND (id: 1001; work-id: 120; load-size: 129.171)
00:32:44.53 WORK_ACK (id: 1001; ack: 0)
00:32:47.06 ADAPT
00:32:55.02 WORK_COMPLETE (id: 1005; work-id: 118; ack: 0)
00:32:57.26 WORK_REQUEST (work-id: 121; load-size: 154.015; deadline: 2178.87)
00:32:57.26 WORK_COMMAND (id: 1005; work-id: 121; load-size: 154.015)
00:32:57.68 WORK_ACK (id: 1005; ack: 0)
00:33:07.22 ADAPT
00:33:16.79 WORK_COMPLETE (id: 1003; work-id: 119; ack: 0)
00:33:17.91 WORK_COMPLETE (id: 1001; work-id: 120; ack: 0)
00:33:25.21 WORK_REQUEST (work-id: 122; load-size: 205.745; deadline: 2249.68)
00:33:25.21 WORK_COMMAND (id: 1001; work-id: 122; load-size: 205.745)
00:33:25.39 WORK_ACK (id: 1001; ack: 0)
00:33:27.31 ADAPT
00:33:27.31 HALT_COMMAND (id: 1002)
00:33:36.07 WORKER_ONLINE (id: 1002)
00:33:38.30 WORK_COMPLETE (id: 1005; work-id: 121; ack: 0)
00:33:40.22 WORK_REQUEST (work-id: 123; load-size: 144.642; deadline: 2190.33)
00:33:40.22 WORK_COMMAND (id: 1002; work-id: 123; load-size: 144.642)
00:33:40.38 WORK_ACK (id: 1002; ack: 0)
00:33:47.41 ADAPT
00:33:47.41 HALT_COMMAND (id: 1003)
00:33:47.59 HALT_ACK (id: 1003; ack: 0)
00:33:47.59 WORKER_OFFLINE (id: 1003)
00:33:53.19 WORK_REQUEST (work-id: 124; load-size: 105.524; deadline: 2184.97)
00:33:53.19 WORK_COMMAND (id: 1005; work-id: 124; load-size: 105.524)
00:33:53.36 WORK_ACK (id: 1005; ack: 0)
00:34:00.71 WORKER_OFF (id: 1003)
00:34:01.18 WORK_REQUEST (work-id: 125; load-size: 124.221; deadline: 2233.14)
00:34:07.56 ADAPT
00:34:07.56 WORKER_ON (id: 1003)
00:34:17.32 WORK_REQUEST (work-id: 126; load-size: 26.906; deadline: 2082.51)
00:34:18.79 WORK_COMPLETE (id: 1001; work-id: 122; ack: 0)
00:34:18.79 WORK_COMMAND (id: 1001; work-id: 125; load-size: 124.221)
00:34:18.95 WORK_ACK (id: 1001; ack: 0)
00:34:19.26 WORK_REQUEST (work-id: 127; load-size: 108.799; deadline: 2225.08)
00:34:20.55 WORK_COMPLETE (id: 1005; work-id: 124; ack: 0)
00:34:25.01 WORK_COMPLETE (id: 1002; work-id: 123; ack: 0)
00:34:25.01 WORK_COMMAND (id: 1002; work-id: 126; load-size: 26.906)
00:34:25.16 WORK_ACK (id: 1002; ack: 0)
00:34:27.57 ADAPT
00:34:29.18 WORK_REQUEST (work-id: 128; load-size: 90.189; deadline: 2211.18)
00:34:29.18 WORK_COMMAND (id: 1005; work-id: 128; load-size: 90.189)
00:34:29.33 WORK_ACK (id: 1005; ack: 0)
00:34:32.18 WORK_COMPLETE (id: 1002; work-id: 126; ack: 0)
00:34:38.24 WORK_REQUEST (work-id: 129; load-size: 96.738; deadline: 2217.36)
00:34:38.24 WORK_COMMAND (id: 1002; work-id: 129; load-size: 96.738)
00:34:38.41 WORK_ACK (id: 1002; ack: 0)
00:34:44.30 WORK_REQUEST (work-id: 130; load-size: 97.021; deadline: 2229.89)
00:34:47.64 ADAPT
00:34:51.46 WORK_COMPLETE (id: 1001; work-id: 125; ack: 0)
00:34:51.46 WORK_COMMAND (id: 1001; work-id: 127; load-size: 108.799)
00:34:51.62 WORK_ACK (id: 1001; ack: 0)
00:34:52.74 WORK_COMPLETE (id: 1005; work-id: 128; ack: 0)
00:34:58.31 WORK_REQUEST (work-id: 131; load-size: 78.980; deadline: 2212.61)
00:34:58.31 WORK_COMMAND (id: 1005; work-id: 131; load-size: 78.980)
00:34:58.50 WORK_ACK (id: 1005; ack: 0)
00:35:04.10 WORK_COMPLETE (id: 1002; work-id: 129; ack: 0)
00:35:04.10 WORK_COMMAND (id: 1002; work-id: 130; load-size: 97.021)
00:35:04.26 WORK_ACK (id: 1002; ack: 0)
00:35:06.19 WORK_REQUEST (work-id: 132; load-size: 56.270; deadline: 2194.27)
00:35:07.78 ADAPT
00:35:11.29 WORK_REQUEST (work-id: 133; load-size: 52.937; deadline: 2188.48)
00:35:16.22 WORK_REQUEST (work-id: 134; load-size: 194.389; deadline: 2308.67)
00:35:18.93 WORK_COMPLETE (id: 1005; work-id: 131; ack: 0)
00:35:18.93 WORK_COMMAND (id: 1005; work-id: 134; load-size: 194.389)
00:35:19.10 WORK_ACK (id: 1005; ack: 0)
00:35:19.90 WORK_COMPLETE (id: 1001; work-id: 127; ack: 0)
00:35:19.90 WORK_COMMAND (id: 1001; work-id: 132; load-size: 56.270)
00:35:20.06 WORK_ACK (id: 1001; ack: 0)
00:35:27.87 ADAPT
00:35:29.31 WORK_COMPLETE (id: 1002; work-id: 130; ack: 0)
00:35:29.31 WORK_COMMAND (id: 1002; work-id: 133; load-size: 52.937)
00:35:29.47 WORK_ACK (id: 1002; ack: 0)
00:35:34.87 WORK_COMPLETE (id: 1001; work-id: 132; ack: 0)
00:35:36.31 WORK_REQUEST (work-id: 135; load-size: 218.389; deadline: 2347.08)
00:35:36.31 WORK_COMMAND (id: 1001; work-id: 135; load-size: 218.389)
00:35:36.48 WORK_ACK (id: 1001; ack: 0)
00:35:36.95 WORKER_ONLINE (id: 1003)
00:35:43.66 WORK_COMPLETE (id: 1002; work-id: 133; ack: 0)
00:35:47.98 ADAPT
00:35:51.17 WORK_REQUEST (work-id: 136; load-size: 179.287; deadline: 2334.79)
00:35:51.17 WORK_COMMAND (id: 1002; work-id: 136; load-size: 179.287)
00:35:51.34 WORK_ACK (id: 1002; ack: 0)
00:36:08.14 ADAPT
00:36:09.59 WORK_COMPLETE (id: 1005; work-id: 134; ack: 0)
00:36:23.19 WORK_REQUEST (work-id: 137; load-size: 150.043; deadline: 2330.71)
00:36:23.19 WORK_COMMAND (id: 1003; work-id: 137; load-size: 150.043)
00:36:23.35 WORK_ACK (id: 1003; ack: 0)
00:36:28.15 ADAPT
00:36:33.74 WORK_COMPLETE (id: 1001; work-id: 135; ack: 0)
00:36:35.19 WORK_REQUEST (work-id: 138; load-size: 153.336; deadline: 2363.28)
00:36:35.19 WORK_COMMAND (id: 1001; work-id: 138; load-size: 153.336)
00:36:35.35 WORK_ACK (id: 1001; ack: 0)
00:36:39.82 WORK_COMPLETE (id: 1002; work-id: 136; ack: 0)
00:36:48.30 ADAPT
00:36:48.30 HALT_COMMAND (id: 1002)
00:36:48.57 HALT_ACK (id: 1002; ack: 0)
00:36:48.57 WORKER_OFFLINE (id: 1002)
00:36:54.27 WORK_REQUEST (work-id: 139; load-size: 156.754; deadline: 2375.63)
00:36:54.27 WORK_COMMAND (id: 1005; work-id: 139; load-size: 156.754)
00:36:54.43 WORK_ACK (id: 1005; ack: 0)
00:37:01.51 WORKER_OFF (id: 1002)
00:37:08.32 ADAPT
00:37:08.32 WORKER_ON (id: 1002)
00:37:09.75 WORK_COMPLETE (id: 1003; work-id: 137; ack: 0)
00:37:15.24 WORK_COMPLETE (id: 1001; work-id: 138; ack: 0)
00:37:16.20 WORK_REQUEST (work-id: 140; load-size: 121.429; deadline: 2354.96)
00:37:16.20 WORK_COMMAND (id: 1001; work-id: 140; load-size: 121.429)
00:37:16.38 WORK_ACK (id: 1001; ack: 0)
00:37:28.41 ADAPT
00:37:35.31 WORK_COMPLETE (id: 1005; work-id: 139; ack: 0)
00:37:37.23 WORK_REQUEST (work-id: 141; load-size: 35.333; deadline: 2300.64)
00:37:37.23 WORK_COMMAND (id: 1003; work-id: 141; load-size: 35.333)
00:37:37.39 WORK_ACK (id: 1003; ack: 0)
00:37:46.61 WORK_COMPLETE (id: 1003; work-id: 141; ack: 0)
00:37:47.90 WORK_COMPLETE (id: 1001; work-id: 140; ack: 0)
00:37:48.54 ADAPT
00:37:48.54 HALT_COMMAND (id: 1002)
00:37:53.30 WORK_REQUEST (work-id: 142; load-size: 180.176; deadline: 2443.49)
00:37:53.30 WORK_COMMAND (id: 1001; work-id: 142; load-size: 180.176)
00:37:53.47 WORK_ACK (id: 1001; ack: 0)
00:38:01.79 WORKER_OFF (id: 1002)
00:38:08.58 ADAPT
00:38:11.24 WORK_REQUEST (work-id: 143; load-size: 160.577; deadline: 2467.48)
00:38:11.24 WORK_COMMAND (id: 1003; work-id: 143; load-size: 160.577)
00:38:11.40 WORK_ACK (id: 1003; ack: 0)
00:38:28.66 ADAPT
00:38:29.27 SCENARIO_DONE
00:38:40.20 WORK_COMPLETE (id: 1001; work-id: 142; ack: 0)
00:38:48.78 ADAPT
00:38:53.60 WORK_COMPLETE (id: 1003; work-id: 143; ack: 0)
00:39:08.87 ADAPT
00:39:29.00 ADAPT
00:39:49.09 ADAPT
00:40:09.17 ADAPT
00:40:29.23 ADAPT
00:40:49.28 ADAPT
00:41:09.32 ADAPT
00:41:29.40 ADAPT
00:41:49.51 ADAPT
00:42:09.60 ADAPT
00:42:29.70 ADAPT
00:42:49.79 ADAPT
00:43:09.84 ADAPT
00:43:29.93 ADAPT
00:43:49.98 ADAPT
00:44:09.98 ADAPT
00:44:30.04 ADAPT
00:44:50.14 ADAPT
00:45:10.15 ADAPT
00:45:30.21 ADAPT
00:45:50.22 ADAPT
00:46:10.24 ADAPT
00:46:30.27 ADAPT
00:46:50.28 ADAPT
00:47:10.39 ADAPT
00:47:30.49 ADAPT
00:47:50.51 ADAPT
00:48:10.57 ADAPT
00:48:30.62 ADAPT
00:48:50.64 ADAPT
00:49:10.68 ADAPT
00:49:30.78 ADAPT
00:49:50.79 ADAPT
00:50:10.89 ADAPT
00:50:31.00 ADAPT
00:50:51.15 ADAPT
00:51:11.17 ADAPT
00:51:31.33 ADAPT
00:51:51.48 ADAPT
