 time       |  1001 |  1002 |  1003 |  1004 |  1005 |  1006 |  1007 |  1008
------------+-------+-------+-------+-------+-------+-------+-------+------
00:00:01.00 | 1.269 | 1.283 | 0.000 | 0.000 | 0.000 | 0.000 | 1.797 | 0.874
00:00:02.00 | 1.270 | 1.277 | 0.000 | 0.000 | 0.000 | 0.000 | 1.594 | 0.904
00:00:03.00 | 1.284 | 1.300 | 0.000 | 0.000 | 0.000 | 0.000 | 1.648 | 0.893
00:00:04.00 | 1.279 | 1.279 | 0.000 | 0.000 | 0.000 | 0.000 | 1.597 | 0.920
00:00:05.00 | 1.919 | 1.307 | 0.000 | 0.000 | 0.000 | 0.000 | 1.686 | 0.913
00:00:06.00 | 2.415 | 1.319 | 0.000 | 0.000 | 0.000 | 0.000 | 1.829 | 0.895
00:00:07.00 | 2.477 | 1.306 | 0.000 | 0.000 | 0.000 | 0.000 | 1.829 | 0.912
00:00:08.00 | 2.360 | 1.285 | 0.000 | 0.000 | 0.000 | 0.000 | 1.574 | 0.905
00:00:09.00 | 2.275 | 1.286 | 0.000 | 0.000 | 0.000 | 0.000 | 1.794 | 0.937
00:00:10.00 | 2.349 | 1.271 | 0.000 | 0.000 | 0.000 | 0.000 | 1.624 | 0.919
00:00:11.00 | 2.243 | 1.285 | 0.000 | 0.000 | 0.000 | 0.000 | 1.676 | 0.882
00:00:12.00 | 2.345 | 1.304 | 0.000 | 0.000 | 0.000 | 0.000 | 1.625 | 0.886
00:00:13.00 | 2.279 | 1.285 | 0.000 | 0.000 | 0.000 | 0.000 | 1.647 | 0.950
00:00:14.00 | 2.426 | 1.269 | 0.000 | 0.000 | 0.000 | 0.000 | 1.699 | 0.886
00:00:15.00 | 2.267 | 1.340 | 0.000 | 0.000 | 0.000 | 0.000 | 1.761 | 0.911
00:00:16.00 | 2.331 | 1.329 | 0.000 | 0.000 | 0.000 | 0.000 | 1.692 | 0.913
00:00:17.00 | 2.242 | 1.378 | 0.000 | 0.000 | 0.000 | 0.000 | 1.657 | 0.920
00:00:18.00 | 2.342 | 1.305 | 0.000 | 0.000 | 0.000 | 0.000 | 1.580 | 0.911
00:00:19.00 | 2.304 | 1.269 | 0.000 | 0.000 | 0.000 | 0.000 | 1.601 | 0.890
00:00:20.00 | 2.570 | 1.285 | 0.000 | 0.000 | 0.000 | 0.000 | 1.605 | 0.902
00:00:21.00 | 2.285 | 1.298 | 0.000 | 0.000 | 0.000 | 0.000 | 1.625 | 0.890
00:00:22.00 | 2.316 | 1.278 | 0.000 | 0.000 | 0.000 | 0.000 | 1.750 | 0.920
00:00:23.00 | 1.930 | 1.292 | 0.000 | 0.000 | 0.000 | 0.000 | 1.727 | 0.897
00:00:24.00 | 1.320 | 1.284 | 0.000 | 0.000 | 0.000 | 0.000 | 1.719 | 0.911
00:00:25.00 | 1.363 | 1.404 | 0.000 | 0.000 | 0.000 | 0.000 | 1.718 | 0.920
00:00:26.00 | 1.277 | 1.278 | 0.000 | 0.000 | 0.000 | 0.000 | 1.610 | 0.905
00:00:27.00 | 1.284 | 1.298 | 0.000 | 0.000 | 0.000 | 0.000 | 1.638 | 0.867
00:00:28.00 | 1.846 | 1.288 | 0.000 | 0.000 | 0.000 | 0.000 | 1.618 | 0.896
00:00:29.00 | 2.407 | 1.284 | 0.000 | 0.000 | 0.000 | 0.000 | 1.834 | 0.889
00:00:30.00 | 2.438 | 1.286 | 0.000 | 0.000 | 0.000 | 0.000 | 1.590 | 0.894
00:00:31.00 | 2.448 | 1.354 | 0.000 | 0.000 | 0.000 | 0.000 | 1.593 | 0.917
00:00:32.00 | 2.372 | 1.285 | 0.000 | 0.000 | 0.000 | 0.000 | 1.574 | 0.897
00:00:33.00 | 2.445 | 1.278 | 0.000 | 0.000 | 0.000 | 0.000 | 1.725 | 0.886
00:00:34.00 | 2.422 | 1.304 | 0.000 | 0.000 | 0.000 | 0.000 | 1.624 | 0.897
00:00:35.00 | 2.433 | 1.286 | 0.000 | 0.000 | 0.000 | 0.000 | 1.743 | 0.876
00:00:36.00 | 2.367 | 1.278 | 0.000 | 0.000 | 0.000 | 0.000 | 1.682 | 0.928
00:00:37.00 | 2.386 | 1.384 | 0.000 | 0.000 | 0.000 | 0.000 | 1.602 | 0.904
00:00:38.00 | 2.442 | 1.283 | 0.000 | 0.000 | 0.000 | 0.000 | 1.579 | 0.881
00:00:39.00 | 2.392 | 1.277 | 0.000 | 0.000 | 0.000 | 0.000 | 1.597 | 0.937
00:00:40.00 | 2.473 | 1.291 | 0.000 | 0.000 | 0.000 | 0.000 | 1.610 | 0.874
00:00:41.00 | 2.363 | 1.284 | 0.000 | 0.000 | 0.000 | 0.000 | 1.703 | 0.882
00:00:42.00 | 2.396 | 1.288 | 0.000 | 0.000 | 0.000 | 0.000 | 1.592 | 0.895
00:00:43.00 | 2.393 | 1.271 | 0.000 | 0.000 | 0.000 | 0.000 | 1.632 | 0.897
00:00:44.00 | 2.426 | 1.810 | 0.000 | 0.000 | 0.000 | 0.000 | 1.593 | 0.903
00:00:45.00 | 2.452 | 2.418 | 0.000 | 0.000 | 0.000 | 0.000 | 1.704 | 0.923
00:00:46.00 | 2.406 | 2.479 | 0.000 | 0.000 | 0.000 | 0.000 | 1.600 | 0.896
00:00:47.00 | 2.284 | 2.420 | 0.000 | 0.000 | 0.000 | 0.000 | 1.640 | 0.894
00:00:48.00 | 2.303 | 2.406 | 0.000 | 0.000 | 0.000 | 0.000 | 1.656 | 0.950
00:00:49.00 | 2.364 | 2.263 | 0.000 | 0.000 | 0.000 | 0.000 | 1.653 | 0.874
00:00:50.00 | 2.313 | 2.346 | 0.000 | 0.000 | 0.000 | 0.000 | 1.600 | 0.921
00:00:51.00 | 2.239 | 2.517 | 0.000 | 0.000 | 0.000 | 0.000 | 1.681 | 0.898
00:00:52.00 | 2.371 | 2.372 | 0.000 | 0.000 | 0.000 | 0.000 | 1.609 | 0.897
00:00:53.00 | 2.446 | 2.362 | 0.000 | 0.000 | 0.000 | 0.000 | 1.633 | 0.903
00:00:54.00 | 2.386 | 2.307 | 0.000 | 0.000 | 0.000 | 0.000 | 1.646 | 0.919
00:00:55.00 | 2.437 | 2.301 | 0.000 | 0.000 | 0.000 | 0.000 | 1.658 | 0.903
00:00:56.00 | 2.443 | 2.391 | 0.000 | 0.000 | 0.000 | 0.000 | 1.601 | 0.903
00:00:57.00 | 2.371 | 2.356 | 0.000 | 0.000 | 0.000 | 0.000 | 1.667 | 0.904
00:00:58.00 | 2.328 | 2.447 | 0.000 | 0.000 | 0.000 | 0.000 | 1.667 | 0.878
00:00:59.00 | 2.322 | 2.437 | 0.000 | 0.000 | 0.000 | 0.000 | 1.683 | 0.912
00:01:00.00 | 2.425 | 2.339 | 0.000 | 0.000 | 0.000 | 0.000 | 1.634 | 0.898
00:01:01.00 | 2.234 | 2.513 | 0.000 | 0.000 | 0.000 | 0.000 | 1.589 | 0.929
00:01:02.00 | 2.398 | 2.436 | 0.000 | 0.000 | 0.000 | 0.000 | 1.762 | 0.904
00:01:03.00 | 2.057 | 2.405 | 0.000 | 0.000 | 0.000 | 0.000 | 1.684 | 0.886
00:01:04.00 | 1.579 | 2.432 | 0.000 | 0.000 | 0.000 | 0.000 | 1.686 | 0.910
00:01:05.00 | 1.353 | 2.294 | 0.000 | 0.000 | 0.000 | 0.000 | 1.600 | 0.903
00:01:06.00 | 1.278 | 2.328 | 0.000 | 0.000 | 0.000 | 0.000 | 1.668 | 0.890
00:01:07.00 | 1.298 | 2.357 | 0.108 | 0.000 | 0.000 | 0.000 | 1.603 | 0.912
00:01:08.00 | 1.824 | 2.296 | 1.242 | 0.000 | 0.000 | 0.000 | 1.655 | 0.901
00:01:09.00 | 2.494 | 2.304 | 1.565 | 0.000 | 0.000 | 0.000 | 1.594 | 1.115
00:01:10.00 | 2.456 | 2.325 | 1.571 | 0.000 | 0.000 | 0.000 | 1.636 | 1.129
00:01:11.00 | 2.435 | 2.461 | 1.624 | 0.000 | 0.000 | 0.000 | 1.742 | 1.097
00:01:12.00 | 2.450 | 2.393 | 1.703 | 0.000 | 0.000 | 0.000 | 1.594 | 1.121
00:01:13.00 | 2.442 | 2.121 | 1.538 | 0.000 | 0.000 | 0.000 | 1.741 | 1.131
00:01:14.00 | 2.463 | 2.456 | 1.514 | 0.000 | 0.000 | 0.000 | 1.630 | 1.106
00:01:15.00 | 2.318 | 2.391 | 1.376 | 0.000 | 0.000 | 0.000 | 1.601 | 1.143
00:01:16.00 | 2.410 | 2.392 | 1.539 | 0.000 | 0.000 | 0.000 | 1.606 | 1.105
00:01:17.00 | 2.377 | 2.225 | 1.472 | 0.000 | 0.000 | 0.000 | 1.711 | 1.100
00:01:18.00 | 2.419 | 2.326 | 1.497 | 0.000 | 0.000 | 0.000 | 1.818 | 1.115
00:01:19.00 | 2.412 | 2.311 | 1.471 | 0.000 | 0.000 | 0.000 | 1.586 | 1.121
00:01:20.00 | 2.414 | 2.081 | 1.312 | 0.000 | 0.000 | 0.000 | 1.623 | 1.166
00:01:21.00 | 2.489 | 2.293 | 1.303 | 0.000 | 0.000 | 0.000 | 1.616 | 1.141
00:01:22.00 | 2.423 | 2.307 | 1.298 | 0.000 | 0.000 | 0.000 | 1.603 | 1.100
00:01:23.00 | 2.291 | 2.379 | 1.255 | 0.000 | 0.000 | 0.000 | 1.617 | 1.129
00:01:24.00 | 2.390 | 2.323 | 1.309 | 0.000 | 0.000 | 0.000 | 1.665 | 1.130
00:01:25.00 | 2.415 | 2.386 | 1.270 | 0.000 | 0.000 | 0.000 | 1.610 | 1.122
00:01:26.00 | 2.371 | 2.292 | 1.284 | 0.000 | 0.000 | 0.000 | 1.609 | 1.100
00:01:27.00 | 2.325 | 2.402 | 1.243 | 0.000 | 0.000 | 0.000 | 1.624 | 1.132
00:01:28.00 | 2.460 | 2.395 | 1.408 | 0.000 | 0.000 | 0.000 | 1.669 | 1.123
00:01:29.00 | 2.384 | 2.443 | 1.398 | 0.000 | 0.000 | 0.000 | 1.587 | 1.100
00:01:30.00 | 2.446 | 2.421 | 1.396 | 0.000 | 0.000 | 0.000 | 1.599 | 1.124
00:01:31.00 | 2.436 | 2.384 | 1.485 | 0.000 | 0.000 | 0.000 | 1.645 | 1.099
00:01:32.00 | 2.383 | 2.333 | 1.386 | 0.000 | 0.000 | 0.000 | 1.630 | 1.157
00:01:33.00 | 2.466 | 2.370 | 1.450 | 0.000 | 0.000 | 0.000 | 1.753 | 1.144
00:01:34.00 | 2.468 | 2.316 | 1.386 | 0.000 | 0.000 | 0.000 | 1.605 | 1.105
00:01:35.00 | 2.495 | 2.524 | 1.428 | 0.000 | 0.000 | 0.000 | 1.616 | 1.114
00:01:36.00 | 2.502 | 2.415 | 1.377 | 0.000 | 0.000 | 0.000 | 1.610 | 1.086
00:01:37.00 | 2.331 | 2.375 | 1.419 | 0.000 | 0.000 | 0.000 | 1.588 | 1.105
00:01:38.00 | 2.417 | 2.454 | 1.432 | 0.000 | 0.000 | 0.000 | 1.656 | 1.120
00:01:39.00 | 2.344 | 2.178 | 1.379 | 0.000 | 0.000 | 0.000 | 1.662 | 1.101
00:01:40.00 | 2.265 | 1.809 | 1.386 | 0.000 | 0.000 | 0.000 | 1.835 | 1.122
00:01:41.00 | 2.352 | 1.402 | 1.374 | 0.000 | 0.000 | 0.000 | 1.844 | 1.097
00:01:42.00 | 2.417 | 1.300 | 1.310 | 0.000 | 0.000 | 0.000 | 1.579 | 1.079
00:01:43.00 | 2.520 | 1.296 | 1.217 | 0.000 | 0.000 | 0.000 | 1.635 | 1.151
00:01:44.00 | 2.042 | 1.754 | 1.217 | 0.000 | 0.000 | 0.000 | 1.782 | 1.113
00:01:45.00 | 1.885 | 2.418 | 1.226 | 0.000 | 0.000 | 0.000 | 1.715 | 1.114
00:01:46.00 | 2.412 | 2.390 | 1.239 | 0.000 | 0.000 | 0.000 | 1.593 | 1.150
00:01:47.00 | 2.486 | 2.494 | 1.221 | 0.000 | 0.000 | 0.000 | 1.613 | 1.132
00:01:48.00 | 2.395 | 2.472 | 1.228 | 0.000 | 0.000 | 0.000 | 1.692 | 1.141
00:01:49.00 | 2.421 | 2.457 | 1.233 | 0.000 | 0.000 | 0.000 | 1.609 | 1.129
00:01:50.00 | 2.396 | 2.527 | 1.216 | 0.000 | 0.000 | 0.000 | 1.599 | 1.127
00:01:51.00 | 2.455 | 2.403 | 1.227 | 0.000 | 0.000 | 0.000 | 1.598 | 1.123
00:01:52.00 | 2.388 | 2.352 | 1.329 | 0.000 | 0.000 | 0.000 | 1.597 | 1.116
00:01:53.00 | 2.444 | 2.406 | 1.421 | 0.000 | 0.000 | 0.000 | 1.811 | 1.107
00:01:54.00 | 2.426 | 2.486 | 1.191 | 0.000 | 0.000 | 0.000 | 1.640 | 1.037
00:01:55.00 | 2.395 | 2.408 | 0.000 | 0.000 | 0.000 | 0.000 | 1.588 | 0.882
00:01:56.00 | 2.475 | 2.458 | 0.000 | 0.000 | 0.000 | 0.000 | 1.754 | 0.870
00:01:57.00 | 2.453 | 2.388 | 0.000 | 0.000 | 0.000 | 0.000 | 1.643 | 0.910
00:01:58.00 | 2.392 | 2.457 | 0.000 | 0.000 | 0.000 | 0.000 | 1.659 | 0.918
00:01:59.00 | 2.302 | 2.419 | 0.000 | 0.000 | 0.000 | 0.000 | 1.743 | 0.885
00:02:00.00 | 2.375 | 2.397 | 0.000 | 0.000 | 0.000 | 0.000 | 1.672 | 0.903
00:02:01.00 | 2.504 | 2.503 | 0.000 | 0.000 | 0.000 | 0.000 | 1.588 | 0.937
00:02:02.00 | 2.479 | 2.494 | 0.000 | 0.000 | 0.000 | 0.000 | 1.615 | 0.932
00:02:03.00 | 2.461 | 2.453 | 0.000 | 0.000 | 0.000 | 0.000 | 1.698 | 0.876
00:02:04.00 | 2.368 | 2.382 | 0.000 | 0.000 | 0.000 | 0.000 | 1.614 | 0.925
00:02:05.00 | 2.435 | 2.392 | 0.000 | 0.000 | 0.000 | 0.000 | 1.637 | 0.911
00:02:06.00 | 2.392 | 2.502 | 0.000 | 0.000 | 0.000 | 0.000 | 1.580 | 0.902
00:02:07.00 | 2.403 | 2.455 | 0.101 | 0.000 | 0.000 | 0.000 | 1.691 | 0.920
00:02:08.00 | 2.348 | 2.413 | 1.210 | 0.000 | 0.000 | 0.000 | 1.579 | 0.918
00:02:09.00 | 2.375 | 2.426 | 1.690 | 0.000 | 0.000 | 0.000 | 1.597 | 1.148
00:02:10.00 | 2.384 | 2.442 | 1.564 | 0.000 | 0.000 | 0.000 | 1.594 | 1.143
00:02:11.00 | 2.368 | 2.427 | 1.616 | 0.000 | 0.000 | 0.000 | 1.674 | 1.123
00:02:12.00 | 2.355 | 2.384 | 1.667 | 0.000 | 0.000 | 0.000 | 1.594 | 1.151
00:02:13.00 | 2.388 | 2.447 | 1.563 | 0.000 | 0.000 | 0.000 | 1.679 | 1.112
00:02:14.00 | 2.429 | 2.420 | 1.548 | 0.000 | 0.000 | 0.000 | 1.641 | 1.123
00:02:15.00 | 2.444 | 2.436 | 1.377 | 0.000 | 0.000 | 0.000 | 1.674 | 1.100
00:02:16.00 | 2.371 | 2.421 | 1.421 | 0.000 | 0.000 | 0.000 | 1.747 | 1.092
00:02:17.00 | 2.288 | 2.424 | 1.461 | 0.000 | 0.000 | 0.000 | 1.655 | 1.079
00:02:18.00 | 2.335 | 2.450 | 1.544 | 0.000 | 0.000 | 0.000 | 1.870 | 1.166
00:02:19.00 | 2.401 | 1.909 | 1.458 | 0.000 | 0.000 | 0.000 | 1.677 | 1.115
00:02:20.00 | 2.395 | 1.372 | 1.321 | 0.000 | 0.000 | 0.000 | 1.734 | 1.124
00:02:21.00 | 2.330 | 1.303 | 1.324 | 0.000 | 0.000 | 0.000 | 1.636 | 1.127
00:02:22.00 | 2.343 | 1.302 | 1.286 | 0.000 | 0.000 | 0.000 | 1.751 | 1.123
00:02:23.00 | 2.305 | 1.350 | 1.284 | 0.000 | 0.000 | 0.000 | 1.609 | 1.137
00:02:24.00 | 2.253 | 1.303 | 1.275 | 0.000 | 0.000 | 0.000 | 1.594 | 1.143
00:02:25.00 | 2.403 | 1.279 | 1.270 | 0.000 | 0.000 | 0.000 | 1.693 | 1.124
00:02:26.00 | 2.466 | 1.297 | 1.276 | 0.000 | 0.000 | 0.000 | 1.595 | 1.085
00:02:27.00 | 2.426 | 1.301 | 1.276 | 0.000 | 0.000 | 0.000 | 1.588 | 1.072
00:02:28.00 | 2.451 | 1.278 | 1.400 | 0.000 | 0.000 | 0.000 | 1.726 | 1.159
00:02:29.00 | 2.341 | 1.298 | 1.377 | 0.000 | 0.000 | 0.000 | 1.732 | 1.099
00:02:30.00 | 2.336 | 1.295 | 1.337 | 0.000 | 0.000 | 0.000 | 1.556 | 1.098
00:02:31.00 | 2.368 | 1.276 | 1.470 | 0.000 | 0.000 | 0.000 | 1.716 | 1.099
00:02:32.00 | 2.452 | 1.298 | 1.414 | 0.000 | 0.000 | 0.000 | 1.675 | 1.144
00:02:33.00 | 2.431 | 1.291 | 1.391 | 0.000 | 0.000 | 0.000 | 1.705 | 1.112
00:02:34.00 | 2.350 | 1.284 | 1.434 | 0.000 | 0.000 | 0.000 | 1.580 | 1.129
00:02:35.00 | 2.427 | 1.286 | 1.386 | 0.000 | 0.000 | 0.000 | 1.598 | 1.106
00:02:36.00 | 2.320 | 1.284 | 1.450 | 0.000 | 0.000 | 0.000 | 1.653 | 1.100
00:02:37.00 | 2.300 | 1.386 | 1.428 | 0.000 | 0.000 | 0.000 | 1.714 | 1.138
00:02:38.00 | 2.315 | 1.894 | 1.411 | 0.000 | 0.000 | 0.000 | 1.655 | 1.095
00:02:39.00 | 2.245 | 2.486 | 1.376 | 0.000 | 0.000 | 0.000 | 1.768 | 1.122
00:02:40.00 | 2.370 | 2.524 | 1.412 | 0.000 | 0.000 | 0.000 | 1.718 | 1.115
00:02:41.00 | 2.334 | 2.429 | 1.428 | 0.000 | 0.000 | 0.000 | 1.797 | 1.129
00:02:42.00 | 2.276 | 2.459 | 1.349 | 0.000 | 0.000 | 0.000 | 1.725 | 1.137
00:02:43.00 | 2.496 | 2.454 | 1.251 | 0.000 | 0.000 | 0.000 | 1.724 | 1.098
00:02:44.00 | 2.363 | 2.450 | 1.254 | 0.000 | 0.000 | 0.000 | 1.623 | 1.136
00:02:45.00 | 2.101 | 2.384 | 1.225 | 0.000 | 0.000 | 0.000 | 1.644 | 1.084
00:02:46.00 | 1.821 | 2.431 | 1.220 | 0.000 | 0.000 | 0.000 | 1.694 | 1.143
00:02:47.00 | 2.060 | 2.508 | 1.232 | 0.000 | 0.000 | 0.000 | 1.731 | 1.100
00:02:48.00 | 2.438 | 2.496 | 1.241 | 0.000 | 0.000 | 0.000 | 1.618 | 1.152
00:02:49.00 | 2.471 | 2.480 | 1.228 | 0.000 | 0.000 | 0.000 | 1.632 | 1.132
00:02:50.00 | 2.502 | 2.473 | 1.233 | 0.000 | 0.000 | 0.000 | 1.645 | 1.129
00:02:51.00 | 2.411 | 2.452 | 1.227 | 0.000 | 0.000 | 0.000 | 1.615 | 1.080
00:02:52.00 | 2.419 | 2.470 | 1.283 | 0.000 | 0.000 | 0.000 | 1.724 | 1.143
00:02:53.00 | 2.420 | 2.464 | 1.369 | 0.000 | 0.000 | 0.000 | 1.601 | 1.151
00:02:54.00 | 2.391 | 2.477 | 1.411 | 0.000 | 0.000 | 0.000 | 1.630 | 1.104
00:02:55.00 | 2.395 | 2.505 | 1.399 | 0.000 | 0.000 | 0.000 | 1.720 | 1.094
00:02:56.00 | 2.443 | 2.429 | 1.428 | 0.000 | 0.000 | 0.000 | 1.580 | 1.115
00:02:57.00 | 2.489 | 2.456 | 1.540 | 0.000 | 0.000 | 0.000 | 1.556 | 1.090
00:02:58.00 | 2.377 | 2.429 | 1.784 | 0.000 | 0.000 | 0.000 | 1.602 | 1.144
00:02:59.00 | 2.436 | 2.410 | 2.123 | 0.000 | 0.000 | 0.000 | 1.598 | 1.097
00:03:00.00 | 2.437 | 2.423 | 1.827 | 0.000 | 0.000 | 0.000 | 1.646 | 1.144
00:03:01.00 | 2.465 | 2.472 | 1.565 | 0.000 | 0.000 | 0.000 | 1.745 | 1.086
00:03:02.00 | 2.430 | 2.472 | 1.703 | 0.000 | 0.000 | 0.000 | 1.744 | 1.141
00:03:03.00 | 2.357 | 2.467 | 1.501 | 0.000 | 0.000 | 0.000 | 1.727 | 1.145
00:03:04.00 | 2.496 | 2.465 | 1.522 | 0.000 | 0.000 | 0.000 | 1.652 | 1.093
00:03:05.00 | 2.458 | 2.475 | 1.478 | 0.000 | 0.000 | 0.000 | 1.722 | 1.113
00:03:06.00 | 2.465 | 2.400 | 1.291 | 0.000 | 0.000 | 0.000 | 1.639 | 1.137
00:03:07.00 | 2.392 | 2.452 | 1.217 | 0.000 | 0.000 | 0.000 | 1.750 | 1.148
00:03:08.00 | 2.507 | 2.397 | 1.217 | 0.000 | 0.000 | 0.000 | 1.811 | 1.113
00:03:09.00 | 2.406 | 2.522 | 1.232 | 0.000 | 0.000 | 0.000 | 1.623 | 1.136
00:03:10.00 | 2.417 | 2.469 | 1.209 | 0.000 | 0.000 | 0.000 | 1.597 | 1.088
00:03:11.00 | 2.412 | 2.362 | 1.224 | 0.000 | 0.000 | 0.000 | 1.637 | 1.121
00:03:12.00 | 2.442 | 1.856 | 1.232 | 0.000 | 0.000 | 0.000 | 1.564 | 1.121
00:03:13.00 | 2.420 | 1.295 | 1.210 | 0.000 | 0.000 | 0.000 | 1.641 | 1.082
00:03:14.00 | 2.487 | 1.290 | 1.218 | 0.000 | 0.000 | 0.000 | 1.608 | 1.136
00:03:15.00 | 2.453 | 1.911 | 1.210 | 0.000 | 0.000 | 0.000 | 1.657 | 1.149
00:03:16.00 | 1.748 | 2.438 | 1.212 | 0.000 | 0.000 | 0.000 | 1.573 | 1.152
00:03:17.00 | 2.471 | 2.491 | 1.217 | 0.000 | 0.000 | 0.000 | 1.571 | 1.150
00:03:18.00 | 2.451 | 2.553 | 1.217 | 0.000 | 0.000 | 0.000 | 1.741 | 1.148
00:03:19.00 | 2.423 | 2.271 | 1.226 | 0.000 | 0.000 | 0.000 | 1.748 | 1.115
00:03:20.00 | 2.467 | 2.452 | 1.240 | 0.000 | 0.000 | 0.000 | 1.747 | 1.137
00:03:21.00 | 2.452 | 2.469 | 1.218 | 0.000 | 0.000 | 0.000 | 1.750 | 1.140
00:03:22.00 | 2.416 | 2.467 | 1.219 | 0.000 | 0.000 | 0.000 | 1.625 | 1.130
00:03:23.00 | 2.452 | 2.443 | 1.217 | 0.000 | 0.000 | 0.000 | 1.580 | 1.148
00:03:24.00 | 2.476 | 2.410 | 1.227 | 0.000 | 0.000 | 0.000 | 1.588 | 1.110
00:03:25.00 | 2.444 | 2.533 | 1.219 | 0.000 | 0.000 | 0.000 | 1.776 | 1.167
00:03:26.00 | 2.326 | 2.445 | 1.210 | 0.000 | 0.000 | 0.000 | 1.658 | 1.141
00:03:27.00 | 2.394 | 2.519 | 1.219 | 0.000 | 0.000 | 0.000 | 1.705 | 1.101
00:03:28.00 | 2.471 | 2.454 | 1.251 | 0.000 | 0.000 | 0.000 | 1.691 | 1.149
00:03:29.00 | 2.337 | 2.488 | 1.256 | 0.000 | 0.000 | 0.000 | 1.646 | 1.115
00:03:30.00 | 2.523 | 2.551 | 1.405 | 0.000 | 0.000 | 0.000 | 1.680 | 1.121
00:03:31.00 | 2.403 | 2.523 | 1.302 | 0.000 | 0.000 | 0.000 | 1.649 | 1.133
00:03:32.00 | 2.414 | 2.553 | 1.283 | 0.000 | 0.000 | 0.000 | 1.704 | 1.085
00:03:33.00 | 2.459 | 2.445 | 1.443 | 0.000 | 0.000 | 0.000 | 1.740 | 1.137
00:03:34.00 | 2.452 | 2.470 | 1.751 | 0.000 | 0.000 | 0.000 | 1.776 | 1.123
00:03:35.00 | 2.440 | 2.475 | 1.302 | 0.000 | 0.000 | 0.000 | 1.794 | 1.127
00:03:36.00 | 2.478 | 2.506 | 1.398 | 0.000 | 0.000 | 0.000 | 1.701 | 1.143
00:03:37.00 | 2.496 | 2.488 | 1.395 | 0.000 | 0.000 | 0.000 | 1.581 | 1.140
00:03:38.00 | 2.467 | 2.452 | 1.342 | 0.000 | 0.000 | 0.000 | 1.713 | 1.122
00:03:39.00 | 2.452 | 2.503 | 1.318 | 0.000 | 0.000 | 0.000 | 1.750 | 1.114
00:03:40.00 | 2.329 | 2.403 | 1.329 | 0.000 | 0.000 | 0.000 | 1.661 | 1.130
00:03:41.00 | 2.477 | 2.434 | 1.799 | 0.000 | 0.000 | 0.000 | 1.571 | 1.122
00:03:42.00 | 2.401 | 2.496 | 2.374 | 0.000 | 0.000 | 0.000 | 1.639 | 1.115
00:03:43.00 | 2.512 | 2.512 | 2.375 | 0.000 | 0.000 | 0.000 | 1.623 | 1.157
00:03:44.00 | 2.436 | 2.378 | 2.305 | 0.000 | 0.000 | 0.000 | 1.797 | 1.114
00:03:45.00 | 2.294 | 2.446 | 2.361 | 0.000 | 0.000 | 0.000 | 1.659 | 1.107
00:03:46.00 | 1.748 | 2.459 | 2.247 | 0.000 | 0.000 | 0.000 | 1.664 | 1.113
00:03:47.00 | 1.312 | 2.533 | 2.431 | 0.000 | 0.000 | 0.000 | 1.675 | 1.115
00:03:48.00 | 1.336 | 2.527 | 2.510 | 0.913 | 0.000 | 0.000 | 1.782 | 1.105
00:03:49.00 | 1.293 | 2.485 | 2.408 | 1.386 | 0.000 | 0.000 | 1.587 | 1.224
00:03:50.00 | 1.293 | 2.400 | 2.459 | 1.588 | 0.000 | 0.000 | 1.580 | 1.326
00:03:51.00 | 1.338 | 2.424 | 2.323 | 1.622 | 0.000 | 0.000 | 1.701 | 1.368
00:03:52.00 | 1.287 | 2.439 | 2.541 | 1.643 | 0.000 | 0.000 | 1.744 | 1.320
00:03:53.00 | 1.300 | 2.373 | 2.475 | 1.646 | 0.000 | 0.000 | 1.882 | 1.351
00:03:54.00 | 1.279 | 2.531 | 2.397 | 1.532 | 0.000 | 0.000 | 1.573 | 1.353
00:03:55.00 | 1.284 | 2.467 | 2.305 | 1.421 | 0.000 | 0.000 | 1.639 | 1.333
00:03:56.00 | 1.277 | 2.384 | 2.375 | 1.412 | 0.000 | 0.000 | 1.800 | 1.302
00:03:57.00 | 1.269 | 2.408 | 2.442 | 1.487 | 0.000 | 0.000 | 1.579 | 1.293
00:03:58.00 | 1.279 | 2.463 | 2.481 | 1.582 | 0.000 | 0.000 | 1.574 | 1.312
00:03:59.00 | 1.269 | 2.398 | 2.224 | 1.486 | 0.000 | 0.000 | 1.717 | 1.341
00:04:00.00 | 1.911 | 2.519 | 1.497 | 1.413 | 0.000 | 0.000 | 1.673 | 1.318
00:04:01.00 | 2.477 | 2.443 | 1.353 | 1.318 | 0.000 | 0.000 | 1.664 | 1.302
00:04:02.00 | 2.443 | 2.341 | 1.302 | 1.292 | 0.000 | 0.000 | 1.766 | 1.352
00:04:03.00 | 2.431 | 2.330 | 1.312 | 1.284 | 0.000 | 0.000 | 1.589 | 1.307
00:04:04.00 | 2.498 | 2.385 | 1.302 | 1.294 | 0.000 | 0.000 | 1.725 | 1.344
00:04:05.00 | 2.456 | 2.516 | 1.345 | 1.254 | 0.000 | 0.000 | 1.592 | 1.329
00:04:06.00 | 2.523 | 2.387 | 1.286 | 1.310 | 0.000 | 0.000 | 1.599 | 1.320
00:04:07.00 | 2.407 | 2.502 | 1.310 | 1.319 | 0.000 | 0.000 | 1.681 | 1.356
00:04:08.00 | 2.401 | 2.444 | 1.277 | 1.370 | 0.000 | 0.000 | 1.717 | 1.302
00:04:09.00 | 2.430 | 2.337 | 1.371 | 1.380 | 0.000 | 0.000 | 1.616 | 1.362
00:04:10.00 | 2.376 | 1.836 | 1.362 | 1.329 | 0.000 | 0.000 | 1.648 | 1.320
00:04:11.00 | 2.423 | 1.454 | 1.359 | 1.430 | 0.000 | 0.000 | 1.705 | 1.316
00:04:12.00 | 2.468 | 1.300 | 1.294 | 1.462 | 0.000 | 0.000 | 1.639 | 1.326
00:04:13.00 | 2.445 | 1.318 | 1.294 | 1.387 | 0.000 | 0.000 | 1.590 | 1.320
00:04:14.00 | 2.429 | 1.295 | 1.295 | 1.414 | 0.000 | 0.000 | 1.658 | 1.354
00:04:15.00 | 2.421 | 1.949 | 1.303 | 1.398 | 0.000 | 0.000 | 1.644 | 1.369
00:04:16.00 | 2.408 | 2.511 | 1.334 | 1.411 | 0.000 | 0.000 | 1.672 | 1.310
00:04:17.00 | 2.451 | 2.545 | 1.285 | 1.428 | 0.000 | 0.000 | 1.716 | 1.335
00:04:18.00 | 2.479 | 2.479 | 1.302 | 1.438 | 0.000 | 0.000 | 1.742 | 1.371
00:04:19.00 | 2.406 | 2.480 | 1.304 | 1.406 | 0.000 | 0.000 | 1.666 | 1.362
00:04:20.00 | 2.409 | 2.443 | 1.336 | 1.387 | 0.000 | 0.000 | 1.614 | 1.327
00:04:21.00 | 2.411 | 2.480 | 1.338 | 1.412 | 0.000 | 0.000 | 1.573 | 1.303
00:04:22.00 | 2.436 | 2.478 | 1.317 | 1.335 | 0.000 | 0.000 | 1.752 | 1.319
00:04:23.00 | 2.400 | 2.430 | 1.348 | 1.226 | 0.000 | 0.000 | 1.632 | 1.335
00:04:24.00 | 2.395 | 2.456 | 1.310 | 1.219 | 0.000 | 0.000 | 1.625 | 1.313
00:04:25.00 | 2.045 | 2.460 | 1.293 | 1.226 | 0.000 | 0.000 | 1.596 | 1.300
00:04:26.00 | 1.379 | 2.531 | 1.279 | 1.228 | 0.000 | 0.000 | 1.607 | 1.345
00:04:27.00 | 1.290 | 2.486 | 1.284 | 1.218 | 0.000 | 0.000 | 1.790 | 1.370
00:04:28.00 | 1.289 | 2.458 | 1.354 | 1.221 | 0.000 | 0.000 | 1.830 | 1.347
00:04:29.00 | 1.276 | 2.449 | 1.307 | 1.225 | 0.000 | 0.000 | 1.697 | 1.292
00:04:30.00 | 1.294 | 2.496 | 1.353 | 1.227 | 0.000 | 0.000 | 1.682 | 1.328
00:04:31.00 | 1.342 | 2.429 | 1.341 | 1.218 | 0.000 | 0.000 | 1.696 | 1.355
00:04:32.00 | 1.336 | 2.588 | 1.286 | 1.235 | 0.000 | 0.000 | 1.647 | 1.345
00:04:33.00 | 1.295 | 2.472 | 1.355 | 1.228 | 0.000 | 0.000 | 1.599 | 1.287
00:04:34.00 | 1.775 | 2.442 | 1.277 | 1.233 | 0.000 | 0.000 | 1.647 | 1.334
00:04:35.00 | 2.477 | 2.455 | 1.369 | 0.761 | 0.000 | 0.000 | 1.585 | 1.201
00:04:36.00 | 2.433 | 2.434 | 1.308 | 0.000 | 0.000 | 0.000 | 1.605 | 1.113
00:04:37.00 | 2.436 | 2.465 | 1.310 | 0.000 | 0.000 | 0.000 | 1.645 | 1.129
00:04:38.00 | 2.410 | 2.453 | 1.346 | 0.000 | 0.000 | 0.000 | 1.615 | 1.106
00:04:39.00 | 2.430 | 2.532 | 1.319 | 0.000 | 0.000 | 0.000 | 1.689 | 1.152
00:04:40.00 | 2.444 | 2.436 | 1.297 | 0.000 | 0.000 | 0.000 | 1.675 | 1.129
00:04:41.00 | 2.468 | 2.527 | 1.343 | 0.000 | 0.000 | 0.000 | 1.681 | 1.156
00:04:42.00 | 2.435 | 2.485 | 1.269 | 0.000 | 0.000 | 0.000 | 1.738 | 1.099
00:04:43.00 | 2.407 | 2.390 | 1.284 | 0.000 | 0.000 | 0.000 | 1.680 | 1.139
00:04:44.00 | 2.459 | 2.481 | 1.291 | 0.000 | 0.000 | 0.000 | 1.689 | 1.137
00:04:45.00 | 2.480 | 2.600 | 1.270 | 0.000 | 0.000 | 0.000 | 1.683 | 1.132
00:04:46.00 | 2.412 | 2.479 | 1.413 | 0.000 | 0.000 | 0.000 | 1.781 | 1.136
00:04:47.00 | 2.428 | 2.537 | 1.297 | 0.000 | 0.000 | 0.000 | 1.587 | 1.106
00:04:48.00 | 2.513 | 2.200 | 1.345 | 0.000 | 0.000 | 0.000 | 1.767 | 1.097
00:04:49.00 | 2.443 | 1.530 | 1.303 | 0.000 | 0.000 | 0.000 | 1.644 | 1.136
00:04:50.00 | 2.456 | 1.304 | 1.363 | 0.000 | 0.000 | 0.000 | 1.600 | 1.115
00:04:51.00 | 2.431 | 1.298 | 1.298 | 0.000 | 0.000 | 0.000 | 1.676 | 1.116
00:04:52.00 | 2.406 | 1.341 | 1.283 | 0.000 | 0.000 | 0.000 | 1.761 | 1.106
00:04:53.00 | 2.392 | 1.309 | 1.301 | 0.000 | 0.000 | 0.000 | 1.614 | 1.174
00:04:54.00 | 2.431 | 1.822 | 1.291 | 0.000 | 0.000 | 0.000 | 1.698 | 1.116
00:04:55.00 | 2.423 | 2.491 | 1.316 | 0.000 | 0.000 | 0.000 | 1.654 | 1.121
00:04:56.00 | 2.519 | 2.505 | 1.298 | 0.000 | 0.000 | 0.000 | 1.704 | 1.152
00:04:57.00 | 2.429 | 2.458 | 1.334 | 0.000 | 0.000 | 0.000 | 1.638 | 1.114
00:04:58.00 | 2.450 | 2.501 | 1.376 | 0.000 | 0.000 | 0.000 | 1.663 | 1.104
00:04:59.00 | 2.446 | 2.549 | 1.313 | 0.000 | 0.000 | 0.000 | 1.589 | 1.108
00:05:00.00 | 2.348 | 2.501 | 1.305 | 0.000 | 0.000 | 0.000 | 1.585 | 1.160
00:05:01.00 | 2.457 | 2.479 | 1.311 | 0.000 | 0.000 | 0.000 | 1.862 | 1.100
00:05:02.00 | 2.475 | 2.492 | 1.300 | 0.000 | 0.000 | 0.000 | 1.579 | 1.095
00:05:03.00 | 2.446 | 2.519 | 1.306 | 0.000 | 0.000 | 0.000 | 1.735 | 1.131
00:05:04.00 | 2.466 | 2.452 | 1.298 | 0.000 | 0.000 | 0.000 | 1.646 | 1.115
00:05:05.00 | 2.399 | 2.485 | 1.344 | 0.000 | 0.000 | 0.000 | 1.740 | 1.096
00:05:06.00 | 2.464 | 2.515 | 1.310 | 0.000 | 0.000 | 0.000 | 1.587 | 1.136
00:05:07.00 | 2.469 | 2.504 | 1.301 | 0.000 | 0.000 | 0.000 | 1.742 | 1.123
00:05:08.00 | 2.459 | 2.517 | 1.348 | 0.000 | 0.000 | 0.000 | 1.610 | 1.166
00:05:09.00 | 2.324 | 2.442 | 1.318 | 0.000 | 0.000 | 0.000 | 1.757 | 1.097
00:05:10.00 | 2.297 | 2.478 | 1.303 | 0.000 | 0.000 | 0.000 | 1.644 | 1.165
00:05:11.00 | 2.409 | 2.452 | 1.301 | 0.000 | 0.000 | 0.000 | 1.639 | 1.122
00:05:12.00 | 2.459 | 2.517 | 1.291 | 0.000 | 0.000 | 0.000 | 1.580 | 1.123
00:05:13.00 | 2.459 | 2.452 | 1.291 | 0.000 | 0.000 | 0.000 | 1.639 | 1.159
00:05:14.00 | 2.445 | 2.471 | 1.294 | 0.000 | 0.000 | 0.000 | 1.624 | 1.132
00:05:15.00 | 2.519 | 2.547 | 1.294 | 0.000 | 0.000 | 0.000 | 1.700 | 1.113
00:05:16.00 | 2.302 | 2.506 | 1.306 | 0.000 | 0.000 | 0.000 | 1.641 | 1.124
00:05:17.00 | 2.429 | 2.497 | 1.302 | 0.000 | 0.000 | 0.000 | 1.819 | 1.089
00:05:18.00 | 2.377 | 2.515 | 1.326 | 0.000 | 0.000 | 0.000 | 1.754 | 1.085
00:05:19.00 | 2.363 | 2.490 | 1.303 | 0.000 | 0.000 | 0.000 | 1.709 | 1.133
00:05:20.00 | 2.430 | 2.496 | 1.305 | 0.000 | 0.000 | 0.000 | 1.625 | 1.115
00:05:21.00 | 2.371 | 2.394 | 1.304 | 0.000 | 0.000 | 0.000 | 1.769 | 1.115
00:05:22.00 | 2.392 | 2.460 | 1.852 | 0.000 | 0.000 | 0.000 | 1.606 | 1.131
00:05:23.00 | 2.434 | 2.485 | 2.456 | 0.000 | 0.000 | 0.000 | 1.586 | 1.128
00:05:24.00 | 2.456 | 2.541 | 2.472 | 0.000 | 0.000 | 0.000 | 1.668 | 1.141
00:05:25.00 | 2.402 | 2.489 | 2.417 | 0.000 | 0.000 | 0.000 | 1.618 | 1.115
00:05:26.00 | 2.495 | 2.546 | 2.406 | 0.000 | 0.000 | 0.000 | 1.667 | 1.115
00:05:27.00 | 2.421 | 2.420 | 2.411 | 0.000 | 0.000 | 0.000 | 1.742 | 1.123
00:05:28.00 | 1.836 | 2.430 | 2.416 | 0.000 | 0.000 | 0.000 | 1.675 | 1.137
00:05:29.00 | 1.457 | 2.483 | 2.371 | 0.000 | 0.000 | 0.000 | 1.914 | 1.107
00:05:30.00 | 1.290 | 2.522 | 2.473 | 0.000 | 0.000 | 0.000 | 1.653 | 1.114
00:05:31.00 | 1.286 | 2.124 | 2.402 | 0.000 | 0.000 | 0.000 | 1.691 | 1.140
00:05:32.00 | 1.271 | 1.720 | 2.336 | 0.000 | 0.000 | 0.000 | 1.733 | 1.145
00:05:33.00 | 1.287 | 1.295 | 2.404 | 0.000 | 0.000 | 0.000 | 1.727 | 1.133
00:05:34.00 | 1.287 | 1.308 | 2.450 | 0.000 | 0.000 | 0.000 | 1.679 | 1.095
00:05:35.00 | 1.278 | 1.310 | 2.393 | 0.000 | 0.000 | 0.000 | 1.725 | 1.149
00:05:36.00 | 1.292 | 1.312 | 2.453 | 0.000 | 0.000 | 0.000 | 1.647 | 1.116
00:05:37.00 | 1.891 | 1.309 | 2.419 | 0.000 | 0.000 | 0.000 | 1.622 | 1.143
00:05:38.00 | 2.451 | 1.292 | 2.516 | 0.000 | 0.000 | 0.000 | 1.638 | 1.139
00:05:39.00 | 2.407 | 1.348 | 2.502 | 0.000 | 0.000 | 0.000 | 1.718 | 1.099
00:05:40.00 | 2.490 | 1.298 | 2.315 | 0.000 | 0.000 | 0.000 | 1.762 | 1.160
00:05:41.00 | 2.375 | 1.293 | 2.282 | 0.000 | 0.000 | 0.000 | 1.698 | 1.122
00:05:42.00 | 2.435 | 1.297 | 2.363 | 0.000 | 0.000 | 0.000 | 1.775 | 1.129
00:05:43.00 | 2.487 | 1.286 | 2.351 | 0.000 | 0.000 | 0.000 | 1.589 | 1.106
00:05:44.00 | 2.480 | 1.284 | 2.284 | 0.000 | 0.000 | 0.000 | 1.689 | 1.108
00:05:45.00 | 2.470 | 1.300 | 2.448 | 0.000 | 0.000 | 0.000 | 1.728 | 1.131
00:05:46.00 | 2.495 | 1.301 | 2.343 | 0.000 | 0.000 | 0.000 | 1.598 | 1.140
00:05:47.00 | 2.548 | 1.298 | 2.387 | 0.000 | 0.000 | 0.000 | 1.647 | 1.101
00:05:48.00 | 2.427 | 1.302 | 2.343 | 0.000 | 0.000 | 0.000 | 1.598 | 1.098
00:05:49.00 | 2.430 | 1.298 | 2.343 | 0.000 | 0.000 | 0.000 | 1.645 | 1.144
00:05:50.00 | 2.411 | 1.303 | 2.433 | 0.000 | 0.000 | 0.000 | 1.671 | 1.128
00:05:51.00 | 2.486 | 1.301 | 2.367 | 0.000 | 0.000 | 0.000 | 1.707 | 1.113
00:05:52.00 | 2.437 | 1.900 | 2.292 | 0.000 | 0.000 | 0.000 | 1.705 | 1.122
00:05:53.00 | 2.455 | 2.430 | 2.218 | 0.000 | 0.000 | 0.000 | 1.625 | 1.132
00:05:54.00 | 2.442 | 2.558 | 2.362 | 0.000 | 0.000 | 0.000 | 1.607 | 1.121
00:05:55.00 | 2.494 | 2.597 | 2.316 | 0.000 | 0.000 | 0.000 | 1.700 | 1.122
00:05:56.00 | 2.375 | 2.499 | 2.382 | 0.000 | 0.000 | 0.000 | 1.599 | 1.128
00:05:57.00 | 2.445 | 2.478 | 2.325 | 0.000 | 0.000 | 0.000 | 1.785 | 1.149
00:05:58.00 | 2.407 | 2.488 | 2.298 | 0.000 | 0.000 | 0.000 | 1.645 | 1.129
00:05:59.00 | 2.419 | 2.384 | 2.391 | 0.000 | 0.000 | 0.000 | 1.688 | 1.128
00:06:00.00 | 2.444 | 2.503 | 2.256 | 0.000 | 0.000 | 0.000 | 1.630 | 1.081
00:06:01.00 | 2.419 | 2.469 | 2.462 | 0.000 | 0.000 | 0.000 | 1.933 | 1.099
00:06:02.00 | 2.503 | 2.528 | 2.494 | 0.000 | 0.000 | 0.000 | 1.665 | 1.105
00:06:03.00 | 2.401 | 2.460 | 2.307 | 0.000 | 0.000 | 0.000 | 1.800 | 1.148
00:06:04.00 | 2.474 | 2.438 | 2.271 | 0.000 | 0.000 | 0.000 | 1.610 | 1.094
00:06:05.00 | 2.499 | 2.485 | 2.340 | 0.000 | 0.000 | 0.000 | 1.890 | 1.135
00:06:06.00 | 2.444 | 2.461 | 2.376 | 0.000 | 0.000 | 0.000 | 1.623 | 1.123
00:06:07.00 | 2.435 | 2.391 | 2.326 | 0.000 | 0.000 | 0.000 | 1.702 | 1.084
00:06:08.00 | 2.480 | 2.522 | 2.377 | 0.127 | 0.000 | 0.000 | 1.599 | 1.115
00:06:09.00 | 2.417 | 2.443 | 2.451 | 1.226 | 0.000 | 0.000 | 1.597 | 1.183
00:06:10.00 | 2.360 | 2.529 | 2.232 | 1.648 | 0.000 | 0.000 | 1.581 | 1.310
00:06:11.00 | 2.540 | 2.445 | 2.364 | 1.603 | 0.000 | 0.000 | 1.676 | 1.364
00:06:12.00 | 2.435 | 2.486 | 2.367 | 1.633 | 0.000 | 0.000 | 1.758 | 1.360
00:06:13.00 | 2.340 | 2.416 | 2.187 | 1.664 | 0.000 | 0.000 | 1.688 | 1.293
00:06:14.00 | 2.563 | 2.436 | 2.427 | 1.556 | 0.000 | 0.000 | 1.632 | 1.352
00:06:15.00 | 2.422 | 2.486 | 2.384 | 1.514 | 0.000 | 0.000 | 2.030 | 1.277
00:06:16.00 | 2.460 | 2.479 | 2.266 | 1.404 | 0.000 | 0.000 | 1.632 | 1.345
00:06:17.00 | 2.497 | 2.453 | 2.419 | 1.455 | 0.000 | 0.000 | 1.734 | 1.311
00:06:18.00 | 2.392 | 2.427 | 2.376 | 1.463 | 0.000 | 0.000 | 1.631 | 1.327
00:06:19.00 | 2.418 | 2.477 | 2.427 | 1.487 | 0.000 | 0.000 | 1.767 | 1.318
00:06:20.00 | 2.493 | 2.442 | 2.332 | 1.420 | 0.000 | 0.000 | 1.594 | 1.319
00:06:21.00 | 2.059 | 2.431 | 2.337 | 1.371 | 0.000 | 0.000 | 1.736 | 1.296
00:06:22.00 | 1.732 | 2.552 | 2.281 | 1.318 | 0.000 | 0.000 | 1.740 | 1.378
00:06:23.00 | 2.488 | 2.497 | 2.378 | 1.252 | 0.000 | 0.000 | 1.632 | 1.345
00:06:24.00 | 2.500 | 2.282 | 2.397 | 1.332 | 0.000 | 0.000 | 1.622 | 1.317
00:06:25.00 | 2.482 | 2.456 | 2.328 | 1.320 | 0.000 | 0.000 | 1.658 | 1.354
00:06:26.00 | 2.513 | 2.454 | 2.343 | 1.302 | 0.000 | 0.000 | 1.674 | 1.336
00:06:27.00 | 2.304 | 2.059 | 2.278 | 1.282 | 0.000 | 0.000 | 1.729 | 1.315
00:06:28.00 | 2.469 | 1.606 | 2.385 | 1.328 | 0.000 | 0.000 | 1.606 | 1.345
00:06:29.00 | 2.478 | 1.301 | 2.156 | 1.420 | 0.000 | 0.000 | 1.606 | 1.319
00:06:30.00 | 2.487 | 1.309 | 1.836 | 1.328 | 0.000 | 0.000 | 1.589 | 1.301
00:06:31.00 | 2.388 | 1.285 | 1.400 | 1.393 | 0.000 | 0.000 | 1.966 | 1.298
00:06:32.00 | 2.496 | 1.302 | 1.353 | 1.487 | 0.000 | 0.000 | 1.624 | 1.353
00:06:33.00 | 2.460 | 1.293 | 1.317 | 1.393 | 0.000 | 0.000 | 1.597 | 1.310
00:06:34.00 | 2.438 | 1.861 | 1.302 | 1.437 | 0.000 | 0.000 | 1.632 | 1.320
00:06:35.00 | 2.437 | 2.509 | 1.297 | 1.413 | 0.000 | 0.000 | 1.610 | 1.341
00:06:36.00 | 2.467 | 2.474 | 1.299 | 1.426 | 0.000 | 0.000 | 1.611 | 1.308
00:06:37.00 | 2.428 | 2.471 | 1.286 | 1.404 | 0.000 | 0.000 | 1.632 | 1.328
00:06:38.00 | 2.471 | 2.411 | 1.362 | 1.480 | 0.000 | 0.000 | 1.708 | 1.319
00:06:39.00 | 2.521 | 2.520 | 1.302 | 1.419 | 0.000 | 0.000 | 1.672 | 1.331
00:06:40.00 | 2.433 | 2.527 | 1.300 | 1.435 | 0.000 | 0.000 | 1.588 | 1.361
00:06:41.00 | 2.478 | 2.469 | 1.310 | 1.429 | 0.000 | 0.000 | 1.657 | 1.344
00:06:42.00 | 2.479 | 2.547 | 1.337 | 1.379 | 0.000 | 0.000 | 1.590 | 1.353
00:06:43.00 | 2.415 | 2.480 | 1.770 | 1.269 | 0.000 | 0.000 | 1.812 | 1.355
00:06:44.00 | 2.477 | 2.503 | 2.400 | 1.235 | 0.000 | 0.000 | 1.665 | 1.328
00:06:45.00 | 2.325 | 2.538 | 2.470 | 1.227 | 0.000 | 0.000 | 1.649 | 1.336
00:06:46.00 | 2.393 | 2.411 | 2.436 | 1.227 | 0.000 | 0.000 | 1.690 | 1.328
00:06:47.00 | 2.455 | 2.507 | 2.382 | 1.260 | 0.000 | 0.000 | 1.622 | 1.340
00:06:48.00 | 2.469 | 2.520 | 2.443 | 1.200 | 0.000 | 0.000 | 1.580 | 1.343
00:06:49.00 | 2.430 | 2.405 | 2.465 | 1.216 | 0.000 | 0.000 | 1.637 | 1.333
00:06:50.00 | 2.441 | 2.482 | 2.389 | 1.241 | 0.000 | 0.000 | 1.688 | 1.342
00:06:51.00 | 2.214 | 2.490 | 2.373 | 1.250 | 0.000 | 0.000 | 1.596 | 1.321
00:06:52.00 | 1.656 | 2.441 | 2.450 | 1.208 | 0.000 | 0.000 | 1.816 | 1.343
00:06:53.00 | 1.295 | 2.455 | 2.378 | 1.228 | 0.000 | 0.000 | 1.650 | 1.320
00:06:54.00 | 1.300 | 2.468 | 2.468 | 1.234 | 0.000 | 0.000 | 1.648 | 1.284
00:06:55.00 | 1.279 | 2.515 | 2.498 | 1.422 | 0.000 | 0.000 | 1.694 | 1.346
00:06:56.00 | 1.275 | 2.404 | 2.506 | 0.195 | 0.000 | 0.000 | 1.672 | 1.127
00:06:57.00 | 1.286 | 2.462 | 2.360 | 0.000 | 0.000 | 0.000 | 1.632 | 1.123
00:06:58.00 | 1.281 | 2.496 | 2.439 | 0.000 | 0.000 | 0.000 | 1.721 | 1.090
00:06:59.00 | 1.297 | 2.487 | 2.487 | 0.000 | 0.000 | 0.000 | 1.609 | 1.129
00:07:00.00 | 1.329 | 2.546 | 2.445 | 0.000 | 0.000 | 0.000 | 1.572 | 1.124
00:07:01.00 | 1.305 | 2.494 | 2.444 | 0.000 | 0.000 | 0.000 | 1.790 | 1.115
00:07:02.00 | 1.287 | 2.430 | 2.505 | 0.000 | 0.000 | 0.000 | 1.667 | 1.090
00:07:03.00 | 1.333 | 2.457 | 2.442 | 0.000 | 0.000 | 0.000 | 1.666 | 1.106
00:07:04.00 | 1.280 | 2.457 | 2.448 | 0.000 | 0.000 | 0.000 | 1.608 | 1.116
00:07:05.00 | 1.682 | 2.444 | 2.459 | 0.000 | 0.000 | 0.000 | 1.748 | 1.108
00:07:06.00 | 2.478 | 2.554 | 2.282 | 0.000 | 0.000 | 0.000 | 1.690 | 1.122
00:07:07.00 | 2.477 | 2.446 | 2.432 | 0.000 | 0.000 | 0.000 | 1.785 | 1.153
00:07:08.00 | 2.462 | 2.479 | 2.428 | 0.000 | 0.000 | 0.000 | 1.631 | 1.114
00:07:09.00 | 2.462 | 2.440 | 2.433 | 0.000 | 0.000 | 0.000 | 1.600 | 1.077
00:07:10.00 | 2.463 | 2.437 | 2.420 | 0.000 | 0.000 | 0.000 | 1.735 | 1.115
00:07:11.00 | 2.492 | 2.499 | 2.006 | 0.000 | 0.000 | 0.000 | 1.629 | 1.136
00:07:12.00 | 2.437 | 2.497 | 1.514 | 0.000 | 0.000 | 0.000 | 1.709 | 1.141
00:07:13.00 | 2.414 | 2.396 | 1.319 | 0.000 | 0.000 | 0.000 | 1.803 | 1.099
00:07:14.00 | 2.485 | 2.500 | 1.303 | 0.000 | 0.000 | 0.000 | 1.630 | 1.136
00:07:15.00 | 2.251 | 2.403 | 1.310 | 0.000 | 0.000 | 0.000 | 1.684 | 1.081
00:07:16.00 | 2.396 | 2.515 | 1.287 | 0.000 | 0.000 | 0.000 | 1.735 | 1.107
00:07:17.00 | 2.475 | 2.379 | 1.340 | 0.000 | 0.000 | 0.000 | 1.842 | 1.137
00:07:18.00 | 2.502 | 2.476 | 1.333 | 0.000 | 0.000 | 0.000 | 1.681 | 1.105
00:07:19.00 | 2.421 | 1.872 | 1.303 | 0.000 | 0.000 | 0.000 | 1.626 | 1.132
00:07:20.00 | 2.458 | 1.470 | 1.311 | 0.000 | 0.000 | 0.000 | 1.711 | 1.137
00:07:21.00 | 2.446 | 1.328 | 1.318 | 0.000 | 0.000 | 0.000 | 1.565 | 1.116
00:07:22.00 | 2.456 | 1.321 | 1.363 | 0.000 | 0.000 | 0.000 | 1.609 | 1.124
00:07:23.00 | 2.460 | 1.291 | 1.292 | 0.000 | 0.000 | 0.000 | 1.625 | 1.093
00:07:24.00 | 2.465 | 1.804 | 1.297 | 0.000 | 0.000 | 0.000 | 1.623 | 1.121
00:07:25.00 | 2.459 | 1.807 | 1.309 | 0.000 | 0.000 | 0.000 | 1.749 | 1.122
00:07:26.00 | 2.443 | 0.971 | 1.311 | 0.000 | 0.000 | 0.000 | 1.616 | 0.912
00:07:27.00 | 2.470 | 0.972 | 1.313 | 0.000 | 0.000 | 0.000 | 1.648 | 0.972
00:07:28.00 | 2.403 | 0.981 | 1.327 | 0.000 | 0.000 | 0.000 | 1.794 | 0.954
00:07:29.00 | 2.495 | 0.956 | 1.318 | 0.000 | 0.000 | 0.000 | 1.674 | 0.896
00:07:30.00 | 2.324 | 1.039 | 1.300 | 0.000 | 0.000 | 0.000 | 1.664 | 0.876
00:07:31.00 | 2.494 | 1.457 | 1.319 | 0.000 | 0.000 | 0.000 | 1.609 | 0.941
00:07:32.00 | 2.465 | 1.028 | 1.326 | 0.000 | 0.000 | 0.000 | 1.645 | 0.918
00:07:33.00 | 2.471 | 0.972 | 1.302 | 0.000 | 0.000 | 0.000 | 1.675 | 0.911
00:07:34.00 | 2.451 | 1.152 | 1.341 | 0.000 | 0.000 | 0.000 | 1.610 | 0.911
00:07:35.00 | 2.441 | 1.325 | 1.885 | 0.000 | 0.000 | 0.000 | 1.622 | 0.884
00:07:36.00 | 2.130 | 0.216 | 2.341 | 0.000 | 0.000 | 0.000 | 1.609 | 0.904
00:07:37.00 | 1.684 | 0.000 | 2.514 | 0.000 | 0.000 | 0.000 | 1.598 | 0.894
00:07:38.00 | 1.305 | 0.000 | 2.379 | 0.000 | 0.000 | 0.000 | 1.610 | 0.883
00:07:39.00 | 1.291 | 0.000 | 2.372 | 0.000 | 0.000 | 0.000 | 1.675 | 0.904
00:07:40.00 | 1.287 | 0.000 | 2.405 | 0.000 | 0.000 | 0.000 | 1.591 | 0.886
00:07:41.00 | 1.291 | 0.000 | 2.495 | 0.000 | 0.000 | 0.000 | 1.580 | 0.919
00:07:42.00 | 1.327 | 0.000 | 2.430 | 0.000 | 0.000 | 0.000 | 1.798 | 0.875
00:07:43.00 | 1.287 | 0.000 | 2.386 | 0.000 | 0.000 | 0.000 | 1.718 | 0.920
00:07:44.00 | 1.290 | 0.000 | 2.385 | 0.000 | 0.000 | 0.000 | 1.652 | 0.933
00:07:45.00 | 1.283 | 0.000 | 2.458 | 0.000 | 0.000 | 0.000 | 1.659 | 0.881
00:07:46.00 | 1.278 | 0.000 | 2.419 | 0.000 | 0.000 | 0.000 | 1.648 | 0.928
00:07:47.00 | 1.292 | 0.000 | 2.490 | 0.000 | 0.000 | 0.000 | 1.618 | 0.920
00:07:48.00 | 1.292 | 0.000 | 2.409 | 0.000 | 0.000 | 0.000 | 1.640 | 0.912
00:07:49.00 | 1.309 | 0.000 | 2.401 | 0.000 | 0.000 | 0.000 | 1.632 | 0.876
00:07:50.00 | 1.284 | 0.000 | 2.428 | 0.000 | 0.000 | 0.000 | 1.602 | 0.911
00:07:51.00 | 1.284 | 0.000 | 2.305 | 0.000 | 0.000 | 0.000 | 1.659 | 0.889
00:07:52.00 | 1.271 | 0.000 | 2.394 | 0.000 | 0.000 | 0.000 | 1.599 | 0.920
00:07:53.00 | 1.802 | 0.000 | 2.419 | 0.000 | 0.000 | 0.000 | 1.648 | 0.905
00:07:54.00 | 2.386 | 0.000 | 2.461 | 0.000 | 0.000 | 0.000 | 1.734 | 0.902
00:07:55.00 | 2.481 | 0.000 | 2.532 | 0.000 | 0.000 | 0.000 | 1.674 | 0.881
00:07:56.00 | 2.415 | 0.000 | 2.458 | 0.000 | 0.000 | 0.000 | 1.580 | 0.905
00:07:57.00 | 2.462 | 0.000 | 2.385 | 0.000 | 0.000 | 0.000 | 1.853 | 0.920
00:07:58.00 | 2.423 | 0.000 | 2.431 | 0.000 | 0.000 | 0.000 | 1.581 | 0.882
00:07:59.00 | 2.400 | 0.000 | 2.421 | 0.000 | 0.000 | 0.000 | 1.631 | 0.926
00:08:00.00 | 2.519 | 0.000 | 2.434 | 0.000 | 0.000 | 0.000 | 1.631 | 0.885
00:08:01.00 | 2.436 | 0.000 | 2.458 | 0.000 | 0.000 | 0.000 | 1.608 | 0.911
00:08:02.00 | 2.471 | 0.000 | 2.412 | 0.000 | 0.000 | 0.000 | 1.624 | 0.903
00:08:03.00 | 2.412 | 0.000 | 2.383 | 0.000 | 0.000 | 0.000 | 1.772 | 0.899
00:08:04.00 | 2.448 | 0.000 | 2.379 | 0.000 | 0.000 | 0.000 | 1.659 | 0.895
00:08:05.00 | 2.418 | 0.000 | 2.440 | 0.000 | 0.000 | 0.000 | 1.706 | 0.898
00:08:06.00 | 2.510 | 0.000 | 2.473 | 0.000 | 0.000 | 0.000 | 1.710 | 0.926
00:08:07.00 | 2.355 | 0.000 | 2.448 | 0.000 | 0.000 | 0.000 | 1.685 | 0.938
00:08:08.00 | 2.510 | 0.000 | 2.465 | 0.000 | 0.000 | 0.000 | 1.623 | 0.890
00:08:09.00 | 2.404 | 0.525 | 2.472 | 0.000 | 0.000 | 0.000 | 1.787 | 0.920
00:08:10.00 | 2.294 | 1.329 | 2.498 | 0.000 | 0.000 | 0.000 | 1.647 | 0.985
00:08:11.00 | 2.543 | 1.601 | 2.420 | 0.000 | 0.000 | 0.000 | 1.644 | 1.136
00:08:12.00 | 2.416 | 1.605 | 2.383 | 0.000 | 0.000 | 0.000 | 1.613 | 1.148
00:08:13.00 | 2.430 | 1.669 | 2.445 | 0.000 | 0.000 | 0.000 | 1.734 | 1.107
00:08:14.00 | 2.469 | 1.643 | 2.419 | 0.000 | 0.000 | 0.000 | 1.702 | 1.135
00:08:15.00 | 2.382 | 1.554 | 2.214 | 0.000 | 0.000 | 0.000 | 1.893 | 1.113
00:08:16.00 | 2.433 | 1.477 | 1.775 | 0.000 | 0.000 | 0.000 | 1.615 | 1.150
00:08:17.00 | 2.432 | 1.444 | 1.299 | 0.000 | 0.000 | 0.000 | 1.663 | 1.129
00:08:18.00 | 2.421 | 1.537 | 1.791 | 0.000 | 0.000 | 0.000 | 1.595 | 1.107
00:08:19.00 | 2.450 | 1.558 | 2.435 | 0.000 | 0.000 | 0.000 | 1.747 | 1.136
00:08:20.00 | 2.329 | 1.426 | 2.474 | 0.000 | 0.000 | 0.000 | 1.628 | 1.129
00:08:21.00 | 2.429 | 1.399 | 2.422 | 0.000 | 0.000 | 0.000 | 1.791 | 1.129
00:08:22.00 | 2.476 | 1.342 | 2.442 | 0.000 | 0.000 | 0.000 | 1.622 | 1.139
00:08:23.00 | 2.405 | 1.275 | 2.463 | 0.000 | 0.000 | 0.000 | 1.651 | 1.143
00:08:24.00 | 2.472 | 1.278 | 2.497 | 0.000 | 0.000 | 0.000 | 1.701 | 1.150
00:08:25.00 | 2.450 | 1.312 | 2.509 | 0.000 | 0.000 | 0.000 | 1.813 | 1.115
00:08:26.00 | 2.488 | 1.319 | 2.452 | 0.000 | 0.000 | 0.000 | 1.718 | 1.129
00:08:27.00 | 2.566 | 1.286 | 2.446 | 0.000 | 0.000 | 0.000 | 1.810 | 1.124
00:08:28.00 | 2.178 | 1.298 | 2.527 | 0.000 | 0.000 | 0.000 | 1.727 | 1.093
00:08:29.00 | 1.823 | 1.343 | 2.375 | 0.000 | 0.000 | 0.000 | 1.582 | 1.139
00:08:30.00 | 1.292 | 1.275 | 2.441 | 0.000 | 0.000 | 0.000 | 1.858 | 1.113
00:08:31.00 | 1.770 | 1.371 | 2.475 | 0.000 | 0.000 | 0.000 | 1.697 | 1.145
00:08:32.00 | 2.467 | 1.412 | 2.511 | 0.000 | 0.000 | 0.000 | 1.631 | 1.113
00:08:33.00 | 2.466 | 1.464 | 2.438 | 0.000 | 0.000 | 0.000 | 1.603 | 1.152
00:08:34.00 | 2.466 | 1.378 | 2.430 | 0.000 | 0.000 | 0.000 | 1.661 | 1.145
00:08:35.00 | 2.468 | 1.396 | 2.478 | 0.000 | 0.000 | 0.000 | 1.615 | 1.148
00:08:36.00 | 2.486 | 1.413 | 2.428 | 0.000 | 0.000 | 0.000 | 1.710 | 1.107
00:08:37.00 | 2.479 | 1.383 | 2.449 | 0.000 | 0.000 | 0.000 | 1.608 | 1.151
00:08:38.00 | 2.377 | 1.420 | 2.419 | 0.000 | 0.000 | 0.000 | 1.699 | 1.158
00:08:39.00 | 2.421 | 1.449 | 2.473 | 0.000 | 0.000 | 0.000 | 1.696 | 1.137
00:08:40.00 | 2.399 | 1.469 | 2.467 | 0.000 | 0.000 | 0.000 | 1.723 | 1.139
00:08:41.00 | 2.472 | 1.384 | 2.419 | 0.000 | 0.000 | 0.000 | 1.652 | 1.091
00:08:42.00 | 2.417 | 1.364 | 2.417 | 0.000 | 0.000 | 0.000 | 1.757 | 1.145
00:08:43.00 | 2.464 | 1.346 | 2.421 | 0.000 | 0.000 | 0.000 | 1.718 | 1.124
00:08:44.00 | 2.437 | 1.197 | 2.460 | 0.000 | 0.000 | 0.000 | 1.712 | 1.108
00:08:45.00 | 2.421 | 1.239 | 2.413 | 0.000 | 0.000 | 0.000 | 1.746 | 1.121
00:08:46.00 | 2.426 | 1.218 | 2.504 | 0.000 | 0.000 | 0.000 | 1.640 | 1.131
00:08:47.00 | 2.442 | 1.210 | 2.340 | 0.000 | 0.000 | 0.000 | 1.652 | 1.091
00:08:48.00 | 2.470 | 1.225 | 2.463 | 0.000 | 0.000 | 0.000 | 1.745 | 1.113
00:08:49.00 | 2.488 | 1.219 | 2.437 | 0.000 | 0.000 | 0.000 | 1.582 | 1.106
00:08:50.00 | 2.424 | 1.212 | 2.424 | 0.000 | 0.000 | 0.000 | 1.633 | 1.115
00:08:51.00 | 2.497 | 1.210 | 2.464 | 0.000 | 0.000 | 0.000 | 1.650 | 1.141
00:08:52.00 | 2.408 | 1.212 | 2.452 | 0.000 | 0.000 | 0.000 | 1.755 | 1.130
00:08:53.00 | 2.341 | 1.211 | 2.494 | 0.000 | 0.000 | 0.000 | 1.602 | 1.121
00:08:54.00 | 2.462 | 1.431 | 2.430 | 0.000 | 0.000 | 0.000 | 1.692 | 1.132
00:08:55.00 | 2.537 | 1.384 | 2.391 | 0.000 | 0.000 | 0.000 | 1.587 | 1.121
00:08:56.00 | 2.419 | 1.378 | 2.445 | 0.000 | 0.000 | 0.000 | 1.766 | 1.106
00:08:57.00 | 2.401 | 1.413 | 2.489 | 0.000 | 0.000 | 0.000 | 1.697 | 1.093
00:08:58.00 | 2.402 | 1.545 | 2.417 | 0.000 | 0.000 | 0.000 | 1.662 | 1.109
00:08:59.00 | 2.387 | 1.481 | 2.447 | 0.000 | 0.000 | 0.000 | 1.641 | 1.132
00:09:00.00 | 2.369 | 1.528 | 2.433 | 0.000 | 0.000 | 0.000 | 1.686 | 1.069
00:09:01.00 | 2.434 | 1.505 | 2.477 | 0.000 | 0.000 | 0.000 | 1.730 | 1.113
00:09:02.00 | 2.395 | 1.387 | 2.420 | 0.000 | 0.000 | 0.000 | 1.642 | 1.124
00:09:03.00 | 2.452 | 1.370 | 2.400 | 0.000 | 0.000 | 0.000 | 1.609 | 1.093
00:09:04.00 | 2.445 | 1.343 | 2.444 | 0.000 | 0.000 | 0.000 | 1.590 | 1.114
00:09:05.00 | 2.450 | 1.355 | 2.464 | 0.000 | 0.000 | 0.000 | 1.630 | 1.151
00:09:06.00 | 2.427 | 1.377 | 2.478 | 0.000 | 0.000 | 0.000 | 1.656 | 1.096
00:09:07.00 | 2.450 | 1.398 | 2.285 | 0.000 | 0.000 | 0.000 | 1.660 | 1.129
00:09:08.00 | 2.467 | 1.349 | 1.858 | 0.000 | 0.000 | 0.000 | 1.646 | 1.115
00:09:09.00 | 2.420 | 1.352 | 1.286 | 0.000 | 0.000 | 0.000 | 1.624 | 1.132
00:09:10.00 | 2.471 | 1.383 | 1.324 | 0.000 | 0.000 | 0.000 | 1.710 | 1.084
00:09:11.00 | 2.420 | 1.354 | 1.296 | 0.000 | 0.000 | 0.000 | 1.731 | 1.128
00:09:12.00 | 2.507 | 1.542 | 1.355 | 0.000 | 0.000 | 0.000 | 1.735 | 1.141
00:09:13.00 | 2.411 | 1.275 | 1.317 | 0.000 | 0.000 | 0.000 | 1.637 | 1.121
00:09:14.00 | 2.408 | 1.208 | 1.309 | 0.000 | 0.000 | 0.000 | 1.613 | 1.095
00:09:15.00 | 2.441 | 1.206 | 1.307 | 0.000 | 0.000 | 0.000 | 1.663 | 1.146
00:09:16.00 | 2.494 | 1.211 | 1.311 | 0.000 | 0.000 | 0.000 | 1.616 | 1.114
00:09:17.00 | 2.525 | 1.182 | 1.285 | 0.000 | 0.000 | 0.000 | 1.596 | 1.095
00:09:18.00 | 2.425 | 1.198 | 1.313 | 0.000 | 0.000 | 0.000 | 1.728 | 1.123
00:09:19.00 | 2.413 | 1.210 | 1.303 | 0.000 | 0.000 | 0.000 | 1.709 | 1.122
00:09:20.00 | 2.284 | 1.219 | 1.302 | 0.000 | 0.000 | 0.000 | 1.937 | 1.158
00:09:21.00 | 2.402 | 1.220 | 1.293 | 0.000 | 0.000 | 0.000 | 1.676 | 1.094
00:09:22.00 | 2.287 | 1.238 | 1.316 | 0.000 | 0.000 | 0.000 | 1.693 | 1.134
00:09:23.00 | 2.411 | 1.201 | 1.360 | 0.000 | 0.000 | 0.000 | 1.640 | 1.079
00:09:24.00 | 2.415 | 1.204 | 1.812 | 0.000 | 0.000 | 0.000 | 1.595 | 1.107
00:09:25.00 | 1.817 | 1.191 | 2.485 | 0.000 | 0.000 | 0.000 | 1.757 | 1.131
00:09:26.00 | 1.994 | 1.225 | 2.428 | 0.000 | 0.000 | 0.000 | 1.666 | 1.129
00:09:27.00 | 2.423 | 1.226 | 2.430 | 0.000 | 0.000 | 0.000 | 1.718 | 1.122
00:09:28.00 | 2.428 | 1.201 | 2.368 | 0.000 | 0.000 | 0.000 | 1.572 | 1.132
00:09:29.00 | 2.540 | 1.248 | 2.291 | 0.000 | 0.000 | 0.000 | 1.718 | 1.122
00:09:30.00 | 2.452 | 1.196 | 2.467 | 0.000 | 0.000 | 0.000 | 1.602 | 1.144
00:09:31.00 | 2.477 | 1.218 | 2.417 | 0.000 | 0.000 | 0.000 | 1.733 | 1.080
00:09:32.00 | 2.385 | 1.457 | 2.422 | 0.000 | 0.000 | 0.000 | 1.827 | 1.129
00:09:33.00 | 2.478 | 1.277 | 2.409 | 0.000 | 0.000 | 0.000 | 1.589 | 1.131
00:09:34.00 | 2.496 | 1.291 | 2.394 | 0.000 | 0.000 | 0.000 | 1.660 | 1.115
00:09:35.00 | 2.323 | 1.795 | 2.477 | 0.000 | 0.000 | 0.000 | 1.708 | 1.128
00:09:36.00 | 2.508 | 1.300 | 2.433 | 0.000 | 0.000 | 0.000 | 1.578 | 1.130
00:09:37.00 | 2.429 | 1.284 | 2.554 | 0.000 | 0.000 | 0.000 | 1.681 | 1.144
00:09:38.00 | 2.540 | 1.339 | 2.489 | 0.000 | 0.000 | 0.000 | 1.591 | 1.098
00:09:39.00 | 2.452 | 1.304 | 2.444 | 0.000 | 0.000 | 0.000 | 1.892 | 1.122
00:09:40.00 | 2.391 | 1.292 | 2.341 | 0.000 | 0.000 | 0.000 | 1.647 | 1.113
00:09:41.00 | 2.421 | 1.798 | 2.479 | 0.000 | 0.000 | 0.000 | 1.710 | 1.136
00:09:42.00 | 2.433 | 2.324 | 2.469 | 0.000 | 0.000 | 0.000 | 1.582 | 1.123
00:09:43.00 | 2.498 | 2.524 | 2.430 | 0.000 | 0.000 | 0.000 | 1.666 | 1.176
00:09:44.00 | 2.431 | 2.405 | 2.559 | 0.000 | 0.000 | 0.000 | 1.609 | 1.116
00:09:45.00 | 2.440 | 2.439 | 2.454 | 0.000 | 0.000 | 0.000 | 1.787 | 1.135
00:09:46.00 | 2.392 | 2.350 | 2.384 | 0.000 | 0.000 | 0.000 | 1.614 | 1.097
00:09:47.00 | 2.530 | 2.370 | 2.457 | 0.000 | 0.000 | 0.000 | 1.703 | 1.129
00:09:48.00 | 2.353 | 2.302 | 2.404 | 0.000 | 0.000 | 0.000 | 1.617 | 1.141
00:09:49.00 | 2.452 | 2.486 | 2.511 | 0.186 | 0.000 | 0.000 | 1.597 | 1.097
00:09:50.00 | 2.480 | 2.314 | 1.748 | 1.234 | 0.000 | 0.000 | 1.668 | 1.173
00:09:51.00 | 2.410 | 2.402 | 1.326 | 1.640 | 0.000 | 0.000 | 1.572 | 1.352
00:09:52.00 | 2.502 | 2.502 | 1.300 | 1.580 | 0.000 | 0.000 | 1.665 | 1.334
00:09:53.00 | 2.407 | 2.364 | 1.316 | 1.630 | 0.000 | 0.000 | 1.705 | 1.342
00:09:54.00 | 2.399 | 2.435 | 1.311 | 1.645 | 0.000 | 0.000 | 1.660 | 1.341
00:09:55.00 | 2.504 | 2.486 | 1.326 | 1.547 | 0.000 | 0.000 | 1.724 | 1.312
00:09:56.00 | 1.912 | 2.426 | 1.293 | 1.445 | 0.000 | 0.000 | 1.792 | 1.352
00:09:57.00 | 1.286 | 2.394 | 1.286 | 1.412 | 0.000 | 0.000 | 1.622 | 1.395
00:09:58.00 | 1.735 | 2.351 | 1.334 | 1.472 | 0.000 | 0.000 | 1.618 | 1.349
00:09:59.00 | 2.442 | 2.376 | 1.308 | 1.496 | 0.000 | 0.000 | 1.571 | 1.377
00:10:00.00 | 2.480 | 2.327 | 1.294 | 1.557 | 0.000 | 0.000 | 1.633 | 1.312
00:10:01.00 | 2.472 | 2.320 | 1.295 | 1.465 | 0.000 | 0.000 | 1.609 | 1.304
00:10:02.00 | 2.467 | 2.460 | 1.318 | 1.342 | 0.000 | 0.000 | 1.588 | 1.348
00:10:03.00 | 2.444 | 2.315 | 1.293 | 1.301 | 0.000 | 0.000 | 1.665 | 1.334
00:10:04.00 | 2.376 | 2.300 | 1.286 | 1.284 | 0.000 | 0.000 | 1.572 | 1.309
00:10:05.00 | 2.511 | 2.401 | 1.316 | 1.318 | 0.000 | 0.000 | 1.630 | 1.327
00:10:06.00 | 2.385 | 2.377 | 1.297 | 1.333 | 0.000 | 0.000 | 1.681 | 1.297
00:10:07.00 | 2.456 | 2.295 | 1.283 | 1.275 | 0.000 | 0.000 | 1.628 | 1.299
00:10:08.00 | 2.503 | 2.393 | 1.293 | 1.309 | 0.000 | 0.000 | 1.614 | 1.309
00:10:09.00 | 2.490 | 2.533 | 1.358 | 1.308 | 0.000 | 0.000 | 1.586 | 1.316
00:10:10.00 | 2.564 | 2.317 | 1.331 | 1.368 | 0.000 | 0.000 | 1.730 | 1.318
00:10:11.00 | 2.401 | 2.478 | 1.293 | 1.378 | 0.000 | 0.000 | 1.775 | 1.370
00:10:12.00 | 2.487 | 2.386 | 1.294 | 1.395 | 0.000 | 0.000 | 1.725 | 1.361
00:10:13.00 | 2.440 | 2.483 | 1.308 | 1.562 | 0.000 | 0.000 | 1.595 | 1.309
00:10:14.00 | 2.571 | 2.379 | 1.319 | 1.407 | 0.000 | 0.000 | 1.619 | 1.342
00:10:15.00 | 2.509 | 2.415 | 1.288 | 1.380 | 0.000 | 0.000 | 1.712 | 1.305
00:10:16.00 | 2.454 | 2.462 | 1.353 | 1.379 | 0.000 | 0.000 | 1.708 | 1.311
00:10:17.00 | 2.470 | 2.435 | 1.334 | 1.437 | 0.000 | 0.000 | 1.589 | 1.327
00:10:18.00 | 2.412 | 2.428 | 1.276 | 1.426 | 0.000 | 0.000 | 1.803 | 1.290
00:10:19.00 | 2.501 | 2.340 | 1.851 | 1.426 | 0.000 | 0.000 | 1.739 | 1.302
00:10:20.00 | 2.444 | 2.410 | 2.445 | 1.454 | 0.000 | 0.000 | 1.648 | 1.294
00:10:21.00 | 2.453 | 2.385 | 2.462 | 1.395 | 0.000 | 0.000 | 1.598 | 1.311
00:10:22.00 | 2.389 | 1.788 | 2.287 | 1.418 | 0.000 | 0.000 | 1.685 | 1.281
00:10:23.00 | 2.481 | 1.358 | 2.422 | 1.391 | 0.000 | 0.000 | 1.738 | 1.349
00:10:24.00 | 2.478 | 1.302 | 2.394 | 1.236 | 0.000 | 0.000 | 1.598 | 1.278
00:10:25.00 | 1.960 | 1.410 | 2.458 | 1.225 | 0.000 | 0.000 | 1.714 | 1.335
00:10:26.00 | 1.396 | 1.290 | 2.428 | 1.247 | 0.000 | 0.000 | 1.637 | 1.368
00:10:27.00 | 1.302 | 1.311 | 2.318 | 1.210 | 0.000 | 0.000 | 1.777 | 1.337
00:10:28.00 | 1.328 | 1.317 | 2.409 | 1.235 | 0.000 | 0.000 | 1.640 | 1.284
00:10:29.00 | 1.300 | 1.300 | 2.441 | 1.216 | 0.000 | 0.000 | 1.731 | 1.292
00:10:30.00 | 1.304 | 1.296 | 2.413 | 1.225 | 0.000 | 0.000 | 1.601 | 1.318
00:10:31.00 | 1.293 | 1.301 | 2.521 | 1.227 | 0.000 | 0.000 | 1.632 | 1.294
00:10:32.00 | 1.351 | 1.292 | 2.442 | 1.217 | 0.000 | 0.000 | 1.622 | 1.302
00:10:33.00 | 1.354 | 1.302 | 2.463 | 1.228 | 0.000 | 0.000 | 1.632 | 1.345
00:10:34.00 | 1.291 | 1.284 | 2.474 | 1.219 | 0.000 | 0.000 | 1.624 | 1.306
00:10:35.00 | 1.301 | 1.286 | 2.461 | 1.235 | 0.000 | 0.000 | 1.581 | 1.345
00:10:36.00 | 1.301 | 1.285 | 2.571 | 1.150 | 0.000 | 0.000 | 1.682 | 1.258
00:10:37.00 | 1.297 | 1.297 | 2.451 | 0.000 | 0.000 | 0.000 | 1.616 | 1.130
00:10:38.00 | 1.860 | 1.270 | 2.486 | 0.000 | 0.000 | 0.000 | 1.614 | 1.122
00:10:39.00 | 2.436 | 1.391 | 2.385 | 0.000 | 0.000 | 0.000 | 1.689 | 1.122
00:10:40.00 | 2.496 | 1.305 | 2.379 | 0.000 | 0.000 | 0.000 | 1.676 | 1.130
00:10:41.00 | 2.433 | 1.300 | 2.381 | 0.000 | 0.000 | 0.000 | 1.612 | 1.121
00:10:42.00 | 2.426 | 1.347 | 2.463 | 0.000 | 0.000 | 0.000 | 1.694 | 1.172
00:10:43.00 | 2.533 | 1.296 | 2.414 | 0.000 | 0.000 | 0.000 | 1.583 | 1.142
00:10:44.00 | 2.457 | 1.297 | 2.427 | 0.000 | 0.000 | 0.000 | 1.716 | 1.121
00:10:45.00 | 2.465 | 1.284 | 2.406 | 0.000 | 0.000 | 0.000 | 1.689 | 1.129
00:10:46.00 | 2.426 | 1.293 | 2.478 | 0.000 | 0.000 | 0.000 | 1.607 | 1.123
00:10:47.00 | 2.420 | 1.290 | 2.436 | 0.000 | 0.000 | 0.000 | 1.695 | 1.114
00:10:48.00 | 2.429 | 1.302 | 2.429 | 0.000 | 0.000 | 0.000 | 1.582 | 1.123
00:10:49.00 | 2.372 | 1.328 | 2.422 | 0.000 | 0.000 | 0.000 | 1.799 | 1.100
00:10:50.00 | 2.445 | 1.815 | 2.401 | 0.000 | 0.000 | 0.000 | 1.654 | 1.137
00:10:51.00 | 2.456 | 2.439 | 2.489 | 0.000 | 0.000 | 0.000 | 1.574 | 1.133
00:10:52.00 | 2.495 | 2.421 | 2.392 | 0.000 | 0.000 | 0.000 | 1.833 | 1.129
00:10:53.00 | 2.444 | 2.469 | 2.470 | 0.000 | 0.000 | 0.000 | 1.622 | 1.141
00:10:54.00 | 2.476 | 2.410 | 2.513 | 0.000 | 0.000 | 0.000 | 1.597 | 1.124
00:10:55.00 | 2.477 | 2.450 | 2.460 | 0.000 | 0.000 | 0.000 | 1.832 | 1.088
00:10:56.00 | 2.441 | 2.477 | 2.397 | 0.000 | 0.000 | 0.000 | 1.600 | 1.165
00:10:57.00 | 2.398 | 2.448 | 2.434 | 0.000 | 0.000 | 0.000 | 1.608 | 1.128
00:10:58.00 | 2.385 | 2.428 | 2.453 | 0.000 | 0.000 | 0.000 | 1.607 | 1.131
00:10:59.00 | 2.422 | 2.495 | 2.473 | 0.000 | 0.000 | 0.000 | 1.697 | 1.107
00:11:00.00 | 2.415 | 2.526 | 2.424 | 0.000 | 0.000 | 0.000 | 1.626 | 1.116
00:11:01.00 | 2.507 | 2.412 | 2.404 | 0.000 | 0.000 | 0.000 | 1.781 | 1.121
00:11:02.00 | 2.522 | 2.448 | 2.427 | 0.000 | 0.000 | 0.000 | 1.616 | 1.143
00:11:03.00 | 2.436 | 2.470 | 2.402 | 0.000 | 0.000 | 0.000 | 1.607 | 1.141
00:11:04.00 | 2.479 | 2.457 | 2.398 | 0.000 | 0.000 | 0.000 | 1.638 | 1.143
00:11:05.00 | 2.404 | 2.430 | 2.481 | 0.000 | 0.000 | 0.000 | 1.822 | 1.104
00:11:06.00 | 2.319 | 2.392 | 2.241 | 0.000 | 0.000 | 0.000 | 1.638 | 1.122
00:11:07.00 | 2.452 | 2.435 | 1.867 | 0.000 | 0.000 | 0.000 | 1.597 | 1.140
00:11:08.00 | 2.482 | 2.344 | 1.327 | 0.000 | 0.000 | 0.000 | 1.596 | 1.115
00:11:09.00 | 2.408 | 2.467 | 1.333 | 0.025 | 0.000 | 0.000 | 1.597 | 1.113
00:11:10.00 | 2.442 | 2.464 | 1.290 | 0.825 | 0.000 | 0.000 | 1.586 | 1.122
00:11:11.00 | 2.493 | 2.391 | 1.967 | 1.513 | 0.000 | 0.000 | 1.571 | 1.274
00:11:12.00 | 2.435 | 2.434 | 2.494 | 1.571 | 0.000 | 0.000 | 1.588 | 1.311
00:11:13.00 | 2.394 | 2.470 | 2.419 | 1.607 | 0.000 | 0.000 | 1.598 | 1.353
00:11:14.00 | 2.318 | 2.442 | 2.479 | 1.631 | 0.000 | 0.000 | 1.731 | 1.319
00:11:15.00 | 2.455 | 2.531 | 2.446 | 1.676 | 0.000 | 0.000 | 1.625 | 1.328
00:11:16.00 | 2.417 | 2.485 | 2.442 | 1.597 | 0.000 | 0.000 | 1.919 | 1.309
00:11:17.00 | 2.468 | 2.417 | 2.273 | 1.471 | 0.000 | 0.000 | 1.606 | 1.318
00:11:18.00 | 2.435 | 2.456 | 2.465 | 1.442 | 0.000 | 0.000 | 1.630 | 1.347
00:11:19.00 | 2.506 | 2.421 | 2.463 | 1.463 | 0.000 | 0.000 | 1.616 | 1.353
00:11:20.00 | 2.469 | 2.511 | 2.469 | 1.504 | 0.000 | 0.000 | 1.580 | 1.335
00:11:21.00 | 2.437 | 2.395 | 2.490 | 1.507 | 0.000 | 0.000 | 1.684 | 1.329
00:11:22.00 | 2.420 | 2.420 | 2.486 | 1.384 | 0.000 | 0.000 | 1.638 | 1.312
00:11:23.00 | 2.394 | 2.386 | 2.471 | 1.345 | 0.000 | 0.000 | 1.624 | 1.354
00:11:24.00 | 2.429 | 2.581 | 2.507 | 1.302 | 0.000 | 0.000 | 1.726 | 1.387
00:11:25.00 | 2.467 | 2.391 | 2.518 | 1.284 | 0.000 | 0.000 | 1.630 | 1.310
00:11:26.00 | 2.465 | 2.370 | 2.538 | 1.298 | 0.000 | 0.000 | 1.616 | 1.284
00:11:27.00 | 2.502 | 2.315 | 2.511 | 1.293 | 0.000 | 0.000 | 1.725 | 1.309
00:11:28.00 | 2.434 | 2.290 | 2.442 | 1.292 | 0.000 | 0.000 | 1.613 | 1.293
00:11:29.00 | 2.426 | 2.358 | 2.409 | 1.275 | 0.000 | 0.000 | 1.605 | 1.351
00:11:30.00 | 2.438 | 2.373 | 2.496 | 1.393 | 0.000 | 0.000 | 1.697 | 1.349
00:11:31.00 | 2.387 | 2.456 | 2.437 | 1.381 | 0.000 | 0.000 | 1.726 | 1.353
00:11:32.00 | 2.444 | 2.325 | 2.444 | 1.412 | 0.000 | 0.000 | 1.674 | 1.311
00:11:33.00 | 2.436 | 2.360 | 2.316 | 1.480 | 0.000 | 0.000 | 1.666 | 1.293
00:11:34.00 | 2.466 | 2.082 | 2.534 | 1.428 | 0.000 | 0.000 | 1.602 | 1.328
00:11:35.00 | 2.441 | 2.467 | 2.416 | 1.426 | 0.000 | 0.000 | 1.622 | 1.302
00:11:36.00 | 2.315 | 2.356 | 2.382 | 1.410 | 0.000 | 0.000 | 1.596 | 1.284
00:11:37.00 | 2.352 | 2.437 | 2.403 | 1.438 | 0.000 | 0.000 | 1.582 | 1.320
00:11:38.00 | 2.383 | 2.356 | 2.427 | 1.449 | 0.000 | 0.000 | 1.586 | 1.341
00:11:39.00 | 2.441 | 2.423 | 2.474 | 1.414 | 0.000 | 0.000 | 1.601 | 1.305
00:11:40.00 | 2.393 | 2.393 | 2.495 | 1.444 | 0.000 | 0.000 | 1.615 | 1.327
00:11:41.00 | 2.053 | 2.358 | 2.350 | 1.521 | 0.000 | 0.000 | 1.597 | 1.325
00:11:42.00 | 1.885 | 2.461 | 2.418 | 1.462 | 0.000 | 0.000 | 1.571 | 1.319
00:11:43.00 | 2.309 | 2.476 | 2.454 | 1.433 | 0.000 | 0.000 | 1.657 | 1.332
00:11:44.00 | 2.459 | 2.358 | 2.425 | 1.326 | 0.000 | 0.000 | 1.622 | 1.319
00:11:45.00 | 2.424 | 2.433 | 2.483 | 1.216 | 0.000 | 0.000 | 1.612 | 1.326
00:11:46.00 | 2.500 | 2.390 | 2.382 | 1.225 | 0.000 | 0.000 | 1.570 | 1.301
00:11:47.00 | 2.395 | 2.379 | 2.431 | 1.223 | 0.000 | 0.000 | 1.599 | 1.303
00:11:48.00 | 2.411 | 2.411 | 2.251 | 1.227 | 0.000 | 0.000 | 1.599 | 1.328
00:11:49.00 | 2.556 | 2.455 | 1.761 | 1.235 | 0.000 | 0.000 | 1.625 | 1.336
00:11:50.00 | 2.445 | 2.437 | 1.352 | 1.236 | 0.000 | 0.000 | 1.640 | 1.319
00:11:51.00 | 2.508 | 2.479 | 1.819 | 1.217 | 0.000 | 0.000 | 1.594 | 1.304
00:11:52.00 | 2.453 | 2.377 | 2.437 | 1.227 | 0.000 | 0.000 | 1.624 | 1.353
00:11:53.00 | 2.450 | 2.365 | 2.459 | 1.217 | 0.000 | 0.000 | 1.605 | 1.343
00:11:54.00 | 2.381 | 2.448 | 2.397 | 1.241 | 0.000 | 0.000 | 1.578 | 1.350
00:11:55.00 | 2.471 | 2.362 | 2.405 | 1.225 | 0.000 | 0.000 | 1.579 | 1.325
00:11:56.00 | 2.438 | 1.829 | 2.516 | 1.346 | 0.000 | 0.000 | 1.633 | 1.338
00:11:57.00 | 2.392 | 1.573 | 2.494 | 1.428 | 0.000 | 0.000 | 1.631 | 1.353
00:11:58.00 | 2.452 | 1.658 | 2.445 | 1.377 | 0.000 | 0.000 | 1.741 | 1.361
00:11:59.00 | 2.437 | 2.488 | 2.430 | 1.392 | 0.000 | 0.000 | 1.725 | 1.348
00:12:00.00 | 2.460 | 2.469 | 2.410 | 1.437 | 0.000 | 0.000 | 1.606 | 1.285
00:12:01.00 | 2.419 | 2.452 | 2.478 | 1.632 | 0.000 | 0.000 | 1.724 | 1.335
00:12:02.00 | 2.462 | 2.377 | 2.453 | 1.505 | 0.000 | 0.000 | 1.581 | 1.328
00:12:03.00 | 2.460 | 2.489 | 2.475 | 1.511 | 0.000 | 0.000 | 1.555 | 1.330
00:12:04.00 | 2.517 | 2.517 | 2.449 | 1.571 | 0.000 | 0.000 | 1.671 | 1.317
00:12:05.00 | 2.484 | 2.458 | 2.475 | 1.849 | 0.000 | 0.000 | 1.630 | 1.317
00:12:06.00 | 2.426 | 2.518 | 2.477 | 1.707 | 0.000 | 0.000 | 1.741 | 1.301
00:12:07.00 | 2.407 | 2.393 | 2.458 | 1.603 | 0.000 | 0.000 | 1.601 | 1.298
00:12:08.00 | 2.423 | 2.467 | 2.407 | 1.647 | 0.000 | 0.000 | 1.730 | 1.333
00:12:09.00 | 2.493 | 2.435 | 2.425 | 1.429 | 0.000 | 0.000 | 1.614 | 1.335
00:12:10.00 | 2.431 | 2.449 | 2.441 | 1.410 | 0.000 | 0.000 | 1.612 | 1.358
00:12:11.00 | 2.471 | 2.523 | 2.465 | 1.334 | 0.000 | 0.000 | 1.616 | 1.319
00:12:12.00 | 2.440 | 2.551 | 2.431 | 1.216 | 0.000 | 0.000 | 1.722 | 1.343
00:12:13.00 | 2.481 | 2.413 | 2.516 | 1.220 | 0.000 | 0.000 | 1.634 | 1.321
00:12:14.00 | 2.488 | 2.394 | 2.463 | 1.252 | 0.000 | 0.000 | 1.675 | 1.336
00:12:15.00 | 2.475 | 2.548 | 2.467 | 1.220 | 0.000 | 0.000 | 1.604 | 1.306
00:12:16.00 | 2.430 | 2.541 | 2.567 | 1.220 | 0.000 | 0.000 | 1.685 | 1.320
00:12:17.00 | 2.492 | 2.433 | 2.282 | 1.225 | 0.000 | 0.000 | 1.825 | 1.302
00:12:18.00 | 2.454 | 2.434 | 2.557 | 1.217 | 0.000 | 0.000 | 1.694 | 1.338
00:12:19.00 | 2.531 | 2.415 | 2.459 | 1.226 | 0.000 | 0.000 | 1.733 | 1.298
00:12:20.00 | 2.529 | 2.400 | 2.426 | 1.234 | 0.000 | 0.000 | 1.783 | 1.343
00:12:21.00 | 2.460 | 2.409 | 2.495 | 1.209 | 0.000 | 0.000 | 1.715 | 1.319
00:12:22.00 | 2.417 | 2.460 | 2.426 | 1.217 | 0.000 | 0.000 | 1.588 | 1.326
00:12:23.00 | 2.440 | 2.468 | 2.454 | 1.224 | 0.000 | 0.000 | 1.781 | 1.339
00:12:24.00 | 2.463 | 2.453 | 2.512 | 1.261 | 0.000 | 0.000 | 1.650 | 1.310
00:12:25.00 | 2.425 | 2.434 | 2.417 | 1.217 | 0.000 | 0.000 | 1.623 | 1.310
00:12:26.00 | 2.468 | 2.384 | 2.477 | 1.217 | 0.000 | 0.000 | 1.588 | 1.301
00:12:27.00 | 2.440 | 2.579 | 2.469 | 1.209 | 0.000 | 0.000 | 1.730 | 1.304
00:12:28.00 | 2.432 | 2.543 | 1.977 | 1.233 | 0.000 | 0.000 | 1.622 | 1.318
00:12:29.00 | 2.443 | 1.919 | 1.402 | 1.226 | 0.000 | 0.000 | 1.656 | 1.302
00:12:30.00 | 2.443 | 1.402 | 1.309 | 1.218 | 0.000 | 0.000 | 1.706 | 1.302
00:12:31.00 | 2.322 | 1.356 | 1.298 | 1.227 | 0.000 | 0.000 | 1.626 | 1.343
00:12:32.00 | 1.955 | 1.294 | 1.326 | 1.227 | 0.000 | 0.000 | 1.616 | 1.312
00:12:33.00 | 2.311 | 1.279 | 1.319 | 1.244 | 0.000 | 0.000 | 1.692 | 1.353
00:12:34.00 | 2.427 | 1.318 | 1.310 | 1.369 | 0.000 | 0.000 | 1.624 | 1.319
00:12:35.00 | 2.450 | 1.290 | 1.304 | 1.290 | 0.000 | 0.000 | 1.572 | 1.319
00:12:36.00 | 2.583 | 1.346 | 1.311 | 1.279 | 0.000 | 0.000 | 1.565 | 1.354
00:12:37.00 | 2.471 | 1.405 | 1.310 | 1.471 | 0.000 | 0.000 | 1.599 | 1.328
00:12:38.00 | 2.514 | 1.286 | 1.303 | 1.742 | 0.000 | 0.000 | 1.683 | 1.336
00:12:39.00 | 2.457 | 1.303 | 1.311 | 1.311 | 0.000 | 0.000 | 1.579 | 1.392
00:12:40.00 | 2.530 | 1.294 | 1.302 | 1.302 | 0.000 | 0.000 | 1.649 | 1.336
00:12:41.00 | 2.486 | 1.750 | 1.353 | 1.420 | 0.000 | 0.000 | 1.597 | 1.395
00:12:42.00 | 2.444 | 2.470 | 1.309 | 1.301 | 0.000 | 0.000 | 1.572 | 1.320
00:12:43.00 | 2.407 | 2.473 | 1.319 | 1.355 | 0.000 | 0.000 | 1.660 | 1.341
00:12:44.00 | 2.496 | 2.453 | 1.293 | 1.309 | 0.000 | 0.000 | 1.589 | 1.327
00:12:45.00 | 2.449 | 2.432 | 1.309 | 1.300 | 0.000 | 0.000 | 1.664 | 1.317
00:12:46.00 | 2.479 | 2.453 | 1.302 | 1.286 | 0.000 | 0.000 | 1.598 | 1.294
00:12:47.00 | 2.595 | 2.465 | 1.304 | 1.304 | 0.000 | 0.000 | 1.608 | 1.319
00:12:48.00 | 2.466 | 2.415 | 1.307 | 1.299 | 0.000 | 0.000 | 1.697 | 1.334
00:12:49.00 | 2.441 | 2.434 | 1.300 | 1.300 | 0.000 | 0.000 | 1.579 | 1.368
00:12:50.00 | 2.505 | 2.369 | 1.286 | 1.311 | 0.000 | 0.000 | 1.599 | 1.320
00:12:51.00 | 2.256 | 2.445 | 1.312 | 1.458 | 0.000 | 0.000 | 1.595 | 1.298
00:12:52.00 | 2.417 | 2.418 | 1.317 | 1.301 | 0.000 | 0.000 | 1.741 | 1.352
00:12:53.00 | 2.412 | 2.489 | 1.302 | 1.353 | 0.000 | 0.000 | 1.642 | 1.320
00:12:54.00 | 2.434 | 2.504 | 1.309 | 1.411 | 0.000 | 0.000 | 1.623 | 1.343
00:12:55.00 | 2.248 | 2.460 | 1.300 | 1.285 | 0.000 | 0.000 | 1.622 | 1.360
00:12:56.00 | 2.365 | 2.465 | 1.311 | 1.442 | 0.000 | 0.000 | 1.675 | 1.305
00:12:57.00 | 2.437 | 2.512 | 1.309 | 1.278 | 0.000 | 0.000 | 1.725 | 1.319
00:12:58.00 | 2.374 | 2.444 | 1.301 | 1.403 | 0.000 | 0.000 | 1.613 | 1.336
00:12:59.00 | 2.366 | 2.511 | 1.723 | 1.352 | 0.000 | 0.000 | 1.580 | 1.334
00:13:00.00 | 2.467 | 2.533 | 2.466 | 1.292 | 0.000 | 0.000 | 1.596 | 1.321
00:13:01.00 | 2.524 | 2.422 | 2.439 | 1.319 | 0.000 | 0.000 | 1.751 | 1.320
00:13:02.00 | 2.457 | 2.515 | 2.464 | 1.312 | 0.000 | 0.000 | 1.760 | 1.329
00:13:03.00 | 2.522 | 2.429 | 2.497 | 1.311 | 0.000 | 0.000 | 1.768 | 1.303
00:13:04.00 | 2.420 | 2.406 | 2.464 | 1.310 | 0.000 | 0.000 | 1.666 | 1.333
00:13:05.00 | 2.478 | 2.478 | 2.427 | 1.310 | 0.000 | 0.000 | 1.725 | 1.336
00:13:06.00 | 2.560 | 2.551 | 2.459 | 1.300 | 0.000 | 0.000 | 1.638 | 1.300
00:13:07.00 | 2.448 | 2.473 | 2.576 | 1.303 | 0.000 | 0.000 | 1.677 | 1.322
00:13:08.00 | 2.479 | 2.508 | 2.443 | 1.304 | 0.000 | 0.000 | 1.624 | 1.305
00:13:09.00 | 2.452 | 2.468 | 2.476 | 1.292 | 0.000 | 0.000 | 1.647 | 1.326
00:13:10.00 | 2.500 | 2.408 | 2.399 | 1.301 | 0.000 | 0.000 | 1.579 | 1.350
00:13:11.00 | 2.441 | 2.431 | 2.643 | 1.299 | 0.000 | 0.000 | 1.646 | 1.334
00:13:12.00 | 2.406 | 2.421 | 2.457 | 1.311 | 0.000 | 0.000 | 1.645 | 1.305
00:13:13.00 | 2.446 | 2.311 | 2.388 | 1.295 | 0.000 | 0.000 | 1.667 | 1.346
00:13:14.00 | 2.443 | 2.410 | 2.579 | 1.309 | 0.000 | 0.000 | 1.630 | 1.319
00:13:15.00 | 2.426 | 2.148 | 2.427 | 1.310 | 0.000 | 0.000 | 1.741 | 1.361
00:13:16.00 | 2.421 | 1.712 | 2.458 | 1.398 | 0.000 | 0.000 | 1.652 | 1.311
00:13:17.00 | 2.483 | 1.296 | 2.408 | 1.289 | 0.000 | 0.000 | 1.694 | 1.314
00:13:18.00 | 2.458 | 1.292 | 2.475 | 1.300 | 0.000 | 0.000 | 1.671 | 1.316
00:13:19.00 | 2.445 | 1.319 | 2.488 | 1.286 | 0.000 | 0.000 | 1.725 | 1.335
00:13:20.00 | 2.423 | 1.304 | 2.489 | 1.384 | 0.000 | 0.000 | 1.603 | 1.363
00:13:21.00 | 2.513 | 1.294 | 2.453 | 1.302 | 0.000 | 0.000 | 1.632 | 1.362
00:13:22.00 | 2.463 | 1.928 | 2.430 | 1.287 | 0.000 | 0.000 | 1.794 | 1.278
00:13:23.00 | 2.401 | 2.452 | 2.400 | 1.301 | 0.000 | 0.000 | 1.775 | 1.328
00:13:24.00 | 2.501 | 2.421 | 2.435 | 1.297 | 0.000 | 0.000 | 1.631 | 1.326
00:13:25.00 | 1.957 | 2.508 | 2.508 | 1.312 | 0.000 | 0.000 | 1.778 | 1.304
00:13:26.00 | 1.640 | 2.461 | 2.444 | 1.293 | 0.000 | 0.000 | 1.674 | 1.362
00:13:27.00 | 1.293 | 2.417 | 2.400 | 1.326 | 0.000 | 0.000 | 1.597 | 1.302
00:13:28.00 | 1.284 | 2.479 | 2.444 | 1.340 | 0.000 | 0.000 | 1.696 | 1.341
00:13:29.00 | 1.303 | 2.591 | 2.507 | 1.296 | 0.000 | 0.000 | 1.599 | 1.320
00:13:30.00 | 1.285 | 2.427 | 2.460 | 1.317 | 0.000 | 0.000 | 1.571 | 1.285
00:13:31.00 | 1.293 | 2.468 | 2.501 | 1.326 | 0.000 | 0.000 | 1.697 | 1.319
00:13:32.00 | 1.842 | 2.415 | 2.473 | 1.317 | 0.000 | 0.000 | 1.689 | 1.284
00:13:33.00 | 2.433 | 2.374 | 2.340 | 1.308 | 0.000 | 0.000 | 1.570 | 1.310
00:13:34.00 | 2.437 | 2.453 | 1.734 | 1.310 | 0.000 | 0.000 | 1.615 | 1.303
00:13:35.00 | 2.522 | 2.565 | 1.310 | 1.294 | 0.000 | 0.000 | 1.717 | 1.312
00:13:36.00 | 2.420 | 2.478 | 1.318 | 1.296 | 0.000 | 0.000 | 1.666 | 1.333
00:13:37.00 | 2.395 | 2.479 | 1.327 | 1.318 | 0.000 | 0.000 | 1.607 | 1.354
00:13:38.00 | 2.451 | 2.427 | 1.309 | 1.301 | 0.000 | 0.000 | 1.666 | 1.345
00:13:39.00 | 2.485 | 2.460 | 1.333 | 1.309 | 0.000 | 0.000 | 1.597 | 1.352
00:13:40.00 | 2.429 | 2.479 | 1.297 | 1.290 | 0.000 | 0.000 | 1.674 | 1.340
00:13:41.00 | 2.476 | 2.451 | 1.293 | 1.308 | 0.000 | 0.000 | 1.606 | 1.360
00:13:42.00 | 2.510 | 2.467 | 1.324 | 1.308 | 0.000 | 0.000 | 1.731 | 1.310
00:13:43.00 | 2.462 | 2.436 | 1.318 | 1.286 | 0.000 | 0.000 | 1.624 | 1.286
00:13:44.00 | 2.433 | 2.454 | 1.302 | 1.302 | 0.000 | 0.000 | 1.666 | 1.331
00:13:45.00 | 2.509 | 2.492 | 1.942 | 1.316 | 0.000 | 0.000 | 1.696 | 1.317
00:13:46.00 | 2.563 | 2.454 | 1.692 | 1.293 | 0.000 | 0.000 | 1.902 | 1.335
00:13:47.00 | 2.500 | 2.456 | 1.065 | 1.319 | 0.000 | 0.000 | 1.761 | 1.122
00:13:48.00 | 2.463 | 2.557 | 0.973 | 1.287 | 0.000 | 0.000 | 1.718 | 1.115
00:13:49.00 | 2.345 | 2.395 | 0.973 | 1.362 | 0.000 | 0.000 | 1.676 | 1.124
00:13:50.00 | 2.418 | 2.360 | 0.980 | 1.302 | 0.000 | 0.000 | 1.623 | 1.131
00:13:51.00 | 2.296 | 2.573 | 1.028 | 1.333 | 0.000 | 0.000 | 1.644 | 1.172
00:13:52.00 | 2.408 | 2.442 | 1.191 | 1.428 | 0.000 | 0.000 | 1.632 | 1.157
00:13:53.00 | 2.428 | 2.504 | 0.972 | 1.302 | 0.000 | 0.000 | 1.607 | 1.141
00:13:54.00 | 2.359 | 2.452 | 1.149 | 1.421 | 0.000 | 0.000 | 1.674 | 1.140
00:13:55.00 | 2.417 | 2.475 | 1.314 | 1.356 | 0.000 | 0.000 | 1.610 | 1.109
00:13:56.00 | 2.231 | 2.511 | 1.512 | 1.353 | 0.000 | 0.000 | 1.969 | 1.140
00:13:57.00 | 2.420 | 2.428 | 0.000 | 1.828 | 0.000 | 0.000 | 1.727 | 1.132
00:13:58.00 | 2.095 | 2.479 | 0.000 | 2.459 | 0.000 | 0.000 | 1.753 | 1.136
00:13:59.00 | 1.472 | 2.438 | 0.000 | 2.454 | 0.000 | 0.000 | 1.573 | 1.167
00:14:00.00 | 1.311 | 2.436 | 0.000 | 2.357 | 0.000 | 0.000 | 1.812 | 1.085
00:14:01.00 | 1.351 | 2.493 | 0.000 | 2.433 | 0.000 | 0.000 | 1.605 | 1.121
00:14:02.00 | 1.285 | 2.424 | 0.000 | 2.432 | 0.000 | 0.000 | 1.589 | 1.101
00:14:03.00 | 1.304 | 2.496 | 0.000 | 2.343 | 0.000 | 0.000 | 1.602 | 1.122
00:14:04.00 | 1.300 | 2.511 | 0.000 | 2.390 | 0.000 | 0.000 | 1.663 | 1.105
00:14:05.00 | 1.290 | 2.464 | 0.000 | 2.536 | 0.000 | 0.000 | 1.673 | 1.121
00:14:06.00 | 1.302 | 2.440 | 0.000 | 2.454 | 0.000 | 0.000 | 1.794 | 1.120
00:14:07.00 | 1.292 | 2.103 | 0.000 | 2.314 | 0.000 | 0.000 | 1.715 | 1.165
00:14:08.00 | 1.269 | 1.790 | 0.000 | 2.363 | 0.000 | 0.000 | 1.783 | 1.107
00:14:09.00 | 1.261 | 1.310 | 0.000 | 2.598 | 0.000 | 0.000 | 1.683 | 1.106
00:14:10.00 | 1.285 | 1.285 | 0.000 | 2.206 | 0.000 | 0.000 | 1.740 | 1.107
00:14:11.00 | 1.278 | 1.302 | 0.000 | 2.631 | 0.000 | 0.000 | 1.632 | 1.088
00:14:12.00 | 1.277 | 1.342 | 0.000 | 2.328 | 0.000 | 0.000 | 1.610 | 1.100
00:14:13.00 | 1.336 | 1.285 | 0.000 | 2.366 | 0.000 | 0.000 | 1.589 | 1.130
00:14:14.00 | 1.858 | 1.300 | 0.000 | 2.392 | 0.000 | 0.000 | 1.724 | 1.148
00:14:15.00 | 2.445 | 1.327 | 0.000 | 2.524 | 0.000 | 0.000 | 1.573 | 1.137
00:14:16.00 | 2.370 | 1.303 | 0.000 | 2.353 | 0.000 | 0.000 | 1.573 | 1.098
00:14:17.00 | 2.438 | 1.341 | 0.000 | 2.437 | 0.000 | 0.000 | 1.610 | 1.115
00:14:18.00 | 2.457 | 1.354 | 0.000 | 2.350 | 0.000 | 0.000 | 1.689 | 1.107
00:14:19.00 | 2.404 | 1.346 | 0.000 | 2.345 | 0.000 | 0.000 | 1.684 | 1.141
00:14:20.00 | 2.409 | 1.329 | 0.000 | 2.475 | 0.000 | 0.000 | 1.936 | 1.130
00:14:21.00 | 2.438 | 1.295 | 0.000 | 2.481 | 0.000 | 0.000 | 1.717 | 1.124
00:14:22.00 | 2.425 | 1.349 | 0.000 | 2.497 | 0.000 | 0.000 | 1.604 | 1.131
00:14:23.00 | 2.448 | 1.353 | 0.000 | 2.326 | 0.000 | 0.000 | 1.789 | 1.099
00:14:24.00 | 2.490 | 1.279 | 0.000 | 2.496 | 0.000 | 0.000 | 1.777 | 1.141
00:14:25.00 | 2.428 | 1.304 | 0.000 | 2.501 | 0.000 | 0.000 | 1.616 | 1.143
00:14:26.00 | 2.425 | 1.299 | 0.000 | 2.359 | 0.000 | 0.000 | 1.735 | 1.153
00:14:27.00 | 2.452 | 1.309 | 0.000 | 2.376 | 0.000 | 0.000 | 1.842 | 1.079
00:14:28.00 | 2.421 | 1.297 | 0.000 | 2.465 | 0.000 | 0.000 | 1.637 | 1.114
00:14:29.00 | 2.506 | 1.338 | 0.000 | 2.397 | 0.000 | 0.000 | 1.591 | 1.098
00:14:30.00 | 2.456 | 1.333 | 0.000 | 2.492 | 0.000 | 0.000 | 1.600 | 1.121
00:14:31.00 | 2.488 | 1.336 | 0.000 | 2.387 | 0.000 | 0.000 | 1.820 | 1.122
00:14:32.00 | 2.508 | 1.874 | 0.000 | 2.305 | 0.000 | 0.000 | 1.833 | 1.095
00:14:33.00 | 2.450 | 2.545 | 0.000 | 2.363 | 0.000 | 0.000 | 1.601 | 1.114
00:14:34.00 | 2.503 | 2.459 | 0.000 | 2.360 | 0.000 | 0.000 | 1.733 | 1.122
00:14:35.00 | 2.486 | 2.463 | 0.000 | 2.558 | 0.000 | 0.000 | 1.782 | 1.098
00:14:36.00 | 2.463 | 2.434 | 0.000 | 2.412 | 0.000 | 0.000 | 1.651 | 1.084
00:14:37.00 | 2.494 | 2.316 | 0.000 | 2.393 | 0.000 | 0.000 | 1.597 | 1.140
00:14:38.00 | 2.429 | 2.517 | 0.000 | 2.540 | 0.000 | 0.000 | 1.653 | 1.144
00:14:39.00 | 2.406 | 2.407 | 0.000 | 2.543 | 0.000 | 0.000 | 1.774 | 1.121
00:14:40.00 | 2.425 | 2.448 | 0.000 | 2.375 | 0.000 | 0.000 | 1.630 | 1.128
00:14:41.00 | 2.478 | 2.513 | 0.000 | 2.411 | 0.000 | 0.000 | 1.606 | 1.081
00:14:42.00 | 2.504 | 2.394 | 0.000 | 2.416 | 0.000 | 0.000 | 1.697 | 1.123
00:14:43.00 | 2.400 | 2.434 | 0.000 | 2.376 | 0.000 | 0.000 | 1.657 | 1.096
00:14:44.00 | 2.435 | 2.507 | 0.000 | 2.457 | 0.000 | 0.000 | 1.738 | 1.143
00:14:45.00 | 2.467 | 2.247 | 0.000 | 2.432 | 0.000 | 0.000 | 1.655 | 1.139
00:14:46.00 | 2.444 | 2.408 | 0.000 | 2.422 | 0.000 | 0.000 | 1.668 | 1.122
00:14:47.00 | 2.552 | 2.467 | 0.000 | 2.483 | 0.000 | 0.000 | 1.579 | 1.130
00:14:48.00 | 2.484 | 2.490 | 0.000 | 2.288 | 0.000 | 0.000 | 1.597 | 1.145
00:14:49.00 | 2.392 | 2.495 | 0.000 | 2.290 | 0.000 | 0.000 | 1.716 | 1.140
00:14:50.00 | 2.504 | 2.453 | 0.000 | 2.564 | 0.000 | 0.000 | 1.640 | 1.140
00:14:51.00 | 2.368 | 2.470 | 0.919 | 2.427 | 0.000 | 0.000 | 1.593 | 1.113
00:14:52.00 | 2.418 | 2.460 | 1.513 | 2.155 | 0.000 | 0.000 | 1.630 | 1.242
00:14:53.00 | 2.519 | 2.527 | 1.571 | 1.742 | 0.000 | 0.000 | 1.647 | 1.326
00:14:54.00 | 2.461 | 2.487 | 1.615 | 1.326 | 0.000 | 0.000 | 1.589 | 1.320
00:14:55.00 | 2.489 | 2.388 | 1.629 | 1.316 | 0.000 | 0.000 | 1.664 | 1.339
00:14:56.00 | 2.435 | 2.452 | 1.691 | 1.909 | 0.000 | 0.000 | 1.707 | 1.343
00:14:57.00 | 2.450 | 2.434 | 1.597 | 2.358 | 0.000 | 0.000 | 1.613 | 1.359
00:14:58.00 | 2.463 | 2.489 | 1.388 | 2.472 | 0.000 | 0.000 | 1.701 | 1.346
00:14:59.00 | 2.515 | 2.464 | 1.434 | 2.515 | 0.000 | 0.000 | 1.593 | 1.311
00:15:00.00 | 2.518 | 2.382 | 1.502 | 2.518 | 0.000 | 0.000 | 1.765 | 1.376
00:15:01.00 | 2.448 | 2.339 | 1.544 | 2.449 | 0.000 | 0.000 | 1.604 | 1.317
00:15:02.00 | 2.418 | 2.495 | 1.463 | 2.537 | 0.000 | 0.000 | 1.614 | 1.319
00:15:03.00 | 2.527 | 2.476 | 1.332 | 2.476 | 0.000 | 0.000 | 1.599 | 1.297
00:15:04.00 | 2.526 | 2.482 | 1.270 | 2.483 | 0.000 | 0.000 | 1.737 | 1.338
00:15:05.00 | 2.446 | 2.539 | 1.303 | 2.437 | 0.000 | 0.000 | 1.615 | 1.327
00:15:06.00 | 2.494 | 2.434 | 1.293 | 2.358 | 0.000 | 0.000 | 1.588 | 1.386
00:15:07.00 | 2.417 | 2.446 | 1.288 | 2.504 | 0.000 | 0.000 | 1.613 | 1.323
00:15:08.00 | 2.478 | 2.504 | 1.294 | 2.453 | 0.000 | 0.000 | 1.614 | 1.335
00:15:09.00 | 2.459 | 2.459 | 1.301 | 2.493 | 0.000 | 0.000 | 1.673 | 1.359
00:15:10.00 | 2.169 | 2.508 | 1.295 | 2.525 | 0.000 | 0.000 | 1.609 | 1.338
00:15:11.00 | 1.848 | 2.545 | 1.362 | 2.501 | 0.000 | 0.000 | 1.564 | 1.384
00:15:12.00 | 1.411 | 2.471 | 1.411 | 2.412 | 0.000 | 0.000 | 1.598 | 1.354
00:15:13.00 | 1.293 | 2.426 | 1.402 | 2.512 | 0.000 | 0.000 | 1.613 | 1.342
00:15:14.00 | 1.292 | 2.518 | 1.444 | 2.510 | 0.000 | 0.000 | 1.654 | 1.342
00:15:15.00 | 1.298 | 2.568 | 1.443 | 2.474 | 0.000 | 0.000 | 1.617 | 1.335
00:15:16.00 | 1.278 | 2.454 | 1.413 | 2.479 | 0.000 | 0.000 | 1.582 | 1.353
00:15:17.00 | 1.291 | 2.440 | 1.443 | 2.423 | 0.000 | 0.000 | 1.604 | 1.300
00:15:18.00 | 1.341 | 2.470 | 1.349 | 2.529 | 0.000 | 0.000 | 1.644 | 1.315
00:15:19.00 | 1.282 | 2.447 | 1.426 | 2.535 | 0.000 | 0.000 | 1.709 | 1.303
00:15:20.00 | 1.275 | 2.397 | 1.426 | 2.557 | 0.000 | 0.000 | 1.729 | 1.350
00:15:21.00 | 1.278 | 1.863 | 1.456 | 2.490 | 0.000 | 0.000 | 1.760 | 1.304
00:15:22.00 | 1.299 | 1.392 | 1.417 | 2.482 | 0.000 | 0.000 | 1.603 | 1.342
00:15:23.00 | 1.297 | 1.297 | 1.406 | 2.442 | 0.000 | 0.000 | 1.594 | 1.377
00:15:24.00 | 1.354 | 1.317 | 1.335 | 2.486 | 0.000 | 0.000 | 1.658 | 1.345
00:15:25.00 | 1.809 | 1.387 | 1.294 | 2.394 | 0.000 | 0.000 | 1.590 | 1.311
00:15:26.00 | 1.386 | 1.301 | 1.218 | 2.477 | 0.000 | 0.000 | 1.665 | 1.270
00:15:27.00 | 1.483 | 1.296 | 1.209 | 2.536 | 0.000 | 0.000 | 1.578 | 1.201
00:15:28.00 | 0.972 | 1.294 | 1.235 | 2.403 | 0.000 | 0.000 | 1.564 | 1.089
00:15:29.00 | 0.963 | 1.286 | 1.218 | 2.488 | 0.000 | 0.000 | 1.581 | 1.123
00:15:30.00 | 0.955 | 1.310 | 1.227 | 2.555 | 0.000 | 0.000 | 1.598 | 1.089
00:15:31.00 | 0.971 | 1.311 | 1.234 | 2.503 | 0.000 | 0.000 | 1.703 | 1.100
00:15:32.00 | 1.402 | 1.292 | 1.225 | 2.459 | 0.000 | 0.000 | 1.579 | 1.114
00:15:33.00 | 0.979 | 1.301 | 1.225 | 2.535 | 0.000 | 0.000 | 1.791 | 1.139
00:15:34.00 | 0.980 | 1.665 | 1.218 | 2.401 | 0.000 | 0.000 | 1.589 | 1.140
00:15:35.00 | 1.233 | 2.466 | 1.269 | 2.436 | 0.000 | 0.000 | 1.623 | 1.136
00:15:36.00 | 1.369 | 2.477 | 1.394 | 1.876 | 0.000 | 0.000 | 1.580 | 1.122
00:15:37.00 | 1.005 | 2.463 | 0.903 | 1.403 | 0.000 | 0.000 | 1.718 | 1.047
00:15:38.00 | 0.000 | 2.341 | 0.000 | 1.325 | 0.000 | 0.000 | 1.710 | 0.911
00:15:39.00 | 0.000 | 2.482 | 0.000 | 1.319 | 0.000 | 0.000 | 1.726 | 0.912
00:15:40.00 | 0.000 | 2.473 | 0.000 | 1.311 | 0.000 | 0.000 | 1.660 | 0.904
00:15:41.00 | 0.000 | 2.458 | 0.000 | 1.304 | 0.000 | 0.000 | 1.783 | 0.904
00:15:42.00 | 0.000 | 2.458 | 0.000 | 1.325 | 0.000 | 0.000 | 1.605 | 0.901
00:15:43.00 | 0.000 | 2.443 | 0.000 | 1.317 | 0.000 | 0.000 | 1.740 | 0.889
00:15:44.00 | 0.000 | 2.444 | 0.000 | 1.310 | 0.000 | 0.000 | 1.657 | 0.912
00:15:45.00 | 0.000 | 2.452 | 0.000 | 1.312 | 0.000 | 0.000 | 1.624 | 0.897
00:15:46.00 | 0.000 | 2.494 | 0.000 | 1.869 | 0.000 | 0.000 | 1.704 | 0.940
00:15:47.00 | 0.000 | 2.453 | 0.000 | 2.428 | 0.000 | 0.000 | 1.598 | 0.929
00:15:48.00 | 0.000 | 2.494 | 0.000 | 2.560 | 0.000 | 0.000 | 1.594 | 0.896
00:15:49.00 | 0.000 | 2.438 | 0.000 | 2.431 | 0.000 | 0.000 | 1.581 | 0.912
00:15:50.00 | 0.000 | 2.523 | 0.000 | 2.472 | 0.000 | 0.000 | 1.650 | 0.877
00:15:51.00 | 0.000 | 2.462 | 0.000 | 2.469 | 0.000 | 0.000 | 1.720 | 0.905
00:15:52.00 | 0.000 | 2.478 | 0.000 | 2.477 | 0.000 | 0.000 | 1.716 | 0.897
00:15:53.00 | 0.000 | 2.402 | 0.000 | 2.556 | 0.000 | 0.000 | 1.598 | 0.903
00:15:54.00 | 0.000 | 2.493 | 0.000 | 2.514 | 0.000 | 0.000 | 1.631 | 0.903
00:15:55.00 | 0.000 | 2.464 | 0.000 | 2.537 | 0.000 | 0.000 | 1.783 | 0.889
00:15:56.00 | 0.000 | 2.507 | 0.000 | 2.516 | 0.000 | 0.000 | 1.613 | 0.901
00:15:57.00 | 0.000 | 2.501 | 0.000 | 2.524 | 0.000 | 0.000 | 1.601 | 0.904
00:15:58.00 | 0.000 | 2.510 | 0.000 | 2.401 | 0.000 | 0.000 | 1.646 | 0.874
00:15:59.00 | 0.000 | 2.536 | 0.000 | 2.521 | 0.000 | 0.000 | 1.725 | 0.894
00:16:00.00 | 0.000 | 2.406 | 0.000 | 2.508 | 0.000 | 0.000 | 1.623 | 0.881
00:16:01.00 | 0.000 | 2.373 | 0.000 | 2.536 | 0.000 | 0.000 | 1.958 | 0.904
00:16:02.00 | 0.000 | 2.425 | 0.000 | 2.426 | 0.000 | 0.000 | 1.708 | 0.888
00:16:03.00 | 0.000 | 2.375 | 0.000 | 2.492 | 0.000 | 0.000 | 1.619 | 0.906
00:16:04.00 | 0.000 | 2.404 | 0.000 | 2.422 | 0.000 | 0.000 | 1.573 | 0.894
00:16:05.00 | 0.000 | 2.557 | 0.000 | 2.463 | 0.000 | 0.000 | 1.651 | 0.910
00:16:06.00 | 0.000 | 2.523 | 0.000 | 2.600 | 0.000 | 0.000 | 1.582 | 0.912
00:16:07.00 | 0.000 | 2.407 | 0.000 | 2.436 | 0.000 | 0.000 | 1.682 | 0.896
00:16:08.00 | 0.000 | 2.400 | 0.000 | 2.516 | 0.000 | 0.000 | 1.572 | 0.911
00:16:09.00 | 0.000 | 2.431 | 0.000 | 2.534 | 0.000 | 0.000 | 1.600 | 0.896
00:16:10.00 | 0.000 | 2.446 | 0.000 | 2.497 | 0.000 | 0.000 | 1.677 | 0.898
00:16:11.00 | 0.000 | 2.378 | 0.000 | 2.421 | 0.000 | 0.000 | 1.626 | 0.886
00:16:12.00 | 0.000 | 2.448 | 0.000 | 2.440 | 0.000 | 0.000 | 1.578 | 0.895
00:16:13.00 | 0.000 | 2.400 | 0.000 | 2.407 | 0.000 | 0.000 | 1.594 | 0.889
00:16:14.00 | 0.000 | 2.397 | 0.000 | 2.457 | 0.000 | 0.000 | 1.587 | 0.909
00:16:15.00 | 0.000 | 2.388 | 0.000 | 2.403 | 0.000 | 0.000 | 1.619 | 0.927
00:16:16.00 | 0.000 | 2.498 | 0.000 | 2.497 | 0.000 | 0.000 | 1.633 | 0.887
00:16:17.00 | 0.000 | 2.425 | 0.000 | 2.425 | 0.000 | 0.000 | 1.590 | 0.898
00:16:18.00 | 0.000 | 2.510 | 0.000 | 2.429 | 0.000 | 0.000 | 1.638 | 0.889
00:16:19.00 | 0.000 | 2.306 | 0.000 | 2.383 | 0.000 | 0.000 | 1.613 | 0.901
00:16:20.00 | 0.000 | 2.414 | 0.000 | 2.524 | 0.000 | 0.000 | 1.747 | 0.874
00:16:21.00 | 0.000 | 2.431 | 0.000 | 2.483 | 0.000 | 0.000 | 1.587 | 0.909
00:16:22.00 | 0.000 | 2.495 | 0.000 | 2.473 | 0.000 | 0.000 | 1.711 | 0.912
00:16:23.00 | 0.000 | 2.455 | 0.000 | 2.374 | 0.000 | 0.000 | 1.585 | 0.887
00:16:24.00 | 0.000 | 2.496 | 0.000 | 2.471 | 0.000 | 0.000 | 1.682 | 0.877
00:16:25.00 | 0.000 | 2.482 | 0.000 | 2.468 | 0.000 | 0.000 | 1.690 | 0.875
00:16:26.00 | 0.000 | 2.413 | 0.000 | 1.834 | 0.000 | 0.000 | 1.681 | 0.896
00:16:27.00 | 0.000 | 2.439 | 0.000 | 2.041 | 0.000 | 0.000 | 1.609 | 0.887
00:16:28.00 | 0.000 | 2.471 | 0.000 | 2.457 | 0.000 | 0.000 | 1.587 | 1.013
00:16:29.00 | 0.000 | 2.455 | 0.000 | 2.499 | 0.000 | 0.000 | 1.617 | 0.886
00:16:30.00 | 0.000 | 1.843 | 0.000 | 2.459 | 0.000 | 0.000 | 1.595 | 0.896
00:16:31.00 | 0.000 | 2.167 | 0.000 | 2.464 | 0.000 | 0.000 | 1.768 | 0.912
00:16:32.00 | 0.000 | 2.351 | 0.000 | 2.400 | 0.000 | 0.000 | 1.631 | 0.890
00:16:33.00 | 0.000 | 2.430 | 0.000 | 2.496 | 0.000 | 0.000 | 1.711 | 0.882
00:16:34.00 | 0.000 | 2.486 | 0.000 | 2.485 | 0.000 | 0.000 | 1.682 | 0.919
00:16:35.00 | 0.000 | 2.428 | 0.000 | 2.486 | 0.000 | 0.000 | 1.600 | 0.925
00:16:36.00 | 0.000 | 2.500 | 0.000 | 2.517 | 0.000 | 0.000 | 1.646 | 0.902
00:16:37.00 | 0.000 | 2.450 | 0.000 | 2.581 | 0.000 | 0.000 | 1.565 | 0.889
00:16:38.00 | 0.000 | 2.533 | 0.000 | 2.561 | 0.000 | 0.000 | 1.734 | 0.919
00:16:39.00 | 0.000 | 2.531 | 0.000 | 2.462 | 0.000 | 0.000 | 1.650 | 0.861
00:16:40.00 | 0.000 | 2.442 | 0.000 | 2.478 | 0.000 | 0.000 | 1.651 | 0.933
00:16:41.00 | 0.000 | 2.460 | 0.000 | 2.520 | 0.000 | 0.000 | 1.614 | 0.886
00:16:42.00 | 0.000 | 2.430 | 0.000 | 2.474 | 0.000 | 0.000 | 1.631 | 0.889
00:16:43.00 | 0.000 | 2.424 | 0.000 | 2.446 | 0.000 | 0.000 | 1.618 | 0.912
00:16:44.00 | 0.000 | 2.489 | 0.000 | 2.395 | 0.000 | 0.000 | 1.625 | 0.912
00:16:45.00 | 0.000 | 2.451 | 0.000 | 2.501 | 0.000 | 0.000 | 1.840 | 0.904
00:16:46.00 | 0.000 | 2.437 | 0.000 | 2.480 | 0.000 | 0.000 | 1.615 | 0.929
00:16:47.00 | 0.000 | 2.446 | 0.000 | 2.540 | 0.000 | 0.000 | 1.632 | 0.897
00:16:48.00 | 0.000 | 2.502 | 0.000 | 2.545 | 0.000 | 0.000 | 1.753 | 0.926
00:16:49.00 | 0.000 | 2.400 | 0.000 | 2.384 | 0.000 | 0.000 | 1.605 | 0.885
00:16:50.00 | 0.000 | 2.407 | 0.000 | 2.552 | 0.000 | 0.000 | 1.609 | 0.926
00:16:51.00 | 0.000 | 2.413 | 0.000 | 2.433 | 0.000 | 0.000 | 1.586 | 0.925
00:16:52.00 | 0.000 | 2.470 | 0.000 | 2.470 | 0.000 | 0.000 | 1.775 | 0.902
00:16:53.00 | 0.000 | 2.436 | 0.000 | 2.442 | 0.000 | 0.000 | 1.608 | 0.903
00:16:54.00 | 0.000 | 2.473 | 0.000 | 2.509 | 0.000 | 0.000 | 1.609 | 0.879
00:16:55.00 | 0.000 | 2.480 | 0.000 | 2.517 | 0.000 | 0.000 | 1.602 | 0.897
00:16:56.00 | 0.000 | 2.501 | 0.000 | 2.468 | 0.000 | 0.000 | 1.664 | 0.893
00:16:57.00 | 0.000 | 2.160 | 0.000 | 2.458 | 0.000 | 0.000 | 1.667 | 0.889
00:16:58.00 | 0.000 | 1.559 | 0.000 | 2.431 | 0.000 | 0.000 | 1.669 | 0.912
00:16:59.00 | 0.034 | 1.311 | 0.000 | 2.496 | 0.000 | 0.000 | 1.666 | 0.911
00:17:00.00 | 1.017 | 1.318 | 0.000 | 2.468 | 0.000 | 0.000 | 1.705 | 0.890
00:17:01.00 | 1.464 | 1.340 | 0.000 | 2.502 | 0.000 | 0.000 | 1.784 | 1.078
00:17:02.00 | 1.573 | 1.302 | 0.000 | 2.505 | 0.000 | 0.000 | 1.599 | 1.132
00:17:03.00 | 1.604 | 1.313 | 0.000 | 2.447 | 0.000 | 0.000 | 1.830 | 1.109
00:17:04.00 | 1.603 | 1.305 | 0.000 | 2.443 | 0.000 | 0.000 | 1.696 | 1.143
00:17:05.00 | 1.587 | 1.298 | 0.000 | 2.517 | 0.000 | 0.000 | 1.624 | 1.144
00:17:06.00 | 1.537 | 1.349 | 0.000 | 2.351 | 0.000 | 0.000 | 1.624 | 1.129
00:17:07.00 | 1.361 | 1.370 | 0.000 | 2.370 | 0.000 | 0.000 | 1.607 | 1.089
00:17:08.00 | 1.437 | 1.285 | 0.000 | 2.409 | 0.000 | 0.000 | 1.850 | 1.100
00:17:09.00 | 1.441 | 1.326 | 0.000 | 2.492 | 0.000 | 0.000 | 1.629 | 1.098
00:17:10.00 | 1.605 | 1.368 | 0.000 | 2.190 | 0.000 | 0.000 | 1.732 | 1.088
00:17:11.00 | 1.387 | 1.343 | 0.000 | 1.765 | 0.000 | 0.000 | 1.799 | 1.108
00:17:12.00 | 1.394 | 1.300 | 0.000 | 1.342 | 0.000 | 0.000 | 1.699 | 1.139
00:17:13.00 | 1.262 | 1.349 | 0.000 | 1.326 | 0.000 | 0.000 | 1.791 | 1.093
00:17:14.00 | 1.254 | 1.282 | 0.000 | 1.310 | 0.000 | 0.000 | 1.797 | 1.098
00:17:15.00 | 1.311 | 1.302 | 0.000 | 1.326 | 0.000 | 0.000 | 1.667 | 1.097
00:17:16.00 | 1.217 | 1.317 | 0.000 | 1.317 | 0.000 | 0.000 | 1.601 | 1.113
00:17:17.00 | 1.286 | 1.302 | 0.000 | 1.336 | 0.000 | 0.000 | 1.632 | 1.097
00:17:18.00 | 0.000 | 1.348 | 0.000 | 1.362 | 0.000 | 0.000 | 1.609 | 0.874
00:17:19.00 | 0.000 | 1.296 | 0.000 | 1.354 | 0.000 | 0.000 | 1.643 | 0.878
00:17:20.00 | 0.000 | 1.297 | 0.000 | 1.304 | 0.000 | 0.000 | 1.609 | 0.933
00:17:21.00 | 0.000 | 1.296 | 0.000 | 1.317 | 0.000 | 0.000 | 1.681 | 0.903
00:17:22.00 | 0.000 | 1.312 | 0.000 | 1.326 | 0.000 | 0.000 | 1.700 | 0.911
00:17:23.00 | 0.000 | 1.303 | 0.000 | 1.303 | 0.000 | 0.000 | 1.658 | 0.895
00:17:24.00 | 0.000 | 1.353 | 0.000 | 1.362 | 0.000 | 0.000 | 1.786 | 0.894
00:17:25.00 | 0.000 | 1.299 | 0.000 | 1.305 | 0.000 | 0.000 | 1.713 | 0.912
00:17:26.00 | 0.000 | 1.299 | 0.000 | 1.313 | 0.000 | 0.000 | 1.720 | 0.883
00:17:27.00 | 0.000 | 1.312 | 0.000 | 1.312 | 0.000 | 0.000 | 1.634 | 0.887
00:17:28.00 | 0.000 | 1.298 | 0.000 | 1.298 | 0.000 | 0.000 | 1.618 | 0.949
00:17:29.00 | 0.000 | 1.305 | 0.000 | 1.326 | 0.000 | 0.000 | 1.706 | 0.898
00:17:30.00 | 0.000 | 1.286 | 0.000 | 1.334 | 0.000 | 0.000 | 1.649 | 0.894
00:17:31.00 | 0.000 | 1.304 | 0.000 | 1.311 | 0.000 | 0.000 | 1.725 | 0.896
00:17:32.00 | 0.000 | 1.304 | 0.000 | 1.304 | 0.000 | 0.000 | 1.595 | 0.897
00:17:33.00 | 0.000 | 1.303 | 0.000 | 1.311 | 0.000 | 0.000 | 1.625 | 0.955
00:17:34.00 | 0.000 | 1.314 | 0.000 | 1.314 | 0.000 | 0.000 | 1.614 | 0.891
00:17:35.00 | 0.000 | 1.268 | 0.000 | 1.293 | 0.000 | 0.000 | 1.655 | 0.901
00:17:36.00 | 0.000 | 1.348 | 0.000 | 1.318 | 0.000 | 0.000 | 1.609 | 0.919
00:17:37.00 | 0.000 | 1.392 | 0.000 | 1.311 | 0.000 | 0.000 | 1.653 | 0.926
00:17:38.00 | 0.000 | 1.295 | 0.000 | 1.337 | 0.000 | 0.000 | 1.583 | 0.921
00:17:39.00 | 0.000 | 1.329 | 0.000 | 1.305 | 0.000 | 0.000 | 1.690 | 0.898
00:17:40.00 | 0.000 | 1.342 | 0.000 | 1.311 | 0.000 | 0.000 | 1.588 | 0.889
00:17:41.00 | 0.000 | 1.285 | 0.000 | 1.317 | 0.000 | 0.000 | 1.681 | 0.877
00:17:42.00 | 0.000 | 1.298 | 0.000 | 1.305 | 0.000 | 0.000 | 1.603 | 0.919
00:17:43.00 | 0.000 | 1.291 | 0.000 | 1.311 | 0.000 | 0.000 | 1.763 | 0.904
00:17:44.00 | 0.000 | 1.311 | 0.000 | 1.302 | 0.000 | 0.000 | 1.641 | 0.920
00:17:45.00 | 0.000 | 1.312 | 0.000 | 1.312 | 0.000 | 0.000 | 1.632 | 0.904
00:17:46.00 | 0.000 | 1.299 | 0.000 | 1.320 | 0.000 | 0.000 | 1.662 | 0.898
00:17:47.00 | 0.000 | 1.319 | 0.000 | 1.286 | 0.000 | 0.000 | 1.616 | 0.902
00:17:48.00 | 0.000 | 1.298 | 0.000 | 1.305 | 0.000 | 0.000 | 1.602 | 0.919
00:17:49.00 | 0.000 | 1.285 | 0.000 | 1.319 | 0.000 | 0.000 | 1.727 | 0.891
00:17:50.00 | 0.000 | 1.313 | 0.000 | 1.321 | 0.000 | 0.000 | 1.830 | 0.904
00:17:51.00 | 0.000 | 1.298 | 0.000 | 1.318 | 0.000 | 0.000 | 1.646 | 0.919
00:17:52.00 | 0.000 | 1.279 | 0.000 | 1.313 | 0.000 | 0.000 | 1.611 | 0.912
00:17:53.00 | 0.000 | 1.303 | 0.000 | 1.327 | 0.000 | 0.000 | 1.609 | 0.877
00:17:54.00 | 0.000 | 1.363 | 0.000 | 1.312 | 0.000 | 0.000 | 1.604 | 0.927
00:17:55.00 | 0.000 | 1.294 | 0.000 | 1.369 | 0.000 | 0.000 | 1.717 | 0.911
00:17:56.00 | 0.000 | 1.290 | 0.000 | 1.311 | 0.000 | 0.000 | 1.623 | 0.896
00:17:57.00 | 0.000 | 1.285 | 0.000 | 1.312 | 0.000 | 0.000 | 1.639 | 0.904
00:17:58.00 | 0.000 | 1.288 | 0.000 | 1.319 | 0.000 | 0.000 | 1.634 | 0.904
00:17:59.00 | 0.000 | 1.285 | 0.000 | 1.311 | 0.000 | 0.000 | 1.603 | 0.919
00:18:00.00 | 0.000 | 1.336 | 0.000 | 1.350 | 0.000 | 0.000 | 1.641 | 0.913
00:18:01.00 | 0.000 | 1.353 | 0.000 | 1.354 | 0.000 | 0.000 | 1.624 | 0.920
00:18:02.00 | 0.000 | 1.297 | 0.000 | 1.303 | 0.000 | 0.000 | 1.820 | 0.896
00:18:03.00 | 0.000 | 1.335 | 0.000 | 1.306 | 0.000 | 0.000 | 1.735 | 0.905
00:18:04.00 | 0.000 | 1.286 | 0.000 | 1.294 | 0.000 | 0.000 | 1.675 | 0.904
00:18:05.00 | 0.000 | 1.350 | 0.000 | 1.357 | 0.000 | 0.000 | 1.596 | 0.935
00:18:06.00 | 0.000 | 1.342 | 0.000 | 1.357 | 0.000 | 0.000 | 1.588 | 0.875
00:18:07.00 | 0.000 | 1.352 | 0.000 | 1.359 | 0.000 | 0.000 | 1.597 | 0.919
00:18:08.00 | 0.000 | 1.285 | 0.000 | 1.292 | 0.000 | 0.000 | 1.691 | 0.897
00:18:09.00 | 0.000 | 1.300 | 0.000 | 1.299 | 0.000 | 0.000 | 1.596 | 0.910
00:18:10.00 | 0.000 | 1.304 | 0.000 | 1.312 | 0.000 | 0.000 | 1.741 | 0.919
00:18:11.00 | 0.000 | 1.298 | 0.000 | 1.312 | 0.000 | 0.000 | 1.603 | 0.897
00:18:12.00 | 0.000 | 1.296 | 0.000 | 1.303 | 0.000 | 0.000 | 1.711 | 0.904
00:18:13.00 | 0.000 | 1.291 | 0.000 | 1.311 | 0.000 | 0.000 | 1.595 | 0.896
00:18:14.00 | 0.000 | 1.291 | 0.000 | 1.319 | 0.000 | 0.000 | 1.603 | 0.868
00:18:15.00 | 0.000 | 1.303 | 0.000 | 1.327 | 0.000 | 0.000 | 1.583 | 0.895
00:18:16.00 | 0.000 | 1.281 | 0.000 | 1.314 | 0.000 | 0.000 | 1.715 | 0.891
00:18:17.00 | 0.000 | 1.313 | 0.000 | 1.312 | 0.000 | 0.000 | 1.617 | 0.929
00:18:18.00 | 0.000 | 1.292 | 0.000 | 1.320 | 0.000 | 0.000 | 1.583 | 0.928
00:18:19.00 | 0.000 | 1.349 | 0.000 | 1.320 | 0.000 | 0.000 | 1.619 | 0.891
00:18:20.00 | 0.000 | 1.296 | 0.000 | 1.312 | 0.000 | 0.000 | 1.710 | 0.904
00:18:21.00 | 0.000 | 1.348 | 0.000 | 1.325 | 0.000 | 0.000 | 1.668 | 0.897
00:18:22.00 | 0.000 | 1.278 | 0.000 | 1.318 | 0.000 | 0.000 | 1.708 | 0.928
00:18:23.00 | 0.000 | 1.343 | 0.000 | 1.363 | 0.000 | 0.000 | 1.706 | 0.882
00:18:24.00 | 0.000 | 1.305 | 0.000 | 1.306 | 0.000 | 0.000 | 1.719 | 0.905
00:18:25.00 | 0.000 | 1.286 | 0.000 | 1.326 | 0.000 | 0.000 | 1.708 | 0.929
00:18:26.00 | 0.000 | 1.350 | 0.000 | 1.385 | 0.000 | 0.000 | 1.640 | 0.920
00:18:27.00 | 0.000 | 1.356 | 0.000 | 1.312 | 0.000 | 0.000 | 1.575 | 0.965
00:18:28.00 | 0.000 | 1.290 | 0.000 | 1.304 | 0.000 | 0.000 | 1.587 | 0.904
00:18:29.00 | 0.000 | 1.304 | 0.000 | 1.319 | 0.000 | 0.000 | 1.667 | 0.933
00:18:30.00 | 0.000 | 1.312 | 0.000 | 1.320 | 0.000 | 0.000 | 1.602 | 0.913
00:18:31.00 | 0.000 | 1.291 | 0.000 | 1.311 | 0.000 | 0.000 | 1.573 | 0.898
00:18:32.00 | 0.000 | 1.279 | 0.000 | 1.318 | 0.000 | 0.000 | 1.617 | 0.877
00:18:33.00 | 0.000 | 1.349 | 0.000 | 1.318 | 0.000 | 0.000 | 1.624 | 0.926
00:18:34.00 | 0.000 | 1.342 | 0.000 | 1.305 | 0.000 | 0.000 | 1.587 | 0.948
00:18:35.00 | 0.000 | 1.353 | 0.000 | 1.286 | 0.000 | 0.000 | 1.607 | 0.911
00:18:36.00 | 0.000 | 1.340 | 0.000 | 1.310 | 0.000 | 0.000 | 1.658 | 0.911
00:18:37.00 | 0.000 | 1.292 | 0.000 | 1.298 | 0.000 | 0.000 | 1.675 | 0.897
00:18:38.00 | 0.000 | 1.270 | 0.000 | 1.334 | 0.000 | 0.000 | 1.774 | 0.886
00:18:39.00 | 0.000 | 1.296 | 0.000 | 1.317 | 0.000 | 0.000 | 1.622 | 0.903
00:18:40.00 | 0.000 | 1.337 | 0.000 | 1.309 | 0.000 | 0.000 | 1.572 | 0.937
00:18:41.00 | 0.000 | 1.292 | 0.000 | 1.369 | 0.000 | 0.000 | 1.747 | 0.868
00:18:42.00 | 0.000 | 1.298 | 0.000 | 1.356 | 0.000 | 0.000 | 1.639 | 0.934
00:18:43.00 | 0.000 | 1.339 | 0.000 | 1.364 | 0.000 | 0.000 | 1.763 | 0.904
00:18:44.00 | 0.000 | 1.343 | 0.000 | 1.335 | 0.000 | 0.000 | 1.626 | 0.912
00:18:45.00 | 0.000 | 1.283 | 0.000 | 1.303 | 0.000 | 0.000 | 1.688 | 0.911
00:18:46.00 | 0.000 | 1.295 | 0.000 | 1.311 | 0.000 | 0.000 | 1.727 | 0.904
00:18:47.00 | 0.000 | 1.275 | 0.000 | 1.302 | 0.000 | 0.000 | 1.715 | 0.895
00:18:48.00 | 0.000 | 1.291 | 0.000 | 1.312 | 0.000 | 0.000 | 1.711 | 0.912
00:18:49.00 | 0.000 | 1.309 | 0.000 | 1.309 | 0.000 | 0.000 | 1.616 | 0.920
00:18:50.00 | 0.000 | 1.379 | 0.000 | 1.291 | 0.000 | 0.000 | 1.624 | 0.868
00:18:51.00 | 0.000 | 1.319 | 0.000 | 1.353 | 0.000 | 0.000 | 1.590 | 0.920
00:18:52.00 | 0.000 | 1.297 | 0.000 | 1.324 | 0.000 | 0.000 | 1.783 | 0.911
00:18:53.00 | 0.000 | 1.313 | 0.000 | 1.306 | 0.000 | 0.000 | 1.575 | 0.935
00:18:54.00 | 0.000 | 1.286 | 0.000 | 1.317 | 0.000 | 0.000 | 1.615 | 0.886
00:18:55.00 | 0.000 | 1.304 | 0.000 | 1.325 | 0.000 | 0.000 | 1.732 | 0.896
00:18:56.00 | 0.000 | 1.281 | 0.000 | 1.304 | 0.000 | 0.000 | 1.720 | 0.956
00:18:57.00 | 0.000 | 1.302 | 0.000 | 1.302 | 0.000 | 0.000 | 1.665 | 0.895
00:18:58.00 | 0.000 | 1.298 | 0.000 | 1.297 | 0.000 | 0.000 | 1.652 | 0.889
00:18:59.00 | 0.000 | 1.362 | 0.000 | 1.319 | 0.000 | 0.000 | 1.753 | 0.930
00:19:00.00 | 0.000 | 1.340 | 0.000 | 1.324 | 0.000 | 0.000 | 1.665 | 0.895
00:19:01.00 | 0.000 | 1.341 | 0.000 | 1.297 | 0.000 | 0.000 | 1.587 | 0.896
00:19:02.00 | 0.000 | 1.288 | 0.000 | 1.304 | 0.000 | 0.000 | 1.771 | 0.904
00:19:03.00 | 0.000 | 1.319 | 0.000 | 1.305 | 0.000 | 0.000 | 1.610 | 0.927
00:19:04.00 | 0.000 | 1.279 | 0.000 | 1.300 | 0.000 | 0.000 | 1.779 | 0.906
00:19:05.00 | 0.000 | 1.279 | 0.000 | 1.287 | 0.000 | 0.000 | 1.617 | 0.920
00:19:06.00 | 0.000 | 1.306 | 0.000 | 1.305 | 0.000 | 0.000 | 1.610 | 0.912
00:19:07.00 | 0.000 | 1.278 | 0.000 | 1.327 | 0.000 | 0.000 | 1.689 | 0.904
00:19:08.00 | 0.000 | 1.287 | 0.000 | 1.302 | 0.000 | 0.000 | 1.582 | 0.912
00:19:09.00 | 0.000 | 1.298 | 0.000 | 1.284 | 0.000 | 0.000 | 1.762 | 0.882
00:19:10.00 | 0.000 | 1.352 | 0.000 | 1.353 | 0.000 | 0.000 | 1.758 | 0.937
00:19:11.00 | 0.000 | 1.284 | 0.000 | 1.305 | 0.000 | 0.000 | 1.580 | 0.904
00:19:12.00 | 0.000 | 1.291 | 0.000 | 1.311 | 0.000 | 0.000 | 1.617 | 0.904
00:19:13.00 | 0.000 | 1.288 | 0.000 | 1.305 | 0.000 | 0.000 | 1.591 | 0.887
00:19:14.00 | 0.000 | 1.286 | 0.000 | 1.319 | 0.000 | 0.000 | 1.604 | 0.912
00:19:15.00 | 0.000 | 1.296 | 0.000 | 1.289 | 0.000 | 0.000 | 1.701 | 0.932
00:19:16.00 | 0.000 | 1.292 | 0.000 | 1.292 | 0.000 | 0.000 | 1.596 | 0.910
00:19:17.00 | 0.000 | 1.305 | 0.000 | 1.313 | 0.000 | 0.000 | 1.786 | 0.876
00:19:18.00 | 0.000 | 1.278 | 0.000 | 1.361 | 0.000 | 0.000 | 1.623 | 0.937
00:19:19.00 | 0.000 | 1.305 | 0.000 | 1.299 | 0.000 | 0.000 | 1.719 | 0.920
00:19:20.00 | 0.000 | 1.298 | 0.000 | 1.305 | 0.000 | 0.000 | 1.755 | 0.897
00:19:21.00 | 0.000 | 1.279 | 0.000 | 1.295 | 0.000 | 0.000 | 1.608 | 0.903
00:19:22.00 | 0.000 | 1.299 | 0.000 | 1.299 | 0.000 | 0.000 | 1.676 | 0.935
00:19:23.00 | 0.000 | 1.292 | 0.000 | 1.299 | 0.000 | 0.000 | 1.625 | 0.897
00:19:24.00 | 0.000 | 1.279 | 0.000 | 1.303 | 0.000 | 0.000 | 1.573 | 0.860
00:19:25.00 | 0.000 | 1.292 | 0.000 | 1.313 | 0.000 | 0.000 | 1.574 | 0.919
00:19:26.00 | 0.000 | 1.293 | 0.000 | 1.293 | 0.000 | 0.000 | 1.632 | 0.885
00:19:27.00 | 0.000 | 1.373 | 0.000 | 1.299 | 0.000 | 0.000 | 1.590 | 0.935
00:19:28.00 | 0.000 | 1.337 | 0.000 | 1.299 | 0.000 | 0.000 | 1.772 | 0.935
00:19:29.00 | 0.000 | 1.373 | 0.000 | 1.313 | 0.000 | 0.000 | 1.696 | 0.887
00:19:30.00 | 0.000 | 1.350 | 0.000 | 1.305 | 0.000 | 0.000 | 1.596 | 0.875
00:19:31.00 | 0.000 | 1.298 | 0.000 | 1.305 | 0.000 | 0.000 | 1.711 | 0.926
00:19:32.00 | 0.000 | 1.285 | 0.000 | 1.316 | 0.000 | 0.000 | 1.680 | 0.919
00:19:33.00 | 0.000 | 1.305 | 0.000 | 1.312 | 0.000 | 0.000 | 1.633 | 0.912
00:19:34.00 | 0.000 | 1.319 | 0.000 | 1.305 | 0.000 | 0.000 | 1.602 | 0.881
00:19:35.00 | 0.000 | 1.285 | 0.000 | 1.309 | 0.000 | 0.000 | 1.613 | 0.919
00:19:36.00 | 0.000 | 1.292 | 0.000 | 1.285 | 0.000 | 0.000 | 1.619 | 0.882
00:19:37.00 | 0.000 | 1.307 | 0.000 | 1.321 | 0.000 | 0.000 | 1.621 | 0.913
00:19:38.00 | 0.000 | 1.303 | 0.000 | 1.295 | 0.000 | 0.000 | 1.582 | 0.920
00:19:39.00 | 0.000 | 1.292 | 0.000 | 1.319 | 0.000 | 0.000 | 1.604 | 0.934
00:19:40.00 | 0.000 | 1.339 | 0.000 | 1.311 | 0.000 | 0.000 | 1.727 | 0.921
00:19:41.00 | 0.000 | 1.307 | 0.000 | 1.362 | 0.000 | 0.000 | 1.690 | 0.934
00:19:42.00 | 0.000 | 1.343 | 0.000 | 1.350 | 0.000 | 0.000 | 1.682 | 0.882
00:19:43.00 | 0.000 | 1.271 | 0.000 | 1.346 | 0.000 | 0.000 | 1.701 | 0.895
00:19:44.00 | 0.000 | 1.342 | 0.000 | 1.370 | 0.000 | 0.000 | 1.660 | 0.896
00:19:45.00 | 0.000 | 1.322 | 0.000 | 1.350 | 0.000 | 0.000 | 1.574 | 0.927
00:19:46.00 | 0.000 | 1.363 | 0.000 | 1.302 | 0.000 | 0.000 | 1.608 | 0.920
00:19:47.00 | 0.000 | 1.293 | 0.000 | 1.349 | 0.000 | 0.000 | 1.604 | 0.913
00:19:48.00 | 0.000 | 1.320 | 0.000 | 1.333 | 0.000 | 0.000 | 1.572 | 0.911
00:19:49.00 | 0.000 | 1.312 | 0.000 | 1.312 | 0.000 | 0.000 | 1.600 | 0.886
00:19:50.00 | 0.000 | 1.298 | 0.000 | 1.311 | 0.000 | 0.000 | 1.667 | 0.912
00:19:51.00 | 0.000 | 1.293 | 0.000 | 1.293 | 0.000 | 0.000 | 1.700 | 0.893
00:19:52.00 | 0.000 | 1.365 | 0.000 | 1.350 | 0.000 | 0.000 | 1.699 | 0.890
00:19:53.00 | 0.000 | 1.318 | 0.000 | 1.368 | 0.000 | 0.000 | 1.695 | 0.911
00:19:54.00 | 0.000 | 1.278 | 0.000 | 1.318 | 0.000 | 0.000 | 1.708 | 0.861
00:19:55.00 | 0.000 | 1.314 | 0.000 | 1.299 | 0.000 | 0.000 | 1.692 | 0.920
00:19:56.00 | 0.000 | 1.295 | 0.000 | 1.328 | 0.000 | 0.000 | 1.591 | 0.929
00:19:57.00 | 0.000 | 1.334 | 0.000 | 1.305 | 0.000 | 0.000 | 1.646 | 0.955
00:19:58.00 | 0.000 | 1.307 | 0.000 | 1.293 | 0.000 | 0.000 | 1.598 | 0.891
00:19:59.00 | 0.000 | 1.313 | 0.000 | 1.311 | 0.000 | 0.000 | 1.677 | 0.870
00:20:00.00 | 0.000 | 1.312 | 0.000 | 1.311 | 0.000 | 0.000 | 1.675 | 0.890
00:20:01.00 | 0.000 | 1.284 | 0.000 | 1.318 | 0.000 | 0.000 | 1.638 | 0.896
00:20:02.00 | 0.000 | 1.294 | 0.000 | 1.310 | 0.000 | 0.000 | 1.615 | 0.894
00:20:03.00 | 0.000 | 1.285 | 0.000 | 1.291 | 0.000 | 0.000 | 1.698 | 0.882
00:20:04.00 | 0.000 | 1.300 | 0.000 | 1.307 | 0.000 | 0.000 | 1.642 | 0.898
00:20:05.00 | 0.000 | 1.287 | 0.000 | 1.295 | 0.000 | 0.000 | 1.625 | 0.869
00:20:06.00 | 0.000 | 1.279 | 0.000 | 1.299 | 0.000 | 0.000 | 1.656 | 0.928
00:20:07.00 | 0.000 | 1.298 | 0.000 | 1.305 | 0.000 | 0.000 | 1.595 | 0.926
00:20:08.00 | 0.000 | 1.302 | 0.000 | 1.311 | 0.000 | 0.000 | 1.590 | 0.903
00:20:09.00 | 0.000 | 1.284 | 0.000 | 1.305 | 0.000 | 0.000 | 1.609 | 0.905
00:20:10.00 | 0.000 | 1.285 | 0.000 | 1.305 | 0.000 | 0.000 | 1.626 | 0.890
00:20:11.00 | 0.000 | 1.276 | 0.000 | 1.300 | 0.000 | 0.000 | 1.655 | 0.901
00:20:12.00 | 0.000 | 1.298 | 0.000 | 1.356 | 0.000 | 0.000 | 1.676 | 0.927
00:20:13.00 | 0.000 | 1.344 | 0.000 | 1.361 | 0.000 | 0.000 | 1.683 | 0.902
00:20:14.00 | 0.000 | 1.296 | 0.000 | 1.296 | 0.000 | 0.000 | 1.608 | 0.925
00:20:15.00 | 0.000 | 1.336 | 0.000 | 1.370 | 0.000 | 0.000 | 1.625 | 0.905
00:20:16.00 | 0.000 | 1.280 | 0.000 | 1.355 | 0.000 | 0.000 | 1.845 | 0.921
00:20:17.00 | 0.000 | 1.335 | 0.000 | 1.356 | 0.000 | 0.000 | 1.596 | 0.882
00:20:18.00 | 0.000 | 1.319 | 0.000 | 1.340 | 0.000 | 0.000 | 1.572 | 0.933
00:20:19.00 | 0.000 | 1.272 | 0.000 | 1.303 | 0.000 | 0.000 | 1.600 | 0.921
00:20:20.00 | 0.000 | 1.285 | 0.000 | 1.311 | 0.000 | 0.000 | 1.625 | 0.927
00:20:21.00 | 0.000 | 1.284 | 0.000 | 1.298 | 0.000 | 0.000 | 1.640 | 0.897
00:20:22.00 | 0.000 | 1.276 | 0.000 | 1.300 | 0.000 | 0.000 | 1.570 | 0.893
00:20:23.00 | 0.000 | 1.301 | 0.000 | 1.308 | 0.000 | 0.000 | 1.584 | 0.899
00:20:24.00 | 0.000 | 1.295 | 0.000 | 1.311 | 0.000 | 0.000 | 1.582 | 0.904
00:20:25.00 | 0.000 | 1.283 | 0.000 | 1.297 | 0.000 | 0.000 | 1.703 | 0.896
00:20:26.00 | 0.000 | 1.327 | 0.000 | 1.305 | 0.000 | 0.000 | 1.662 | 0.898
00:20:27.00 | 0.000 | 1.286 | 0.000 | 1.319 | 0.000 | 0.000 | 1.674 | 0.920
00:20:28.00 | 0.000 | 1.291 | 0.000 | 1.298 | 0.000 | 0.000 | 1.733 | 0.926
00:20:29.00 | 0.000 | 1.298 | 0.000 | 1.298 | 0.000 | 0.000 | 1.762 | 0.934
00:20:30.00 | 0.000 | 1.302 | 0.000 | 1.302 | 0.000 | 0.000 | 1.801 | 0.928
00:20:31.00 | 0.000 | 1.332 | 0.000 | 1.296 | 0.000 | 0.000 | 1.759 | 0.904
00:20:32.00 | 0.000 | 1.305 | 0.000 | 1.319 | 0.000 | 0.000 | 1.624 | 0.878
00:20:33.00 | 0.000 | 1.286 | 0.000 | 1.314 | 0.000 | 0.000 | 1.764 | 0.890
00:20:34.00 | 0.000 | 1.286 | 0.000 | 1.319 | 0.000 | 0.000 | 1.662 | 0.921
00:20:35.00 | 0.000 | 1.310 | 0.000 | 1.319 | 0.000 | 0.000 | 1.582 | 0.877
00:20:36.00 | 0.000 | 1.297 | 0.000 | 1.304 | 0.000 | 0.000 | 1.717 | 0.881
00:20:37.00 | 0.000 | 1.270 | 0.000 | 1.309 | 0.000 | 0.000 | 1.783 | 0.885
00:20:38.00 | 0.000 | 1.270 | 0.000 | 1.318 | 0.000 | 0.000 | 1.886 | 0.904
00:20:39.00 | 0.000 | 1.292 | 0.000 | 1.306 | 0.000 | 0.000 | 1.619 | 0.868
00:20:40.00 | 0.000 | 1.288 | 0.000 | 1.312 | 0.000 | 0.000 | 1.591 | 0.912
00:20:41.00 | 0.000 | 1.282 | 0.000 | 1.303 | 0.000 | 0.000 | 1.905 | 0.888
00:20:42.00 | 0.000 | 1.275 | 0.000 | 1.295 | 0.000 | 0.000 | 1.874 | 0.902
00:20:43.00 | 0.000 | 1.285 | 0.000 | 1.300 | 0.000 | 0.000 | 1.656 | 0.902
00:20:44.00 | 0.000 | 1.304 | 0.000 | 1.297 | 0.000 | 0.000 | 1.732 | 0.919
00:20:45.00 | 0.000 | 1.302 | 0.000 | 1.294 | 0.000 | 0.000 | 1.582 | 0.937
00:20:46.00 | 0.000 | 1.290 | 0.000 | 1.311 | 0.000 | 0.000 | 1.603 | 0.919
00:20:47.00 | 0.000 | 1.285 | 0.000 | 1.298 | 0.000 | 0.000 | 1.604 | 0.919
00:20:48.00 | 0.000 | 1.293 | 0.000 | 1.310 | 0.000 | 0.000 | 1.640 | 0.911
00:20:49.00 | 0.000 | 1.290 | 0.000 | 1.311 | 0.000 | 0.000 | 1.630 | 0.881
00:20:50.00 | 0.000 | 1.285 | 0.000 | 1.298 | 0.000 | 0.000 | 1.668 | 0.898
00:20:51.00 | 0.000 | 1.345 | 0.000 | 1.301 | 0.000 | 0.000 | 1.605 | 0.903
00:20:52.00 | 0.000 | 1.284 | 0.000 | 1.318 | 0.000 | 0.000 | 1.624 | 0.934
00:20:53.00 | 0.000 | 1.286 | 0.000 | 1.294 | 0.000 | 0.000 | 1.717 | 0.903
00:20:54.00 | 0.000 | 1.276 | 0.000 | 1.296 | 0.000 | 0.000 | 1.615 | 0.896
00:20:55.00 | 0.000 | 1.350 | 0.000 | 1.313 | 0.000 | 0.000 | 1.735 | 0.927
00:20:56.00 | 0.000 | 1.346 | 0.000 | 1.310 | 0.000 | 0.000 | 1.633 | 0.894
00:20:57.00 | 0.000 | 1.385 | 0.000 | 1.304 | 0.000 | 0.000 | 1.587 | 0.889
00:20:58.00 | 0.000 | 1.285 | 0.000 | 1.313 | 0.000 | 0.000 | 1.815 | 0.920
00:20:59.00 | 0.000 | 1.291 | 0.000 | 1.291 | 0.000 | 0.000 | 1.715 | 0.883
00:21:00.00 | 0.000 | 1.277 | 0.000 | 1.298 | 0.000 | 0.000 | 1.674 | 0.875
00:21:01.00 | 0.000 | 1.292 | 0.000 | 1.305 | 0.000 | 0.000 | 1.728 | 0.912
00:21:02.00 | 0.000 | 1.287 | 0.000 | 1.310 | 0.000 | 0.000 | 1.726 | 0.887
00:21:03.00 | 0.000 | 1.290 | 0.000 | 1.311 | 0.000 | 0.000 | 1.661 | 0.934
00:21:04.00 | 0.000 | 1.311 | 0.000 | 1.303 | 0.000 | 0.000 | 1.653 | 0.867
00:21:05.00 | 0.000 | 1.294 | 0.000 | 1.303 | 0.000 | 0.000 | 1.701 | 0.894
00:21:06.00 | 0.000 | 1.290 | 0.000 | 1.310 | 0.000 | 0.000 | 1.652 | 0.903
00:21:07.00 | 0.000 | 1.329 | 0.000 | 1.310 | 0.000 | 0.000 | 1.591 | 0.886
00:21:08.00 | 0.000 | 1.284 | 0.000 | 1.341 | 0.000 | 0.000 | 1.637 | 0.911
00:21:09.00 | 0.000 | 1.343 | 0.000 | 1.350 | 0.000 | 0.000 | 1.604 | 0.927
00:21:10.00 | 0.000 | 1.319 | 0.000 | 1.318 | 0.000 | 0.000 | 1.589 | 0.894
