 time       |  1001 |  1002 |  1003 |  1004 |  1005 |  1006 |  1007 |  1008
------------+-------+-------+-------+-------+-------+-------+-------+------
00:00:01.00 | 1.277 | 1.284 | 0.000 | 0.000 | 0.000 | 0.000 | 1.712 | 0.911
00:00:02.00 | 1.263 | 1.290 | 0.000 | 0.000 | 0.000 | 0.000 | 1.602 | 0.875
00:00:03.00 | 1.461 | 1.277 | 0.000 | 0.000 | 0.000 | 0.000 | 1.800 | 0.884
00:00:04.00 | 1.293 | 1.286 | 0.000 | 0.000 | 0.000 | 0.000 | 1.663 | 0.928
00:00:05.00 | 1.279 | 1.299 | 0.000 | 0.000 | 0.000 | 0.000 | 1.605 | 0.905
00:00:06.00 | 1.270 | 1.271 | 0.000 | 0.000 | 0.000 | 0.000 | 1.786 | 0.912
00:00:07.00 | 1.271 | 1.297 | 0.000 | 0.000 | 0.000 | 0.000 | 1.653 | 0.911
00:00:08.00 | 1.269 | 1.276 | 0.000 | 0.000 | 0.000 | 0.000 | 1.702 | 0.888
00:00:09.00 | 2.166 | 1.270 | 0.000 | 0.000 | 0.000 | 0.000 | 1.658 | 0.877
00:00:10.00 | 2.364 | 1.304 | 0.000 | 0.000 | 0.000 | 0.000 | 1.610 | 0.919
00:00:11.00 | 2.527 | 1.356 | 0.000 | 0.000 | 0.000 | 0.000 | 1.746 | 0.922
00:00:12.00 | 2.605 | 1.329 | 0.000 | 0.000 | 0.000 | 0.000 | 1.654 | 0.890
00:00:13.00 | 2.416 | 1.328 | 0.000 | 0.000 | 0.000 | 0.000 | 1.704 | 0.919
00:00:14.00 | 2.223 | 1.329 | 0.000 | 0.000 | 0.000 | 0.000 | 1.607 | 0.894
00:00:15.00 | 2.298 | 1.290 | 0.000 | 0.000 | 0.000 | 0.000 | 1.623 | 0.874
00:00:16.00 | 2.386 | 1.277 | 0.000 | 0.000 | 0.000 | 0.000 | 1.587 | 0.896
00:00:17.00 | 2.299 | 1.277 | 0.000 | 0.000 | 0.000 | 0.000 | 1.631 | 0.902
00:00:18.00 | 2.315 | 1.286 | 0.000 | 0.000 | 0.000 | 0.000 | 1.656 | 0.883
00:00:19.00 | 2.358 | 1.304 | 0.000 | 0.000 | 0.000 | 0.000 | 1.739 | 0.874
00:00:20.00 | 2.234 | 1.278 | 0.000 | 0.000 | 0.000 | 0.000 | 1.851 | 0.894
00:00:21.00 | 2.467 | 1.342 | 0.000 | 0.000 | 0.000 | 0.000 | 1.726 | 0.890
00:00:22.00 | 2.337 | 1.295 | 0.000 | 0.000 | 0.000 | 0.000 | 1.659 | 0.921
00:00:23.00 | 2.371 | 1.341 | 0.000 | 0.000 | 0.000 | 0.000 | 1.748 | 0.926
00:00:24.00 | 2.387 | 1.321 | 0.000 | 0.000 | 0.000 | 0.000 | 1.625 | 0.882
00:00:25.00 | 2.217 | 1.321 | 0.000 | 0.000 | 0.000 | 0.000 | 1.641 | 0.920
00:00:26.00 | 2.403 | 1.298 | 0.000 | 0.000 | 0.000 | 0.000 | 1.720 | 0.890
00:00:27.00 | 1.507 | 1.269 | 0.000 | 0.000 | 0.000 | 0.000 | 1.739 | 0.888
00:00:28.00 | 1.389 | 1.296 | 0.000 | 0.000 | 0.000 | 0.000 | 1.584 | 0.913
00:00:29.00 | 1.286 | 1.293 | 0.000 | 0.000 | 0.000 | 0.000 | 1.793 | 0.920
00:00:30.00 | 1.273 | 1.287 | 0.000 | 0.000 | 0.000 | 0.000 | 1.722 | 0.915
00:00:31.00 | 1.295 | 1.287 | 0.000 | 0.000 | 0.000 | 0.000 | 1.718 | 0.894
00:00:32.00 | 2.087 | 1.293 | 0.000 | 0.000 | 0.000 | 0.000 | 1.721 | 0.906
00:00:33.00 | 2.446 | 1.335 | 0.000 | 0.000 | 0.000 | 0.000 | 1.588 | 0.882
00:00:34.00 | 2.398 | 1.351 | 0.000 | 0.000 | 0.000 | 0.000 | 1.755 | 0.919
00:00:35.00 | 2.365 | 1.355 | 0.000 | 0.000 | 0.000 | 0.000 | 1.581 | 0.897
00:00:36.00 | 2.385 | 1.335 | 0.000 | 0.000 | 0.000 | 0.000 | 1.653 | 0.896
00:00:37.00 | 2.351 | 1.279 | 0.000 | 0.000 | 0.000 | 0.000 | 1.625 | 0.887
00:00:38.00 | 2.495 | 1.270 | 0.000 | 0.000 | 0.000 | 0.000 | 1.609 | 0.905
00:00:39.00 | 2.465 | 1.296 | 0.000 | 0.000 | 0.000 | 0.000 | 1.719 | 0.904
00:00:40.00 | 2.384 | 1.303 | 0.000 | 0.000 | 0.000 | 0.000 | 1.884 | 0.926
00:00:41.00 | 2.413 | 1.297 | 0.000 | 0.000 | 0.000 | 0.000 | 1.776 | 0.897
00:00:42.00 | 2.384 | 1.285 | 0.000 | 0.000 | 0.000 | 0.000 | 1.614 | 0.919
00:00:43.00 | 2.393 | 1.291 | 0.000 | 0.000 | 0.000 | 0.000 | 1.769 | 0.934
00:00:44.00 | 2.464 | 1.283 | 0.000 | 0.000 | 0.000 | 0.000 | 1.608 | 0.903
00:00:45.00 | 2.318 | 1.279 | 0.000 | 0.000 | 0.000 | 0.000 | 1.573 | 0.912
00:00:46.00 | 2.404 | 1.283 | 0.000 | 0.000 | 0.000 | 0.000 | 1.665 | 0.910
00:00:47.00 | 2.388 | 1.279 | 0.000 | 0.000 | 0.000 | 0.000 | 1.575 | 0.905
00:00:48.00 | 2.355 | 1.355 | 0.000 | 0.000 | 0.000 | 0.000 | 1.660 | 0.895
00:00:49.00 | 2.462 | 1.326 | 0.000 | 0.000 | 0.000 | 0.000 | 1.672 | 0.910
00:00:50.00 | 2.227 | 1.275 | 0.000 | 0.000 | 0.000 | 0.000 | 1.713 | 0.944
00:00:51.00 | 2.388 | 1.328 | 0.000 | 0.000 | 0.000 | 0.000 | 1.770 | 0.882
00:00:52.00 | 2.454 | 1.292 | 0.000 | 0.000 | 0.000 | 0.000 | 1.677 | 0.906
00:00:53.00 | 2.269 | 1.307 | 0.000 | 0.000 | 0.000 | 0.000 | 1.654 | 0.909
00:00:54.00 | 2.427 | 1.290 | 0.000 | 0.000 | 0.000 | 0.000 | 1.586 | 0.896
00:00:55.00 | 2.427 | 1.276 | 0.000 | 0.000 | 0.000 | 0.000 | 1.615 | 0.918
00:00:56.00 | 2.316 | 1.286 | 0.000 | 0.000 | 0.000 | 0.000 | 1.606 | 0.911
00:00:57.00 | 2.496 | 1.292 | 0.000 | 0.000 | 0.000 | 0.000 | 1.610 | 0.927
00:00:58.00 | 2.293 | 1.298 | 0.000 | 0.000 | 0.000 | 0.000 | 1.690 | 0.919
00:00:59.00 | 2.431 | 1.291 | 0.000 | 0.000 | 0.000 | 0.000 | 1.646 | 0.883
00:01:00.00 | 2.412 | 1.289 | 0.000 | 0.000 | 0.000 | 0.000 | 1.687 | 0.881
00:01:01.00 | 2.402 | 1.302 | 0.000 | 0.000 | 0.000 | 0.000 | 1.649 | 0.928
00:01:02.00 | 2.364 | 1.327 | 0.000 | 0.000 | 0.000 | 0.000 | 1.610 | 0.874
00:01:03.00 | 2.464 | 1.334 | 0.000 | 0.000 | 0.000 | 0.000 | 1.717 | 0.875
00:01:04.00 | 2.370 | 1.346 | 0.000 | 0.000 | 0.000 | 0.000 | 1.710 | 0.903
00:01:05.00 | 2.270 | 1.342 | 0.000 | 0.000 | 0.000 | 0.000 | 1.625 | 0.919
00:01:06.00 | 2.370 | 1.297 | 0.000 | 0.000 | 0.000 | 0.000 | 1.674 | 0.904
00:01:07.00 | 2.300 | 1.293 | 0.000 | 0.000 | 0.000 | 0.000 | 1.632 | 0.902
00:01:08.00 | 1.718 | 1.277 | 0.000 | 0.000 | 0.000 | 0.000 | 1.573 | 0.919
00:01:09.00 | 2.428 | 1.290 | 0.000 | 0.000 | 0.000 | 0.000 | 1.725 | 0.881
00:01:10.00 | 2.456 | 1.287 | 0.000 | 0.000 | 0.000 | 0.000 | 1.565 | 0.886
00:01:11.00 | 2.364 | 1.284 | 0.000 | 0.000 | 0.000 | 0.000 | 1.646 | 0.875
00:01:12.00 | 2.416 | 1.289 | 0.000 | 0.000 | 0.000 | 0.000 | 1.636 | 0.922
00:01:13.00 | 2.495 | 1.298 | 0.000 | 0.000 | 0.000 | 0.000 | 1.588 | 0.890
00:01:14.00 | 2.496 | 1.284 | 0.000 | 0.000 | 0.000 | 0.000 | 1.617 | 0.919
00:01:15.00 | 2.451 | 1.285 | 0.000 | 0.000 | 0.000 | 0.000 | 1.597 | 0.902
00:01:16.00 | 2.377 | 1.277 | 0.000 | 0.000 | 0.000 | 0.000 | 1.725 | 0.896
00:01:17.00 | 2.407 | 1.297 | 0.000 | 0.000 | 0.000 | 0.000 | 1.610 | 0.934
00:01:18.00 | 2.432 | 1.296 | 0.000 | 0.000 | 0.000 | 0.000 | 1.626 | 0.887
00:01:19.00 | 2.394 | 1.312 | 0.000 | 0.000 | 0.000 | 0.000 | 1.770 | 0.912
00:01:20.00 | 2.453 | 1.292 | 0.000 | 0.000 | 0.000 | 0.000 | 1.640 | 0.919
00:01:21.00 | 2.435 | 1.286 | 0.000 | 0.000 | 0.000 | 0.000 | 1.665 | 0.894
00:01:22.00 | 2.415 | 1.277 | 0.000 | 0.000 | 0.000 | 0.000 | 1.624 | 0.904
00:01:23.00 | 2.403 | 1.338 | 0.000 | 0.000 | 0.000 | 0.000 | 1.616 | 0.920
00:01:24.00 | 2.452 | 1.285 | 0.000 | 0.000 | 0.000 | 0.000 | 1.610 | 0.919
00:01:25.00 | 2.437 | 1.264 | 0.000 | 0.000 | 0.000 | 0.000 | 1.618 | 0.920
00:01:26.00 | 2.287 | 1.284 | 0.000 | 0.000 | 0.000 | 0.000 | 1.714 | 0.866
00:01:27.00 | 2.440 | 1.282 | 0.000 | 0.000 | 0.000 | 0.000 | 1.766 | 0.910
00:01:28.00 | 2.418 | 1.275 | 0.000 | 0.000 | 0.000 | 0.000 | 1.635 | 0.902
00:01:29.00 | 2.354 | 1.280 | 0.000 | 0.000 | 0.000 | 0.000 | 1.753 | 0.886
00:01:30.00 | 2.374 | 1.299 | 0.000 | 0.000 | 0.000 | 0.000 | 1.713 | 0.920
00:01:31.00 | 2.415 | 1.271 | 0.000 | 0.000 | 0.000 | 0.000 | 1.602 | 0.897
00:01:32.00 | 2.405 | 1.288 | 0.000 | 0.000 | 0.000 | 0.000 | 1.644 | 0.878
00:01:33.00 | 2.384 | 1.346 | 0.000 | 0.000 | 0.000 | 0.000 | 1.579 | 0.903
00:01:34.00 | 2.201 | 1.280 | 0.000 | 0.000 | 0.000 | 0.000 | 1.619 | 0.928
00:01:35.00 | 2.428 | 1.286 | 0.000 | 0.000 | 0.000 | 0.000 | 1.717 | 0.902
00:01:36.00 | 2.369 | 1.310 | 0.000 | 0.000 | 0.000 | 0.000 | 1.710 | 0.933
00:01:37.00 | 2.404 | 1.279 | 0.000 | 0.000 | 0.000 | 0.000 | 1.616 | 0.903
00:01:38.00 | 2.425 | 1.299 | 0.000 | 0.000 | 0.000 | 0.000 | 1.597 | 0.897
00:01:39.00 | 2.429 | 1.321 | 0.000 | 0.000 | 0.000 | 0.000 | 1.610 | 0.896
00:01:40.00 | 2.406 | 1.347 | 0.000 | 0.000 | 0.000 | 0.000 | 1.610 | 0.887
00:01:41.00 | 2.320 | 1.284 | 0.000 | 0.000 | 0.000 | 0.000 | 1.624 | 0.875
00:01:42.00 | 2.421 | 1.302 | 0.000 | 0.000 | 0.000 | 0.000 | 1.607 | 0.877
00:01:43.00 | 2.400 | 1.278 | 0.000 | 0.000 | 0.000 | 0.000 | 1.690 | 0.874
00:01:44.00 | 2.355 | 1.283 | 0.000 | 0.000 | 0.000 | 0.000 | 1.681 | 0.904
00:01:45.00 | 2.399 | 1.300 | 0.000 | 0.000 | 0.000 | 0.000 | 1.739 | 0.910
00:01:46.00 | 2.440 | 1.279 | 0.000 | 0.000 | 0.000 | 0.000 | 1.611 | 0.905
00:01:47.00 | 2.439 | 1.285 | 0.000 | 0.000 | 0.000 | 0.000 | 1.741 | 0.912
00:01:48.00 | 2.253 | 1.304 | 0.000 | 0.000 | 0.000 | 0.000 | 1.719 | 0.904
00:01:49.00 | 2.425 | 1.284 | 0.000 | 0.000 | 0.000 | 0.000 | 1.676 | 0.861
00:01:50.00 | 2.397 | 1.304 | 0.000 | 0.000 | 0.000 | 0.000 | 1.586 | 0.911
00:01:51.00 | 2.318 | 1.310 | 0.000 | 0.000 | 0.000 | 0.000 | 1.573 | 0.903
00:01:52.00 | 2.430 | 1.298 | 0.000 | 0.000 | 0.000 | 0.000 | 1.640 | 0.897
00:01:53.00 | 2.549 | 1.279 | 0.000 | 0.000 | 0.000 | 0.000 | 1.609 | 0.912
00:01:54.00 | 2.476 | 1.305 | 0.000 | 0.000 | 0.000 | 0.000 | 1.596 | 0.919
00:01:55.00 | 2.373 | 1.285 | 0.000 | 0.000 | 0.000 | 0.000 | 1.618 | 0.935
00:01:56.00 | 2.369 | 1.295 | 0.000 | 0.000 | 0.000 | 0.000 | 1.625 | 0.929
00:01:57.00 | 2.470 | 1.275 | 0.000 | 0.000 | 0.000 | 0.000 | 1.608 | 0.889
00:01:58.00 | 2.020 | 1.290 | 0.000 | 0.000 | 0.000 | 0.000 | 1.703 | 0.918
00:01:59.00 | 1.954 | 1.301 | 0.000 | 0.000 | 0.000 | 0.000 | 1.657 | 0.902
00:02:00.00 | 2.456 | 1.286 | 0.000 | 0.000 | 0.000 | 0.000 | 1.590 | 0.906
00:02:01.00 | 2.465 | 1.284 | 0.000 | 0.000 | 0.000 | 0.000 | 1.703 | 0.882
00:02:02.00 | 2.453 | 1.286 | 0.000 | 0.000 | 0.000 | 0.000 | 1.572 | 0.928
00:02:03.00 | 2.288 | 1.344 | 0.000 | 0.000 | 0.000 | 0.000 | 1.714 | 0.906
00:02:04.00 | 2.372 | 1.347 | 0.000 | 0.000 | 0.000 | 0.000 | 1.610 | 0.905
00:02:05.00 | 2.471 | 1.290 | 0.000 | 0.000 | 0.000 | 0.000 | 1.594 | 0.911
00:02:06.00 | 2.405 | 1.333 | 0.000 | 0.000 | 0.000 | 0.000 | 1.615 | 0.918
00:02:07.00 | 2.350 | 1.344 | 0.000 | 0.000 | 0.000 | 0.000 | 1.589 | 0.920
00:02:08.00 | 2.465 | 1.277 | 0.000 | 0.000 | 0.000 | 0.000 | 1.645 | 0.926
00:02:09.00 | 2.441 | 1.289 | 0.000 | 0.000 | 0.000 | 0.000 | 1.601 | 0.910
00:02:10.00 | 2.419 | 1.302 | 0.000 | 0.000 | 0.000 | 0.000 | 1.641 | 0.903
00:02:11.00 | 2.440 | 1.289 | 0.000 | 0.000 | 0.000 | 0.000 | 1.652 | 0.910
00:02:12.00 | 2.390 | 1.290 | 0.000 | 0.000 | 0.000 | 0.000 | 1.623 | 0.896
00:02:13.00 | 2.425 | 1.336 | 0.000 | 0.000 | 0.000 | 0.000 | 1.631 | 0.867
00:02:14.00 | 2.392 | 1.287 | 0.000 | 0.000 | 0.000 | 0.000 | 1.650 | 0.914
00:02:15.00 | 2.496 | 1.286 | 0.000 | 0.000 | 0.000 | 0.000 | 1.657 | 0.886
00:02:16.00 | 2.417 | 1.272 | 0.000 | 0.000 | 0.000 | 0.000 | 1.625 | 0.905
00:02:17.00 | 2.435 | 1.284 | 0.000 | 0.000 | 0.000 | 0.000 | 1.580 | 0.926
00:02:18.00 | 2.495 | 1.301 | 0.000 | 0.000 | 0.000 | 0.000 | 1.793 | 0.911
00:02:19.00 | 2.401 | 1.271 | 0.000 | 0.000 | 0.000 | 0.000 | 1.632 | 0.919
00:02:20.00 | 2.433 | 1.292 | 0.000 | 0.000 | 0.000 | 0.000 | 1.590 | 0.883
00:02:21.00 | 2.369 | 1.279 | 0.000 | 0.000 | 0.000 | 0.000 | 1.811 | 0.878
00:02:22.00 | 2.247 | 1.291 | 0.000 | 0.000 | 0.000 | 0.000 | 1.733 | 0.919
00:02:23.00 | 2.384 | 1.298 | 0.000 | 0.000 | 0.000 | 0.000 | 1.616 | 0.911
00:02:24.00 | 2.419 | 1.279 | 0.000 | 0.000 | 0.000 | 0.000 | 1.599 | 0.920
00:02:25.00 | 2.415 | 1.291 | 0.000 | 0.000 | 0.000 | 0.000 | 1.611 | 0.904
00:02:26.00 | 2.432 | 1.289 | 0.000 | 0.000 | 0.000 | 0.000 | 1.657 | 0.888
00:02:27.00 | 2.453 | 1.294 | 0.000 | 0.000 | 0.000 | 0.000 | 1.674 | 0.885
00:02:28.00 | 2.431 | 1.285 | 0.000 | 0.000 | 0.000 | 0.000 | 1.610 | 0.890
00:02:29.00 | 2.347 | 1.355 | 0.000 | 0.000 | 0.000 | 0.000 | 1.592 | 0.921
00:02:30.00 | 2.423 | 1.284 | 0.000 | 0.000 | 0.000 | 0.000 | 1.654 | 0.919
00:02:31.00 | 2.464 | 1.297 | 0.000 | 0.000 | 0.000 | 0.000 | 1.637 | 0.896
00:02:32.00 | 2.471 | 1.278 | 0.000 | 0.000 | 0.000 | 0.000 | 1.589 | 0.902
00:02:33.00 | 2.370 | 1.290 | 0.000 | 0.000 | 0.000 | 0.000 | 1.740 | 0.926
00:02:34.00 | 2.421 | 1.297 | 0.000 | 0.000 | 0.000 | 0.000 | 1.608 | 0.881
00:02:35.00 | 2.284 | 1.271 | 0.000 | 0.000 | 0.000 | 0.000 | 1.793 | 0.869
00:02:36.00 | 1.847 | 1.296 | 0.000 | 0.000 | 0.000 | 0.000 | 1.710 | 0.881
00:02:37.00 | 2.457 | 1.333 | 0.000 | 0.000 | 0.000 | 0.000 | 1.716 | 0.925
00:02:38.00 | 2.369 | 1.271 | 0.000 | 0.000 | 0.000 | 0.000 | 1.776 | 0.894
00:02:39.00 | 2.437 | 1.322 | 0.000 | 0.000 | 0.000 | 0.000 | 1.610 | 0.934
00:02:40.00 | 2.379 | 1.346 | 0.000 | 0.000 | 0.000 | 0.000 | 1.709 | 0.895
00:02:41.00 | 2.432 | 1.329 | 0.000 | 0.000 | 0.000 | 0.000 | 1.641 | 0.912
00:02:42.00 | 2.336 | 1.320 | 0.000 | 0.000 | 0.000 | 0.000 | 1.705 | 0.904
00:02:43.00 | 2.530 | 1.278 | 0.000 | 0.000 | 0.000 | 0.000 | 1.666 | 0.911
00:02:44.00 | 2.436 | 1.334 | 0.000 | 0.000 | 0.000 | 0.000 | 1.825 | 0.912
00:02:45.00 | 2.418 | 1.346 | 0.000 | 0.000 | 0.000 | 0.000 | 1.679 | 0.925
00:02:46.00 | 2.400 | 1.277 | 0.000 | 0.000 | 0.000 | 0.000 | 1.606 | 0.877
00:02:47.00 | 2.465 | 1.290 | 0.000 | 0.000 | 0.000 | 0.000 | 1.623 | 0.918
00:02:48.00 | 2.413 | 1.303 | 0.000 | 0.000 | 0.000 | 0.000 | 1.614 | 0.896
00:02:49.00 | 2.463 | 1.270 | 0.000 | 0.000 | 0.000 | 0.000 | 1.626 | 0.887
00:02:50.00 | 2.460 | 1.285 | 0.000 | 0.000 | 0.000 | 0.000 | 1.625 | 0.875
00:02:51.00 | 2.420 | 1.278 | 0.000 | 0.000 | 0.000 | 0.000 | 1.632 | 0.920
00:02:52.00 | 2.430 | 1.285 | 0.000 | 0.000 | 0.000 | 0.000 | 1.625 | 0.904
00:02:53.00 | 2.423 | 1.285 | 0.000 | 0.000 | 0.000 | 0.000 | 1.611 | 0.904
00:02:54.00 | 2.436 | 1.302 | 0.000 | 0.000 | 0.000 | 0.000 | 1.615 | 0.885
00:02:55.00 | 2.427 | 1.283 | 0.000 | 0.000 | 0.000 | 0.000 | 1.717 | 0.903
00:02:56.00 | 2.386 | 1.278 | 0.000 | 0.000 | 0.000 | 0.000 | 1.661 | 0.905
00:02:57.00 | 2.503 | 1.285 | 0.000 | 0.000 | 0.000 | 0.000 | 1.589 | 0.919
00:02:58.00 | 2.418 | 1.282 | 0.000 | 0.000 | 0.000 | 0.000 | 1.709 | 0.925
00:02:59.00 | 2.436 | 1.284 | 0.000 | 0.000 | 0.000 | 0.000 | 1.653 | 0.889
00:03:00.00 | 2.419 | 1.270 | 0.000 | 0.000 | 0.000 | 0.000 | 1.674 | 0.920
00:03:01.00 | 2.452 | 1.270 | 0.000 | 0.000 | 0.000 | 0.000 | 1.617 | 0.897
00:03:02.00 | 2.439 | 1.295 | 0.000 | 0.000 | 0.000 | 0.000 | 1.642 | 0.895
00:03:03.00 | 2.460 | 1.285 | 0.000 | 0.000 | 0.000 | 0.000 | 1.588 | 0.934
00:03:04.00 | 2.394 | 1.298 | 0.000 | 0.000 | 0.000 | 0.000 | 1.625 | 0.875
00:03:05.00 | 2.340 | 1.285 | 0.000 | 0.000 | 0.000 | 0.000 | 1.622 | 0.936
00:03:06.00 | 1.821 | 1.304 | 0.000 | 0.000 | 0.000 | 0.000 | 1.660 | 0.919
00:03:07.00 | 2.451 | 1.310 | 0.000 | 0.000 | 0.000 | 0.000 | 1.587 | 0.918
00:03:08.00 | 2.475 | 1.269 | 0.000 | 0.000 | 0.000 | 0.000 | 1.681 | 0.910
00:03:09.00 | 2.422 | 1.304 | 0.000 | 0.000 | 0.000 | 0.000 | 1.653 | 0.904
00:03:10.00 | 2.476 | 1.313 | 0.000 | 0.000 | 0.000 | 0.000 | 1.567 | 0.913
00:03:11.00 | 2.507 | 1.287 | 0.000 | 0.000 | 0.000 | 0.000 | 1.668 | 0.921
00:03:12.00 | 2.415 | 1.291 | 0.000 | 0.000 | 0.000 | 0.000 | 1.667 | 0.919
00:03:13.00 | 2.501 | 1.290 | 0.000 | 0.000 | 0.000 | 0.000 | 1.696 | 0.918
00:03:14.00 | 2.414 | 1.268 | 0.000 | 0.000 | 0.000 | 0.000 | 1.679 | 0.900
00:03:15.00 | 2.405 | 1.283 | 0.000 | 0.000 | 0.000 | 0.000 | 1.600 | 0.940
00:03:16.00 | 2.465 | 1.290 | 0.000 | 0.000 | 0.000 | 0.000 | 1.658 | 0.926
00:03:17.00 | 2.489 | 1.295 | 0.000 | 0.000 | 0.000 | 0.000 | 1.608 | 0.921
00:03:18.00 | 2.387 | 1.299 | 0.000 | 0.000 | 0.000 | 0.000 | 1.589 | 0.912
00:03:19.00 | 2.435 | 1.351 | 0.000 | 0.000 | 0.000 | 0.000 | 1.640 | 0.928
00:03:20.00 | 2.431 | 1.292 | 0.000 | 0.000 | 0.000 | 0.000 | 1.727 | 0.905
00:03:21.00 | 2.450 | 1.315 | 0.000 | 0.000 | 0.000 | 0.000 | 1.647 | 0.910
00:03:22.00 | 2.430 | 1.278 | 0.000 | 0.000 | 0.000 | 0.000 | 1.776 | 0.904
00:03:23.00 | 2.469 | 1.272 | 0.000 | 0.000 | 0.000 | 0.000 | 1.865 | 0.905
00:03:24.00 | 2.486 | 1.286 | 0.000 | 0.000 | 0.000 | 0.000 | 1.581 | 0.902
00:03:25.00 | 2.534 | 1.292 | 0.000 | 0.000 | 0.000 | 0.000 | 1.669 | 0.920
00:03:26.00 | 2.416 | 1.298 | 0.000 | 0.000 | 0.000 | 0.000 | 1.756 | 0.912
00:03:27.00 | 2.437 | 1.279 | 0.000 | 0.000 | 0.000 | 0.000 | 1.607 | 0.894
00:03:28.00 | 2.428 | 1.283 | 0.000 | 0.000 | 0.000 | 0.000 | 1.811 | 0.904
00:03:29.00 | 2.385 | 1.278 | 0.000 | 0.000 | 0.000 | 0.000 | 1.751 | 0.878
00:03:30.00 | 2.425 | 1.299 | 0.000 | 0.000 | 0.000 | 0.000 | 1.728 | 0.898
00:03:31.00 | 2.400 | 1.284 | 0.000 | 0.000 | 0.000 | 0.000 | 1.645 | 0.875
00:03:32.00 | 2.384 | 1.336 | 0.000 | 0.000 | 0.000 | 0.000 | 1.607 | 0.893
00:03:33.00 | 2.431 | 1.285 | 0.000 | 0.000 | 0.000 | 0.000 | 1.640 | 0.904
00:03:34.00 | 2.317 | 1.302 | 0.000 | 0.000 | 0.000 | 0.000 | 1.768 | 0.894
00:03:35.00 | 2.419 | 1.276 | 0.000 | 0.000 | 0.000 | 0.000 | 1.680 | 0.890
00:03:36.00 | 2.378 | 1.291 | 0.000 | 0.000 | 0.000 | 0.000 | 1.618 | 0.919
00:03:37.00 | 2.450 | 1.300 | 0.000 | 0.000 | 0.000 | 0.000 | 1.639 | 0.910
00:03:38.00 | 2.427 | 1.276 | 0.000 | 0.000 | 0.000 | 0.000 | 1.608 | 0.918
00:03:39.00 | 2.491 | 1.275 | 0.000 | 0.000 | 0.000 | 0.000 | 1.595 | 0.909
00:03:40.00 | 2.415 | 1.284 | 0.000 | 0.000 | 0.000 | 0.000 | 1.573 | 0.897
00:03:41.00 | 2.441 | 1.318 | 0.000 | 0.000 | 0.000 | 0.000 | 1.746 | 0.925
00:03:42.00 | 2.010 | 1.277 | 0.000 | 0.000 | 0.000 | 0.000 | 1.664 | 0.893
00:03:43.00 | 1.990 | 1.286 | 0.000 | 0.000 | 0.000 | 0.000 | 1.598 | 0.876
00:03:44.00 | 2.475 | 1.271 | 0.000 | 0.000 | 0.000 | 0.000 | 1.704 | 0.897
00:03:45.00 | 2.451 | 1.285 | 0.000 | 0.000 | 0.000 | 0.000 | 1.613 | 0.919
00:03:46.00 | 2.412 | 1.289 | 0.000 | 0.000 | 0.000 | 0.000 | 1.600 | 0.904
00:03:47.00 | 2.433 | 1.293 | 0.000 | 0.000 | 0.000 | 0.000 | 1.690 | 0.910
00:03:48.00 | 2.538 | 1.297 | 0.000 | 0.000 | 0.000 | 0.000 | 1.651 | 0.948
00:03:49.00 | 2.465 | 1.290 | 0.000 | 0.000 | 0.000 | 0.000 | 1.638 | 0.903
00:03:50.00 | 2.493 | 1.276 | 0.000 | 0.000 | 0.000 | 0.000 | 1.646 | 0.893
00:03:51.00 | 2.510 | 1.284 | 0.000 | 0.000 | 0.000 | 0.000 | 1.631 | 0.904
00:03:52.00 | 2.444 | 1.271 | 0.000 | 0.000 | 0.000 | 0.000 | 1.710 | 0.904
00:03:53.00 | 2.443 | 1.378 | 0.000 | 0.000 | 0.000 | 0.000 | 1.580 | 0.902
00:03:54.00 | 2.434 | 1.296 | 0.000 | 0.000 | 0.000 | 0.000 | 1.717 | 0.888
00:03:55.00 | 2.443 | 1.270 | 0.000 | 0.000 | 0.000 | 0.000 | 1.691 | 0.885
00:03:56.00 | 2.363 | 1.291 | 0.000 | 0.000 | 0.000 | 0.000 | 1.595 | 0.934
00:03:57.00 | 2.404 | 1.288 | 0.000 | 0.000 | 0.000 | 0.000 | 1.687 | 1.034
00:03:58.00 | 2.500 | 1.296 | 0.000 | 0.000 | 0.000 | 0.000 | 1.575 | 0.913
00:03:59.00 | 2.420 | 1.276 | 0.000 | 0.000 | 0.000 | 0.000 | 1.724 | 0.925
00:04:00.00 | 2.402 | 1.286 | 0.000 | 0.000 | 0.000 | 0.000 | 1.607 | 0.878
00:04:01.00 | 2.386 | 1.284 | 0.000 | 0.000 | 0.000 | 0.000 | 1.602 | 0.941
00:04:02.00 | 2.460 | 1.280 | 0.000 | 0.000 | 0.000 | 0.000 | 1.693 | 0.902
00:04:03.00 | 2.385 | 1.286 | 0.000 | 0.000 | 0.000 | 0.000 | 1.582 | 0.895
00:04:04.00 | 2.477 | 1.283 | 0.000 | 0.000 | 0.000 | 0.000 | 1.637 | 0.903
00:04:05.00 | 2.492 | 1.289 | 0.000 | 0.000 | 0.000 | 0.000 | 1.695 | 0.933
00:04:06.00 | 2.469 | 1.285 | 0.000 | 0.000 | 0.000 | 0.000 | 1.597 | 0.911
00:04:07.00 | 2.433 | 1.299 | 0.000 | 0.000 | 0.000 | 0.000 | 1.735 | 0.905
00:04:08.00 | 2.411 | 1.289 | 0.000 | 0.000 | 0.000 | 0.000 | 1.831 | 0.902
00:04:09.00 | 2.515 | 1.303 | 0.000 | 0.000 | 0.000 | 0.000 | 1.744 | 0.895
00:04:10.00 | 2.426 | 1.337 | 0.000 | 0.000 | 0.000 | 0.000 | 1.620 | 0.876
00:04:11.00 | 2.342 | 1.353 | 0.000 | 0.000 | 0.000 | 0.000 | 1.794 | 0.920
00:04:12.00 | 1.915 | 1.291 | 0.000 | 0.000 | 0.000 | 0.000 | 1.581 | 0.889
00:04:13.00 | 2.235 | 1.329 | 0.000 | 0.000 | 0.000 | 0.000 | 1.662 | 0.905
00:04:14.00 | 2.429 | 1.279 | 0.000 | 0.000 | 0.000 | 0.000 | 1.582 | 0.920
00:04:15.00 | 2.410 | 1.281 | 0.000 | 0.000 | 0.000 | 0.000 | 1.577 | 0.939
00:04:16.00 | 2.472 | 1.303 | 0.000 | 0.000 | 0.000 | 0.000 | 1.609 | 0.921
00:04:17.00 | 2.280 | 1.329 | 0.000 | 0.000 | 0.000 | 0.000 | 1.641 | 0.883
00:04:18.00 | 2.419 | 1.333 | 0.000 | 0.000 | 0.000 | 0.000 | 1.600 | 0.910
00:04:19.00 | 2.488 | 1.286 | 0.000 | 0.000 | 0.000 | 0.000 | 1.598 | 0.946
00:04:20.00 | 2.405 | 1.303 | 0.000 | 0.000 | 0.000 | 0.000 | 1.759 | 0.903
00:04:21.00 | 2.444 | 1.278 | 0.000 | 0.000 | 0.000 | 0.000 | 1.724 | 0.894
00:04:22.00 | 2.471 | 1.280 | 0.000 | 0.000 | 0.000 | 0.000 | 1.634 | 0.920
00:04:23.00 | 2.438 | 1.278 | 0.000 | 0.000 | 0.000 | 0.000 | 1.698 | 0.912
00:04:24.00 | 2.449 | 1.281 | 0.000 | 0.000 | 0.000 | 0.000 | 1.593 | 0.948
00:04:25.00 | 2.524 | 1.284 | 0.000 | 0.000 | 0.000 | 0.000 | 1.616 | 0.904
00:04:26.00 | 2.405 | 1.296 | 0.000 | 0.000 | 0.000 | 0.000 | 1.695 | 0.903
00:04:27.00 | 2.404 | 1.287 | 0.000 | 0.000 | 0.000 | 0.000 | 1.744 | 0.921
00:04:28.00 | 2.229 | 1.299 | 0.000 | 0.000 | 0.000 | 0.000 | 1.706 | 0.876
00:04:29.00 | 2.198 | 1.277 | 0.000 | 0.000 | 0.000 | 0.000 | 1.645 | 0.904
00:04:30.00 | 2.487 | 1.286 | 0.000 | 0.000 | 0.000 | 0.000 | 1.615 | 0.929
00:04:31.00 | 2.358 | 1.278 | 0.000 | 0.000 | 0.000 | 0.000 | 1.604 | 0.883
00:04:32.00 | 2.405 | 1.277 | 0.000 | 0.000 | 0.000 | 0.000 | 1.594 | 0.882
00:04:33.00 | 2.395 | 1.287 | 0.000 | 0.000 | 0.000 | 0.000 | 1.701 | 0.903
00:04:34.00 | 2.501 | 1.343 | 0.000 | 0.000 | 0.000 | 0.000 | 1.598 | 0.906
00:04:35.00 | 2.497 | 1.279 | 0.000 | 0.000 | 0.000 | 0.000 | 1.742 | 0.904
00:04:36.00 | 2.481 | 1.284 | 0.000 | 0.000 | 0.000 | 0.000 | 1.899 | 0.955
00:04:37.00 | 2.393 | 1.334 | 0.000 | 0.000 | 0.000 | 0.000 | 1.602 | 0.911
00:04:38.00 | 2.259 | 1.262 | 0.000 | 0.000 | 0.000 | 0.000 | 1.658 | 0.885
00:04:39.00 | 2.427 | 1.333 | 0.000 | 0.000 | 0.000 | 0.000 | 1.680 | 0.888
00:04:40.00 | 2.457 | 1.311 | 0.000 | 0.000 | 0.000 | 0.000 | 1.601 | 0.904
00:04:41.00 | 2.470 | 1.339 | 0.000 | 0.000 | 0.000 | 0.000 | 1.614 | 0.903
00:04:42.00 | 2.413 | 1.287 | 0.000 | 0.000 | 0.000 | 0.000 | 1.710 | 0.895
00:04:43.00 | 2.398 | 1.283 | 0.000 | 0.000 | 0.000 | 0.000 | 1.681 | 0.897
00:04:44.00 | 2.473 | 1.277 | 0.000 | 0.000 | 0.000 | 0.000 | 1.732 | 0.904
00:04:45.00 | 2.509 | 1.284 | 0.000 | 0.000 | 0.000 | 0.000 | 1.697 | 0.937
00:04:46.00 | 2.392 | 1.270 | 0.000 | 0.000 | 0.000 | 0.000 | 1.608 | 0.903
00:04:47.00 | 2.503 | 1.284 | 0.000 | 0.000 | 0.000 | 0.000 | 1.631 | 0.897
00:04:48.00 | 2.448 | 1.284 | 0.000 | 0.000 | 0.000 | 0.000 | 1.705 | 0.884
00:04:49.00 | 2.431 | 1.292 | 0.000 | 0.000 | 0.000 | 0.000 | 1.589 | 0.890
00:04:50.00 | 2.435 | 1.297 | 0.000 | 0.000 | 0.000 | 0.000 | 1.594 | 0.904
00:04:51.00 | 2.475 | 1.281 | 0.000 | 0.000 | 0.000 | 0.000 | 1.703 | 0.930
00:04:52.00 | 2.400 | 1.312 | 0.000 | 0.000 | 0.000 | 0.000 | 1.609 | 0.896
00:04:53.00 | 2.411 | 1.289 | 0.000 | 0.000 | 0.000 | 0.000 | 1.607 | 0.903
00:04:54.00 | 2.299 | 1.285 | 0.000 | 0.000 | 0.000 | 0.000 | 1.664 | 0.851
00:04:55.00 | 2.456 | 1.300 | 0.000 | 0.000 | 0.000 | 0.000 | 1.597 | 0.920
00:04:56.00 | 2.410 | 1.345 | 0.000 | 0.000 | 0.000 | 0.000 | 1.589 | 0.928
00:04:57.00 | 2.408 | 1.327 | 0.000 | 0.000 | 0.000 | 0.000 | 1.595 | 0.853
00:04:58.00 | 2.453 | 2.112 | 0.000 | 0.000 | 0.000 | 0.000 | 1.604 | 0.890
00:04:59.00 | 2.440 | 2.482 | 0.000 | 0.000 | 0.000 | 0.000 | 1.592 | 0.886
00:05:00.00 | 2.446 | 2.548 | 0.000 | 0.000 | 0.000 | 0.000 | 1.566 | 0.876
00:05:01.00 | 2.459 | 2.460 | 0.000 | 0.000 | 0.000 | 0.000 | 1.706 | 0.893
00:05:02.00 | 2.405 | 2.405 | 0.000 | 0.000 | 0.000 | 0.000 | 1.723 | 0.882
00:05:03.00 | 2.067 | 2.447 | 0.000 | 0.000 | 0.000 | 0.000 | 1.642 | 0.903
00:05:04.00 | 2.195 | 2.433 | 0.000 | 0.000 | 0.000 | 0.000 | 1.867 | 0.911
00:05:05.00 | 2.431 | 2.422 | 0.000 | 0.000 | 0.000 | 0.000 | 1.574 | 0.903
00:05:06.00 | 2.467 | 2.408 | 0.000 | 0.000 | 0.000 | 0.000 | 1.704 | 0.919
00:05:07.00 | 2.520 | 2.461 | 0.000 | 0.000 | 0.000 | 0.000 | 1.705 | 0.963
00:05:08.00 | 2.436 | 2.403 | 0.709 | 0.000 | 0.000 | 0.000 | 1.624 | 0.885
00:05:09.00 | 2.402 | 2.431 | 1.436 | 0.000 | 0.000 | 0.000 | 1.697 | 0.977
00:05:10.00 | 2.530 | 2.489 | 1.590 | 0.000 | 0.000 | 0.000 | 1.608 | 1.132
00:05:11.00 | 2.429 | 2.430 | 1.580 | 0.000 | 0.000 | 0.000 | 1.631 | 1.122
00:05:12.00 | 2.471 | 2.506 | 1.617 | 0.000 | 0.000 | 0.000 | 1.701 | 1.132
00:05:13.00 | 2.500 | 2.493 | 1.622 | 0.000 | 0.000 | 0.000 | 1.629 | 1.121
00:05:14.00 | 2.482 | 2.498 | 1.554 | 0.000 | 0.000 | 0.000 | 1.691 | 1.145
00:05:15.00 | 2.438 | 2.463 | 1.437 | 0.000 | 0.000 | 0.000 | 1.633 | 1.132
00:05:16.00 | 2.446 | 2.417 | 1.356 | 0.000 | 0.000 | 0.000 | 1.611 | 1.115
00:05:17.00 | 2.428 | 2.503 | 1.531 | 0.000 | 0.000 | 0.000 | 1.750 | 1.114
00:05:18.00 | 2.400 | 2.458 | 1.559 | 0.000 | 0.000 | 0.000 | 1.595 | 1.137
00:05:19.00 | 2.485 | 2.441 | 1.449 | 0.000 | 0.000 | 0.000 | 1.651 | 1.121
00:05:20.00 | 2.449 | 2.424 | 1.428 | 0.000 | 0.000 | 0.000 | 1.774 | 1.138
00:05:21.00 | 2.435 | 2.341 | 1.288 | 0.000 | 0.000 | 0.000 | 1.644 | 1.135
00:05:22.00 | 2.364 | 2.432 | 1.312 | 0.000 | 0.000 | 0.000 | 1.592 | 1.116
00:05:23.00 | 2.320 | 2.444 | 1.304 | 0.000 | 0.000 | 0.000 | 1.688 | 1.121
00:05:24.00 | 2.390 | 2.508 | 1.303 | 0.000 | 0.000 | 0.000 | 1.658 | 1.113
00:05:25.00 | 2.510 | 2.416 | 1.284 | 0.000 | 0.000 | 0.000 | 1.631 | 1.114
00:05:26.00 | 2.459 | 2.496 | 1.284 | 0.000 | 0.000 | 0.000 | 1.695 | 1.144
00:05:27.00 | 2.501 | 2.433 | 1.309 | 0.000 | 0.000 | 0.000 | 1.782 | 1.139
00:05:28.00 | 2.446 | 2.444 | 1.355 | 0.000 | 0.000 | 0.000 | 1.683 | 1.100
00:05:29.00 | 1.941 | 2.457 | 1.356 | 0.000 | 0.000 | 0.000 | 1.829 | 1.159
00:05:30.00 | 2.306 | 2.298 | 1.398 | 0.000 | 0.000 | 0.000 | 1.711 | 1.144
00:05:31.00 | 2.363 | 2.439 | 1.405 | 0.000 | 0.000 | 0.000 | 1.600 | 1.133
00:05:32.00 | 2.444 | 2.466 | 1.457 | 0.000 | 0.000 | 0.000 | 1.741 | 1.114
00:05:33.00 | 2.364 | 2.401 | 1.363 | 0.000 | 0.000 | 0.000 | 1.595 | 1.108
00:05:34.00 | 2.395 | 2.445 | 1.422 | 0.000 | 0.000 | 0.000 | 1.666 | 1.115
00:05:35.00 | 2.444 | 2.104 | 1.342 | 0.000 | 0.000 | 0.000 | 1.661 | 1.115
00:05:36.00 | 2.364 | 1.461 | 1.468 | 0.000 | 0.000 | 0.000 | 1.824 | 1.105
00:05:37.00 | 2.529 | 1.296 | 1.412 | 0.000 | 0.000 | 0.000 | 1.818 | 1.106
00:05:38.00 | 2.444 | 1.284 | 1.406 | 0.000 | 0.000 | 0.000 | 1.653 | 1.144
00:05:39.00 | 2.393 | 1.293 | 1.395 | 0.000 | 0.000 | 0.000 | 1.589 | 1.140
00:05:40.00 | 2.498 | 1.285 | 1.428 | 0.000 | 0.000 | 0.000 | 1.662 | 1.086
00:05:41.00 | 2.443 | 1.285 | 1.403 | 0.000 | 0.000 | 0.000 | 1.615 | 1.148
00:05:42.00 | 2.546 | 1.297 | 1.355 | 0.000 | 0.000 | 0.000 | 1.623 | 1.099
00:05:43.00 | 2.479 | 1.294 | 1.227 | 0.000 | 0.000 | 0.000 | 1.582 | 1.175
00:05:44.00 | 2.445 | 1.335 | 1.219 | 0.000 | 0.000 | 0.000 | 1.697 | 1.101
00:05:45.00 | 2.386 | 1.342 | 1.233 | 0.000 | 0.000 | 0.000 | 1.595 | 1.182
00:05:46.00 | 2.370 | 1.279 | 1.220 | 0.000 | 0.000 | 0.000 | 1.736 | 1.115
00:05:47.00 | 2.369 | 1.326 | 1.217 | 0.000 | 0.000 | 0.000 | 1.608 | 1.128
00:05:48.00 | 2.506 | 1.292 | 1.242 | 0.000 | 0.000 | 0.000 | 1.633 | 1.153
00:05:49.00 | 2.463 | 1.294 | 1.227 | 0.000 | 0.000 | 0.000 | 1.684 | 1.132
00:05:50.00 | 2.495 | 1.277 | 1.226 | 0.000 | 0.000 | 0.000 | 1.724 | 1.092
00:05:51.00 | 2.473 | 1.297 | 1.226 | 0.000 | 0.000 | 0.000 | 1.623 | 1.099
00:05:52.00 | 2.420 | 1.294 | 1.219 | 0.000 | 0.000 | 0.000 | 1.616 | 1.141
00:05:53.00 | 2.482 | 1.278 | 1.422 | 0.000 | 0.000 | 0.000 | 1.588 | 1.116
00:05:54.00 | 2.465 | 1.272 | 1.405 | 0.000 | 0.000 | 0.000 | 1.651 | 1.150
00:05:55.00 | 2.357 | 1.298 | 0.827 | 0.000 | 0.000 | 0.000 | 1.595 | 0.991
00:05:56.00 | 2.438 | 1.338 | 0.000 | 0.000 | 0.000 | 0.000 | 1.607 | 0.912
00:05:57.00 | 2.400 | 1.328 | 0.000 | 0.000 | 0.000 | 0.000 | 1.610 | 0.874
00:05:58.00 | 2.458 | 1.290 | 0.000 | 0.000 | 0.000 | 0.000 | 1.739 | 0.926
00:05:59.00 | 2.474 | 1.288 | 0.000 | 0.000 | 0.000 | 0.000 | 1.736 | 0.878
00:06:00.00 | 2.446 | 1.299 | 0.000 | 0.000 | 0.000 | 0.000 | 1.714 | 0.905
00:06:01.00 | 2.430 | 1.291 | 0.000 | 0.000 | 0.000 | 0.000 | 1.661 | 0.896
00:06:02.00 | 2.429 | 1.328 | 0.000 | 0.000 | 0.000 | 0.000 | 1.717 | 0.928
00:06:03.00 | 2.450 | 1.341 | 0.000 | 0.000 | 0.000 | 0.000 | 1.688 | 0.896
00:06:04.00 | 2.456 | 1.303 | 0.000 | 0.000 | 0.000 | 0.000 | 1.600 | 0.938
00:06:05.00 | 2.454 | 1.336 | 0.000 | 0.000 | 0.000 | 0.000 | 1.851 | 0.920
00:06:06.00 | 2.266 | 1.339 | 0.000 | 0.000 | 0.000 | 0.000 | 1.622 | 0.910
00:06:07.00 | 2.384 | 1.285 | 0.000 | 0.000 | 0.000 | 0.000 | 1.673 | 0.894
00:06:08.00 | 2.432 | 1.295 | 0.000 | 0.000 | 0.000 | 0.000 | 1.636 | 0.895
00:06:09.00 | 2.320 | 1.285 | 0.000 | 0.000 | 0.000 | 0.000 | 1.623 | 0.860
00:06:10.00 | 2.420 | 1.303 | 0.000 | 0.000 | 0.000 | 0.000 | 1.709 | 0.929
00:06:11.00 | 2.450 | 1.277 | 0.000 | 0.000 | 0.000 | 0.000 | 1.595 | 0.896
00:06:12.00 | 2.401 | 1.335 | 0.000 | 0.000 | 0.000 | 0.000 | 1.704 | 0.861
00:06:13.00 | 2.453 | 2.292 | 0.000 | 0.000 | 0.000 | 0.000 | 1.743 | 0.928
00:06:14.00 | 2.452 | 2.548 | 0.000 | 0.000 | 0.000 | 0.000 | 1.740 | 0.912
00:06:15.00 | 2.419 | 2.495 | 0.000 | 0.000 | 0.000 | 0.000 | 1.598 | 0.911
00:06:16.00 | 2.480 | 2.496 | 0.000 | 0.000 | 0.000 | 0.000 | 1.832 | 0.941
00:06:17.00 | 2.544 | 2.443 | 0.000 | 0.000 | 0.000 | 0.000 | 1.594 | 0.918
00:06:18.00 | 2.368 | 2.435 | 0.000 | 0.000 | 0.000 | 0.000 | 1.589 | 0.877
00:06:19.00 | 2.411 | 2.461 | 0.000 | 0.000 | 0.000 | 0.000 | 1.663 | 0.927
00:06:20.00 | 2.443 | 2.464 | 0.000 | 0.000 | 0.000 | 0.000 | 1.695 | 0.896
00:06:21.00 | 2.388 | 2.397 | 0.000 | 0.000 | 0.000 | 0.000 | 1.617 | 0.930
00:06:22.00 | 2.405 | 2.471 | 0.000 | 0.000 | 0.000 | 0.000 | 1.608 | 0.918
00:06:23.00 | 2.323 | 2.407 | 0.000 | 0.000 | 0.000 | 0.000 | 1.689 | 0.884
00:06:24.00 | 2.407 | 2.457 | 0.000 | 0.000 | 0.000 | 0.000 | 1.638 | 0.896
00:06:25.00 | 2.539 | 2.467 | 0.000 | 0.000 | 0.000 | 0.000 | 1.704 | 0.919
00:06:26.00 | 2.296 | 2.509 | 0.000 | 0.000 | 0.000 | 0.000 | 1.668 | 0.895
00:06:27.00 | 2.366 | 2.454 | 0.000 | 0.000 | 0.000 | 0.000 | 1.597 | 0.920
00:06:28.00 | 2.420 | 2.378 | 0.118 | 0.000 | 0.000 | 0.000 | 1.590 | 0.911
00:06:29.00 | 2.045 | 2.481 | 1.226 | 0.000 | 0.000 | 0.000 | 1.602 | 0.956
00:06:30.00 | 1.926 | 2.407 | 1.587 | 0.000 | 0.000 | 0.000 | 1.713 | 1.130
00:06:31.00 | 2.460 | 2.445 | 1.573 | 0.000 | 0.000 | 0.000 | 1.675 | 1.145
00:06:32.00 | 2.471 | 2.441 | 1.645 | 0.000 | 0.000 | 0.000 | 1.702 | 1.128
00:06:33.00 | 2.497 | 2.454 | 1.734 | 0.000 | 0.000 | 0.000 | 1.615 | 1.097
00:06:34.00 | 2.445 | 2.460 | 1.582 | 0.000 | 0.000 | 0.000 | 1.625 | 1.100
00:06:35.00 | 2.437 | 2.471 | 1.539 | 0.000 | 0.000 | 0.000 | 1.658 | 1.123
00:06:36.00 | 2.421 | 2.398 | 1.376 | 0.000 | 0.000 | 0.000 | 1.833 | 1.129
00:06:37.00 | 2.487 | 2.467 | 1.413 | 0.000 | 0.000 | 0.000 | 1.703 | 1.107
00:06:38.00 | 2.538 | 2.428 | 1.422 | 0.000 | 0.000 | 0.000 | 1.869 | 1.106
00:06:39.00 | 2.422 | 2.458 | 1.508 | 0.000 | 0.000 | 0.000 | 1.594 | 1.121
00:06:40.00 | 2.495 | 2.419 | 1.455 | 0.000 | 0.000 | 0.000 | 1.751 | 1.106
00:06:41.00 | 2.475 | 2.452 | 1.318 | 0.000 | 0.000 | 0.000 | 1.706 | 1.112
00:06:42.00 | 2.435 | 1.997 | 1.310 | 0.000 | 0.000 | 0.000 | 1.615 | 1.140
00:06:43.00 | 2.473 | 2.124 | 1.277 | 0.000 | 0.000 | 0.000 | 1.616 | 1.099
00:06:44.00 | 2.508 | 2.494 | 1.277 | 0.000 | 0.000 | 0.000 | 1.616 | 1.092
00:06:45.00 | 2.507 | 2.490 | 1.320 | 0.000 | 0.000 | 0.000 | 1.821 | 1.099
00:06:46.00 | 2.484 | 2.440 | 1.292 | 0.000 | 0.000 | 0.000 | 1.619 | 1.138
00:06:47.00 | 2.394 | 2.463 | 1.286 | 0.000 | 0.000 | 0.000 | 1.624 | 1.106
00:06:48.00 | 2.479 | 2.442 | 1.268 | 0.000 | 0.000 | 0.000 | 1.630 | 1.121
00:06:49.00 | 2.502 | 2.494 | 1.369 | 0.000 | 0.000 | 0.000 | 1.617 | 1.158
00:06:50.00 | 2.446 | 2.482 | 1.337 | 0.000 | 0.000 | 0.000 | 1.591 | 1.132
00:06:51.00 | 2.521 | 2.471 | 1.375 | 0.000 | 0.000 | 0.000 | 1.607 | 1.121
00:06:52.00 | 2.428 | 2.403 | 1.522 | 0.000 | 0.000 | 0.000 | 1.607 | 1.149
00:06:53.00 | 2.430 | 2.453 | 1.371 | 0.000 | 0.000 | 0.000 | 1.618 | 1.152
00:06:54.00 | 2.456 | 2.472 | 1.430 | 0.000 | 0.000 | 0.000 | 1.837 | 1.150
00:06:55.00 | 2.420 | 2.471 | 1.387 | 0.000 | 0.000 | 0.000 | 1.634 | 1.147
00:06:56.00 | 2.325 | 2.461 | 1.411 | 0.000 | 0.000 | 0.000 | 1.615 | 1.140
00:06:57.00 | 2.385 | 2.392 | 1.442 | 0.000 | 0.000 | 0.000 | 1.638 | 1.144
00:06:58.00 | 2.370 | 2.438 | 1.447 | 0.000 | 0.000 | 0.000 | 1.666 | 1.149
00:06:59.00 | 2.396 | 2.438 | 1.415 | 0.000 | 0.000 | 0.000 | 1.799 | 1.130
00:07:00.00 | 2.409 | 2.443 | 1.387 | 0.000 | 0.000 | 0.000 | 1.588 | 1.148
00:07:01.00 | 2.455 | 2.483 | 1.376 | 0.000 | 0.000 | 0.000 | 1.694 | 1.106
00:07:02.00 | 2.494 | 2.459 | 1.406 | 0.000 | 0.000 | 0.000 | 1.631 | 1.085
00:07:03.00 | 2.293 | 2.461 | 1.244 | 0.000 | 0.000 | 0.000 | 1.733 | 1.088
00:07:04.00 | 1.957 | 2.449 | 1.210 | 0.000 | 0.000 | 0.000 | 1.637 | 1.165
00:07:05.00 | 2.538 | 2.426 | 1.218 | 0.000 | 0.000 | 0.000 | 1.708 | 1.114
00:07:06.00 | 2.523 | 2.530 | 1.240 | 0.000 | 0.000 | 0.000 | 1.819 | 1.136
00:07:07.00 | 2.413 | 2.451 | 1.247 | 0.000 | 0.000 | 0.000 | 1.565 | 1.107
00:07:08.00 | 2.424 | 2.424 | 1.221 | 0.000 | 0.000 | 0.000 | 1.584 | 1.108
00:07:09.00 | 2.395 | 2.402 | 1.212 | 0.000 | 0.000 | 0.000 | 1.741 | 1.115
00:07:10.00 | 2.367 | 2.427 | 1.218 | 0.000 | 0.000 | 0.000 | 1.597 | 1.114
00:07:11.00 | 2.436 | 2.509 | 1.233 | 0.000 | 0.000 | 0.000 | 1.725 | 1.099
00:07:12.00 | 2.453 | 2.478 | 1.227 | 0.000 | 0.000 | 0.000 | 1.683 | 1.166
00:07:13.00 | 2.499 | 2.484 | 1.446 | 0.000 | 0.000 | 0.000 | 1.589 | 1.116
00:07:14.00 | 2.450 | 2.400 | 1.393 | 0.000 | 0.000 | 0.000 | 1.741 | 1.114
00:07:15.00 | 2.462 | 2.411 | 1.394 | 0.000 | 0.000 | 0.000 | 1.619 | 1.138
00:07:16.00 | 2.495 | 2.351 | 1.352 | 0.000 | 0.000 | 0.000 | 1.691 | 1.131
00:07:17.00 | 2.471 | 2.472 | 1.515 | 0.000 | 0.000 | 0.000 | 1.752 | 1.115
00:07:18.00 | 2.390 | 2.447 | 1.555 | 0.000 | 0.000 | 0.000 | 1.665 | 1.120
00:07:19.00 | 2.441 | 2.458 | 1.909 | 0.000 | 0.000 | 0.000 | 1.621 | 1.087
00:07:20.00 | 2.458 | 2.320 | 1.993 | 0.000 | 0.000 | 0.000 | 1.616 | 1.122
00:07:21.00 | 2.466 | 2.475 | 1.627 | 0.000 | 0.000 | 0.000 | 1.728 | 1.168
00:07:22.00 | 2.343 | 2.488 | 1.572 | 0.000 | 0.000 | 0.000 | 1.609 | 1.099
00:07:23.00 | 2.429 | 2.481 | 1.589 | 0.000 | 0.000 | 0.000 | 1.588 | 1.137
00:07:24.00 | 2.476 | 2.441 | 1.428 | 0.000 | 0.000 | 0.000 | 1.706 | 1.121
00:07:25.00 | 2.338 | 2.411 | 1.412 | 0.000 | 0.000 | 0.000 | 1.686 | 1.083
00:07:26.00 | 2.432 | 2.475 | 1.410 | 0.000 | 0.000 | 0.000 | 1.596 | 1.096
00:07:27.00 | 2.414 | 2.356 | 1.319 | 0.000 | 0.000 | 0.000 | 1.711 | 1.121
00:07:28.00 | 2.393 | 1.862 | 1.201 | 0.000 | 0.000 | 0.000 | 1.563 | 1.123
00:07:29.00 | 2.479 | 2.341 | 1.232 | 0.000 | 0.000 | 0.000 | 1.637 | 1.091
00:07:30.00 | 2.391 | 2.494 | 1.239 | 0.000 | 0.000 | 0.000 | 1.702 | 1.151
00:07:31.00 | 2.385 | 2.461 | 1.201 | 0.000 | 0.000 | 0.000 | 1.607 | 1.123
00:07:32.00 | 2.444 | 2.437 | 1.211 | 0.000 | 0.000 | 0.000 | 1.659 | 1.078
00:07:33.00 | 2.443 | 2.504 | 1.209 | 0.000 | 0.000 | 0.000 | 1.631 | 1.114
00:07:34.00 | 2.443 | 2.465 | 1.210 | 0.000 | 0.000 | 0.000 | 1.630 | 1.166
00:07:35.00 | 2.450 | 2.449 | 1.210 | 0.000 | 0.000 | 0.000 | 1.594 | 1.129
00:07:36.00 | 2.446 | 2.472 | 1.210 | 0.000 | 0.000 | 0.000 | 1.760 | 1.124
00:07:37.00 | 2.407 | 2.517 | 1.226 | 0.000 | 0.000 | 0.000 | 1.594 | 1.115
00:07:38.00 | 2.435 | 2.418 | 1.218 | 0.000 | 0.000 | 0.000 | 1.614 | 1.148
00:07:39.00 | 2.416 | 2.446 | 1.219 | 0.000 | 0.000 | 0.000 | 1.661 | 1.116
00:07:40.00 | 2.395 | 2.455 | 1.202 | 0.000 | 0.000 | 0.000 | 1.650 | 1.124
00:07:41.00 | 2.394 | 2.518 | 1.219 | 0.000 | 0.000 | 0.000 | 1.733 | 1.137
00:07:42.00 | 2.419 | 2.445 | 1.218 | 0.000 | 0.000 | 0.000 | 1.640 | 1.114
00:07:43.00 | 2.445 | 2.467 | 1.234 | 0.000 | 0.000 | 0.000 | 1.602 | 1.122
00:07:44.00 | 2.361 | 2.497 | 1.219 | 0.000 | 0.000 | 0.000 | 1.667 | 1.124
00:07:45.00 | 2.429 | 2.474 | 1.219 | 0.000 | 0.000 | 0.000 | 1.580 | 1.130
00:07:46.00 | 2.442 | 2.485 | 1.203 | 0.000 | 0.000 | 0.000 | 1.694 | 1.136
00:07:47.00 | 2.440 | 2.525 | 1.266 | 0.000 | 0.000 | 0.000 | 1.628 | 1.155
00:07:48.00 | 2.337 | 2.403 | 1.216 | 0.000 | 0.000 | 0.000 | 1.600 | 1.112
00:07:49.00 | 2.475 | 2.491 | 1.238 | 0.000 | 0.000 | 0.000 | 1.685 | 1.125
00:07:50.00 | 2.382 | 2.383 | 1.455 | 0.000 | 0.000 | 0.000 | 1.658 | 1.113
00:07:51.00 | 2.419 | 2.522 | 1.446 | 0.000 | 0.000 | 0.000 | 1.581 | 1.132
00:07:52.00 | 2.417 | 2.467 | 1.292 | 0.000 | 0.000 | 0.000 | 1.698 | 1.130
00:07:53.00 | 2.502 | 2.503 | 1.278 | 0.000 | 0.000 | 0.000 | 1.595 | 1.107
00:07:54.00 | 2.521 | 2.581 | 1.640 | 0.000 | 0.000 | 0.000 | 1.607 | 1.166
00:07:55.00 | 2.319 | 2.390 | 1.448 | 0.000 | 0.000 | 0.000 | 1.694 | 1.128
00:07:56.00 | 2.378 | 2.420 | 1.413 | 0.000 | 0.000 | 0.000 | 1.743 | 1.115
00:07:57.00 | 2.241 | 1.849 | 1.284 | 0.000 | 0.000 | 0.000 | 1.718 | 1.099
00:07:58.00 | 1.837 | 2.506 | 1.295 | 0.000 | 0.000 | 0.000 | 1.685 | 1.115
00:07:59.00 | 2.217 | 2.528 | 1.303 | 0.000 | 0.000 | 0.000 | 1.724 | 1.121
00:08:00.00 | 2.488 | 2.509 | 1.283 | 0.000 | 0.000 | 0.000 | 1.724 | 1.100
00:08:01.00 | 2.475 | 2.458 | 1.267 | 0.000 | 0.000 | 0.000 | 1.587 | 1.104
00:08:02.00 | 2.450 | 2.473 | 1.290 | 0.000 | 0.000 | 0.000 | 1.652 | 1.092
00:08:03.00 | 2.483 | 2.510 | 1.301 | 0.000 | 0.000 | 0.000 | 1.613 | 1.095
00:08:04.00 | 2.418 | 2.396 | 1.295 | 0.000 | 0.000 | 0.000 | 1.780 | 1.112
00:08:05.00 | 2.481 | 2.516 | 1.295 | 0.000 | 0.000 | 0.000 | 1.812 | 1.133
00:08:06.00 | 2.467 | 2.445 | 1.305 | 0.000 | 0.000 | 0.000 | 1.610 | 1.130
00:08:07.00 | 2.444 | 2.511 | 1.286 | 0.000 | 0.000 | 0.000 | 1.691 | 1.114
00:08:08.00 | 2.385 | 2.446 | 1.286 | 0.000 | 0.000 | 0.000 | 1.608 | 1.115
00:08:09.00 | 2.505 | 2.361 | 1.279 | 0.000 | 0.000 | 0.000 | 1.582 | 1.153
00:08:10.00 | 2.449 | 2.483 | 1.292 | 0.000 | 0.000 | 0.000 | 1.731 | 1.096
00:08:11.00 | 2.370 | 2.386 | 1.310 | 0.000 | 0.000 | 0.000 | 1.573 | 1.115
00:08:12.00 | 2.481 | 2.496 | 1.298 | 0.000 | 0.000 | 0.000 | 1.813 | 1.122
00:08:13.00 | 2.460 | 2.426 | 1.294 | 0.000 | 0.000 | 0.000 | 1.682 | 1.105
00:08:14.00 | 2.406 | 2.428 | 1.303 | 0.000 | 0.000 | 0.000 | 1.623 | 1.106
00:08:15.00 | 2.411 | 2.478 | 1.380 | 0.000 | 0.000 | 0.000 | 1.716 | 1.123
00:08:16.00 | 2.436 | 2.502 | 1.507 | 0.000 | 0.000 | 0.000 | 1.697 | 1.107
00:08:17.00 | 2.490 | 2.541 | 1.285 | 0.000 | 0.000 | 0.000 | 1.574 | 1.131
00:08:18.00 | 2.376 | 2.369 | 1.286 | 0.000 | 0.000 | 0.000 | 1.648 | 1.123
00:08:19.00 | 2.449 | 2.420 | 1.303 | 0.000 | 0.000 | 0.000 | 1.679 | 1.128
00:08:20.00 | 2.481 | 2.506 | 1.295 | 0.000 | 0.000 | 0.000 | 1.666 | 1.106
00:08:21.00 | 2.445 | 2.475 | 1.278 | 0.000 | 0.000 | 0.000 | 1.711 | 1.152
00:08:22.00 | 2.430 | 2.439 | 1.362 | 0.000 | 0.000 | 0.000 | 1.845 | 1.098
00:08:23.00 | 2.414 | 2.450 | 1.290 | 0.000 | 0.000 | 0.000 | 1.580 | 1.159
00:08:24.00 | 2.361 | 2.419 | 1.296 | 0.000 | 0.000 | 0.000 | 1.585 | 1.165
00:08:25.00 | 2.454 | 2.505 | 1.319 | 0.000 | 0.000 | 0.000 | 1.709 | 1.106
00:08:26.00 | 2.498 | 2.441 | 1.362 | 0.000 | 0.000 | 0.000 | 1.622 | 1.091
00:08:27.00 | 2.477 | 2.409 | 1.285 | 0.000 | 0.000 | 0.000 | 1.614 | 1.122
00:08:28.00 | 2.432 | 2.541 | 1.281 | 0.000 | 0.000 | 0.000 | 1.577 | 1.120
00:08:29.00 | 2.494 | 2.282 | 1.309 | 0.000 | 0.000 | 0.000 | 1.580 | 1.114
00:08:30.00 | 2.503 | 1.791 | 1.297 | 0.000 | 0.000 | 0.000 | 1.842 | 1.137
00:08:31.00 | 2.527 | 2.454 | 1.319 | 0.000 | 0.000 | 0.000 | 1.801 | 1.146
00:08:32.00 | 2.328 | 2.437 | 1.302 | 0.000 | 0.000 | 0.000 | 1.710 | 1.124
00:08:33.00 | 2.518 | 2.451 | 1.319 | 0.000 | 0.000 | 0.000 | 1.597 | 1.131
00:08:34.00 | 1.864 | 2.560 | 1.277 | 0.000 | 0.000 | 0.000 | 1.595 | 1.100
00:08:35.00 | 2.308 | 2.519 | 1.308 | 0.000 | 0.000 | 0.000 | 1.682 | 1.148
00:08:36.00 | 2.440 | 2.520 | 1.299 | 0.000 | 0.000 | 0.000 | 1.750 | 1.139
00:08:37.00 | 2.437 | 2.444 | 1.363 | 0.000 | 0.000 | 0.000 | 1.646 | 1.099
00:08:38.00 | 2.442 | 2.528 | 1.285 | 0.000 | 0.000 | 0.000 | 1.699 | 1.096
00:08:39.00 | 2.346 | 2.426 | 1.281 | 0.000 | 0.000 | 0.000 | 1.592 | 1.157
00:08:40.00 | 2.419 | 2.486 | 1.302 | 0.000 | 0.000 | 0.000 | 1.666 | 1.088
00:08:41.00 | 2.442 | 2.477 | 1.317 | 0.000 | 0.000 | 0.000 | 1.607 | 1.121
00:08:42.00 | 2.360 | 2.461 | 1.293 | 0.000 | 0.000 | 0.000 | 1.581 | 1.114
00:08:43.00 | 2.440 | 2.412 | 1.296 | 0.000 | 0.000 | 0.000 | 1.737 | 1.092
00:08:44.00 | 2.392 | 2.443 | 1.297 | 0.000 | 0.000 | 0.000 | 1.782 | 1.129
00:08:45.00 | 2.377 | 2.410 | 1.337 | 0.000 | 0.000 | 0.000 | 1.682 | 1.105
00:08:46.00 | 2.415 | 2.495 | 1.291 | 0.000 | 0.000 | 0.000 | 1.624 | 1.108
00:08:47.00 | 2.452 | 2.511 | 1.286 | 0.000 | 0.000 | 0.000 | 1.597 | 1.105
00:08:48.00 | 2.444 | 2.531 | 1.362 | 0.000 | 0.000 | 0.000 | 1.623 | 1.151
00:08:49.00 | 2.494 | 2.480 | 1.297 | 0.000 | 0.000 | 0.000 | 1.732 | 1.099
00:08:50.00 | 2.537 | 2.495 | 1.286 | 0.000 | 0.000 | 0.000 | 1.581 | 1.131
00:08:51.00 | 2.435 | 2.471 | 1.310 | 0.000 | 0.000 | 0.000 | 1.702 | 1.113
00:08:52.00 | 2.427 | 2.435 | 1.290 | 0.000 | 0.000 | 0.000 | 1.710 | 1.113
00:08:53.00 | 2.370 | 2.453 | 1.403 | 0.000 | 0.000 | 0.000 | 1.776 | 1.132
00:08:54.00 | 2.472 | 2.421 | 1.289 | 0.000 | 0.000 | 0.000 | 1.739 | 1.121
00:08:55.00 | 2.481 | 2.506 | 1.295 | 0.000 | 0.000 | 0.000 | 1.616 | 1.132
00:08:56.00 | 2.479 | 2.507 | 1.290 | 0.000 | 0.000 | 0.000 | 1.724 | 1.128
00:08:57.00 | 2.461 | 2.444 | 1.317 | 0.000 | 0.000 | 0.000 | 1.624 | 1.140
00:08:58.00 | 2.416 | 2.467 | 1.313 | 0.000 | 0.000 | 0.000 | 1.653 | 1.093
00:08:59.00 | 2.422 | 2.413 | 1.303 | 0.000 | 0.000 | 0.000 | 1.600 | 1.107
00:09:00.00 | 2.444 | 2.464 | 1.304 | 0.000 | 0.000 | 0.000 | 1.696 | 1.136
00:09:01.00 | 2.475 | 2.467 | 1.363 | 0.000 | 0.000 | 0.000 | 1.596 | 1.115
00:09:02.00 | 2.385 | 2.496 | 1.294 | 0.000 | 0.000 | 0.000 | 1.752 | 1.106
00:09:03.00 | 2.521 | 2.427 | 1.289 | 0.000 | 0.000 | 0.000 | 1.665 | 1.113
00:09:04.00 | 2.422 | 2.516 | 1.355 | 0.000 | 0.000 | 0.000 | 1.609 | 1.142
00:09:05.00 | 2.510 | 2.465 | 1.284 | 0.000 | 0.000 | 0.000 | 1.921 | 1.151
00:09:06.00 | 2.542 | 2.071 | 1.306 | 0.000 | 0.000 | 0.000 | 1.714 | 1.160
00:09:07.00 | 2.463 | 1.946 | 1.310 | 0.000 | 0.000 | 0.000 | 1.616 | 1.141
00:09:08.00 | 2.485 | 2.464 | 1.310 | 0.000 | 0.000 | 0.000 | 1.586 | 1.128
00:09:09.00 | 2.492 | 2.416 | 1.343 | 0.000 | 0.000 | 0.000 | 1.680 | 1.121
00:09:10.00 | 2.441 | 2.536 | 1.340 | 0.000 | 0.000 | 0.000 | 1.673 | 1.091
00:09:11.00 | 2.340 | 2.479 | 1.340 | 0.000 | 0.000 | 0.000 | 1.666 | 1.151
00:09:12.00 | 2.477 | 2.536 | 1.301 | 0.000 | 0.000 | 0.000 | 1.597 | 1.114
00:09:13.00 | 2.418 | 2.498 | 1.310 | 0.000 | 0.000 | 0.000 | 1.665 | 1.113
00:09:14.00 | 2.459 | 2.510 | 1.310 | 0.000 | 0.000 | 0.000 | 1.799 | 1.130
00:09:15.00 | 2.416 | 2.415 | 1.304 | 0.000 | 0.000 | 0.000 | 1.595 | 1.129
00:09:16.00 | 2.524 | 2.473 | 1.319 | 0.000 | 0.000 | 0.000 | 1.603 | 1.129
00:09:17.00 | 2.433 | 2.502 | 1.402 | 0.000 | 0.000 | 0.000 | 1.647 | 1.148
00:09:18.00 | 2.488 | 2.554 | 1.327 | 0.000 | 0.000 | 0.000 | 1.580 | 1.137
00:09:19.00 | 2.318 | 2.558 | 1.307 | 0.000 | 0.000 | 0.000 | 1.641 | 1.124
00:09:20.00 | 1.851 | 2.441 | 1.360 | 0.000 | 0.000 | 0.000 | 1.596 | 1.104
00:09:21.00 | 2.306 | 2.516 | 1.291 | 0.000 | 0.000 | 0.000 | 1.587 | 1.144
00:09:22.00 | 2.480 | 2.531 | 1.311 | 0.000 | 0.000 | 0.000 | 1.734 | 1.124
00:09:23.00 | 2.509 | 2.457 | 1.303 | 0.000 | 0.000 | 0.000 | 1.623 | 1.099
00:09:24.00 | 2.493 | 2.434 | 1.285 | 0.000 | 0.000 | 0.000 | 1.656 | 1.140
00:09:25.00 | 2.456 | 2.433 | 1.296 | 0.000 | 0.000 | 0.000 | 1.687 | 1.143
00:09:26.00 | 2.425 | 2.425 | 1.284 | 0.000 | 0.000 | 0.000 | 1.639 | 1.130
00:09:27.00 | 2.386 | 2.466 | 1.297 | 0.000 | 0.000 | 0.000 | 1.696 | 1.114
00:09:28.00 | 2.479 | 2.546 | 1.337 | 0.000 | 0.000 | 0.000 | 1.640 | 1.114
00:09:29.00 | 2.523 | 2.537 | 1.370 | 0.000 | 0.000 | 0.000 | 1.594 | 1.122
00:09:30.00 | 2.477 | 2.502 | 1.293 | 0.000 | 0.000 | 0.000 | 1.579 | 1.148
00:09:31.00 | 2.486 | 2.428 | 1.290 | 0.000 | 0.000 | 0.000 | 1.608 | 1.099
00:09:32.00 | 2.508 | 2.523 | 1.297 | 0.000 | 0.000 | 0.000 | 1.609 | 1.143
00:09:33.00 | 2.429 | 2.590 | 1.302 | 0.000 | 0.000 | 0.000 | 1.608 | 1.123
00:09:34.00 | 2.428 | 2.479 | 1.297 | 0.000 | 0.000 | 0.000 | 1.645 | 1.151
00:09:35.00 | 2.386 | 2.522 | 1.310 | 0.000 | 0.000 | 0.000 | 1.761 | 1.098
00:09:36.00 | 2.379 | 2.372 | 1.304 | 0.000 | 0.000 | 0.000 | 1.696 | 1.107
00:09:37.00 | 2.463 | 2.539 | 1.302 | 0.000 | 0.000 | 0.000 | 1.717 | 1.123
00:09:38.00 | 2.398 | 2.523 | 1.354 | 0.000 | 0.000 | 0.000 | 1.600 | 1.143
00:09:39.00 | 2.445 | 2.462 | 1.378 | 0.000 | 0.000 | 0.000 | 1.632 | 1.097
00:09:40.00 | 2.426 | 2.439 | 1.313 | 0.000 | 0.000 | 0.000 | 1.611 | 1.109
00:09:41.00 | 2.440 | 2.432 | 1.282 | 0.000 | 0.000 | 0.000 | 1.708 | 1.142
00:09:42.00 | 2.442 | 2.501 | 1.308 | 0.000 | 0.000 | 0.000 | 1.698 | 1.130
00:09:43.00 | 2.426 | 2.433 | 1.296 | 0.000 | 0.000 | 0.000 | 1.629 | 1.135
00:09:44.00 | 2.419 | 2.452 | 1.293 | 0.000 | 0.000 | 0.000 | 1.716 | 1.114
00:09:45.00 | 2.405 | 2.442 | 1.283 | 0.000 | 0.000 | 0.000 | 1.630 | 1.158
00:09:46.00 | 2.440 | 2.383 | 1.293 | 0.000 | 0.000 | 0.000 | 1.641 | 1.101
00:09:47.00 | 2.390 | 2.458 | 1.289 | 0.000 | 0.000 | 0.000 | 1.677 | 1.125
00:09:48.00 | 2.465 | 2.205 | 1.298 | 0.000 | 0.000 | 0.000 | 1.755 | 1.137
00:09:49.00 | 2.343 | 1.807 | 1.298 | 0.000 | 0.000 | 0.000 | 1.617 | 1.101
00:09:50.00 | 2.420 | 2.454 | 1.344 | 0.000 | 0.000 | 0.000 | 1.717 | 1.142
00:09:51.00 | 2.438 | 2.523 | 1.279 | 0.000 | 0.000 | 0.000 | 1.574 | 1.115
00:09:52.00 | 2.478 | 2.448 | 1.340 | 0.000 | 0.000 | 0.000 | 1.701 | 1.165
00:09:53.00 | 2.486 | 2.451 | 1.309 | 0.000 | 0.000 | 0.000 | 1.580 | 1.114
00:09:54.00 | 2.300 | 2.479 | 1.302 | 0.000 | 0.000 | 0.000 | 1.623 | 1.132
00:09:55.00 | 2.442 | 2.479 | 1.283 | 0.000 | 0.000 | 0.000 | 1.594 | 1.143
00:09:56.00 | 2.463 | 2.524 | 1.311 | 0.000 | 0.000 | 0.000 | 1.557 | 1.133
00:09:57.00 | 2.461 | 2.556 | 1.269 | 0.000 | 0.000 | 0.000 | 1.581 | 1.089
00:09:58.00 | 2.415 | 2.459 | 1.311 | 0.000 | 0.000 | 0.000 | 1.769 | 1.137
00:09:59.00 | 2.487 | 2.521 | 1.336 | 0.000 | 0.000 | 0.000 | 1.607 | 1.149
00:10:00.00 | 2.408 | 2.442 | 1.292 | 0.000 | 0.000 | 0.000 | 1.741 | 1.121
00:10:01.00 | 2.399 | 2.523 | 1.319 | 0.000 | 0.000 | 0.000 | 1.587 | 1.129
00:10:02.00 | 2.452 | 2.478 | 1.353 | 0.000 | 0.000 | 0.000 | 1.632 | 1.131
00:10:03.00 | 2.503 | 2.524 | 1.319 | 0.000 | 0.000 | 0.000 | 1.777 | 1.107
00:10:04.00 | 2.421 | 2.489 | 1.287 | 0.000 | 0.000 | 0.000 | 1.642 | 1.107
00:10:05.00 | 2.430 | 2.438 | 1.305 | 0.000 | 0.000 | 0.000 | 1.610 | 1.144
00:10:06.00 | 2.427 | 2.512 | 1.302 | 0.000 | 0.000 | 0.000 | 1.725 | 1.123
00:10:07.00 | 2.391 | 2.494 | 1.384 | 0.000 | 0.000 | 0.000 | 1.616 | 1.143
00:10:08.00 | 2.442 | 2.465 | 1.435 | 0.000 | 0.000 | 0.000 | 1.819 | 1.106
00:10:09.00 | 2.448 | 2.507 | 1.320 | 0.000 | 0.000 | 0.000 | 1.711 | 1.108
00:10:10.00 | 2.415 | 2.517 | 1.278 | 0.000 | 0.000 | 0.000 | 1.957 | 1.122
00:10:11.00 | 2.455 | 2.455 | 1.303 | 0.000 | 0.000 | 0.000 | 1.701 | 1.090
00:10:12.00 | 2.466 | 2.429 | 1.291 | 0.000 | 0.000 | 0.000 | 1.587 | 1.107
00:10:13.00 | 2.056 | 2.455 | 1.405 | 0.000 | 0.000 | 0.000 | 1.700 | 1.115
00:10:14.00 | 1.897 | 2.405 | 1.276 | 0.000 | 0.000 | 0.000 | 1.803 | 1.106
00:10:15.00 | 2.558 | 2.109 | 1.319 | 0.000 | 0.000 | 0.000 | 1.676 | 1.150
00:10:16.00 | 2.396 | 1.947 | 1.296 | 0.000 | 0.000 | 0.000 | 1.847 | 1.108
00:10:17.00 | 2.487 | 2.567 | 1.306 | 0.000 | 0.000 | 0.000 | 1.580 | 1.144
00:10:18.00 | 2.394 | 2.539 | 1.270 | 0.000 | 0.000 | 0.000 | 1.582 | 1.132
00:10:19.00 | 2.446 | 2.455 | 1.302 | 0.000 | 0.000 | 0.000 | 1.744 | 1.132
00:10:20.00 | 2.545 | 2.393 | 1.291 | 0.000 | 0.000 | 0.000 | 1.719 | 1.159
00:10:21.00 | 2.495 | 2.436 | 1.269 | 0.000 | 0.000 | 0.000 | 1.597 | 1.148
00:10:22.00 | 2.521 | 2.554 | 1.293 | 0.000 | 0.000 | 0.000 | 1.581 | 1.157
00:10:23.00 | 2.365 | 2.539 | 1.284 | 0.000 | 0.000 | 0.000 | 1.596 | 1.115
00:10:24.00 | 2.495 | 2.487 | 1.293 | 0.000 | 0.000 | 0.000 | 1.716 | 1.088
00:10:25.00 | 2.454 | 2.483 | 1.281 | 0.000 | 0.000 | 0.000 | 1.628 | 1.120
00:10:26.00 | 2.478 | 2.471 | 1.294 | 0.000 | 0.000 | 0.000 | 1.589 | 1.149
00:10:27.00 | 2.397 | 2.558 | 1.296 | 0.000 | 0.000 | 0.000 | 1.622 | 1.143
00:10:28.00 | 2.433 | 2.507 | 1.300 | 0.000 | 0.000 | 0.000 | 1.590 | 1.124
00:10:29.00 | 2.416 | 2.483 | 1.385 | 0.000 | 0.000 | 0.000 | 1.561 | 1.121
00:10:30.00 | 2.509 | 2.502 | 1.284 | 0.000 | 0.000 | 0.000 | 1.573 | 1.122
00:10:31.00 | 2.436 | 2.512 | 1.286 | 0.000 | 0.000 | 0.000 | 1.708 | 1.131
00:10:32.00 | 2.488 | 2.452 | 1.284 | 0.000 | 0.000 | 0.000 | 1.791 | 1.130
00:10:33.00 | 2.392 | 2.418 | 1.286 | 0.000 | 0.000 | 0.000 | 1.708 | 1.131
00:10:34.00 | 2.459 | 2.539 | 1.304 | 0.000 | 0.000 | 0.000 | 1.652 | 1.086
00:10:35.00 | 2.517 | 2.532 | 1.297 | 0.000 | 0.000 | 0.000 | 1.623 | 1.114
00:10:36.00 | 2.448 | 2.431 | 1.295 | 0.000 | 0.000 | 0.000 | 1.660 | 1.107
00:10:37.00 | 2.446 | 2.475 | 1.298 | 0.000 | 0.000 | 0.000 | 1.646 | 1.130
00:10:38.00 | 2.444 | 2.419 | 1.286 | 0.000 | 0.000 | 0.000 | 1.581 | 1.088
00:10:39.00 | 2.457 | 2.509 | 1.384 | 0.000 | 0.000 | 0.000 | 1.716 | 1.099
00:10:40.00 | 2.537 | 2.468 | 1.285 | 0.000 | 0.000 | 0.000 | 1.597 | 1.157
00:10:41.00 | 2.442 | 2.558 | 1.283 | 0.000 | 0.000 | 0.000 | 1.622 | 1.113
00:10:42.00 | 2.419 | 2.486 | 1.278 | 0.000 | 0.000 | 0.000 | 1.675 | 1.114
00:10:43.00 | 2.372 | 2.458 | 1.284 | 0.000 | 0.000 | 0.000 | 1.647 | 1.138
00:10:44.00 | 2.468 | 2.552 | 1.316 | 0.000 | 0.000 | 0.000 | 1.596 | 1.096
00:10:45.00 | 2.451 | 2.430 | 1.291 | 0.000 | 0.000 | 0.000 | 1.603 | 1.144
00:10:46.00 | 2.416 | 2.147 | 1.293 | 0.000 | 0.000 | 0.000 | 1.639 | 1.130
00:10:47.00 | 2.489 | 1.930 | 1.278 | 0.000 | 0.000 | 0.000 | 1.582 | 1.158
00:10:48.00 | 2.440 | 2.528 | 1.289 | 0.000 | 0.000 | 0.000 | 1.600 | 1.098
00:10:49.00 | 2.405 | 2.541 | 1.296 | 0.000 | 0.000 | 0.000 | 1.677 | 1.150
00:10:50.00 | 2.414 | 2.480 | 1.355 | 0.000 | 0.000 | 0.000 | 1.797 | 1.159
00:10:51.00 | 2.527 | 2.442 | 1.342 | 0.000 | 0.000 | 0.000 | 1.588 | 1.104
00:10:52.00 | 2.393 | 2.444 | 1.348 | 0.000 | 0.000 | 0.000 | 1.719 | 1.122
00:10:53.00 | 2.384 | 2.436 | 1.290 | 0.000 | 0.000 | 0.000 | 1.594 | 1.121
00:10:54.00 | 2.447 | 2.465 | 1.295 | 0.000 | 0.000 | 0.000 | 1.625 | 1.098
00:10:55.00 | 2.487 | 2.487 | 1.297 | 0.000 | 0.000 | 0.000 | 1.616 | 1.136
00:10:56.00 | 2.434 | 2.545 | 1.309 | 0.000 | 0.000 | 0.000 | 1.597 | 1.104
00:10:57.00 | 2.483 | 2.404 | 1.289 | 0.000 | 0.000 | 0.000 | 1.932 | 1.135
00:10:58.00 | 2.429 | 2.517 | 1.298 | 0.000 | 0.000 | 0.000 | 1.603 | 1.144
00:10:59.00 | 2.389 | 2.449 | 1.284 | 0.000 | 0.000 | 0.000 | 1.705 | 1.129
00:11:00.00 | 2.363 | 2.479 | 1.304 | 0.000 | 0.000 | 0.000 | 1.682 | 1.136
00:11:01.00 | 2.316 | 2.418 | 1.276 | 0.000 | 0.000 | 0.000 | 1.588 | 1.113
00:11:02.00 | 2.433 | 2.477 | 1.302 | 0.000 | 0.000 | 0.000 | 1.614 | 1.135
00:11:03.00 | 2.435 | 2.478 | 1.293 | 0.000 | 0.000 | 0.000 | 1.649 | 1.115
00:11:04.00 | 2.486 | 2.550 | 1.303 | 0.000 | 0.000 | 0.000 | 1.615 | 1.113
00:11:05.00 | 2.471 | 2.500 | 1.283 | 0.000 | 0.000 | 0.000 | 1.645 | 1.107
00:11:06.00 | 2.406 | 2.517 | 1.304 | 0.000 | 0.000 | 0.000 | 1.609 | 1.142
00:11:07.00 | 2.429 | 2.531 | 1.295 | 0.000 | 0.000 | 0.000 | 1.616 | 1.115
00:11:08.00 | 2.453 | 2.475 | 1.312 | 0.000 | 0.000 | 0.000 | 1.690 | 1.100
00:11:09.00 | 2.482 | 2.507 | 1.346 | 0.000 | 0.000 | 0.000 | 1.617 | 1.176
00:11:10.00 | 2.387 | 2.508 | 1.397 | 0.000 | 0.000 | 0.000 | 1.634 | 1.167
00:11:11.00 | 2.453 | 2.426 | 1.316 | 0.000 | 0.000 | 0.000 | 1.767 | 1.157
00:11:12.00 | 2.465 | 2.277 | 1.290 | 0.000 | 0.000 | 0.000 | 1.645 | 1.129
00:11:13.00 | 2.282 | 2.426 | 1.301 | 0.000 | 0.000 | 0.000 | 1.605 | 1.096
00:11:14.00 | 1.947 | 2.456 | 1.311 | 0.000 | 0.000 | 0.000 | 1.727 | 1.115
00:11:15.00 | 1.858 | 2.301 | 1.299 | 0.000 | 0.000 | 0.000 | 1.735 | 1.145
00:11:16.00 | 2.469 | 2.452 | 1.343 | 0.000 | 0.000 | 0.000 | 1.715 | 1.131
00:11:17.00 | 2.472 | 2.523 | 1.290 | 0.000 | 0.000 | 0.000 | 1.594 | 1.151
00:11:18.00 | 2.463 | 2.496 | 1.303 | 0.000 | 0.000 | 0.000 | 1.590 | 1.063
00:11:19.00 | 2.453 | 2.511 | 1.285 | 0.000 | 0.000 | 0.000 | 1.589 | 1.115
00:11:20.00 | 2.443 | 2.521 | 1.301 | 0.000 | 0.000 | 0.000 | 1.699 | 1.114
00:11:21.00 | 2.490 | 2.179 | 1.296 | 0.000 | 0.000 | 0.000 | 1.613 | 1.112
00:11:22.00 | 2.456 | 1.956 | 1.310 | 0.000 | 0.000 | 0.000 | 1.759 | 1.120
00:11:23.00 | 2.471 | 2.572 | 1.286 | 0.000 | 0.000 | 0.000 | 1.590 | 1.106
00:11:24.00 | 2.505 | 2.548 | 1.299 | 0.000 | 0.000 | 0.000 | 1.720 | 1.138
00:11:25.00 | 2.467 | 2.484 | 1.284 | 0.000 | 0.000 | 0.000 | 1.739 | 1.104
00:11:26.00 | 2.527 | 2.497 | 1.298 | 0.000 | 0.000 | 0.000 | 1.618 | 1.152
00:11:27.00 | 2.484 | 2.526 | 1.312 | 0.000 | 0.000 | 0.000 | 1.712 | 1.151
00:11:28.00 | 2.429 | 2.531 | 1.370 | 0.000 | 0.000 | 0.000 | 1.739 | 1.122
00:11:29.00 | 2.464 | 2.624 | 1.333 | 0.000 | 0.000 | 0.000 | 1.993 | 1.151
00:11:30.00 | 2.482 | 2.447 | 1.270 | 0.000 | 0.000 | 0.000 | 1.650 | 1.107
00:11:31.00 | 2.450 | 2.524 | 1.290 | 0.000 | 0.000 | 0.000 | 1.689 | 1.121
00:11:32.00 | 2.408 | 2.443 | 1.300 | 0.000 | 0.000 | 0.000 | 1.631 | 1.130
00:11:33.00 | 2.261 | 2.462 | 1.303 | 0.000 | 0.000 | 0.000 | 1.644 | 1.121
00:11:34.00 | 2.424 | 2.510 | 1.336 | 0.000 | 0.000 | 0.000 | 1.605 | 1.147
00:11:35.00 | 2.422 | 2.465 | 1.288 | 0.000 | 0.000 | 0.000 | 1.617 | 1.150
00:11:36.00 | 2.510 | 2.467 | 1.297 | 0.000 | 0.000 | 0.000 | 1.609 | 1.123
00:11:37.00 | 2.421 | 2.455 | 1.287 | 0.000 | 0.000 | 0.000 | 1.591 | 1.124
00:11:38.00 | 2.411 | 2.497 | 1.271 | 0.000 | 0.000 | 0.000 | 1.650 | 1.123
00:11:39.00 | 2.463 | 2.531 | 1.279 | 0.000 | 0.000 | 0.000 | 1.642 | 1.081
00:11:40.00 | 2.470 | 2.492 | 1.296 | 0.000 | 0.000 | 0.000 | 1.673 | 1.113
00:11:41.00 | 2.389 | 2.500 | 1.355 | 0.000 | 0.000 | 0.000 | 1.678 | 1.107
00:11:42.00 | 2.126 | 2.498 | 1.291 | 0.000 | 0.000 | 0.000 | 1.703 | 1.086
00:11:43.00 | 2.127 | 2.490 | 1.307 | 0.000 | 0.000 | 0.000 | 1.632 | 1.131
00:11:44.00 | 2.477 | 2.427 | 1.301 | 0.000 | 0.000 | 0.000 | 1.623 | 1.122
00:11:45.00 | 2.400 | 2.481 | 1.290 | 0.000 | 0.000 | 0.000 | 1.595 | 1.122
00:11:46.00 | 2.462 | 2.445 | 1.277 | 0.000 | 0.000 | 0.000 | 1.607 | 1.123
00:11:47.00 | 2.491 | 2.462 | 1.282 | 0.000 | 0.000 | 0.000 | 1.788 | 1.142
00:11:48.00 | 2.487 | 2.451 | 1.284 | 0.000 | 0.000 | 0.000 | 1.638 | 1.114
00:11:49.00 | 2.449 | 2.467 | 1.291 | 0.000 | 0.000 | 0.000 | 1.689 | 1.121
00:11:50.00 | 2.409 | 2.438 | 1.298 | 0.000 | 0.000 | 0.000 | 1.610 | 1.138
00:11:51.00 | 2.445 | 2.471 | 1.278 | 0.000 | 0.000 | 0.000 | 1.590 | 1.106
00:11:52.00 | 2.390 | 2.406 | 1.303 | 0.000 | 0.000 | 0.000 | 1.687 | 1.180
00:11:53.00 | 2.435 | 2.401 | 1.310 | 0.000 | 0.000 | 0.000 | 1.640 | 1.183
00:11:54.00 | 2.336 | 2.423 | 1.291 | 0.000 | 0.000 | 0.000 | 1.580 | 1.122
00:11:55.00 | 2.459 | 2.502 | 1.293 | 0.000 | 0.000 | 0.000 | 1.707 | 1.113
00:11:56.00 | 2.487 | 2.514 | 1.305 | 0.000 | 0.000 | 0.000 | 1.761 | 1.151
00:11:57.00 | 2.496 | 2.462 | 1.293 | 0.000 | 0.000 | 0.000 | 1.785 | 1.123
00:11:58.00 | 2.453 | 2.467 | 1.291 | 0.000 | 0.000 | 0.000 | 1.683 | 1.115
00:11:59.00 | 2.486 | 2.313 | 1.290 | 0.000 | 0.000 | 0.000 | 1.840 | 1.144
00:12:00.00 | 2.463 | 1.769 | 1.310 | 0.000 | 0.000 | 0.000 | 1.564 | 1.158
00:12:01.00 | 2.414 | 2.502 | 1.319 | 0.000 | 0.000 | 0.000 | 1.587 | 1.144
00:12:02.00 | 2.432 | 2.466 | 1.312 | 0.000 | 0.000 | 0.000 | 1.693 | 1.133
00:12:03.00 | 2.424 | 2.424 | 1.298 | 0.000 | 0.000 | 0.000 | 1.647 | 1.123
00:12:04.00 | 2.472 | 2.574 | 1.287 | 0.000 | 0.000 | 0.000 | 1.591 | 1.089
00:12:05.00 | 2.405 | 2.529 | 1.297 | 0.000 | 0.000 | 0.000 | 1.615 | 1.143
00:12:06.00 | 2.448 | 2.583 | 1.389 | 0.000 | 0.000 | 0.000 | 1.600 | 1.125
00:12:07.00 | 2.489 | 2.504 | 1.292 | 0.000 | 0.000 | 0.000 | 1.654 | 1.138
00:12:08.00 | 2.548 | 2.539 | 1.338 | 0.000 | 0.000 | 0.000 | 1.632 | 1.158
00:12:09.00 | 2.479 | 2.411 | 1.286 | 0.000 | 0.000 | 0.000 | 1.624 | 1.089
00:12:10.00 | 2.543 | 2.499 | 1.299 | 0.000 | 0.000 | 0.000 | 1.684 | 1.131
00:12:11.00 | 2.493 | 2.468 | 1.285 | 0.000 | 0.000 | 0.000 | 1.613 | 1.139
00:12:12.00 | 2.476 | 2.469 | 1.293 | 0.000 | 0.000 | 0.000 | 1.699 | 1.138
00:12:13.00 | 2.502 | 2.495 | 1.291 | 0.000 | 0.000 | 0.000 | 1.602 | 1.129
00:12:14.00 | 2.419 | 2.478 | 1.286 | 0.000 | 0.000 | 0.000 | 1.648 | 1.097
00:12:15.00 | 2.425 | 2.301 | 1.299 | 0.000 | 0.000 | 0.000 | 1.597 | 1.124
00:12:16.00 | 2.470 | 2.504 | 1.309 | 0.000 | 0.000 | 0.000 | 1.682 | 1.149
00:12:17.00 | 2.414 | 2.488 | 1.318 | 0.000 | 0.000 | 0.000 | 1.580 | 1.122
00:12:18.00 | 2.489 | 2.479 | 1.294 | 0.000 | 0.000 | 0.000 | 1.633 | 1.132
00:12:19.00 | 2.392 | 2.472 | 1.297 | 0.000 | 0.000 | 0.000 | 1.631 | 1.099
00:12:20.00 | 2.454 | 2.479 | 1.302 | 0.000 | 0.000 | 0.000 | 1.725 | 1.098
00:12:21.00 | 2.442 | 2.471 | 1.303 | 0.000 | 0.000 | 0.000 | 1.594 | 1.121
00:12:22.00 | 2.455 | 2.543 | 1.296 | 0.000 | 0.000 | 0.000 | 1.709 | 1.135
00:12:23.00 | 2.383 | 2.401 | 1.301 | 0.000 | 0.000 | 0.000 | 1.766 | 1.123
00:12:24.00 | 2.415 | 2.452 | 1.304 | 0.000 | 0.000 | 0.000 | 1.580 | 1.099
00:12:25.00 | 2.436 | 2.471 | 1.285 | 0.000 | 0.000 | 0.000 | 1.581 | 1.105
00:12:26.00 | 2.435 | 2.450 | 1.297 | 0.000 | 0.000 | 0.000 | 1.731 | 1.107
00:12:27.00 | 2.462 | 2.471 | 1.294 | 0.000 | 0.000 | 0.000 | 1.751 | 1.106
00:12:28.00 | 2.447 | 2.492 | 1.296 | 0.000 | 0.000 | 0.000 | 1.599 | 1.098
00:12:29.00 | 2.447 | 2.397 | 1.291 | 0.000 | 0.000 | 0.000 | 1.729 | 1.129
00:12:30.00 | 2.448 | 2.492 | 1.303 | 0.000 | 0.000 | 0.000 | 1.672 | 1.165
00:12:31.00 | 2.453 | 2.429 | 1.286 | 0.000 | 0.000 | 0.000 | 1.633 | 1.115
00:12:32.00 | 2.162 | 2.379 | 1.299 | 0.000 | 0.000 | 0.000 | 1.799 | 1.152
00:12:33.00 | 1.957 | 2.501 | 1.290 | 0.000 | 0.000 | 0.000 | 1.710 | 1.107
00:12:34.00 | 2.441 | 2.466 | 1.288 | 0.000 | 0.000 | 0.000 | 1.924 | 1.159
00:12:35.00 | 2.494 | 2.443 | 1.290 | 0.000 | 0.000 | 0.000 | 1.587 | 1.107
00:12:36.00 | 2.538 | 2.445 | 1.294 | 0.000 | 0.000 | 0.000 | 1.599 | 1.115
00:12:37.00 | 2.506 | 1.882 | 1.306 | 0.000 | 0.000 | 0.000 | 1.641 | 1.109
00:12:38.00 | 2.486 | 2.131 | 1.293 | 0.000 | 0.000 | 0.000 | 1.606 | 1.149
00:12:39.00 | 2.484 | 2.469 | 1.309 | 0.000 | 0.000 | 0.000 | 1.643 | 1.135
00:12:40.00 | 2.501 | 2.519 | 1.300 | 0.000 | 0.000 | 0.000 | 1.723 | 1.148
00:12:41.00 | 2.525 | 2.547 | 1.299 | 0.000 | 0.000 | 0.000 | 1.762 | 1.122
00:12:42.00 | 2.415 | 2.527 | 1.289 | 0.000 | 0.000 | 0.000 | 1.669 | 1.125
00:12:43.00 | 2.445 | 2.453 | 1.302 | 0.000 | 0.000 | 0.000 | 1.633 | 1.158
00:12:44.00 | 2.488 | 2.503 | 1.298 | 0.000 | 0.000 | 0.000 | 1.618 | 1.092
00:12:45.00 | 2.439 | 2.508 | 1.295 | 0.000 | 0.000 | 0.000 | 1.642 | 1.159
00:12:46.00 | 2.445 | 2.521 | 1.302 | 0.000 | 0.000 | 0.000 | 1.590 | 1.123
00:12:47.00 | 2.427 | 2.508 | 1.283 | 0.000 | 0.000 | 0.000 | 1.587 | 1.129
00:12:48.00 | 2.444 | 2.393 | 1.301 | 0.000 | 0.000 | 0.000 | 1.615 | 1.079
00:12:49.00 | 2.420 | 2.514 | 1.294 | 0.000 | 0.000 | 0.000 | 1.607 | 1.107
00:12:50.00 | 2.448 | 2.455 | 1.309 | 0.000 | 0.000 | 0.000 | 1.767 | 1.157
00:12:51.00 | 2.380 | 2.534 | 1.304 | 0.000 | 0.000 | 0.000 | 1.727 | 1.090
00:12:52.00 | 2.415 | 2.539 | 1.304 | 0.000 | 0.000 | 0.000 | 1.602 | 1.152
00:12:53.00 | 2.445 | 2.453 | 1.262 | 0.000 | 0.000 | 0.000 | 1.759 | 1.132
00:12:54.00 | 2.434 | 2.442 | 1.276 | 0.000 | 0.000 | 0.000 | 1.586 | 1.113
00:12:55.00 | 2.411 | 2.479 | 1.294 | 0.000 | 0.000 | 0.000 | 1.658 | 1.175
00:12:56.00 | 2.367 | 2.470 | 1.286 | 0.000 | 0.000 | 0.000 | 1.632 | 1.166
00:12:57.00 | 2.475 | 2.527 | 1.285 | 0.000 | 0.000 | 0.000 | 1.676 | 1.123
00:12:58.00 | 2.402 | 2.445 | 1.317 | 0.000 | 0.000 | 0.000 | 1.632 | 1.140
00:12:59.00 | 2.430 | 2.539 | 1.304 | 0.000 | 0.000 | 0.000 | 1.646 | 1.144
00:13:00.00 | 2.513 | 2.496 | 1.294 | 0.000 | 0.000 | 0.000 | 1.590 | 1.099
00:13:01.00 | 2.382 | 2.491 | 1.289 | 0.000 | 0.000 | 0.000 | 1.701 | 1.083
00:13:02.00 | 2.485 | 2.417 | 1.293 | 0.000 | 0.000 | 0.000 | 1.588 | 1.097
00:13:03.00 | 2.402 | 2.488 | 1.294 | 0.000 | 0.000 | 0.000 | 1.640 | 1.132
00:13:04.00 | 2.494 | 2.378 | 1.284 | 0.000 | 0.000 | 0.000 | 1.659 | 1.107
00:13:05.00 | 2.511 | 2.376 | 1.285 | 0.000 | 0.000 | 0.000 | 1.648 | 1.122
00:13:06.00 | 2.436 | 2.478 | 1.353 | 0.000 | 0.000 | 0.000 | 1.581 | 1.080
00:13:07.00 | 2.369 | 2.454 | 1.279 | 0.000 | 0.000 | 0.000 | 1.649 | 1.167
00:13:08.00 | 2.434 | 2.348 | 1.276 | 0.000 | 0.000 | 0.000 | 1.593 | 1.114
00:13:09.00 | 2.579 | 2.183 | 1.293 | 0.000 | 0.000 | 0.000 | 1.589 | 1.113
00:13:10.00 | 2.426 | 2.115 | 1.285 | 0.000 | 0.000 | 0.000 | 1.606 | 1.123
00:13:11.00 | 2.368 | 2.440 | 1.289 | 0.000 | 0.000 | 0.000 | 1.622 | 1.120
00:13:12.00 | 2.418 | 2.511 | 1.277 | 0.000 | 0.000 | 0.000 | 1.580 | 1.148
00:13:13.00 | 2.390 | 2.493 | 1.301 | 0.000 | 0.000 | 0.000 | 1.588 | 1.121
00:13:14.00 | 2.423 | 2.533 | 1.285 | 0.000 | 0.000 | 0.000 | 1.698 | 1.137
00:13:15.00 | 2.535 | 2.425 | 1.308 | 0.000 | 0.000 | 0.000 | 1.697 | 1.121
00:13:16.00 | 2.377 | 2.478 | 1.286 | 0.000 | 0.000 | 0.000 | 1.589 | 1.123
00:13:17.00 | 2.375 | 2.456 | 1.289 | 0.000 | 0.000 | 0.000 | 1.600 | 1.128
00:13:18.00 | 2.361 | 2.463 | 1.294 | 0.000 | 0.000 | 0.000 | 1.607 | 1.115
00:13:19.00 | 2.474 | 2.466 | 1.291 | 0.000 | 0.000 | 0.000 | 1.675 | 1.107
00:13:20.00 | 2.425 | 2.375 | 1.277 | 0.000 | 0.000 | 0.000 | 1.580 | 1.104
00:13:21.00 | 2.464 | 2.457 | 1.290 | 0.000 | 0.000 | 0.000 | 1.760 | 1.085
00:13:22.00 | 2.393 | 2.309 | 1.301 | 0.000 | 0.000 | 0.000 | 2.046 | 1.122
00:13:23.00 | 2.450 | 2.500 | 1.291 | 0.000 | 0.000 | 0.000 | 1.587 | 1.114
00:13:24.00 | 2.402 | 2.530 | 1.309 | 0.000 | 0.000 | 0.000 | 1.598 | 1.114
00:13:25.00 | 2.450 | 2.442 | 1.283 | 0.000 | 0.000 | 0.000 | 1.674 | 1.121
00:13:26.00 | 2.554 | 2.494 | 1.300 | 0.000 | 0.000 | 0.000 | 1.682 | 1.088
00:13:27.00 | 2.483 | 2.506 | 1.302 | 0.000 | 0.000 | 0.000 | 1.629 | 1.112
00:13:28.00 | 1.928 | 2.419 | 1.309 | 0.000 | 0.000 | 0.000 | 1.699 | 1.106
00:13:29.00 | 1.707 | 2.427 | 1.277 | 0.000 | 0.000 | 0.000 | 1.656 | 1.131
00:13:30.00 | 2.454 | 2.419 | 1.302 | 0.000 | 0.000 | 0.000 | 1.624 | 1.166
00:13:31.00 | 2.430 | 2.481 | 1.294 | 0.000 | 0.000 | 0.000 | 1.649 | 1.090
00:13:32.00 | 2.357 | 2.468 | 1.308 | 0.000 | 0.000 | 0.000 | 1.766 | 1.147
00:13:33.00 | 2.505 | 2.471 | 1.279 | 0.000 | 0.000 | 0.000 | 1.633 | 1.106
00:13:34.00 | 2.485 | 2.513 | 1.289 | 0.000 | 0.000 | 0.000 | 1.679 | 1.113
00:13:35.00 | 2.361 | 2.454 | 1.279 | 0.000 | 0.000 | 0.000 | 1.675 | 1.158
00:13:36.00 | 2.401 | 2.385 | 1.286 | 0.000 | 0.000 | 0.000 | 1.691 | 1.141
00:13:37.00 | 2.469 | 2.485 | 1.277 | 0.000 | 0.000 | 0.000 | 1.749 | 1.148
00:13:38.00 | 2.536 | 2.470 | 1.296 | 0.000 | 0.000 | 0.000 | 1.773 | 1.128
00:13:39.00 | 2.518 | 2.467 | 1.284 | 0.000 | 0.000 | 0.000 | 1.638 | 1.113
00:13:40.00 | 2.520 | 2.586 | 1.299 | 0.000 | 0.000 | 0.000 | 1.640 | 1.131
00:13:41.00 | 2.385 | 2.521 | 1.310 | 0.000 | 0.000 | 0.000 | 1.709 | 1.106
00:13:42.00 | 2.444 | 2.452 | 1.301 | 0.000 | 0.000 | 0.000 | 1.639 | 1.114
00:13:43.00 | 2.495 | 2.465 | 1.297 | 0.000 | 0.000 | 0.000 | 1.579 | 1.099
00:13:44.00 | 2.444 | 2.457 | 1.290 | 0.000 | 0.000 | 0.000 | 1.587 | 1.107
00:13:45.00 | 2.552 | 1.782 | 1.307 | 0.000 | 0.000 | 0.000 | 1.866 | 1.121
00:13:46.00 | 2.430 | 2.401 | 1.270 | 0.000 | 0.000 | 0.000 | 1.595 | 1.137
00:13:47.00 | 2.478 | 2.511 | 1.278 | 0.000 | 0.000 | 0.000 | 1.588 | 1.131
00:13:48.00 | 2.388 | 2.352 | 1.298 | 0.000 | 0.000 | 0.000 | 1.720 | 1.109
00:13:49.00 | 2.391 | 2.477 | 1.343 | 0.000 | 0.000 | 0.000 | 1.715 | 1.130
00:13:50.00 | 2.473 | 2.423 | 1.298 | 0.000 | 0.000 | 0.000 | 1.784 | 1.144
00:13:51.00 | 2.458 | 2.516 | 1.284 | 0.000 | 0.000 | 0.000 | 1.624 | 1.121
00:13:52.00 | 2.452 | 2.476 | 1.293 | 0.000 | 0.000 | 0.000 | 1.571 | 1.139
00:13:53.00 | 2.518 | 2.533 | 1.297 | 0.000 | 0.000 | 0.000 | 1.581 | 1.108
00:13:54.00 | 2.543 | 2.517 | 1.281 | 0.000 | 0.000 | 0.000 | 1.627 | 1.109
00:13:55.00 | 2.494 | 2.473 | 1.310 | 0.000 | 0.000 | 0.000 | 1.630 | 1.100
00:13:56.00 | 2.444 | 2.467 | 1.291 | 0.000 | 0.000 | 0.000 | 1.653 | 1.137
00:13:57.00 | 2.452 | 2.545 | 1.301 | 0.000 | 0.000 | 0.000 | 1.614 | 1.131
00:13:58.00 | 2.505 | 2.480 | 1.303 | 0.000 | 0.000 | 0.000 | 1.590 | 1.141
00:13:59.00 | 2.485 | 2.350 | 1.285 | 0.000 | 0.000 | 0.000 | 1.699 | 1.096
00:14:00.00 | 2.500 | 2.406 | 1.310 | 0.000 | 0.000 | 0.000 | 1.600 | 1.107
00:14:01.00 | 2.474 | 2.482 | 1.288 | 0.000 | 0.000 | 0.000 | 1.745 | 1.133
00:14:02.00 | 2.461 | 2.537 | 1.286 | 0.000 | 0.000 | 0.000 | 1.707 | 1.097
00:14:03.00 | 2.399 | 2.407 | 1.283 | 0.000 | 0.000 | 0.000 | 1.638 | 1.130
00:14:04.00 | 2.487 | 2.472 | 1.290 | 0.000 | 0.000 | 0.000 | 1.798 | 1.136
00:14:05.00 | 2.456 | 2.439 | 1.286 | 0.000 | 0.000 | 0.000 | 1.676 | 1.150
00:14:06.00 | 2.531 | 2.451 | 1.291 | 0.000 | 0.000 | 0.000 | 1.646 | 1.078
00:14:07.00 | 2.434 | 2.443 | 1.309 | 0.000 | 0.000 | 0.000 | 1.580 | 1.079
00:14:08.00 | 2.473 | 2.488 | 1.297 | 0.000 | 0.000 | 0.000 | 1.601 | 1.121
00:14:09.00 | 2.359 | 2.519 | 1.285 | 0.000 | 0.000 | 0.000 | 1.596 | 1.115
00:14:10.00 | 2.471 | 2.582 | 1.310 | 0.000 | 0.000 | 0.000 | 1.582 | 1.107
00:14:11.00 | 2.509 | 2.414 | 1.282 | 0.000 | 0.000 | 0.000 | 1.746 | 1.136
00:14:12.00 | 2.418 | 1.893 | 1.309 | 0.000 | 0.000 | 0.000 | 1.775 | 1.105
00:14:13.00 | 2.525 | 2.504 | 1.298 | 0.000 | 0.000 | 0.000 | 1.697 | 1.115
00:14:14.00 | 2.463 | 2.530 | 1.286 | 0.000 | 0.000 | 0.000 | 1.759 | 1.106
00:14:15.00 | 2.463 | 2.456 | 1.296 | 0.000 | 0.000 | 0.000 | 1.621 | 1.106
00:14:16.00 | 2.390 | 2.485 | 1.296 | 0.000 | 0.000 | 0.000 | 1.615 | 1.098
00:14:17.00 | 2.439 | 2.490 | 1.363 | 0.000 | 0.000 | 0.000 | 1.659 | 1.116
00:14:18.00 | 2.002 | 2.509 | 1.297 | 0.000 | 0.000 | 0.000 | 1.595 | 1.122
00:14:19.00 | 1.869 | 2.581 | 1.286 | 0.000 | 0.000 | 0.000 | 1.700 | 1.123
00:14:20.00 | 2.448 | 2.520 | 1.282 | 0.000 | 0.000 | 0.000 | 1.708 | 1.090
00:14:21.00 | 2.523 | 2.463 | 1.318 | 0.000 | 0.000 | 0.000 | 1.665 | 1.114
00:14:22.00 | 2.414 | 2.414 | 1.280 | 0.000 | 0.000 | 0.000 | 1.685 | 1.124
00:14:23.00 | 2.446 | 2.464 | 1.295 | 0.000 | 0.000 | 0.000 | 1.709 | 1.150
00:14:24.00 | 2.465 | 2.500 | 1.297 | 0.000 | 0.000 | 0.000 | 1.681 | 1.121
00:14:25.00 | 2.453 | 2.428 | 1.294 | 0.000 | 0.000 | 0.000 | 1.684 | 1.132
00:14:26.00 | 2.511 | 2.518 | 1.278 | 0.000 | 0.000 | 0.000 | 1.625 | 1.130
00:14:27.00 | 2.599 | 2.514 | 1.286 | 0.000 | 0.000 | 0.000 | 1.878 | 1.115
00:14:28.00 | 2.399 | 2.406 | 1.296 | 0.000 | 0.000 | 0.000 | 1.637 | 1.128
00:14:29.00 | 2.433 | 2.485 | 1.293 | 0.000 | 0.000 | 0.000 | 1.783 | 1.122
00:14:30.00 | 2.391 | 2.493 | 1.283 | 0.000 | 0.000 | 0.000 | 1.594 | 1.099
00:14:31.00 | 2.451 | 2.519 | 1.300 | 0.000 | 0.000 | 0.000 | 1.631 | 1.105
00:14:32.00 | 2.587 | 2.478 | 1.283 | 0.000 | 0.000 | 0.000 | 1.709 | 1.113
00:14:33.00 | 2.460 | 2.517 | 1.311 | 0.000 | 0.000 | 0.000 | 1.668 | 1.100
00:14:34.00 | 2.456 | 2.609 | 1.295 | 0.000 | 0.000 | 0.000 | 1.652 | 1.125
00:14:35.00 | 2.432 | 2.512 | 1.302 | 0.000 | 0.000 | 0.000 | 1.584 | 1.098
00:14:36.00 | 2.452 | 2.444 | 1.287 | 0.000 | 0.000 | 0.000 | 1.767 | 1.097
00:14:37.00 | 2.509 | 2.524 | 1.277 | 0.000 | 0.000 | 0.000 | 1.587 | 1.129
00:14:38.00 | 2.513 | 2.521 | 1.286 | 0.000 | 0.000 | 0.000 | 1.852 | 1.140
00:14:39.00 | 2.436 | 2.502 | 1.291 | 0.000 | 0.000 | 0.000 | 1.754 | 1.122
00:14:40.00 | 2.402 | 2.444 | 1.286 | 0.000 | 0.000 | 0.000 | 1.699 | 1.149
00:14:41.00 | 2.391 | 2.428 | 1.283 | 0.000 | 0.000 | 0.000 | 1.601 | 1.180
00:14:42.00 | 2.444 | 2.320 | 1.304 | 0.000 | 0.000 | 0.000 | 1.645 | 1.151
00:14:43.00 | 2.353 | 2.497 | 1.302 | 0.000 | 0.000 | 0.000 | 1.700 | 1.124
00:14:44.00 | 2.480 | 2.334 | 1.277 | 0.000 | 0.000 | 0.000 | 1.602 | 1.144
00:14:45.00 | 2.476 | 2.519 | 1.300 | 0.000 | 0.000 | 0.000 | 1.596 | 1.130
00:14:46.00 | 2.442 | 2.255 | 1.303 | 0.000 | 0.000 | 0.000 | 1.732 | 1.151
00:14:47.00 | 2.548 | 1.777 | 1.310 | 0.000 | 0.000 | 0.000 | 1.607 | 1.106
00:14:48.00 | 2.473 | 2.452 | 1.291 | 0.000 | 0.000 | 0.000 | 1.746 | 1.107
00:14:49.00 | 2.497 | 2.471 | 1.279 | 0.000 | 0.000 | 0.000 | 1.616 | 1.149
00:14:50.00 | 2.442 | 2.529 | 1.303 | 0.000 | 0.000 | 0.000 | 1.732 | 1.106
00:14:51.00 | 2.456 | 2.491 | 1.288 | 0.000 | 0.000 | 0.000 | 1.583 | 1.159
00:14:52.00 | 2.407 | 2.473 | 1.297 | 0.000 | 0.000 | 0.000 | 1.631 | 1.129
00:14:53.00 | 2.310 | 2.557 | 1.287 | 0.000 | 0.000 | 0.000 | 1.641 | 1.124
00:14:54.00 | 2.472 | 2.465 | 1.304 | 0.000 | 0.000 | 0.000 | 1.703 | 1.107
00:14:55.00 | 2.478 | 2.515 | 1.290 | 0.000 | 0.000 | 0.000 | 1.688 | 1.121
00:14:56.00 | 2.439 | 2.457 | 1.295 | 0.000 | 0.000 | 0.000 | 1.616 | 1.116
00:14:57.00 | 2.451 | 2.400 | 1.311 | 0.000 | 0.000 | 0.000 | 1.617 | 1.121
00:14:58.00 | 2.441 | 2.510 | 1.292 | 0.000 | 0.000 | 0.000 | 1.596 | 1.113
00:14:59.00 | 2.480 | 2.488 | 1.277 | 0.000 | 0.000 | 0.000 | 1.595 | 1.107
00:15:00.00 | 2.446 | 2.540 | 1.303 | 0.000 | 0.000 | 0.000 | 1.591 | 1.158
00:15:01.00 | 2.448 | 2.529 | 1.296 | 0.000 | 0.000 | 0.000 | 1.594 | 1.128
00:15:02.00 | 2.476 | 2.553 | 1.281 | 0.000 | 0.000 | 0.000 | 1.610 | 1.144
00:15:03.00 | 2.430 | 2.540 | 1.304 | 0.000 | 0.000 | 0.000 | 1.769 | 1.130
00:15:04.00 | 2.441 | 2.527 | 1.292 | 0.000 | 0.000 | 0.000 | 1.773 | 1.139
00:15:05.00 | 2.400 | 2.450 | 1.297 | 0.000 | 0.000 | 0.000 | 1.580 | 1.159
00:15:06.00 | 2.438 | 2.431 | 1.292 | 0.000 | 0.000 | 0.000 | 1.647 | 1.101
00:15:07.00 | 2.480 | 2.489 | 1.311 | 0.000 | 0.000 | 0.000 | 1.616 | 1.098
00:15:08.00 | 2.169 | 2.488 | 1.298 | 0.000 | 0.000 | 0.000 | 1.711 | 1.107
00:15:09.00 | 1.855 | 2.482 | 1.303 | 0.000 | 0.000 | 0.000 | 1.719 | 1.124
00:15:10.00 | 2.343 | 2.538 | 1.309 | 0.000 | 0.000 | 0.000 | 1.598 | 1.123
00:15:11.00 | 2.487 | 2.486 | 1.290 | 0.000 | 0.000 | 0.000 | 1.631 | 1.114
00:15:12.00 | 2.414 | 2.465 | 1.288 | 0.000 | 0.000 | 0.000 | 1.643 | 1.142
00:15:13.00 | 2.495 | 2.394 | 1.286 | 0.000 | 0.000 | 0.000 | 1.657 | 1.131
00:15:14.00 | 2.463 | 2.471 | 1.296 | 0.000 | 0.000 | 0.000 | 1.695 | 1.113
00:15:15.00 | 2.501 | 2.441 | 1.277 | 0.000 | 0.000 | 0.000 | 1.613 | 1.130
00:15:16.00 | 2.539 | 2.539 | 1.286 | 0.000 | 0.000 | 0.000 | 1.615 | 1.141
00:15:17.00 | 2.441 | 2.426 | 1.308 | 0.000 | 0.000 | 0.000 | 1.698 | 1.130
00:15:18.00 | 2.444 | 2.465 | 1.304 | 0.000 | 0.000 | 0.000 | 1.587 | 1.136
00:15:19.00 | 2.468 | 2.486 | 1.277 | 0.000 | 0.000 | 0.000 | 1.733 | 1.122
00:15:20.00 | 2.333 | 2.341 | 1.309 | 0.000 | 0.000 | 0.000 | 1.690 | 1.088
00:15:21.00 | 2.434 | 2.412 | 1.289 | 0.000 | 0.000 | 0.000 | 1.701 | 1.106
00:15:22.00 | 2.463 | 2.463 | 1.278 | 0.000 | 0.000 | 0.000 | 1.820 | 1.107
00:15:23.00 | 2.483 | 2.513 | 1.305 | 0.000 | 0.000 | 0.000 | 1.720 | 1.131
00:15:24.00 | 2.445 | 2.275 | 1.302 | 0.000 | 0.000 | 0.000 | 1.692 | 1.132
00:15:25.00 | 2.478 | 2.435 | 1.283 | 0.000 | 0.000 | 0.000 | 1.674 | 1.113
00:15:26.00 | 2.417 | 2.426 | 1.276 | 0.000 | 0.000 | 0.000 | 1.656 | 1.148
00:15:27.00 | 2.510 | 2.495 | 1.287 | 0.000 | 0.000 | 0.000 | 1.619 | 1.126
00:15:28.00 | 2.393 | 2.419 | 1.286 | 0.000 | 0.000 | 0.000 | 1.885 | 1.114
00:15:29.00 | 2.432 | 2.503 | 1.294 | 0.000 | 0.000 | 0.000 | 1.657 | 1.134
00:15:30.00 | 2.435 | 2.521 | 1.301 | 0.000 | 0.000 | 0.000 | 1.623 | 1.105
00:15:31.00 | 2.517 | 2.429 | 1.298 | 0.000 | 0.000 | 0.000 | 1.580 | 1.166
00:15:32.00 | 2.495 | 2.487 | 1.285 | 0.000 | 0.000 | 0.000 | 1.691 | 1.123
00:15:33.00 | 2.435 | 2.516 | 1.304 | 0.000 | 0.000 | 0.000 | 1.703 | 1.129
00:15:34.00 | 2.483 | 2.525 | 1.342 | 0.000 | 0.000 | 0.000 | 1.688 | 1.112
00:15:35.00 | 2.441 | 2.521 | 1.283 | 0.000 | 0.000 | 0.000 | 1.644 | 1.128
00:15:36.00 | 2.400 | 2.435 | 1.285 | 0.000 | 0.000 | 0.000 | 1.715 | 1.114
00:15:37.00 | 2.500 | 2.493 | 1.283 | 0.000 | 0.000 | 0.000 | 1.594 | 1.151
00:15:38.00 | 2.411 | 2.538 | 1.286 | 0.000 | 0.000 | 0.000 | 1.641 | 1.114
00:15:39.00 | 2.439 | 2.489 | 1.296 | 0.000 | 0.000 | 0.000 | 1.803 | 1.141
00:15:40.00 | 2.508 | 2.415 | 1.292 | 0.000 | 0.000 | 0.000 | 1.587 | 1.138
00:15:41.00 | 2.419 | 2.487 | 1.309 | 0.000 | 0.000 | 0.000 | 1.692 | 1.114
00:15:42.00 | 2.442 | 2.479 | 1.311 | 0.000 | 0.000 | 0.000 | 1.710 | 1.143
00:15:43.00 | 2.413 | 2.482 | 1.295 | 0.000 | 0.000 | 0.000 | 1.761 | 1.115
00:15:44.00 | 2.453 | 2.394 | 1.294 | 0.000 | 0.000 | 0.000 | 1.700 | 1.166
00:15:45.00 | 2.282 | 2.551 | 1.303 | 0.000 | 0.000 | 0.000 | 1.593 | 1.091
00:15:46.00 | 2.422 | 2.465 | 1.283 | 0.000 | 0.000 | 0.000 | 1.713 | 1.094
00:15:47.00 | 2.554 | 2.384 | 1.286 | 0.000 | 0.000 | 0.000 | 1.615 | 1.157
00:15:48.00 | 2.479 | 2.295 | 1.302 | 0.000 | 0.000 | 0.000 | 1.589 | 1.124
00:15:49.00 | 2.413 | 1.863 | 1.297 | 0.000 | 0.000 | 0.000 | 1.579 | 1.114
00:15:50.00 | 2.478 | 2.182 | 1.302 | 0.000 | 0.000 | 0.000 | 1.674 | 1.132
00:15:51.00 | 2.487 | 2.565 | 1.310 | 0.000 | 0.000 | 0.000 | 1.599 | 1.106
00:15:52.00 | 2.406 | 2.472 | 1.297 | 0.000 | 0.000 | 0.000 | 1.869 | 1.121
00:15:53.00 | 2.454 | 2.514 | 1.279 | 0.000 | 0.000 | 0.000 | 1.632 | 1.167
00:15:54.00 | 2.420 | 2.523 | 1.279 | 0.000 | 0.000 | 0.000 | 1.582 | 1.132
00:15:55.00 | 2.435 | 2.546 | 1.278 | 0.000 | 0.000 | 0.000 | 1.665 | 1.140
00:15:56.00 | 2.527 | 2.425 | 1.292 | 0.000 | 0.000 | 0.000 | 1.589 | 1.138
00:15:57.00 | 2.430 | 2.497 | 1.295 | 0.000 | 0.000 | 0.000 | 1.743 | 1.106
00:15:58.00 | 2.470 | 2.487 | 1.278 | 0.000 | 0.000 | 0.000 | 1.581 | 1.149
00:15:59.00 | 2.420 | 2.450 | 1.283 | 0.000 | 0.000 | 0.000 | 1.637 | 1.129
00:16:00.00 | 2.547 | 2.436 | 1.278 | 0.000 | 0.000 | 0.000 | 1.699 | 1.123
00:16:01.00 | 2.504 | 2.504 | 1.293 | 0.000 | 0.000 | 0.000 | 1.733 | 1.114
00:16:02.00 | 2.495 | 2.504 | 1.286 | 0.000 | 0.000 | 0.000 | 1.775 | 1.089
00:16:03.00 | 2.479 | 2.438 | 1.278 | 0.000 | 0.000 | 0.000 | 1.599 | 1.115
00:16:04.00 | 2.413 | 2.524 | 1.283 | 0.000 | 0.000 | 0.000 | 1.608 | 1.166
00:16:05.00 | 2.479 | 2.420 | 1.271 | 0.000 | 0.000 | 0.000 | 1.658 | 1.081
00:16:06.00 | 2.453 | 2.496 | 1.303 | 0.000 | 0.000 | 0.000 | 1.684 | 1.132
00:16:07.00 | 2.500 | 2.543 | 1.304 | 0.000 | 0.000 | 0.000 | 1.558 | 1.142
00:16:08.00 | 2.373 | 2.460 | 1.291 | 0.000 | 0.000 | 0.000 | 1.661 | 1.152
00:16:09.00 | 2.486 | 2.504 | 1.293 | 0.000 | 0.000 | 0.000 | 1.648 | 1.114
00:16:10.00 | 2.435 | 2.521 | 1.278 | 0.000 | 0.000 | 0.000 | 1.598 | 1.140
00:16:11.00 | 2.423 | 2.524 | 1.306 | 0.000 | 0.000 | 0.000 | 1.580 | 1.108
00:16:12.00 | 2.524 | 2.421 | 1.295 | 0.000 | 0.000 | 0.000 | 1.709 | 1.115
00:16:13.00 | 2.191 | 2.488 | 1.302 | 0.000 | 0.000 | 0.000 | 1.725 | 1.132
00:16:14.00 | 1.836 | 2.471 | 1.286 | 0.000 | 0.000 | 0.000 | 1.699 | 1.132
00:16:15.00 | 2.115 | 2.434 | 1.296 | 0.000 | 0.000 | 0.000 | 1.753 | 1.128
00:16:16.00 | 2.446 | 2.574 | 1.279 | 0.000 | 0.000 | 0.000 | 1.718 | 1.124
00:16:17.00 | 2.410 | 2.453 | 1.301 | 0.000 | 0.000 | 0.000 | 1.775 | 1.140
00:16:18.00 | 2.445 | 2.462 | 1.302 | 0.000 | 0.000 | 0.000 | 1.581 | 1.106
00:16:19.00 | 2.521 | 2.477 | 1.288 | 0.000 | 0.000 | 0.000 | 1.803 | 1.135
00:16:20.00 | 2.386 | 2.496 | 1.295 | 0.000 | 0.000 | 0.000 | 1.649 | 1.107
00:16:21.00 | 2.437 | 2.437 | 1.294 | 0.000 | 0.000 | 0.000 | 1.606 | 1.149
00:16:22.00 | 2.466 | 2.438 | 1.298 | 0.000 | 0.000 | 0.000 | 1.588 | 1.107
00:16:23.00 | 2.527 | 2.425 | 1.297 | 0.000 | 0.000 | 0.000 | 1.611 | 1.099
00:16:24.00 | 2.344 | 2.429 | 1.310 | 0.000 | 0.000 | 0.000 | 1.776 | 1.106
00:16:25.00 | 2.428 | 2.508 | 1.284 | 0.000 | 0.000 | 0.000 | 1.638 | 1.129
00:16:26.00 | 2.464 | 2.431 | 1.313 | 0.000 | 0.000 | 0.000 | 1.650 | 1.090
00:16:27.00 | 2.443 | 2.452 | 1.285 | 0.000 | 0.000 | 0.000 | 1.613 | 1.096
00:16:28.00 | 2.501 | 2.458 | 1.297 | 0.000 | 0.000 | 0.000 | 1.681 | 1.121
00:16:29.00 | 2.394 | 2.487 | 1.286 | 0.000 | 0.000 | 0.000 | 1.649 | 1.106
00:16:30.00 | 2.493 | 2.495 | 1.293 | 0.000 | 0.000 | 0.000 | 1.580 | 1.131
00:16:31.00 | 2.453 | 2.538 | 1.286 | 0.000 | 0.000 | 0.000 | 1.632 | 1.089
00:16:32.00 | 2.392 | 2.538 | 1.304 | 0.000 | 0.000 | 0.000 | 1.703 | 1.144
00:16:33.00 | 2.459 | 2.450 | 1.284 | 0.000 | 0.000 | 0.000 | 1.622 | 1.131
00:16:34.00 | 2.414 | 2.380 | 1.303 | 0.000 | 0.000 | 0.000 | 1.829 | 1.133
00:16:35.00 | 2.461 | 2.520 | 1.293 | 0.000 | 0.000 | 0.000 | 1.657 | 1.157
00:16:36.00 | 2.408 | 2.379 | 1.284 | 0.000 | 0.000 | 0.000 | 1.733 | 1.115
00:16:37.00 | 2.436 | 2.504 | 1.286 | 0.000 | 0.000 | 0.000 | 1.606 | 1.114
00:16:38.00 | 2.456 | 2.575 | 1.288 | 0.000 | 0.000 | 0.000 | 1.872 | 1.141
00:16:39.00 | 2.368 | 2.347 | 1.309 | 0.000 | 0.000 | 0.000 | 1.672 | 1.106
00:16:40.00 | 2.344 | 2.463 | 1.295 | 0.000 | 0.000 | 0.000 | 1.591 | 1.141
00:16:41.00 | 2.461 | 2.460 | 1.278 | 0.000 | 0.000 | 0.000 | 1.607 | 1.131
00:16:42.00 | 2.417 | 1.876 | 1.293 | 0.000 | 0.000 | 0.000 | 1.639 | 1.131
00:16:43.00 | 2.438 | 2.155 | 1.298 | 0.000 | 0.000 | 0.000 | 1.589 | 1.116
00:16:44.00 | 2.468 | 2.486 | 1.293 | 0.000 | 0.000 | 0.000 | 1.698 | 1.132
00:16:45.00 | 2.403 | 2.523 | 1.310 | 0.000 | 0.000 | 0.000 | 1.928 | 1.175
00:16:46.00 | 2.378 | 2.303 | 1.271 | 0.000 | 0.000 | 0.000 | 1.573 | 1.149
00:16:47.00 | 2.468 | 2.527 | 1.292 | 0.000 | 0.000 | 0.000 | 1.705 | 1.138
00:16:48.00 | 2.461 | 2.521 | 1.309 | 0.000 | 0.000 | 0.000 | 1.554 | 1.114
00:16:49.00 | 2.378 | 2.459 | 1.297 | 0.000 | 0.000 | 0.000 | 1.667 | 1.129
00:16:50.00 | 2.418 | 2.486 | 1.293 | 0.000 | 0.000 | 0.000 | 1.784 | 1.122
00:16:51.00 | 2.429 | 2.458 | 1.273 | 0.000 | 0.000 | 0.000 | 1.583 | 1.111
00:16:52.00 | 2.394 | 2.513 | 1.286 | 0.000 | 0.000 | 0.000 | 1.750 | 1.114
00:16:53.00 | 2.433 | 2.449 | 1.284 | 0.000 | 0.000 | 0.000 | 1.713 | 1.103
00:16:54.00 | 2.486 | 2.445 | 1.302 | 0.000 | 0.000 | 0.000 | 1.675 | 1.123
00:16:55.00 | 2.431 | 2.489 | 1.291 | 0.000 | 0.000 | 0.000 | 1.828 | 1.130
00:16:56.00 | 2.452 | 2.460 | 1.285 | 0.000 | 0.000 | 0.000 | 1.656 | 1.096
00:16:57.00 | 2.437 | 2.513 | 1.302 | 0.000 | 0.000 | 0.000 | 1.632 | 1.132
00:16:58.00 | 2.478 | 2.529 | 1.296 | 0.000 | 0.000 | 0.000 | 1.723 | 1.121
00:16:59.00 | 2.424 | 2.476 | 1.276 | 0.000 | 0.000 | 0.000 | 1.775 | 1.156
00:17:00.00 | 2.022 | 2.445 | 1.302 | 0.000 | 0.000 | 0.000 | 1.572 | 1.123
00:17:01.00 | 1.836 | 2.463 | 1.303 | 0.000 | 0.000 | 0.000 | 1.726 | 1.115
00:17:02.00 | 2.386 | 2.480 | 1.304 | 0.000 | 0.000 | 0.000 | 1.609 | 1.108
00:17:03.00 | 2.428 | 2.530 | 1.294 | 0.000 | 0.000 | 0.000 | 1.725 | 1.123
00:17:04.00 | 2.522 | 2.446 | 1.311 | 0.000 | 0.000 | 0.000 | 1.700 | 1.115
00:17:05.00 | 2.504 | 2.512 | 1.275 | 0.000 | 0.000 | 0.000 | 1.614 | 1.120
00:17:06.00 | 2.500 | 2.416 | 1.292 | 0.000 | 0.000 | 0.000 | 1.841 | 1.121
00:17:07.00 | 2.490 | 2.498 | 1.303 | 0.000 | 0.000 | 0.000 | 1.591 | 1.133
00:17:08.00 | 2.516 | 2.542 | 1.299 | 0.000 | 0.000 | 0.000 | 1.613 | 1.103
00:17:09.00 | 2.399 | 2.473 | 1.290 | 0.000 | 0.000 | 0.000 | 1.740 | 1.145
00:17:10.00 | 2.358 | 2.527 | 1.308 | 0.000 | 0.000 | 0.000 | 1.597 | 1.139
00:17:11.00 | 2.504 | 2.518 | 1.285 | 0.000 | 0.000 | 0.000 | 1.595 | 1.160
00:17:12.00 | 2.464 | 2.515 | 1.295 | 0.000 | 0.000 | 0.000 | 1.574 | 1.125
00:17:13.00 | 2.487 | 2.494 | 1.277 | 0.000 | 0.000 | 0.000 | 1.710 | 1.092
00:17:14.00 | 2.457 | 2.541 | 1.311 | 0.000 | 0.000 | 0.000 | 1.812 | 1.124
00:17:15.00 | 2.463 | 2.609 | 1.289 | 0.000 | 0.000 | 0.000 | 1.717 | 1.098
00:17:16.00 | 2.325 | 2.470 | 1.301 | 0.000 | 0.000 | 0.000 | 1.674 | 1.123
00:17:17.00 | 2.574 | 2.490 | 1.312 | 0.000 | 0.000 | 0.000 | 1.761 | 1.133
00:17:18.00 | 2.433 | 2.500 | 1.296 | 0.000 | 0.000 | 0.000 | 1.659 | 1.113
00:17:19.00 | 2.471 | 2.505 | 1.286 | 0.000 | 0.000 | 0.000 | 1.624 | 1.115
00:17:20.00 | 2.473 | 2.430 | 1.282 | 0.000 | 0.000 | 0.000 | 1.637 | 1.129
00:17:21.00 | 2.460 | 2.446 | 1.285 | 0.000 | 0.000 | 0.000 | 1.647 | 1.123
00:17:22.00 | 2.469 | 2.452 | 1.286 | 0.000 | 0.000 | 0.000 | 1.598 | 1.123
00:17:23.00 | 2.445 | 1.861 | 1.294 | 0.000 | 0.000 | 0.000 | 1.624 | 1.114
00:17:24.00 | 2.468 | 2.365 | 1.312 | 0.000 | 0.000 | 0.000 | 1.625 | 1.138
00:17:25.00 | 2.485 | 2.509 | 1.291 | 0.000 | 0.000 | 0.000 | 1.757 | 1.139
00:17:26.00 | 2.501 | 2.654 | 1.272 | 0.000 | 0.000 | 0.000 | 1.829 | 1.125
00:17:27.00 | 2.427 | 2.453 | 1.294 | 0.000 | 0.000 | 0.000 | 1.606 | 1.131
00:17:28.00 | 2.436 | 2.494 | 1.290 | 0.000 | 0.000 | 0.000 | 1.594 | 1.078
00:17:29.00 | 2.442 | 2.400 | 1.309 | 0.000 | 0.000 | 0.000 | 1.570 | 1.147
00:17:30.00 | 2.418 | 2.520 | 1.293 | 0.000 | 0.000 | 0.000 | 1.648 | 1.114
00:17:31.00 | 2.462 | 2.550 | 1.296 | 0.000 | 0.000 | 0.000 | 1.686 | 1.135
00:17:32.00 | 2.393 | 2.428 | 1.353 | 0.000 | 0.000 | 0.000 | 1.590 | 1.106
00:17:33.00 | 2.398 | 2.442 | 1.304 | 0.000 | 0.000 | 0.000 | 1.659 | 1.121
00:17:34.00 | 2.385 | 2.478 | 1.301 | 0.000 | 0.000 | 0.000 | 1.733 | 1.123
00:17:35.00 | 2.466 | 2.452 | 1.284 | 0.000 | 0.000 | 0.000 | 1.719 | 1.107
00:17:36.00 | 2.415 | 2.458 | 1.284 | 0.000 | 0.000 | 0.000 | 1.813 | 1.122
00:17:37.00 | 2.513 | 2.556 | 1.302 | 0.000 | 0.000 | 0.000 | 1.886 | 1.132
00:17:38.00 | 2.407 | 2.531 | 1.284 | 0.000 | 0.000 | 0.000 | 1.595 | 1.137
00:17:39.00 | 2.422 | 2.498 | 1.287 | 0.000 | 0.000 | 0.000 | 1.609 | 1.124
00:17:40.00 | 2.464 | 2.447 | 1.296 | 0.000 | 0.000 | 0.000 | 1.633 | 1.141
00:17:41.00 | 2.431 | 2.453 | 1.301 | 0.000 | 0.000 | 0.000 | 1.722 | 1.104
00:17:42.00 | 2.437 | 2.428 | 1.294 | 0.000 | 0.000 | 0.000 | 1.573 | 1.123
00:17:43.00 | 2.392 | 2.494 | 1.309 | 0.000 | 0.000 | 0.000 | 1.749 | 1.131
00:17:44.00 | 2.515 | 2.438 | 1.311 | 0.000 | 0.000 | 0.000 | 1.659 | 1.089
00:17:45.00 | 2.479 | 2.494 | 1.303 | 0.000 | 0.000 | 0.000 | 1.659 | 1.136
00:17:46.00 | 2.428 | 2.437 | 1.286 | 0.000 | 0.000 | 0.000 | 1.708 | 1.132
00:17:47.00 | 2.291 | 2.461 | 1.293 | 0.000 | 0.000 | 0.000 | 1.589 | 1.105
00:17:48.00 | 1.859 | 2.458 | 1.308 | 0.000 | 0.000 | 0.000 | 1.739 | 1.113
00:17:49.00 | 2.254 | 2.521 | 1.311 | 0.000 | 0.000 | 0.000 | 1.651 | 1.150
00:17:50.00 | 2.336 | 2.489 | 1.279 | 0.000 | 0.000 | 0.000 | 1.693 | 1.082
00:17:51.00 | 2.436 | 2.513 | 1.286 | 0.000 | 0.000 | 0.000 | 1.691 | 1.132
00:17:52.00 | 2.457 | 2.472 | 1.283 | 0.000 | 0.000 | 0.000 | 1.674 | 1.099
00:17:53.00 | 2.496 | 2.555 | 1.286 | 0.000 | 0.000 | 0.000 | 1.733 | 1.097
00:17:54.00 | 2.541 | 2.425 | 1.278 | 0.000 | 0.000 | 0.000 | 1.639 | 1.130
00:17:55.00 | 2.475 | 2.509 | 1.300 | 0.000 | 0.000 | 0.000 | 1.587 | 1.130
00:17:56.00 | 2.400 | 2.508 | 1.277 | 0.000 | 0.000 | 0.000 | 1.696 | 1.144
00:17:57.00 | 2.430 | 2.547 | 1.298 | 0.000 | 0.000 | 0.000 | 1.617 | 1.107
00:17:58.00 | 2.423 | 2.474 | 1.300 | 0.000 | 0.000 | 0.000 | 1.671 | 1.103
00:17:59.00 | 2.492 | 2.448 | 1.282 | 0.000 | 0.000 | 0.000 | 1.615 | 1.128
00:18:00.00 | 2.478 | 2.487 | 1.300 | 0.000 | 0.000 | 0.000 | 1.792 | 1.097
00:18:01.00 | 2.434 | 2.507 | 1.286 | 0.000 | 0.000 | 0.000 | 1.692 | 1.131
00:18:02.00 | 2.403 | 2.504 | 1.310 | 0.000 | 0.000 | 0.000 | 1.640 | 1.115
00:18:03.00 | 2.491 | 2.594 | 1.293 | 0.000 | 0.000 | 0.000 | 1.663 | 1.131
00:18:04.00 | 2.406 | 2.406 | 1.303 | 0.000 | 0.000 | 0.000 | 1.630 | 1.106
00:18:05.00 | 2.351 | 2.514 | 1.303 | 0.000 | 0.000 | 0.000 | 1.632 | 1.141
00:18:06.00 | 2.476 | 2.468 | 1.285 | 0.000 | 0.000 | 0.000 | 1.826 | 1.114
00:18:07.00 | 2.474 | 2.481 | 1.291 | 0.000 | 0.000 | 0.000 | 1.638 | 1.122
00:18:08.00 | 2.454 | 2.523 | 1.286 | 0.000 | 0.000 | 0.000 | 1.930 | 1.123
00:18:09.00 | 2.443 | 2.465 | 1.290 | 0.000 | 0.000 | 0.000 | 1.645 | 1.144
00:18:10.00 | 2.409 | 2.435 | 1.285 | 0.000 | 0.000 | 0.000 | 1.623 | 1.105
00:18:11.00 | 2.444 | 2.496 | 1.284 | 0.000 | 0.000 | 0.000 | 1.618 | 1.115
00:18:12.00 | 2.520 | 2.443 | 1.309 | 0.000 | 0.000 | 0.000 | 1.724 | 1.122
00:18:13.00 | 2.423 | 2.206 | 1.298 | 0.000 | 0.000 | 0.000 | 1.661 | 1.122
00:18:14.00 | 2.433 | 1.851 | 1.292 | 0.000 | 0.000 | 0.000 | 1.621 | 1.104
00:18:15.00 | 1.861 | 2.541 | 1.275 | 0.000 | 0.000 | 0.000 | 1.599 | 1.090
00:18:16.00 | 2.479 | 2.505 | 1.294 | 0.000 | 0.000 | 0.000 | 1.836 | 1.115
00:18:17.00 | 2.480 | 2.458 | 1.297 | 0.000 | 0.000 | 0.000 | 1.572 | 1.100
00:18:18.00 | 2.501 | 2.518 | 1.313 | 0.000 | 0.000 | 0.000 | 1.602 | 1.125
00:18:19.00 | 2.511 | 2.511 | 1.284 | 0.000 | 0.000 | 0.000 | 1.611 | 1.123
00:18:20.00 | 2.377 | 2.437 | 1.270 | 0.000 | 0.000 | 0.000 | 1.606 | 1.088
00:18:21.00 | 2.470 | 2.456 | 1.296 | 0.000 | 0.000 | 0.000 | 1.651 | 1.106
00:18:22.00 | 2.454 | 2.454 | 1.295 | 0.000 | 0.000 | 0.000 | 1.613 | 1.142
00:18:23.00 | 2.405 | 2.296 | 1.299 | 0.000 | 0.000 | 0.000 | 1.662 | 1.138
00:18:24.00 | 2.421 | 2.428 | 1.297 | 0.000 | 0.000 | 0.000 | 1.725 | 1.129
00:18:25.00 | 2.461 | 2.461 | 1.286 | 0.000 | 0.000 | 0.000 | 1.775 | 1.115
00:18:26.00 | 2.437 | 2.560 | 1.291 | 0.000 | 0.000 | 0.000 | 1.646 | 1.108
00:18:27.00 | 2.462 | 2.437 | 1.302 | 0.000 | 0.000 | 0.000 | 1.606 | 1.140
00:18:28.00 | 2.383 | 2.448 | 1.276 | 0.000 | 0.000 | 0.000 | 1.644 | 1.092
00:18:29.00 | 2.470 | 2.393 | 1.286 | 0.000 | 0.000 | 0.000 | 1.700 | 1.114
00:18:30.00 | 2.515 | 2.487 | 1.297 | 0.000 | 0.000 | 0.000 | 1.739 | 1.114
00:18:31.00 | 2.427 | 2.469 | 1.293 | 0.000 | 0.000 | 0.000 | 1.724 | 1.114
00:18:32.00 | 2.442 | 2.485 | 1.300 | 0.000 | 0.000 | 0.000 | 1.750 | 1.122
00:18:33.00 | 2.429 | 2.444 | 1.277 | 0.000 | 0.000 | 0.000 | 1.733 | 1.129
00:18:34.00 | 2.463 | 2.480 | 1.345 | 0.000 | 0.000 | 0.000 | 1.573 | 1.115
00:18:35.00 | 2.482 | 2.559 | 1.288 | 0.000 | 0.000 | 0.000 | 1.608 | 1.159
00:18:36.00 | 2.448 | 2.442 | 1.303 | 0.000 | 0.000 | 0.000 | 1.716 | 1.129
00:18:37.00 | 2.464 | 2.480 | 1.279 | 0.000 | 0.000 | 0.000 | 1.565 | 1.098
00:18:38.00 | 2.470 | 2.470 | 1.302 | 0.000 | 0.000 | 0.000 | 1.742 | 1.123
00:18:39.00 | 2.413 | 2.472 | 1.303 | 0.000 | 0.000 | 0.000 | 1.629 | 1.136
00:18:40.00 | 2.493 | 2.460 | 1.285 | 0.000 | 0.000 | 0.000 | 1.631 | 1.140
00:18:41.00 | 2.410 | 2.427 | 1.302 | 0.000 | 0.000 | 0.000 | 1.623 | 1.131
00:18:42.00 | 2.413 | 2.544 | 1.326 | 0.000 | 0.000 | 0.000 | 1.775 | 1.136
00:18:43.00 | 2.403 | 2.429 | 1.303 | 0.000 | 0.000 | 0.000 | 1.786 | 1.098
00:18:44.00 | 2.417 | 2.451 | 1.317 | 0.000 | 0.000 | 0.000 | 1.597 | 1.131
00:18:45.00 | 2.425 | 2.490 | 1.298 | 0.000 | 0.000 | 0.000 | 1.691 | 1.145
00:18:46.00 | 2.453 | 2.385 | 1.294 | 0.000 | 0.000 | 0.000 | 1.590 | 1.114
00:18:47.00 | 2.430 | 2.430 | 1.295 | 0.000 | 0.000 | 0.000 | 1.677 | 1.141
00:18:48.00 | 2.470 | 2.514 | 1.317 | 0.000 | 0.000 | 0.000 | 1.774 | 1.150
00:18:49.00 | 2.362 | 2.293 | 1.310 | 0.000 | 0.000 | 0.000 | 1.760 | 1.149
00:18:50.00 | 2.422 | 2.593 | 1.303 | 0.000 | 0.000 | 0.000 | 1.642 | 1.150
00:18:51.00 | 2.424 | 2.497 | 1.292 | 0.000 | 0.000 | 0.000 | 1.690 | 1.123
00:18:52.00 | 2.258 | 2.478 | 1.270 | 0.000 | 0.000 | 0.000 | 1.598 | 1.114
00:18:53.00 | 2.488 | 2.438 | 1.294 | 0.000 | 0.000 | 0.000 | 1.598 | 1.123
00:18:54.00 | 2.374 | 2.484 | 1.296 | 0.000 | 0.000 | 0.000 | 1.636 | 1.120
00:18:55.00 | 2.472 | 2.066 | 1.287 | 0.000 | 0.000 | 0.000 | 1.582 | 1.141
00:18:56.00 | 2.352 | 1.554 | 1.313 | 0.000 | 0.000 | 0.000 | 1.641 | 1.139
00:18:57.00 | 2.431 | 1.318 | 1.303 | 0.000 | 0.000 | 0.000 | 1.854 | 1.080
00:18:58.00 | 2.419 | 1.317 | 1.286 | 0.000 | 0.000 | 0.000 | 1.572 | 1.175
00:18:59.00 | 2.398 | 1.296 | 1.324 | 0.000 | 0.000 | 0.000 | 1.651 | 1.113
00:19:00.00 | 2.419 | 1.302 | 1.294 | 0.000 | 0.000 | 0.000 | 1.657 | 1.140
00:19:01.00 | 2.386 | 1.361 | 1.302 | 0.000 | 0.000 | 0.000 | 1.683 | 1.123
00:19:02.00 | 2.438 | 1.295 | 1.303 | 0.000 | 0.000 | 0.000 | 1.676 | 1.132
00:19:03.00 | 2.371 | 1.305 | 1.291 | 0.000 | 0.000 | 0.000 | 1.646 | 1.100
00:19:04.00 | 2.423 | 1.296 | 1.303 | 0.000 | 0.000 | 0.000 | 1.702 | 1.159
00:19:05.00 | 2.453 | 1.480 | 1.294 | 0.000 | 0.000 | 0.000 | 1.615 | 1.158
00:19:06.00 | 2.400 | 1.851 | 1.293 | 0.000 | 0.000 | 0.000 | 1.690 | 1.113
00:19:07.00 | 2.438 | 1.507 | 1.298 | 0.000 | 0.000 | 0.000 | 1.617 | 1.122
00:19:08.00 | 2.486 | 1.707 | 1.293 | 0.000 | 0.000 | 0.000 | 1.589 | 1.030
00:19:09.00 | 2.437 | 0.990 | 1.287 | 0.000 | 0.000 | 0.000 | 1.582 | 0.913
00:19:10.00 | 2.393 | 0.971 | 1.312 | 0.000 | 0.000 | 0.000 | 1.799 | 0.926
00:19:11.00 | 2.370 | 0.973 | 1.287 | 0.000 | 0.000 | 0.000 | 1.583 | 0.912
00:19:12.00 | 1.929 | 0.963 | 1.302 | 0.000 | 0.000 | 0.000 | 1.657 | 0.876
00:19:13.00 | 1.907 | 1.268 | 1.319 | 0.000 | 0.000 | 0.000 | 1.624 | 0.919
00:19:14.00 | 2.149 | 1.023 | 1.286 | 0.000 | 0.000 | 0.000 | 1.615 | 0.903
00:19:15.00 | 2.343 | 0.988 | 1.309 | 0.000 | 0.000 | 0.000 | 1.589 | 0.928
00:19:16.00 | 2.458 | 1.297 | 1.311 | 0.000 | 0.000 | 0.000 | 1.624 | 0.933
00:19:17.00 | 2.432 | 1.388 | 1.296 | 0.000 | 0.000 | 0.000 | 1.822 | 0.904
00:19:18.00 | 2.434 | 0.882 | 1.297 | 0.000 | 0.000 | 0.000 | 1.623 | 0.903
00:19:19.00 | 2.505 | 0.000 | 1.309 | 0.000 | 0.000 | 0.000 | 1.607 | 0.885
00:19:20.00 | 2.461 | 0.000 | 1.305 | 0.000 | 0.000 | 0.000 | 1.574 | 0.905
00:19:21.00 | 2.443 | 0.000 | 1.297 | 0.000 | 0.000 | 0.000 | 1.623 | 0.896
00:19:22.00 | 2.454 | 0.000 | 1.302 | 0.000 | 0.000 | 0.000 | 1.616 | 0.903
00:19:23.00 | 2.378 | 0.000 | 1.290 | 0.000 | 0.000 | 0.000 | 1.623 | 0.889
00:19:24.00 | 2.402 | 0.000 | 1.298 | 0.000 | 0.000 | 0.000 | 1.712 | 0.905
00:19:25.00 | 2.456 | 0.000 | 1.288 | 0.000 | 0.000 | 0.000 | 1.574 | 0.938
00:19:26.00 | 2.404 | 0.000 | 1.302 | 0.000 | 0.000 | 0.000 | 1.614 | 0.910
00:19:27.00 | 2.421 | 0.000 | 1.295 | 0.000 | 0.000 | 0.000 | 1.599 | 0.903
00:19:28.00 | 2.401 | 0.000 | 1.298 | 0.000 | 0.000 | 0.000 | 1.857 | 0.919
00:19:29.00 | 2.494 | 0.000 | 1.301 | 0.000 | 0.000 | 0.000 | 1.774 | 0.893
00:19:30.00 | 2.449 | 0.000 | 1.296 | 0.000 | 0.000 | 0.000 | 1.717 | 0.874
00:19:31.00 | 2.482 | 0.000 | 1.292 | 0.000 | 0.000 | 0.000 | 1.633 | 0.919
00:19:32.00 | 2.505 | 0.000 | 1.287 | 0.000 | 0.000 | 0.000 | 1.598 | 0.885
00:19:33.00 | 2.500 | 0.000 | 1.296 | 0.000 | 0.000 | 0.000 | 1.673 | 0.918
00:19:34.00 | 2.413 | 0.000 | 1.297 | 0.000 | 0.000 | 0.000 | 1.738 | 0.896
00:19:35.00 | 2.471 | 0.000 | 1.310 | 0.000 | 0.000 | 0.000 | 1.658 | 0.894
00:19:36.00 | 2.433 | 0.000 | 1.286 | 0.000 | 0.000 | 0.000 | 1.756 | 0.912
00:19:37.00 | 2.456 | 0.000 | 1.281 | 0.000 | 0.000 | 0.000 | 1.636 | 0.881
00:19:38.00 | 2.417 | 0.000 | 1.292 | 0.000 | 0.000 | 0.000 | 1.597 | 0.893
00:19:39.00 | 2.457 | 0.000 | 1.290 | 0.000 | 0.000 | 0.000 | 1.760 | 0.926
00:19:40.00 | 2.467 | 0.000 | 1.271 | 0.000 | 0.000 | 0.000 | 1.734 | 0.882
00:19:41.00 | 2.530 | 0.000 | 1.301 | 0.000 | 0.000 | 0.000 | 1.606 | 0.911
00:19:42.00 | 2.460 | 0.000 | 1.291 | 0.000 | 0.000 | 0.000 | 1.828 | 0.912
00:19:43.00 | 2.458 | 0.000 | 1.296 | 0.000 | 0.000 | 0.000 | 1.635 | 0.896
00:19:44.00 | 2.458 | 0.000 | 1.284 | 0.000 | 0.000 | 0.000 | 1.820 | 0.897
00:19:45.00 | 2.442 | 0.000 | 1.317 | 0.000 | 0.000 | 0.000 | 1.673 | 0.926
00:19:46.00 | 2.386 | 0.000 | 1.328 | 0.000 | 0.000 | 0.000 | 1.625 | 0.912
00:19:47.00 | 2.474 | 0.000 | 1.298 | 0.000 | 0.000 | 0.000 | 1.682 | 0.882
00:19:48.00 | 2.440 | 0.000 | 1.306 | 0.000 | 0.000 | 0.000 | 1.627 | 0.905
00:19:49.00 | 2.476 | 0.000 | 1.312 | 0.000 | 0.000 | 0.000 | 1.857 | 0.922
00:19:50.00 | 2.501 | 0.000 | 1.293 | 0.000 | 0.000 | 0.000 | 1.656 | 0.921
00:19:51.00 | 2.439 | 0.000 | 1.312 | 0.000 | 0.000 | 0.000 | 1.677 | 0.921
00:19:52.00 | 2.422 | 0.000 | 1.298 | 0.000 | 0.000 | 0.000 | 1.588 | 0.897
00:19:53.00 | 2.380 | 0.000 | 1.305 | 0.000 | 0.000 | 0.000 | 1.699 | 0.883
00:19:54.00 | 2.375 | 0.000 | 1.293 | 0.000 | 0.000 | 0.000 | 1.580 | 0.902
00:19:55.00 | 2.393 | 0.000 | 1.298 | 0.000 | 0.000 | 0.000 | 1.762 | 0.919
00:19:56.00 | 2.478 | 0.000 | 1.294 | 0.000 | 0.000 | 0.000 | 1.640 | 0.920
00:19:57.00 | 2.063 | 0.000 | 1.292 | 0.000 | 0.000 | 0.000 | 1.684 | 0.890
00:19:58.00 | 2.044 | 0.000 | 1.289 | 0.000 | 0.000 | 0.000 | 1.572 | 0.896
00:19:59.00 | 2.479 | 0.000 | 1.294 | 0.000 | 0.000 | 0.000 | 1.725 | 0.937
00:20:00.00 | 2.489 | 0.000 | 1.304 | 0.000 | 0.000 | 0.000 | 1.580 | 0.896
00:20:01.00 | 2.449 | 0.000 | 1.317 | 0.000 | 0.000 | 0.000 | 1.671 | 0.906
00:20:02.00 | 2.302 | 0.000 | 1.310 | 0.000 | 0.000 | 0.000 | 1.582 | 0.912
00:20:03.00 | 2.393 | 0.000 | 1.297 | 0.000 | 0.000 | 0.000 | 1.587 | 0.897
00:20:04.00 | 2.535 | 0.000 | 1.319 | 0.000 | 0.000 | 0.000 | 1.651 | 0.895
00:20:05.00 | 2.460 | 0.000 | 1.298 | 0.000 | 0.000 | 0.000 | 1.682 | 0.882
00:20:06.00 | 2.447 | 0.000 | 1.305 | 0.000 | 0.000 | 0.000 | 1.625 | 0.890
00:20:07.00 | 2.399 | 0.000 | 1.300 | 0.000 | 0.000 | 0.000 | 1.648 | 0.901
00:20:08.00 | 2.475 | 0.000 | 1.291 | 0.000 | 0.000 | 0.000 | 1.704 | 0.912
00:20:09.00 | 2.446 | 0.000 | 1.292 | 0.000 | 0.000 | 0.000 | 1.669 | 0.905
00:20:10.00 | 2.447 | 0.000 | 1.302 | 0.000 | 0.000 | 0.000 | 1.659 | 0.887
00:20:11.00 | 2.379 | 0.000 | 1.284 | 0.000 | 0.000 | 0.000 | 1.667 | 0.875
00:20:12.00 | 2.445 | 0.000 | 1.301 | 0.000 | 0.000 | 0.000 | 1.657 | 0.876
00:20:13.00 | 2.432 | 0.000 | 1.298 | 0.000 | 0.000 | 0.000 | 1.574 | 0.927
00:20:14.00 | 2.425 | 0.000 | 1.286 | 0.000 | 0.000 | 0.000 | 1.685 | 0.913
00:20:15.00 | 2.533 | 0.000 | 1.311 | 0.000 | 0.000 | 0.000 | 1.642 | 0.921
00:20:16.00 | 2.453 | 0.000 | 1.298 | 0.000 | 0.000 | 0.000 | 1.683 | 0.905
00:20:17.00 | 2.429 | 0.000 | 1.290 | 0.000 | 0.000 | 0.000 | 1.659 | 0.904
00:20:18.00 | 2.438 | 0.000 | 1.287 | 0.000 | 0.000 | 0.000 | 1.608 | 0.920
00:20:19.00 | 2.416 | 0.000 | 1.298 | 0.000 | 0.000 | 0.000 | 1.733 | 0.898
00:20:20.00 | 2.421 | 0.000 | 1.290 | 0.000 | 0.000 | 0.000 | 1.616 | 0.889
00:20:21.00 | 2.427 | 0.000 | 1.301 | 0.000 | 0.000 | 0.000 | 1.683 | 0.893
00:20:22.00 | 2.421 | 0.000 | 1.284 | 0.000 | 0.000 | 0.000 | 1.660 | 0.919
00:20:23.00 | 2.481 | 0.000 | 1.295 | 0.000 | 0.000 | 0.000 | 1.592 | 0.912
00:20:24.00 | 2.417 | 0.000 | 1.291 | 0.000 | 0.000 | 0.000 | 1.741 | 0.913
00:20:25.00 | 2.464 | 0.000 | 1.295 | 0.000 | 0.000 | 0.000 | 1.845 | 0.894
00:20:26.00 | 2.494 | 0.000 | 1.304 | 0.000 | 0.000 | 0.000 | 1.601 | 0.896
00:20:27.00 | 2.440 | 0.000 | 1.292 | 0.000 | 0.000 | 0.000 | 1.699 | 0.920
00:20:28.00 | 2.436 | 0.000 | 1.302 | 0.000 | 0.000 | 0.000 | 1.615 | 0.903
00:20:29.00 | 2.490 | 0.000 | 1.284 | 0.000 | 0.000 | 0.000 | 1.589 | 0.905
00:20:30.00 | 2.434 | 0.000 | 1.288 | 0.000 | 0.000 | 0.000 | 1.679 | 0.910
00:20:31.00 | 2.393 | 0.000 | 1.302 | 0.000 | 0.000 | 0.000 | 1.631 | 0.877
00:20:32.00 | 2.430 | 0.000 | 1.298 | 0.000 | 0.000 | 0.000 | 1.697 | 0.927
00:20:33.00 | 2.417 | 0.000 | 1.277 | 0.000 | 0.000 | 0.000 | 1.672 | 0.919
00:20:34.00 | 2.381 | 0.000 | 1.286 | 0.000 | 0.000 | 0.000 | 1.575 | 0.890
00:20:35.00 | 2.481 | 0.000 | 1.291 | 0.000 | 0.000 | 0.000 | 1.674 | 0.919
00:20:36.00 | 2.516 | 0.000 | 1.296 | 0.000 | 0.000 | 0.000 | 1.626 | 0.930
00:20:37.00 | 2.417 | 0.000 | 1.291 | 0.000 | 0.000 | 0.000 | 1.597 | 0.905
00:20:38.00 | 2.310 | 0.000 | 1.283 | 0.000 | 0.000 | 0.000 | 1.622 | 0.911
00:20:39.00 | 2.337 | 0.000 | 1.303 | 0.000 | 0.000 | 0.000 | 1.743 | 0.895
00:20:40.00 | 2.410 | 0.000 | 1.306 | 0.000 | 0.000 | 0.000 | 1.684 | 0.913
00:20:41.00 | 2.437 | 0.000 | 1.302 | 0.000 | 0.000 | 0.000 | 1.726 | 0.903
00:20:42.00 | 2.481 | 0.000 | 1.305 | 0.000 | 0.000 | 0.000 | 1.632 | 0.934
00:20:43.00 | 2.379 | 0.000 | 1.298 | 0.000 | 0.000 | 0.000 | 1.611 | 0.889
00:20:44.00 | 2.360 | 0.000 | 1.303 | 0.000 | 0.000 | 0.000 | 1.658 | 0.886
00:20:45.00 | 2.401 | 0.000 | 1.285 | 0.000 | 0.000 | 0.000 | 1.682 | 0.882
00:20:46.00 | 2.429 | 0.000 | 1.286 | 0.000 | 0.000 | 0.000 | 1.683 | 0.920
00:20:47.00 | 2.447 | 0.000 | 1.299 | 0.000 | 0.000 | 0.000 | 1.596 | 0.920
00:20:48.00 | 2.431 | 0.000 | 1.306 | 0.000 | 0.000 | 0.000 | 1.618 | 0.920
00:20:49.00 | 2.430 | 0.000 | 1.280 | 0.000 | 0.000 | 0.000 | 1.762 | 0.887
00:20:50.00 | 2.437 | 0.000 | 1.304 | 0.000 | 0.000 | 0.000 | 1.632 | 0.897
00:20:51.00 | 2.390 | 0.000 | 1.283 | 0.000 | 0.000 | 0.000 | 1.745 | 0.932
00:20:52.00 | 2.400 | 0.000 | 1.270 | 0.000 | 0.000 | 0.000 | 1.641 | 0.886
00:20:53.00 | 2.429 | 0.000 | 1.277 | 0.000 | 0.000 | 0.000 | 1.711 | 0.969
00:20:54.00 | 1.852 | 0.000 | 1.299 | 0.000 | 0.000 | 0.000 | 1.741 | 0.905
00:20:55.00 | 1.947 | 0.000 | 1.302 | 0.000 | 0.000 | 0.000 | 1.591 | 0.921
00:20:56.00 | 1.397 | 0.000 | 1.310 | 0.000 | 0.000 | 0.000 | 1.621 | 0.895
00:20:57.00 | 1.289 | 0.000 | 1.289 | 0.000 | 0.000 | 0.000 | 1.576 | 0.931
00:20:58.00 | 1.290 | 0.000 | 1.296 | 0.000 | 0.000 | 0.000 | 1.774 | 0.888
00:20:59.00 | 1.290 | 0.000 | 1.303 | 0.000 | 0.000 | 0.000 | 1.629 | 0.933
00:21:00.00 | 1.298 | 0.000 | 1.282 | 0.000 | 0.000 | 0.000 | 1.585 | 0.940
00:21:01.00 | 1.291 | 0.000 | 1.291 | 0.000 | 0.000 | 0.000 | 1.617 | 0.874
00:21:02.00 | 1.291 | 0.000 | 1.297 | 0.000 | 0.000 | 0.000 | 1.624 | 0.912
00:21:03.00 | 1.288 | 0.000 | 1.363 | 0.000 | 0.000 | 0.000 | 1.618 | 0.904
00:21:04.00 | 1.289 | 0.000 | 1.289 | 0.000 | 0.000 | 0.000 | 1.600 | 0.910
00:21:05.00 | 1.286 | 0.000 | 1.299 | 0.000 | 0.000 | 0.000 | 1.699 | 0.890
00:21:06.00 | 1.362 | 0.000 | 1.293 | 0.000 | 0.000 | 0.000 | 1.666 | 0.894
00:21:07.00 | 1.284 | 0.000 | 1.298 | 0.000 | 0.000 | 0.000 | 1.719 | 0.904
00:21:08.00 | 1.295 | 0.000 | 1.303 | 0.000 | 0.000 | 0.000 | 1.803 | 0.877
00:21:09.00 | 1.299 | 0.000 | 1.292 | 0.000 | 0.000 | 0.000 | 1.618 | 0.890
00:21:10.00 | 1.285 | 0.000 | 1.311 | 0.000 | 0.000 | 0.000 | 1.639 | 0.912
00:21:11.00 | 1.304 | 0.000 | 1.296 | 0.000 | 0.000 | 0.000 | 1.669 | 0.913
00:21:12.00 | 1.279 | 0.000 | 1.293 | 0.000 | 0.000 | 0.000 | 1.597 | 0.927
00:21:13.00 | 1.285 | 0.000 | 1.293 | 0.000 | 0.000 | 0.000 | 1.673 | 0.884
00:21:14.00 | 1.311 | 0.000 | 1.285 | 0.000 | 0.000 | 0.000 | 1.617 | 0.934
